2025-06-06 09:04:15,100 [INFO] Activator:176 - 


2025-06-06 09:04:15,114 [INFO] Activator:177 - !SESSION log4j initialized
2025-06-06 09:04:23,795 [INFO] LogOutputStream:77 - [STDOUT_REDIRECT] 
2025-06-06 09:04:26,237 [INFO] ApplicationProperties:184 - Using Application install path: C:\ST\STM32CubeIDE_1.16.1\STM32CubeIDE\plugins\com.st.stm32cube.common.mx_6.12.1.202409122256
2025-06-06 09:04:26,263 [INFO] DbMcusXml:78 - Set database path to: C:\ST\STM32CubeIDE_1.16.1\STM32CubeIDE\plugins\com.st.stm32cube.common.mx_6.12.1.202409122256\\db\/mcu/
2025-06-06 09:04:26,263 [INFO] ApiDb:274 - Set plugin database path to: C:\ST\STM32CubeIDE_1.16.1\STM32CubeIDE\plugins\com.st.stm32cube.common.mx_6.12.1.202409122256\\db\/plugins/boardmanager/
2025-06-06 09:04:26,264 [WARN] ApiDb:259 - Overriding images path with different value:  => C:\ST\STM32CubeIDE_1.16.1\STM32CubeIDE\plugins\com.st.stm32cube.common.mx_6.12.1.202409122256\\db\/plugins/mcufinder/images/
2025-06-06 09:04:26,285 [INFO] ApiDb:250 - Set database path to: C:\Users\kjeya\.stmcufinder\plugins\mcufinder//mcu/
2025-06-06 09:04:26,287 [INFO] DbMcusAds:125 - Set database path to: C:\Users\kjeya\.stmcufinder\plugins\mcufinder//mcu/
2025-06-06 09:04:26,291 [INFO] CrossReferenceDbSqlite:203 - Set database path to: C:\Users\kjeya\.stmcufinder\plugins\mcufinder//mcu/cs/
2025-06-06 09:04:26,496 [INFO] RulesReader:64 - Compatibility file has been processed (297 Rules)
2025-06-06 09:04:26,635 [INFO] DbMcusXml:78 - Set database path to: C:\ST\STM32CubeIDE_1.16.1\STM32CubeIDE\plugins\com.st.stm32cube.common.mx_6.12.1.202409122256\\db\/mcu/
2025-06-06 09:04:26,636 [INFO] ApiDb:274 - Set plugin database path to: C:\ST\STM32CubeIDE_1.16.1\STM32CubeIDE\plugins\com.st.stm32cube.common.mx_6.12.1.202409122256\\db\/plugins/boardmanager/
2025-06-06 09:04:26,636 [INFO] ApiDb:261 - Set plugin images path to: C:\ST\STM32CubeIDE_1.16.1\STM32CubeIDE\plugins\com.st.stm32cube.common.mx_6.12.1.202409122256\\db\/plugins/mcufinder/images/
2025-06-06 09:04:26,636 [WARN] DbFile:41 - Overriding database path with different value: C:\Users\kjeya\.stmcufinder\plugins\mcufinder/ => C:\Users\kjeya\.stmcufinder\plugins\mcufinder
2025-06-06 09:04:26,636 [INFO] ApiDb:250 - Set database path to: C:\Users\kjeya\.stmcufinder\plugins\mcufinder//mcu/
2025-06-06 09:04:26,636 [WARN] DbFile:41 - Overriding database path with different value: C:\Users\kjeya\.stmcufinder\plugins\mcufinder/ => C:\Users\kjeya\.stmcufinder\plugins\mcufinder
2025-06-06 09:04:26,636 [INFO] DbMcusAds:125 - Set database path to: C:\Users\kjeya\.stmcufinder\plugins\mcufinder//mcu/
2025-06-06 09:04:26,636 [WARN] DbFile:41 - Overriding database path with different value: C:\Users\kjeya\.stmcufinder\plugins\mcufinder/ => C:\Users\kjeya\.stmcufinder\plugins\mcufinder
2025-06-06 09:04:26,636 [WARN] DbFile:41 - Overriding database path with different value: C:\Users\kjeya\.stmcufinder\plugins\mcufinder/ => C:\Users\kjeya\.stmcufinder\plugins\mcufinder
2025-06-06 09:04:26,637 [INFO] CrossReferenceDbSqlite:203 - Set database path to: C:\Users\kjeya\.stmcufinder\plugins\mcufinder//mcu/cs/
2025-06-06 09:04:26,780 [INFO] MainPanel:268 - HeapMemory: 268435456
2025-06-06 09:04:27,028 [INFO] DbMcusXml:78 - Set database path to: C:\ST\STM32CubeIDE_1.16.1\STM32CubeIDE\plugins\com.st.stm32cube.common.mx_6.12.1.202409122256\\db\/mcu/
2025-06-06 09:04:27,028 [INFO] ApiDb:274 - Set plugin database path to: C:\ST\STM32CubeIDE_1.16.1\STM32CubeIDE\plugins\com.st.stm32cube.common.mx_6.12.1.202409122256\\db\/plugins/boardmanager/
2025-06-06 09:04:27,028 [INFO] ApiDb:261 - Set plugin images path to: C:\ST\STM32CubeIDE_1.16.1\STM32CubeIDE\plugins\com.st.stm32cube.common.mx_6.12.1.202409122256\\db\/plugins/mcufinder/images/
2025-06-06 09:04:27,029 [WARN] DbFile:41 - Overriding database path with different value: C:\Users\kjeya\.stmcufinder\plugins\mcufinder/ => C:\Users\kjeya\.stmcufinder\plugins\mcufinder
2025-06-06 09:04:27,029 [INFO] ApiDb:250 - Set database path to: C:\Users\kjeya\.stmcufinder\plugins\mcufinder//mcu/
2025-06-06 09:04:27,029 [WARN] DbFile:41 - Overriding database path with different value: C:\Users\kjeya\.stmcufinder\plugins\mcufinder/ => C:\Users\kjeya\.stmcufinder\plugins\mcufinder
2025-06-06 09:04:27,029 [INFO] DbMcusAds:125 - Set database path to: C:\Users\kjeya\.stmcufinder\plugins\mcufinder//mcu/
2025-06-06 09:04:27,029 [WARN] DbFile:41 - Overriding database path with different value: C:\Users\kjeya\.stmcufinder\plugins\mcufinder/ => C:\Users\kjeya\.stmcufinder\plugins\mcufinder
2025-06-06 09:04:27,030 [WARN] DbFile:41 - Overriding database path with different value: C:\Users\kjeya\.stmcufinder\plugins\mcufinder/ => C:\Users\kjeya\.stmcufinder\plugins\mcufinder
2025-06-06 09:04:27,030 [INFO] CrossReferenceDbSqlite:203 - Set database path to: C:\Users\kjeya\.stmcufinder\plugins\mcufinder//mcu/cs/
2025-06-06 09:04:27,063 [INFO] ApplicationProperties:184 - Using Application install path: C:\ST\STM32CubeIDE_1.16.1\STM32CubeIDE\plugins\com.st.stm32cube.common.mx_6.12.1.202409122256
2025-06-06 09:04:27,066 [INFO] PluginManage:196 - Search for loadable plugins [exclusion list=, ]
2025-06-06 09:04:27,068 [INFO] PluginManage:310 - Check plugin analytics
2025-06-06 09:04:27,406 [INFO] AnalyticsPlugin:253 - Accepted Software Licenses: STM32CubeMX.6.11.1,STM32CubeMX.6.13.0
2025-06-06 09:04:27,407 [INFO] AnalyticsPlugin:255 - Accepted CMSIS Pack Licenses: STMicroelectronics.X-CUBE-TOUCHGFX.4.24.0,WES.I-CUBE-Cesium.1.3.0,STMicroelectronics.X-CUBE-TOUCHGFX.4.24.2
2025-06-06 09:04:27,407 [INFO] AnalyticsPlugin:257 - Accepted Firmware Licenses: FW.F4.1.28.0,FW.L4.1.18.0,FW.WL.1.3.0,FW.H7.1.11.0,FW.H7.1.12.0
2025-06-06 09:04:27,414 [INFO] PluginManage:359 - Loaded plugin analytics (category:tool,tabindex:-1)
2025-06-06 09:04:27,415 [INFO] PluginManage:310 - Check plugin cadmodel
2025-06-06 09:04:27,447 [INFO] CADModel:105 - Init CAD model plugin
2025-06-06 09:04:27,447 [INFO] PluginManage:359 - Loaded plugin cadmodel (category:power,tabindex:5)
2025-06-06 09:04:27,447 [INFO] PluginManage:310 - Check plugin clock
2025-06-06 09:04:27,480 [INFO] PluginManage:359 - Loaded plugin clock (category:base,tabindex:2)
2025-06-06 09:04:27,481 [INFO] PluginManage:310 - Check plugin ddr
2025-06-06 09:04:27,486 [INFO] PluginManage:359 - Loaded plugin ddr (category:tool,tabindex:6)
2025-06-06 09:04:27,486 [INFO] PluginManage:310 - Check plugin filemanager
2025-06-06 09:04:27,674 [INFO] PluginManage:359 - Loaded plugin filemanager (category:base,tabindex:10)
2025-06-06 09:04:27,674 [INFO] PluginManage:310 - Check plugin ipmanager
2025-06-06 09:04:27,683 [INFO] PluginManage:359 - Loaded plugin ipmanager (category:base,tabindex:5)
2025-06-06 09:04:27,683 [INFO] PluginManage:310 - Check plugin lpbam
2025-06-06 09:04:27,705 [INFO] PluginManage:359 - Loaded plugin lpbam (category:base,tabindex:0)
2025-06-06 09:04:27,705 [INFO] PluginManage:310 - Check plugin memorymap
2025-06-06 09:04:27,734 [INFO] PluginManage:359 - Loaded plugin memorymap (category:base,tabindex:4)
2025-06-06 09:04:27,734 [INFO] PluginManage:310 - Check plugin pinoutandconfiguration
2025-06-06 09:04:27,757 [INFO] PluginManage:359 - Loaded plugin pinoutandconfiguration (category:base,tabindex:1)
2025-06-06 09:04:27,757 [INFO] PluginManage:310 - Check plugin pinoutconfig
2025-06-06 09:04:27,879 [WARN] SupportedApi:132 - Cannot load RTOS API schema: s4s-elt-must-match.1: The content of 'definitions' must match (annotation?, (simpleType | complexType)?, (unique | key | keyref)*)). A problem was found starting at: attribute.
2025-06-06 09:04:28,113 [INFO] PluginManage:359 - Loaded plugin pinoutconfig (category:base,tabindex:0)
2025-06-06 09:04:28,113 [INFO] PluginManage:310 - Check plugin power
2025-06-06 09:04:28,150 [INFO] PluginManage:359 - Loaded plugin power (category:power,tabindex:4)
2025-06-06 09:04:28,150 [INFO] PluginManage:310 - Check plugin projectmanager
2025-06-06 09:04:28,175 [INFO] PluginManage:359 - Loaded plugin projectmanager (category:projectmanager,tabindex:4)
2025-06-06 09:04:28,175 [INFO] PluginManage:310 - Check plugin rif
2025-06-06 09:04:28,201 [INFO] PluginManage:359 - Loaded plugin rif (category:base,tabindex:3)
2025-06-06 09:04:28,201 [INFO] PluginManage:310 - Check plugin thirdparty
2025-06-06 09:04:28,578 [INFO] PluginManage:359 - Loaded plugin thirdparty (category:base,tabindex:-1)
2025-06-06 09:04:28,578 [WARN] IntegrityCheckThread:84 - waiting for thirdparty lock release [integrity check]
2025-06-06 09:04:28,578 [INFO] PluginManage:310 - Check plugin tools
2025-06-06 09:04:28,578 [INFO] IntegrityCheckThread:86 - entering critical section [integrity check]
2025-06-06 09:04:28,579 [INFO] ThirdPartyUpdaterWithRetryManager:70 - Updater plugin not ready yet. [1/15]
2025-06-06 09:04:28,629 [INFO] PluginManage:359 - Loaded plugin tools (category:base,tabindex:7)
2025-06-06 09:04:28,630 [INFO] PluginManage:310 - Check plugin tutovideos
2025-06-06 09:04:28,838 [INFO] PluginManage:359 - Loaded plugin tutovideos (category:base,tabindex:-1)
2025-06-06 09:04:28,839 [INFO] PluginManage:310 - Check plugin updater
2025-06-06 09:04:28,861 [INFO] PluginManage:359 - Loaded plugin updater (category:base,tabindex:12)
2025-06-06 09:04:28,861 [INFO] PluginManage:310 - Check plugin userauth
2025-06-06 09:04:28,868 [INFO] UserAuth:113 - Init User Auth plugin
2025-06-06 09:04:28,868 [INFO] PluginManage:359 - Loaded plugin userauth (category:base,tabindex:14)
2025-06-06 09:04:28,869 [INFO] PluginManage:283 - PluginManage : Loaded plugins [18]
2025-06-06 09:04:29,304 [INFO] PinOutPanel:1561 - setPackage(No Configuration,No Configuration)
2025-06-06 09:04:29,459 [INFO] CADModel:165 - CPN selected for project level
2025-06-06 09:04:29,459 [INFO] CADModel:114 - Register for checkConnection events
2025-06-06 09:04:29,520 [INFO] IPUIPlugin:80 - create IPUIPlugin
2025-06-06 09:04:29,521 [INFO] PluginManager:220 - loadIPPluginJar : add adc
2025-06-06 09:04:29,604 [INFO] IPUIPlugin:80 - create IPUIPlugin
2025-06-06 09:04:29,605 [INFO] PluginManager:220 - loadIPPluginJar : add aes
2025-06-06 09:04:29,676 [INFO] IPUIPlugin:80 - create IPUIPlugin
2025-06-06 09:04:29,676 [INFO] PluginManager:220 - loadIPPluginJar : add can
2025-06-06 09:04:29,717 [INFO] IPUIPlugin:80 - create IPUIPlugin
2025-06-06 09:04:29,717 [INFO] PluginManager:220 - loadIPPluginJar : add comp
2025-06-06 09:04:29,765 [INFO] IPUIPlugin:80 - create IPUIPlugin
2025-06-06 09:04:29,765 [INFO] PluginManager:220 - loadIPPluginJar : add cryp
2025-06-06 09:04:29,783 [INFO] IPUIPlugin:80 - create IPUIPlugin
2025-06-06 09:04:29,783 [INFO] PluginManager:220 - loadIPPluginJar : add ddr_ctrl_phy
2025-06-06 09:04:29,840 [INFO] IPUIPlugin:80 - create IPUIPlugin
2025-06-06 09:04:29,840 [INFO] PluginManager:220 - loadIPPluginJar : add dfsdm
2025-06-06 09:04:29,864 [INFO] IPUIPlugin:80 - create IPUIPlugin
2025-06-06 09:04:29,865 [INFO] PluginManager:220 - loadIPPluginJar : add dma
2025-06-06 09:04:29,942 [INFO] IPUIPlugin:80 - create IPUIPlugin
2025-06-06 09:04:29,942 [INFO] PluginManager:220 - loadIPPluginJar : add dma3
2025-06-06 09:04:30,006 [INFO] IPUIPlugin:80 - create IPUIPlugin
2025-06-06 09:04:30,007 [INFO] PluginManager:220 - loadIPPluginJar : add extmemmanager
2025-06-06 09:04:30,039 [INFO] IPUIPlugin:80 - create IPUIPlugin
2025-06-06 09:04:30,039 [INFO] PluginManager:220 - loadIPPluginJar : add fatfs
2025-06-06 09:04:30,101 [INFO] IPUIPlugin:80 - create IPUIPlugin
2025-06-06 09:04:30,101 [INFO] PluginManager:220 - loadIPPluginJar : add fmc
2025-06-06 09:04:30,123 [INFO] IPUIPlugin:80 - create IPUIPlugin
2025-06-06 09:04:30,123 [INFO] PluginManager:220 - loadIPPluginJar : add freertos
2025-06-06 09:04:30,153 [INFO] IPUIPlugin:80 - create IPUIPlugin
2025-06-06 09:04:30,153 [INFO] PluginManager:220 - loadIPPluginJar : add genericplugin
2025-06-06 09:04:30,285 [INFO] IPUIPlugin:80 - create IPUIPlugin
2025-06-06 09:04:30,285 [INFO] PluginManager:220 - loadIPPluginJar : add gfxmmu
2025-06-06 09:04:30,511 [INFO] IPUIPlugin:80 - create IPUIPlugin
2025-06-06 09:04:30,512 [INFO] PluginManager:220 - loadIPPluginJar : add gic
2025-06-06 09:04:30,528 [INFO] IPUIPlugin:80 - create IPUIPlugin
2025-06-06 09:04:30,528 [INFO] PluginManager:220 - loadIPPluginJar : add gpio
2025-06-06 09:04:30,666 [INFO] IPUIPlugin:80 - create IPUIPlugin
2025-06-06 09:04:30,668 [INFO] PluginManager:220 - loadIPPluginJar : add gtzc
2025-06-06 09:04:30,723 [INFO] IPUIPlugin:80 - create IPUIPlugin
2025-06-06 09:04:30,723 [INFO] PluginManager:220 - loadIPPluginJar : add hash
2025-06-06 09:04:30,795 [INFO] IPUIPlugin:80 - create IPUIPlugin
2025-06-06 09:04:30,795 [INFO] PluginManager:220 - loadIPPluginJar : add i2c
2025-06-06 09:04:30,853 [INFO] IPUIPlugin:80 - create IPUIPlugin
2025-06-06 09:04:30,853 [INFO] PluginManager:220 - loadIPPluginJar : add i2s
2025-06-06 09:04:30,909 [INFO] IPUIPlugin:80 - create IPUIPlugin
2025-06-06 09:04:30,909 [INFO] PluginManager:220 - loadIPPluginJar : add i3c
2025-06-06 09:04:31,064 [INFO] IPUIPlugin:80 - create IPUIPlugin
2025-06-06 09:04:31,064 [INFO] PluginManager:220 - loadIPPluginJar : add ipddr
2025-06-06 09:04:31,198 [INFO] IPUIPlugin:80 - create IPUIPlugin
2025-06-06 09:04:31,198 [INFO] PluginManager:220 - loadIPPluginJar : add linkedlist
2025-06-06 09:04:31,249 [INFO] IPUIPlugin:80 - create IPUIPlugin
2025-06-06 09:04:31,249 [INFO] PluginManager:220 - loadIPPluginJar : add lorawan
2025-06-06 09:04:31,301 [INFO] IPUIPlugin:80 - create IPUIPlugin
2025-06-06 09:04:31,301 [INFO] PluginManager:220 - loadIPPluginJar : add ltdc
2025-06-06 09:04:31,319 [INFO] IPUIPlugin:80 - create IPUIPlugin
2025-06-06 09:04:31,319 [INFO] PluginManager:220 - loadIPPluginJar : add mdma
2025-06-06 09:04:31,335 [INFO] IPUIPlugin:80 - create IPUIPlugin
2025-06-06 09:04:31,335 [INFO] PluginManager:220 - loadIPPluginJar : add nvic
2025-06-06 09:04:31,381 [INFO] IPUIPlugin:80 - create IPUIPlugin
2025-06-06 09:04:31,381 [INFO] PluginManager:220 - loadIPPluginJar : add opamp
2025-06-06 09:04:31,462 [INFO] IPUIPlugin:80 - create IPUIPlugin
2025-06-06 09:04:31,462 [INFO] PluginManager:220 - loadIPPluginJar : add openamp
2025-06-06 09:04:31,517 [INFO] IPUIPlugin:80 - create IPUIPlugin
2025-06-06 09:04:31,517 [INFO] PluginManager:220 - loadIPPluginJar : add pdm2pcm
2025-06-06 09:04:31,536 [INFO] IPUIPlugin:80 - create IPUIPlugin
2025-06-06 09:04:31,538 [INFO] PluginManager:220 - loadIPPluginJar : add plateformsettings
2025-06-06 09:04:31,574 [INFO] IPUIPlugin:80 - create IPUIPlugin
2025-06-06 09:04:31,574 [INFO] PluginManager:220 - loadIPPluginJar : add quadspi
2025-06-06 09:04:31,580 [INFO] ThirdPartyUpdaterWithRetryManager:70 - Updater plugin not ready yet. [2/15]
2025-06-06 09:04:31,609 [INFO] IPUIPlugin:80 - create IPUIPlugin
2025-06-06 09:04:31,609 [INFO] PluginManager:220 - loadIPPluginJar : add radio
2025-06-06 09:04:31,625 [INFO] IPUIPlugin:80 - create IPUIPlugin
2025-06-06 09:04:31,625 [INFO] PluginManager:220 - loadIPPluginJar : add resmgrutility
2025-06-06 09:04:31,683 [INFO] IPUIPlugin:80 - create IPUIPlugin
2025-06-06 09:04:31,684 [INFO] PluginManager:220 - loadIPPluginJar : add sai
2025-06-06 09:04:31,731 [INFO] IPUIPlugin:80 - create IPUIPlugin
2025-06-06 09:04:31,731 [INFO] PluginManager:220 - loadIPPluginJar : add spi
2025-06-06 09:04:31,814 [INFO] IPUIPlugin:80 - create IPUIPlugin
2025-06-06 09:04:31,815 [INFO] PluginManager:220 - loadIPPluginJar : add stm32_wpan
2025-06-06 09:04:31,851 [INFO] IPUIPlugin:80 - create IPUIPlugin
2025-06-06 09:04:31,851 [INFO] PluginManager:220 - loadIPPluginJar : add tim
2025-06-06 09:04:31,925 [INFO] IPUIPlugin:80 - create IPUIPlugin
2025-06-06 09:04:31,925 [INFO] PluginManager:220 - loadIPPluginJar : add touchsensing
2025-06-06 09:04:31,960 [INFO] IPUIPlugin:80 - create IPUIPlugin
2025-06-06 09:04:31,960 [INFO] PluginManager:220 - loadIPPluginJar : add tracer_emb
2025-06-06 09:04:31,991 [INFO] IPUIPlugin:80 - create IPUIPlugin
2025-06-06 09:04:31,991 [INFO] PluginManager:220 - loadIPPluginJar : add ts
2025-06-06 09:04:32,021 [INFO] IPUIPlugin:80 - create IPUIPlugin
2025-06-06 09:04:32,022 [INFO] PluginManager:220 - loadIPPluginJar : add tsc
2025-06-06 09:04:32,050 [INFO] IPUIPlugin:80 - create IPUIPlugin
2025-06-06 09:04:32,050 [INFO] PluginManager:220 - loadIPPluginJar : add ucpd
2025-06-06 09:04:32,105 [INFO] IPUIPlugin:80 - create IPUIPlugin
2025-06-06 09:04:32,105 [INFO] PluginManager:220 - loadIPPluginJar : add usart
2025-06-06 09:04:32,158 [INFO] IPUIPlugin:80 - create IPUIPlugin
2025-06-06 09:04:32,159 [INFO] PluginManager:220 - loadIPPluginJar : add usbx
2025-06-06 09:04:32,293 [INFO] CADModel:165 - CPN selected for project level
2025-06-06 09:04:32,293 [INFO] CADModel:114 - Register for checkConnection events
2025-06-06 09:04:32,293 [FATAL] Updater:334 - Updater called before beeing initialized
2025-06-06 09:04:32,294 [ERROR] CADModel:125 - Updater not yet initialized, retry later 
2025-06-06 09:04:32,490 [INFO] CADModel:165 - CPN selected for project level
2025-06-06 09:04:32,491 [INFO] CADModel:114 - Register for checkConnection events
2025-06-06 09:04:32,491 [FATAL] Updater:334 - Updater called before beeing initialized
2025-06-06 09:04:32,491 [ERROR] CADModel:125 - Updater not yet initialized, retry later 
2025-06-06 09:04:32,497 [FATAL] Updater:334 - Updater called before beeing initialized
2025-06-06 09:04:32,707 [FATAL] Updater:334 - Updater called before beeing initialized
2025-06-06 09:04:32,739 [INFO] DbMcusAds:53 - JSON generation date=Wed May 07 14:37:55 IST 2025 (1746608875484)
2025-06-06 09:04:32,739 [FATAL] Updater:334 - Updater called before beeing initialized
2025-06-06 09:04:32,829 [WARN] DetailPanel:346 - Failed to get advertising image, set to default
2025-06-06 09:04:33,010 [FATAL] Updater:334 - Updater called before beeing initialized
2025-06-06 09:04:33,014 [FATAL] Updater:334 - Updater called before beeing initialized
2025-06-06 09:04:33,015 [FATAL] Updater:334 - Updater called before beeing initialized
2025-06-06 09:04:33,015 [WARN] DetailPanel:346 - Failed to get advertising image, set to default
2025-06-06 09:04:33,017 [FATAL] Updater:334 - Updater called before beeing initialized
2025-06-06 09:04:33,194 [ERROR] Updater:1164 - MainUpdater not yet initialized. External WinMGr cannot be set.
2025-06-06 09:04:33,230 [INFO] Updater:1100 - Updater Version found : 6.12.1
2025-06-06 09:04:33,271 [INFO] ApplicationProperties:184 - Using Application install path: C:\ST\STM32CubeIDE_1.16.1\STM32CubeIDE\plugins\com.st.stm32cube.common.mx_6.12.1.202409122256
2025-06-06 09:04:34,581 [INFO] ThirdPartyUpdaterWithRetryManager:70 - Updater plugin not ready yet. [3/15]
2025-06-06 09:04:34,880 [ERROR] LogOutputStream:75 - [STDERR_REDIRECT] Jun 06, 2025 9:04:34 AM java.util.prefs.WindowsPreferences <init>
2025-06-06 09:04:34,881 [ERROR] LogOutputStream:75 - [STDERR_REDIRECT] WARNING: Could not open/create prefs root node Software\JavaSoft\Prefs at root 0xffffffff80000002. Windows RegCreateKeyEx(...) returned error code 5.
2025-06-06 09:04:34,881 [ERROR] LogOutputStream:75 - [STDERR_REDIRECT] 
2025-06-06 09:04:35,654 [INFO] MainUpdater:2873 - connection check result : 10
2025-06-06 09:04:35,656 [INFO] MainUpdater:290 - Updater Check For Update Now.
2025-06-06 09:04:35,657 [INFO] MicroXplorer:498 - Change Database Version : DB.6.0.121
2025-06-06 09:04:35,691 [INFO] McuFinderGlobals:63 - Set McuFinder mode to 2 (CubeIDE integrated)
2025-06-06 09:04:35,703 [INFO] UserAuth:417 - Internet connection configuration mode: 1
2025-06-06 09:04:35,763 [INFO] JxBrowserEngine:152 - Initiate JxBrowser Engine with user profile folder
2025-06-06 09:04:35,976 [INFO] CheckServerUpdateThread:120 - End of CheckServer Thread
2025-06-06 09:04:37,905 [WARN] PackLoader:240 - Cannot read IP mode file for STMicroelectronics.FP-SNS-MOTENVWB1.1.4.0
2025-06-06 09:04:37,932 [WARN] PackLoader:240 - Cannot read IP mode file for STMicroelectronics.FP-ATR-ASTRA1.2.0.2
2025-06-06 09:04:37,954 [WARN] PackLoader:240 - Cannot read IP mode file for STMicroelectronics.FP-ATR-ASTRA1.2.0.1
2025-06-06 09:04:37,983 [WARN] PackLoader:240 - Cannot read IP mode file for STMicroelectronics.X-CUBE-SMBUS.2.1.0
2025-06-06 09:04:38,013 [WARN] PackLoader:240 - Cannot read IP mode file for STMicroelectronics.X-CUBE-WB05N.1.1.0
2025-06-06 09:04:38,036 [ERROR] Engine:466 - C:\Users\kjeya\.stm32cubemx\thirdparties\pdsc\STMicroelectronics.X-CUBE-ST60.1.0.0.pdsc: PDSC version is not supported
2025-06-06 09:04:38,111 [WARN] PackLoader:240 - Cannot read IP mode file for STMicroelectronics.X-CUBE-AZRTOS-F7.1.1.0
2025-06-06 09:04:38,148 [WARN] PackLoader:240 - Cannot read IP mode file for STMicroelectronics.FP-SNS-FLIGHT1.5.0.2
2025-06-06 09:04:38,217 [WARN] PackLoader:240 - Cannot read IP mode file for Infineon.AIROC-Wi-Fi-Bluetooth-STM32.1.7.0
2025-06-06 09:04:38,256 [WARN] PackLoader:240 - Cannot read IP mode file for STMicroelectronics.X-CUBE-DISPLAY.3.0.0
2025-06-06 09:04:38,291 [WARN] PackLoader:240 - Cannot read IP mode file for STMicroelectronics.X-CUBE-BLE1.7.0.0
2025-06-06 09:04:38,320 [WARN] PackLoader:240 - Cannot read IP mode file for STMicroelectronics.X-CUBE-NFC10.1.0.0
2025-06-06 09:04:38,379 [WARN] PackLoader:240 - Cannot read IP mode file for STMicroelectronics.X-CUBE-BLEMGR.4.0.0
2025-06-06 09:04:38,418 [WARN] PackLoader:240 - Cannot read IP mode file for emotas.I-CUBE-CANOPEN.1.3.0
2025-06-06 09:04:38,445 [WARN] PackLoader:240 - Cannot read IP mode file for STMicroelectronics.X-CUBE-AI.10.0.0
2025-06-06 09:04:38,485 [WARN] PackLoader:240 - Cannot read IP mode file for STMicroelectronics.FP-SNS-SMARTAG2.1.2.0
2025-06-06 09:04:38,505 [ERROR] Engine:466 - C:\Users\kjeya\.stm32cubemx\thirdparties\pdsc\STMicroelectronics.FP-SNS-FLIGHT1.5.1.0.pdsc: PDSC version is not supported
2025-06-06 09:04:38,591 [WARN] PackLoader:240 - Cannot read IP mode file for STMicroelectronics.X-CUBE-MEMS1.11.1.0
2025-06-06 09:04:38,878 [INFO] LogOutputStream:77 - [STDOUT_REDIRECT] 1 : Invalid condition id : UX_CORESTACK_Condition cause : null
2025-06-06 09:04:38,880 [INFO] LogOutputStream:77 - [STDOUT_REDIRECT] 1 : Invalid condition id : UX_CORESTACK_Condition cause : null
2025-06-06 09:04:38,885 [INFO] LogOutputStream:77 - [STDOUT_REDIRECT] 1 : Invalid condition id : UX_CORESTACK_Condition cause : null
2025-06-06 09:04:38,888 [INFO] LogOutputStream:77 - [STDOUT_REDIRECT] 1 : Invalid condition id : UX_CORESTACK_Condition cause : null
2025-06-06 09:04:38,890 [INFO] LogOutputStream:77 - [STDOUT_REDIRECT] 1 : Invalid condition id : UX_CORESTACK_Condition cause : null
2025-06-06 09:04:38,896 [WARN] PackLoader:240 - Cannot read IP mode file for STMicroelectronics.X-CUBE-AZRTOS-WL.2.0.0
2025-06-06 09:04:38,931 [WARN] PackLoader:240 - Cannot read IP mode file for STMicroelectronics.FP-SNS-MOTENV1.5.0.0
2025-06-06 09:04:38,964 [WARN] PackLoader:240 - Cannot read IP mode file for wolfSSL.I-CUBE-wolfMQTT.1.19.0
2025-06-06 09:04:39,024 [WARN] PackLoader:240 - Cannot read IP mode file for WES.I-CUBE-Cesium.1.3.0
2025-06-06 09:04:39,220 [WARN] PackLoader:240 - Cannot read IP mode file for STMicroelectronics.X-CUBE-BLE2.3.3.0
2025-06-06 09:04:39,251 [WARN] PackLoader:240 - Cannot read IP mode file for STMicroelectronics.X-CUBE-NFC9.1.0.0
2025-06-06 09:04:39,275 [WARN] PackLoader:240 - Cannot read IP mode file for STMicroelectronics.X-CUBE-BLE1.7.1.0
2025-06-06 09:04:39,298 [WARN] PackLoader:240 - Cannot read IP mode file for STMicroelectronics.X-CUBE-AI.10.1.0
2025-06-06 09:04:39,431 [WARN] PackLoader:240 - Cannot read IP mode file for STMicroelectronics.X-CUBE-MEMS1.11.2.0
2025-06-06 09:04:39,956 [WARN] PackLoader:240 - Cannot read IP mode file for STMicroelectronics.X-CUBE-AZRTOS-G0.1.1.0
2025-06-06 09:04:39,995 [WARN] PackLoader:240 - Cannot read IP mode file for STMicroelectronics.X-CUBE-SAFEA1.1.2.2
2025-06-06 09:04:40,029 [WARN] PackLoader:240 - Cannot read IP mode file for STMicroelectronics.X-CUBE-NFC4.3.0.0
2025-06-06 09:04:40,072 [WARN] PackLoader:240 - Cannot read IP mode file for EmbeddedOffice.I-CUBE-FS-RTOS.1.0.1
2025-06-06 09:04:40,073 [ERROR] ConditionMgr:805 - Attr not supported : Dmpu
2025-06-06 09:04:40,074 [ERROR] ConditionMgr:805 - Attr not supported : Dmpu
2025-06-06 09:04:40,074 [ERROR] ConditionMgr:805 - Attr not supported : Dmpu
2025-06-06 09:04:40,074 [ERROR] ConditionMgr:805 - Attr not supported : Dmpu
2025-06-06 09:04:40,075 [ERROR] ConditionMgr:805 - Attr not supported : Dmpu
2025-06-06 09:04:40,075 [ERROR] ConditionMgr:805 - Attr not supported : Dmpu
2025-06-06 09:04:40,075 [ERROR] ConditionMgr:805 - Attr not supported : Dmpu
2025-06-06 09:04:40,075 [ERROR] ConditionMgr:805 - Attr not supported : Dmpu
2025-06-06 09:04:40,075 [ERROR] ConditionMgr:805 - Attr not supported : Dmpu
2025-06-06 09:04:40,075 [ERROR] ConditionMgr:805 - Attr not supported : Dmpu
2025-06-06 09:04:40,076 [ERROR] ConditionMgr:805 - Attr not supported : Dmpu
2025-06-06 09:04:40,076 [ERROR] ConditionMgr:805 - Attr not supported : Dmpu
2025-06-06 09:04:40,076 [ERROR] ConditionMgr:805 - Attr not supported : Dmpu
2025-06-06 09:04:40,076 [ERROR] ConditionMgr:805 - Attr not supported : Dmpu
2025-06-06 09:04:40,076 [ERROR] ConditionMgr:805 - Attr not supported : Dmpu
2025-06-06 09:04:40,077 [ERROR] ConditionMgr:805 - Attr not supported : Dmpu
2025-06-06 09:04:40,077 [ERROR] ConditionMgr:805 - Attr not supported : Dmpu
2025-06-06 09:04:40,077 [ERROR] ConditionMgr:805 - Attr not supported : Dmpu
2025-06-06 09:04:40,077 [ERROR] ConditionMgr:805 - Attr not supported : Dmpu
2025-06-06 09:04:40,077 [ERROR] ConditionMgr:805 - Attr not supported : Dmpu
2025-06-06 09:04:40,077 [ERROR] ConditionMgr:805 - Attr not supported : Dmpu
2025-06-06 09:04:40,077 [ERROR] ConditionMgr:805 - Attr not supported : Dmpu
2025-06-06 09:04:40,078 [ERROR] ConditionMgr:805 - Attr not supported : Dmpu
2025-06-06 09:04:40,078 [ERROR] ConditionMgr:805 - Attr not supported : Dmpu
2025-06-06 09:04:40,078 [ERROR] ConditionMgr:805 - Attr not supported : Dmpu
2025-06-06 09:04:40,078 [ERROR] ConditionMgr:805 - Attr not supported : Dmpu
2025-06-06 09:04:40,078 [ERROR] ConditionMgr:805 - Attr not supported : Dmpu
2025-06-06 09:04:40,078 [ERROR] ConditionMgr:805 - Attr not supported : Dmpu
2025-06-06 09:04:40,079 [ERROR] ConditionMgr:805 - Attr not supported : Dmpu
2025-06-06 09:04:40,079 [ERROR] ConditionMgr:805 - Attr not supported : Dmpu
2025-06-06 09:04:40,079 [ERROR] ConditionMgr:805 - Attr not supported : Dmpu
2025-06-06 09:04:40,079 [ERROR] ConditionMgr:805 - Attr not supported : Dmpu
2025-06-06 09:04:40,079 [ERROR] ConditionMgr:805 - Attr not supported : Dmpu
2025-06-06 09:04:40,079 [ERROR] ConditionMgr:805 - Attr not supported : Dmpu
2025-06-06 09:04:40,079 [ERROR] ConditionMgr:805 - Attr not supported : Dmpu
2025-06-06 09:04:40,079 [ERROR] ConditionMgr:805 - Attr not supported : Dmpu
2025-06-06 09:04:40,080 [ERROR] ConditionMgr:805 - Attr not supported : Dmpu
2025-06-06 09:04:40,080 [ERROR] ConditionMgr:805 - Attr not supported : Dmpu
2025-06-06 09:04:40,080 [ERROR] ConditionMgr:805 - Attr not supported : Dmpu
2025-06-06 09:04:40,080 [ERROR] ConditionMgr:805 - Attr not supported : Dmpu
2025-06-06 09:04:40,081 [ERROR] ConditionMgr:805 - Attr not supported : Dmpu
2025-06-06 09:04:40,081 [ERROR] ConditionMgr:805 - Attr not supported : Dmpu
2025-06-06 09:04:40,081 [ERROR] ConditionMgr:805 - Attr not supported : Dmpu
2025-06-06 09:04:40,081 [ERROR] ConditionMgr:805 - Attr not supported : Dmpu
2025-06-06 09:04:40,081 [ERROR] ConditionMgr:805 - Attr not supported : Dmpu
2025-06-06 09:04:40,081 [ERROR] ConditionMgr:805 - Attr not supported : Dmpu
2025-06-06 09:04:40,081 [ERROR] ConditionMgr:805 - Attr not supported : Dmpu
2025-06-06 09:04:40,081 [ERROR] ConditionMgr:805 - Attr not supported : Dmpu
2025-06-06 09:04:40,082 [ERROR] ConditionMgr:805 - Attr not supported : Dmpu
2025-06-06 09:04:40,082 [ERROR] ConditionMgr:805 - Attr not supported : Dmpu
2025-06-06 09:04:40,082 [ERROR] ConditionMgr:805 - Attr not supported : Dmpu
2025-06-06 09:04:40,082 [ERROR] ConditionMgr:805 - Attr not supported : Dmpu
2025-06-06 09:04:40,082 [ERROR] ConditionMgr:805 - Attr not supported : Dmpu
2025-06-06 09:04:40,082 [ERROR] ConditionMgr:805 - Attr not supported : Dmpu
2025-06-06 09:04:40,082 [ERROR] ConditionMgr:805 - Attr not supported : Dmpu
2025-06-06 09:04:40,082 [ERROR] ConditionMgr:805 - Attr not supported : Dmpu
2025-06-06 09:04:40,082 [ERROR] ConditionMgr:805 - Attr not supported : Dmpu
2025-06-06 09:04:40,082 [ERROR] ConditionMgr:805 - Attr not supported : Dmpu
2025-06-06 09:04:40,083 [ERROR] ConditionMgr:805 - Attr not supported : Dmpu
2025-06-06 09:04:40,083 [ERROR] ConditionMgr:805 - Attr not supported : Dmpu
2025-06-06 09:04:40,083 [ERROR] ConditionMgr:805 - Attr not supported : Dmpu
2025-06-06 09:04:40,083 [ERROR] ConditionMgr:805 - Attr not supported : Dmpu
2025-06-06 09:04:40,083 [ERROR] ConditionMgr:805 - Attr not supported : Dmpu
2025-06-06 09:04:40,083 [ERROR] ConditionMgr:805 - Attr not supported : Dmpu
2025-06-06 09:04:40,108 [WARN] PackLoader:240 - Cannot read IP mode file for STMicroelectronics.X-CUBE-WB05N.2.0.0
2025-06-06 09:04:40,138 [ERROR] Engine:466 - C:\Users\kjeya\.stm32cubemx\thirdparties\pdsc\STMicroelectronics.X-CUBE-TCPP.4.2.0.pdsc: PDSC version is not supported
2025-06-06 09:04:40,197 [WARN] PackLoader:240 - Cannot read IP mode file for RealThread.X-CUBE-RT-Thread_Nano.4.1.1
2025-06-06 09:04:40,251 [WARN] PackLoader:240 - Cannot read IP mode file for STMicroelectronics.FP-ATR-SIGFOX1.3.2.0
2025-06-06 09:04:40,284 [WARN] ConditionMgr:438 - getConditionDescription Invalid condition id : Cortex-A Device cause : null
2025-06-06 09:04:40,647 [WARN] ConditionMgr:1039 - genDependencies : Invalid condition id : Cortex-A Device cause : null
2025-06-06 09:04:40,647 [WARN] ConditionMgr:1039 - genDependencies : Invalid condition id : Cortex-A Device cause : null
2025-06-06 09:04:40,648 [WARN] ConditionMgr:1039 - genDependencies : Invalid condition id : Cortex-A Device cause : null
2025-06-06 09:04:40,686 [WARN] PackLoader:240 - Cannot read IP mode file for STMicroelectronics.X-CUBE-EEPRMA1.5.1.0
2025-06-06 09:04:40,721 [WARN] PackLoader:240 - Cannot read IP mode file for wolfSSL.I-CUBE-wolfSSL.5.7.4
2025-06-06 09:04:40,782 [WARN] PackLoader:240 - Cannot read IP mode file for ITTIA_DB.I-CUBE-ITTIADB.8.9.0
2025-06-06 09:04:40,839 [INFO] WebApp:167 - Instantiating new browser for Auth
2025-06-06 09:04:40,884 [WARN] PackLoader:240 - Cannot read IP mode file for SEGGER.I-CUBE-embOS.1.3.1
2025-06-06 09:04:41,006 [WARN] PackLoader:240 - Cannot read IP mode file for STMicroelectronics.X-CUBE-ALGOBUILD.1.4.0
2025-06-06 09:04:41,040 [WARN] PackLoader:240 - Cannot read IP mode file for STMicroelectronics.X-CUBE-AI.9.1.0
2025-06-06 09:04:41,118 [WARN] PackLoader:240 - Cannot read IP mode file for STMicroelectronics.X-CUBE-AZRTOS-F4.1.1.0
2025-06-06 09:04:41,161 [ERROR] Engine:466 - C:\Users\kjeya\.stm32cubemx\thirdparties\pdsc\Avnet-IotConnect.X-CUBE-IoTC-DA16k-PMOD.1.0.0.pdsc: PDSC version is not supported
2025-06-06 09:04:41,198 [WARN] PackLoader:240 - Cannot read IP mode file for STMicroelectronics.X-CUBE-ISPU.2.1.0
2025-06-06 09:04:41,288 [WARN] PackLoader:240 - Cannot read IP mode file for STMicroelectronics.X-CUBE-AZRTOS-L5.2.0.0
2025-06-06 09:04:41,348 [WARN] PackLoader:240 - Cannot read IP mode file for STMicroelectronics.X-CUBE-NFC6.3.1.0
2025-06-06 09:04:41,400 [WARN] PackLoader:240 - Cannot read IP mode file for STMicroelectronics.X-CUBE-DPower.1.2.0
2025-06-06 09:04:41,453 [WARN] PackLoader:240 - Cannot read IP mode file for STMicroelectronics.X-CUBE-FREERTOS.1.3.1
2025-06-06 09:04:41,513 [WARN] PackLoader:240 - Cannot read IP mode file for STMicroelectronics.X-CUBE-FREERTOS.1.3.0
2025-06-06 09:04:41,550 [WARN] PackLoader:240 - Cannot read IP mode file for STMicroelectronics.X-CUBE-NFC7.1.0.1
2025-06-06 09:04:41,581 [WARN] PackLoader:240 - Cannot read IP mode file for STMicroelectronics.X-CUBE-DPower.1.3.0
2025-06-06 09:04:41,652 [WARN] ConditionMgr:438 - getConditionDescription Invalid condition id : LAN8742 Phy interface Condition cause : null
2025-06-06 09:04:41,653 [WARN] PackLoader:240 - Cannot read IP mode file for STMicroelectronics.X-CUBE-AZRTOS-L4.2.0.0
2025-06-06 09:04:41,657 [WARN] ConditionMgr:1039 - genDependencies : Invalid condition id : LAN8742 Phy interface Condition cause : null
2025-06-06 09:04:41,657 [WARN] ConditionMgr:1039 - genDependencies : Invalid condition id : LAN8742 Phy interface Condition cause : null
2025-06-06 09:04:41,659 [WARN] ConditionMgr:1039 - genDependencies : Invalid condition id : LAN8742 Phy interface Condition cause : null
2025-06-06 09:04:41,707 [WARN] PackLoader:240 - Cannot read IP mode file for STMicroelectronics.X-CUBE-SFXS2LP1.4.0.0
2025-06-06 09:04:41,784 [WARN] PackLoader:240 - Cannot read IP mode file for STMicroelectronics.X-CUBE-AZRTOS-H7.3.3.0
2025-06-06 09:04:41,824 [WARN] PackLoader:240 - Cannot read IP mode file for STMicroelectronics.X-CUBE-IPS.3.0.0
2025-06-06 09:04:41,881 [WARN] ConditionMgr:438 - getConditionDescription Invalid condition id : UX DEVICE CLASS RTOS Condition cause : null
2025-06-06 09:04:41,881 [WARN] ConditionMgr:438 - getConditionDescription Invalid condition id : UX DEVICE CLASS RTOS Condition cause : null
2025-06-06 09:04:41,884 [WARN] PackLoader:240 - Cannot read IP mode file for STMicroelectronics.X-CUBE-AZRTOS-WB.2.0.0
2025-06-06 09:04:41,885 [WARN] ConditionMgr:1039 - genDependencies : Invalid condition id : UX DEVICE CLASS RTOS Condition cause : null
2025-06-06 09:04:41,885 [WARN] ConditionMgr:1039 - genDependencies : Invalid condition id : UX DEVICE CLASS RTOS Condition cause : null
2025-06-06 09:04:41,886 [WARN] ConditionMgr:1039 - genDependencies : Invalid condition id : UX DEVICE CLASS RTOS Condition cause : null
2025-06-06 09:04:41,886 [WARN] ConditionMgr:1039 - genDependencies : Invalid condition id : UX DEVICE CLASS RTOS Condition cause : null
2025-06-06 09:04:41,887 [WARN] ConditionMgr:1039 - genDependencies : Invalid condition id : UX DEVICE CLASS RTOS Condition cause : null
2025-06-06 09:04:41,928 [WARN] PackLoader:240 - Cannot read IP mode file for STMicroelectronics.X-CUBE-GNSS1.7.0.1
2025-06-06 09:04:41,971 [WARN] PackLoader:240 - Cannot read IP mode file for STMicroelectronics.X-CUBE-TOUCHGFX.4.25.0
2025-06-06 09:04:42,012 [WARN] PackLoader:240 - Cannot read IP mode file for STMicroelectronics.FP-SNS-STBOX1.2.0.0
2025-06-06 09:04:42,065 [WARN] PackLoader:240 - Cannot read IP mode file for STMicroelectronics.X-CUBE-SUBG2.5.0.0
2025-06-06 09:04:42,183 [WARN] PackLoader:240 - Cannot read IP mode file for STMicroelectronics.X-CUBE-AZRTOS-H7RS.1.1.0
2025-06-06 09:04:42,223 [WARN] PackLoader:240 - Cannot read IP mode file for Cesanta.I-CUBE-Mongoose.7.13.0
2025-06-06 09:04:42,299 [WARN] PackLoader:240 - Cannot read IP mode file for STMicroelectronics.X-CUBE-AZRTOS-G4.2.0.0
2025-06-06 09:04:42,336 [WARN] PackLoader:240 - Cannot read IP mode file for STMicroelectronics.X-CUBE-NFC7.2.0.0
2025-06-06 09:04:42,380 [ERROR] Engine:466 - C:\Users\kjeya\.stm32cubemx\thirdparties\pdsc\STMicroelectronics.X-CUBE-IPS.3.1.0.pdsc: PDSC version is not supported
2025-06-06 09:04:42,411 [WARN] PackLoader:240 - Cannot read IP mode file for STMicroelectronics.X-CUBE-ALS.1.0.2
2025-06-06 09:04:42,442 [WARN] PackLoader:240 - Cannot read IP mode file for STMicroelectronics.X-CUBE-TOUCHGFX.4.24.0
2025-06-06 09:04:42,721 [WARN] PackLoader:240 - Cannot read IP mode file for STMicroelectronics.X-CUBE-TOUCHGFX.4.24.2
2025-06-06 09:04:42,917 [WARN] PackLoader:240 - Cannot read IP mode file for STMicroelectronics.X-CUBE-TOUCHGFX.4.24.1
2025-06-06 09:04:42,956 [WARN] PackLoader:240 - Cannot read IP mode file for wolfSSL.I-CUBE-wolfTPM.3.4.0
2025-06-06 09:04:43,004 [WARN] PackLoader:240 - Cannot read IP mode file for portGmbH.I-Cube-SoM-uGOAL.1.1.0
2025-06-06 09:04:43,051 [INFO] WebApp:448 - Apply proxy settings
2025-06-06 09:04:43,053 [INFO] WebApp:533 - Chromium requires no authentication
2025-06-06 09:04:43,078 [INFO] WebApp:476 - Direct internet connection detected
2025-06-06 09:04:43,087 [WARN] PackLoader:240 - Cannot read IP mode file for STMicroelectronics.X-CUBE-AZRTOS-H7RS.1.0.0
2025-06-06 09:04:43,155 [INFO] WebApp:869 - Register for checkConnection events
2025-06-06 09:04:43,156 [INFO] WebApp:448 - Apply proxy settings
2025-06-06 09:04:43,156 [INFO] WebApp:533 - Chromium requires no authentication
2025-06-06 09:04:43,157 [INFO] WebApp:476 - Direct internet connection detected
2025-06-06 09:04:43,164 [WARN] PackLoader:240 - Cannot read IP mode file for STMicroelectronics.X-CUBE-TOF1.3.4.2
2025-06-06 09:04:43,214 [ERROR] Engine:466 - C:\Users\kjeya\.stm32cubemx\thirdparties\pdsc\STMicroelectronics.X-CUBE-TOF1.3.4.3.pdsc: PDSC version is not supported
2025-06-06 09:04:43,241 [WARN] PackLoader:240 - Cannot read IP mode file for wolfSSL.I-CUBE-wolfSSH.1.4.17
2025-06-06 09:04:43,242 [INFO] ThirdParty:978 - Integrity check success = true
2025-06-06 09:04:43,242 [INFO] IntegrityCheckThread:100 - exiting critical section [integrity check]
2025-06-06 09:04:43,242 [INFO] IntegrityCheckThread:103 - End integrity checks thread
2025-06-06 09:04:43,406 [INFO] WebApp:186 - Connection restablished
2025-06-06 09:04:43,692 [INFO] WebApp:220 - Starting web application
2025-06-06 09:04:43,692 [INFO] WebApp:578 - Web application path used C:\ST\STM32CubeIDE_1.16.1\STM32CubeIDE\plugins\com.st.stm32cube.common.mx_6.12.1.202409122256\db\plugins\mcufinder\reactClient1\index.html
2025-06-06 09:04:44,088 [INFO] UserAuth:417 - Internet connection configuration mode: 1
2025-06-06 09:26:35,520 [INFO] WebApp:189 - Connection lost
2025-06-06 09:26:35,787 [INFO] WebApp:186 - Connection restablished
2025-06-06 09:26:37,635 [INFO] WebApp:189 - Connection lost
2025-06-06 09:26:37,803 [INFO] WebApp:186 - Connection restablished
2025-06-06 10:21:27,129 [INFO] WebApp:189 - Connection lost
2025-06-06 10:21:30,682 [INFO] WebApp:186 - Connection restablished
2025-06-06 10:21:33,120 [INFO] WebApp:189 - Connection lost
2025-06-06 10:21:33,589 [INFO] WebApp:186 - Connection restablished
2025-06-06 10:22:32,140 [INFO] WebApp:189 - Connection lost
2025-06-06 10:22:32,386 [INFO] WebApp:186 - Connection restablished
2025-06-06 10:22:53,134 [INFO] WebApp:189 - Connection lost
2025-06-06 10:22:53,284 [INFO] WebApp:186 - Connection restablished
2025-06-06 10:26:42,142 [INFO] WebApp:189 - Connection lost
2025-06-06 10:26:51,365 [INFO] WebApp:186 - Connection restablished
2025-06-06 10:26:56,145 [INFO] WebApp:189 - Connection lost
2025-06-06 10:26:56,290 [INFO] WebApp:186 - Connection restablished
2025-06-06 10:27:24,155 [INFO] WebApp:189 - Connection lost
2025-06-06 10:27:24,414 [INFO] WebApp:186 - Connection restablished
2025-06-06 10:27:38,587 [INFO] WebApp:189 - Connection lost
2025-06-06 10:27:50,117 [INFO] WebApp:186 - Connection restablished
2025-06-06 10:31:33,120 [INFO] WebApp:189 - Connection lost
2025-06-06 10:31:33,867 [INFO] WebApp:186 - Connection restablished
2025-06-06 10:32:37,125 [INFO] WebApp:189 - Connection lost
2025-06-06 10:32:39,724 [INFO] WebApp:186 - Connection restablished
2025-06-06 10:41:46,130 [INFO] WebApp:189 - Connection lost
2025-06-06 10:41:47,342 [INFO] WebApp:186 - Connection restablished
2025-06-06 10:42:05,396 [INFO] WebApp:189 - Connection lost
2025-06-06 10:42:06,598 [INFO] WebApp:186 - Connection restablished
2025-06-06 10:42:11,140 [INFO] WebApp:189 - Connection lost
2025-06-06 10:42:11,302 [INFO] WebApp:186 - Connection restablished
2025-06-06 10:50:25,990 [INFO] WebApp:189 - Connection lost
2025-06-06 10:50:29,268 [INFO] WebApp:186 - Connection restablished
2025-06-06 10:50:32,127 [INFO] WebApp:189 - Connection lost
2025-06-06 10:50:32,421 [INFO] WebApp:186 - Connection restablished
2025-06-06 10:52:18,641 [INFO] WebApp:189 - Connection lost
2025-06-06 10:52:18,888 [INFO] WebApp:186 - Connection restablished
2025-06-06 10:55:03,133 [INFO] WebApp:189 - Connection lost
2025-06-06 10:55:03,388 [INFO] WebApp:186 - Connection restablished
2025-06-06 10:55:32,821 [INFO] WebApp:189 - Connection lost
2025-06-06 10:55:39,722 [INFO] WebApp:186 - Connection restablished
2025-06-06 10:55:41,753 [INFO] WebApp:189 - Connection lost
2025-06-06 10:55:41,908 [INFO] WebApp:186 - Connection restablished
2025-06-06 11:33:07,313 [ERROR] LogOutputStream:75 - [STDERR_REDIRECT] 
2025-06-06 11:37:13,272 [INFO] Activator:176 - 


2025-06-06 11:37:13,275 [INFO] Activator:177 - !SESSION log4j initialized
2025-06-06 11:37:20,891 [INFO] LogOutputStream:77 - [STDOUT_REDIRECT] 
2025-06-06 11:37:23,762 [INFO] ApplicationProperties:184 - Using Application install path: C:\ST\STM32CubeIDE_1.16.1\STM32CubeIDE\plugins\com.st.stm32cube.common.mx_6.12.1.202409122256
2025-06-06 11:37:23,791 [INFO] DbMcusXml:78 - Set database path to: C:\ST\STM32CubeIDE_1.16.1\STM32CubeIDE\plugins\com.st.stm32cube.common.mx_6.12.1.202409122256\\db\/mcu/
2025-06-06 11:37:23,792 [INFO] ApiDb:274 - Set plugin database path to: C:\ST\STM32CubeIDE_1.16.1\STM32CubeIDE\plugins\com.st.stm32cube.common.mx_6.12.1.202409122256\\db\/plugins/boardmanager/
2025-06-06 11:37:23,793 [WARN] ApiDb:259 - Overriding images path with different value:  => C:\ST\STM32CubeIDE_1.16.1\STM32CubeIDE\plugins\com.st.stm32cube.common.mx_6.12.1.202409122256\\db\/plugins/mcufinder/images/
2025-06-06 11:37:23,804 [INFO] ApiDb:250 - Set database path to: C:\Users\kjeya\.stmcufinder\plugins\mcufinder//mcu/
2025-06-06 11:37:23,805 [INFO] DbMcusAds:125 - Set database path to: C:\Users\kjeya\.stmcufinder\plugins\mcufinder//mcu/
2025-06-06 11:37:23,813 [INFO] CrossReferenceDbSqlite:203 - Set database path to: C:\Users\kjeya\.stmcufinder\plugins\mcufinder//mcu/cs/
2025-06-06 11:37:23,959 [INFO] RulesReader:64 - Compatibility file has been processed (297 Rules)
2025-06-06 11:37:24,080 [INFO] DbMcusXml:78 - Set database path to: C:\ST\STM32CubeIDE_1.16.1\STM32CubeIDE\plugins\com.st.stm32cube.common.mx_6.12.1.202409122256\\db\/mcu/
2025-06-06 11:37:24,080 [INFO] ApiDb:274 - Set plugin database path to: C:\ST\STM32CubeIDE_1.16.1\STM32CubeIDE\plugins\com.st.stm32cube.common.mx_6.12.1.202409122256\\db\/plugins/boardmanager/
2025-06-06 11:37:24,080 [INFO] ApiDb:261 - Set plugin images path to: C:\ST\STM32CubeIDE_1.16.1\STM32CubeIDE\plugins\com.st.stm32cube.common.mx_6.12.1.202409122256\\db\/plugins/mcufinder/images/
2025-06-06 11:37:24,080 [WARN] DbFile:41 - Overriding database path with different value: C:\Users\kjeya\.stmcufinder\plugins\mcufinder/ => C:\Users\kjeya\.stmcufinder\plugins\mcufinder
2025-06-06 11:37:24,081 [INFO] ApiDb:250 - Set database path to: C:\Users\kjeya\.stmcufinder\plugins\mcufinder//mcu/
2025-06-06 11:37:24,081 [WARN] DbFile:41 - Overriding database path with different value: C:\Users\kjeya\.stmcufinder\plugins\mcufinder/ => C:\Users\kjeya\.stmcufinder\plugins\mcufinder
2025-06-06 11:37:24,081 [INFO] DbMcusAds:125 - Set database path to: C:\Users\kjeya\.stmcufinder\plugins\mcufinder//mcu/
2025-06-06 11:37:24,081 [WARN] DbFile:41 - Overriding database path with different value: C:\Users\kjeya\.stmcufinder\plugins\mcufinder/ => C:\Users\kjeya\.stmcufinder\plugins\mcufinder
2025-06-06 11:37:24,081 [WARN] DbFile:41 - Overriding database path with different value: C:\Users\kjeya\.stmcufinder\plugins\mcufinder/ => C:\Users\kjeya\.stmcufinder\plugins\mcufinder
2025-06-06 11:37:24,081 [INFO] CrossReferenceDbSqlite:203 - Set database path to: C:\Users\kjeya\.stmcufinder\plugins\mcufinder//mcu/cs/
2025-06-06 11:37:24,220 [INFO] MainPanel:268 - HeapMemory: 268435456
2025-06-06 11:37:24,365 [INFO] DbMcusXml:78 - Set database path to: C:\ST\STM32CubeIDE_1.16.1\STM32CubeIDE\plugins\com.st.stm32cube.common.mx_6.12.1.202409122256\\db\/mcu/
2025-06-06 11:37:24,365 [INFO] ApiDb:274 - Set plugin database path to: C:\ST\STM32CubeIDE_1.16.1\STM32CubeIDE\plugins\com.st.stm32cube.common.mx_6.12.1.202409122256\\db\/plugins/boardmanager/
2025-06-06 11:37:24,365 [INFO] ApiDb:261 - Set plugin images path to: C:\ST\STM32CubeIDE_1.16.1\STM32CubeIDE\plugins\com.st.stm32cube.common.mx_6.12.1.202409122256\\db\/plugins/mcufinder/images/
2025-06-06 11:37:24,365 [WARN] DbFile:41 - Overriding database path with different value: C:\Users\kjeya\.stmcufinder\plugins\mcufinder/ => C:\Users\kjeya\.stmcufinder\plugins\mcufinder
2025-06-06 11:37:24,366 [INFO] ApiDb:250 - Set database path to: C:\Users\kjeya\.stmcufinder\plugins\mcufinder//mcu/
2025-06-06 11:37:24,366 [WARN] DbFile:41 - Overriding database path with different value: C:\Users\kjeya\.stmcufinder\plugins\mcufinder/ => C:\Users\kjeya\.stmcufinder\plugins\mcufinder
2025-06-06 11:37:24,366 [INFO] DbMcusAds:125 - Set database path to: C:\Users\kjeya\.stmcufinder\plugins\mcufinder//mcu/
2025-06-06 11:37:24,366 [WARN] DbFile:41 - Overriding database path with different value: C:\Users\kjeya\.stmcufinder\plugins\mcufinder/ => C:\Users\kjeya\.stmcufinder\plugins\mcufinder
2025-06-06 11:37:24,366 [WARN] DbFile:41 - Overriding database path with different value: C:\Users\kjeya\.stmcufinder\plugins\mcufinder/ => C:\Users\kjeya\.stmcufinder\plugins\mcufinder
2025-06-06 11:37:24,367 [INFO] CrossReferenceDbSqlite:203 - Set database path to: C:\Users\kjeya\.stmcufinder\plugins\mcufinder//mcu/cs/
2025-06-06 11:37:24,394 [INFO] ApplicationProperties:184 - Using Application install path: C:\ST\STM32CubeIDE_1.16.1\STM32CubeIDE\plugins\com.st.stm32cube.common.mx_6.12.1.202409122256
2025-06-06 11:37:24,396 [INFO] PluginManage:196 - Search for loadable plugins [exclusion list=, ]
2025-06-06 11:37:24,399 [INFO] PluginManage:310 - Check plugin analytics
2025-06-06 11:37:24,706 [INFO] AnalyticsPlugin:253 - Accepted Software Licenses: STM32CubeMX.6.11.1,STM32CubeMX.6.13.0
2025-06-06 11:37:24,707 [INFO] AnalyticsPlugin:255 - Accepted CMSIS Pack Licenses: STMicroelectronics.X-CUBE-TOUCHGFX.4.24.0,WES.I-CUBE-Cesium.1.3.0,STMicroelectronics.X-CUBE-TOUCHGFX.4.24.2
2025-06-06 11:37:24,707 [INFO] AnalyticsPlugin:257 - Accepted Firmware Licenses: FW.F4.1.28.0,FW.L4.1.18.0,FW.WL.1.3.0,FW.H7.1.11.0,FW.H7.1.12.0
2025-06-06 11:37:24,713 [INFO] PluginManage:359 - Loaded plugin analytics (category:tool,tabindex:-1)
2025-06-06 11:37:24,714 [INFO] PluginManage:310 - Check plugin cadmodel
2025-06-06 11:37:24,721 [INFO] CADModel:105 - Init CAD model plugin
2025-06-06 11:37:24,721 [INFO] PluginManage:359 - Loaded plugin cadmodel (category:power,tabindex:5)
2025-06-06 11:37:24,722 [INFO] PluginManage:310 - Check plugin clock
2025-06-06 11:37:24,738 [INFO] PluginManage:359 - Loaded plugin clock (category:base,tabindex:2)
2025-06-06 11:37:24,738 [INFO] PluginManage:310 - Check plugin ddr
2025-06-06 11:37:24,743 [INFO] PluginManage:359 - Loaded plugin ddr (category:tool,tabindex:6)
2025-06-06 11:37:24,744 [INFO] PluginManage:310 - Check plugin filemanager
2025-06-06 11:37:24,960 [INFO] PluginManage:359 - Loaded plugin filemanager (category:base,tabindex:10)
2025-06-06 11:37:24,960 [INFO] PluginManage:310 - Check plugin ipmanager
2025-06-06 11:37:24,972 [INFO] PluginManage:359 - Loaded plugin ipmanager (category:base,tabindex:5)
2025-06-06 11:37:24,972 [INFO] PluginManage:310 - Check plugin lpbam
2025-06-06 11:37:24,985 [INFO] PluginManage:359 - Loaded plugin lpbam (category:base,tabindex:0)
2025-06-06 11:37:24,985 [INFO] PluginManage:310 - Check plugin memorymap
2025-06-06 11:37:25,003 [INFO] PluginManage:359 - Loaded plugin memorymap (category:base,tabindex:4)
2025-06-06 11:37:25,004 [INFO] PluginManage:310 - Check plugin pinoutandconfiguration
2025-06-06 11:37:25,011 [INFO] PluginManage:359 - Loaded plugin pinoutandconfiguration (category:base,tabindex:1)
2025-06-06 11:37:25,011 [INFO] PluginManage:310 - Check plugin pinoutconfig
2025-06-06 11:37:25,134 [WARN] SupportedApi:132 - Cannot load RTOS API schema: s4s-elt-must-match.1: The content of 'definitions' must match (annotation?, (simpleType | complexType)?, (unique | key | keyref)*)). A problem was found starting at: attribute.
2025-06-06 11:37:25,363 [INFO] PluginManage:359 - Loaded plugin pinoutconfig (category:base,tabindex:0)
2025-06-06 11:37:25,363 [INFO] PluginManage:310 - Check plugin power
2025-06-06 11:37:25,384 [INFO] PluginManage:359 - Loaded plugin power (category:power,tabindex:4)
2025-06-06 11:37:25,384 [INFO] PluginManage:310 - Check plugin projectmanager
2025-06-06 11:37:25,417 [INFO] PluginManage:359 - Loaded plugin projectmanager (category:projectmanager,tabindex:4)
2025-06-06 11:37:25,417 [INFO] PluginManage:310 - Check plugin rif
2025-06-06 11:37:25,426 [INFO] PluginManage:359 - Loaded plugin rif (category:base,tabindex:3)
2025-06-06 11:37:25,426 [INFO] PluginManage:310 - Check plugin thirdparty
2025-06-06 11:37:25,637 [INFO] PluginManage:359 - Loaded plugin thirdparty (category:base,tabindex:-1)
2025-06-06 11:37:25,637 [WARN] IntegrityCheckThread:84 - waiting for thirdparty lock release [integrity check]
2025-06-06 11:37:25,637 [INFO] PluginManage:310 - Check plugin tools
2025-06-06 11:37:25,638 [INFO] IntegrityCheckThread:86 - entering critical section [integrity check]
2025-06-06 11:37:25,640 [INFO] ThirdPartyUpdaterWithRetryManager:70 - Updater plugin not ready yet. [1/15]
2025-06-06 11:37:25,644 [INFO] PluginManage:359 - Loaded plugin tools (category:base,tabindex:7)
2025-06-06 11:37:25,644 [INFO] PluginManage:310 - Check plugin tutovideos
2025-06-06 11:37:25,885 [INFO] PluginManage:359 - Loaded plugin tutovideos (category:base,tabindex:-1)
2025-06-06 11:37:25,885 [INFO] PluginManage:310 - Check plugin updater
2025-06-06 11:37:25,911 [INFO] PluginManage:359 - Loaded plugin updater (category:base,tabindex:12)
2025-06-06 11:37:25,911 [INFO] PluginManage:310 - Check plugin userauth
2025-06-06 11:37:25,917 [INFO] UserAuth:113 - Init User Auth plugin
2025-06-06 11:37:25,917 [INFO] PluginManage:359 - Loaded plugin userauth (category:base,tabindex:14)
2025-06-06 11:37:25,918 [INFO] PluginManage:283 - PluginManage : Loaded plugins [18]
2025-06-06 11:37:26,273 [INFO] PinOutPanel:1561 - setPackage(No Configuration,No Configuration)
2025-06-06 11:37:26,398 [INFO] CADModel:165 - CPN selected for project level
2025-06-06 11:37:26,399 [INFO] CADModel:114 - Register for checkConnection events
2025-06-06 11:37:26,425 [INFO] IPUIPlugin:80 - create IPUIPlugin
2025-06-06 11:37:26,425 [INFO] PluginManager:220 - loadIPPluginJar : add adc
2025-06-06 11:37:26,429 [INFO] IPUIPlugin:80 - create IPUIPlugin
2025-06-06 11:37:26,429 [INFO] PluginManager:220 - loadIPPluginJar : add aes
2025-06-06 11:37:26,433 [INFO] IPUIPlugin:80 - create IPUIPlugin
2025-06-06 11:37:26,433 [INFO] PluginManager:220 - loadIPPluginJar : add can
2025-06-06 11:37:26,436 [INFO] IPUIPlugin:80 - create IPUIPlugin
2025-06-06 11:37:26,436 [INFO] PluginManager:220 - loadIPPluginJar : add comp
2025-06-06 11:37:26,439 [INFO] IPUIPlugin:80 - create IPUIPlugin
2025-06-06 11:37:26,439 [INFO] PluginManager:220 - loadIPPluginJar : add cryp
2025-06-06 11:37:26,444 [INFO] IPUIPlugin:80 - create IPUIPlugin
2025-06-06 11:37:26,444 [INFO] PluginManager:220 - loadIPPluginJar : add ddr_ctrl_phy
2025-06-06 11:37:26,447 [INFO] IPUIPlugin:80 - create IPUIPlugin
2025-06-06 11:37:26,447 [INFO] PluginManager:220 - loadIPPluginJar : add dfsdm
2025-06-06 11:37:26,455 [INFO] IPUIPlugin:80 - create IPUIPlugin
2025-06-06 11:37:26,455 [INFO] PluginManager:220 - loadIPPluginJar : add dma
2025-06-06 11:37:26,459 [INFO] IPUIPlugin:80 - create IPUIPlugin
2025-06-06 11:37:26,459 [INFO] PluginManager:220 - loadIPPluginJar : add dma3
2025-06-06 11:37:26,462 [INFO] IPUIPlugin:80 - create IPUIPlugin
2025-06-06 11:37:26,462 [INFO] PluginManager:220 - loadIPPluginJar : add extmemmanager
2025-06-06 11:37:26,465 [INFO] IPUIPlugin:80 - create IPUIPlugin
2025-06-06 11:37:26,465 [INFO] PluginManager:220 - loadIPPluginJar : add fatfs
2025-06-06 11:37:26,471 [INFO] IPUIPlugin:80 - create IPUIPlugin
2025-06-06 11:37:26,471 [INFO] PluginManager:220 - loadIPPluginJar : add fmc
2025-06-06 11:37:26,478 [INFO] IPUIPlugin:80 - create IPUIPlugin
2025-06-06 11:37:26,478 [INFO] PluginManager:220 - loadIPPluginJar : add freertos
2025-06-06 11:37:26,480 [INFO] IPUIPlugin:80 - create IPUIPlugin
2025-06-06 11:37:26,480 [INFO] PluginManager:220 - loadIPPluginJar : add genericplugin
2025-06-06 11:37:26,483 [INFO] IPUIPlugin:80 - create IPUIPlugin
2025-06-06 11:37:26,484 [INFO] PluginManager:220 - loadIPPluginJar : add gfxmmu
2025-06-06 11:37:26,490 [INFO] IPUIPlugin:80 - create IPUIPlugin
2025-06-06 11:37:26,490 [INFO] PluginManager:220 - loadIPPluginJar : add gic
2025-06-06 11:37:26,496 [INFO] IPUIPlugin:80 - create IPUIPlugin
2025-06-06 11:37:26,496 [INFO] PluginManager:220 - loadIPPluginJar : add gpio
2025-06-06 11:37:26,500 [INFO] IPUIPlugin:80 - create IPUIPlugin
2025-06-06 11:37:26,501 [INFO] PluginManager:220 - loadIPPluginJar : add gtzc
2025-06-06 11:37:26,504 [INFO] IPUIPlugin:80 - create IPUIPlugin
2025-06-06 11:37:26,504 [INFO] PluginManager:220 - loadIPPluginJar : add hash
2025-06-06 11:37:26,508 [INFO] IPUIPlugin:80 - create IPUIPlugin
2025-06-06 11:37:26,509 [INFO] PluginManager:220 - loadIPPluginJar : add i2c
2025-06-06 11:37:26,513 [INFO] IPUIPlugin:80 - create IPUIPlugin
2025-06-06 11:37:26,515 [INFO] PluginManager:220 - loadIPPluginJar : add i2s
2025-06-06 11:37:26,520 [INFO] IPUIPlugin:80 - create IPUIPlugin
2025-06-06 11:37:26,520 [INFO] PluginManager:220 - loadIPPluginJar : add i3c
2025-06-06 11:37:26,525 [INFO] IPUIPlugin:80 - create IPUIPlugin
2025-06-06 11:37:26,526 [INFO] PluginManager:220 - loadIPPluginJar : add ipddr
2025-06-06 11:37:26,539 [INFO] IPUIPlugin:80 - create IPUIPlugin
2025-06-06 11:37:26,539 [INFO] PluginManager:220 - loadIPPluginJar : add linkedlist
2025-06-06 11:37:26,543 [INFO] IPUIPlugin:80 - create IPUIPlugin
2025-06-06 11:37:26,543 [INFO] PluginManager:220 - loadIPPluginJar : add lorawan
2025-06-06 11:37:26,545 [INFO] IPUIPlugin:80 - create IPUIPlugin
2025-06-06 11:37:26,545 [INFO] PluginManager:220 - loadIPPluginJar : add ltdc
2025-06-06 11:37:26,553 [INFO] IPUIPlugin:80 - create IPUIPlugin
2025-06-06 11:37:26,553 [INFO] PluginManager:220 - loadIPPluginJar : add mdma
2025-06-06 11:37:26,558 [INFO] IPUIPlugin:80 - create IPUIPlugin
2025-06-06 11:37:26,559 [INFO] PluginManager:220 - loadIPPluginJar : add nvic
2025-06-06 11:37:26,563 [INFO] IPUIPlugin:80 - create IPUIPlugin
2025-06-06 11:37:26,563 [INFO] PluginManager:220 - loadIPPluginJar : add opamp
2025-06-06 11:37:26,568 [INFO] IPUIPlugin:80 - create IPUIPlugin
2025-06-06 11:37:26,569 [INFO] PluginManager:220 - loadIPPluginJar : add openamp
2025-06-06 11:37:26,573 [INFO] IPUIPlugin:80 - create IPUIPlugin
2025-06-06 11:37:26,573 [INFO] PluginManager:220 - loadIPPluginJar : add pdm2pcm
2025-06-06 11:37:26,582 [INFO] IPUIPlugin:80 - create IPUIPlugin
2025-06-06 11:37:26,586 [INFO] PluginManager:220 - loadIPPluginJar : add plateformsettings
2025-06-06 11:37:26,588 [INFO] IPUIPlugin:80 - create IPUIPlugin
2025-06-06 11:37:26,588 [INFO] PluginManager:220 - loadIPPluginJar : add quadspi
2025-06-06 11:37:26,591 [INFO] IPUIPlugin:80 - create IPUIPlugin
2025-06-06 11:37:26,593 [INFO] PluginManager:220 - loadIPPluginJar : add radio
2025-06-06 11:37:26,597 [INFO] IPUIPlugin:80 - create IPUIPlugin
2025-06-06 11:37:26,597 [INFO] PluginManager:220 - loadIPPluginJar : add resmgrutility
2025-06-06 11:37:26,603 [INFO] IPUIPlugin:80 - create IPUIPlugin
2025-06-06 11:37:26,603 [INFO] PluginManager:220 - loadIPPluginJar : add sai
2025-06-06 11:37:26,607 [INFO] IPUIPlugin:80 - create IPUIPlugin
2025-06-06 11:37:26,608 [INFO] PluginManager:220 - loadIPPluginJar : add spi
2025-06-06 11:37:26,617 [INFO] IPUIPlugin:80 - create IPUIPlugin
2025-06-06 11:37:26,617 [INFO] PluginManager:220 - loadIPPluginJar : add stm32_wpan
2025-06-06 11:37:26,620 [INFO] IPUIPlugin:80 - create IPUIPlugin
2025-06-06 11:37:26,620 [INFO] PluginManager:220 - loadIPPluginJar : add tim
2025-06-06 11:37:26,625 [INFO] IPUIPlugin:80 - create IPUIPlugin
2025-06-06 11:37:26,625 [INFO] PluginManager:220 - loadIPPluginJar : add touchsensing
2025-06-06 11:37:26,628 [INFO] IPUIPlugin:80 - create IPUIPlugin
2025-06-06 11:37:26,629 [INFO] PluginManager:220 - loadIPPluginJar : add tracer_emb
2025-06-06 11:37:26,631 [INFO] IPUIPlugin:80 - create IPUIPlugin
2025-06-06 11:37:26,631 [INFO] PluginManager:220 - loadIPPluginJar : add ts
2025-06-06 11:37:26,633 [INFO] IPUIPlugin:80 - create IPUIPlugin
2025-06-06 11:37:26,634 [INFO] PluginManager:220 - loadIPPluginJar : add tsc
2025-06-06 11:37:26,636 [INFO] IPUIPlugin:80 - create IPUIPlugin
2025-06-06 11:37:26,636 [INFO] PluginManager:220 - loadIPPluginJar : add ucpd
2025-06-06 11:37:26,641 [INFO] IPUIPlugin:80 - create IPUIPlugin
2025-06-06 11:37:26,641 [INFO] PluginManager:220 - loadIPPluginJar : add usart
2025-06-06 11:37:26,645 [INFO] IPUIPlugin:80 - create IPUIPlugin
2025-06-06 11:37:26,645 [INFO] PluginManager:220 - loadIPPluginJar : add usbx
2025-06-06 11:37:26,790 [INFO] CADModel:165 - CPN selected for project level
2025-06-06 11:37:26,790 [INFO] CADModel:114 - Register for checkConnection events
2025-06-06 11:37:26,791 [FATAL] Updater:334 - Updater called before beeing initialized
2025-06-06 11:37:26,791 [ERROR] CADModel:125 - Updater not yet initialized, retry later 
2025-06-06 11:37:26,990 [INFO] CADModel:165 - CPN selected for project level
2025-06-06 11:37:26,990 [INFO] CADModel:114 - Register for checkConnection events
2025-06-06 11:37:26,990 [FATAL] Updater:334 - Updater called before beeing initialized
2025-06-06 11:37:26,991 [ERROR] CADModel:125 - Updater not yet initialized, retry later 
2025-06-06 11:37:26,995 [FATAL] Updater:334 - Updater called before beeing initialized
2025-06-06 11:37:27,150 [FATAL] Updater:334 - Updater called before beeing initialized
2025-06-06 11:37:27,157 [INFO] DbMcusAds:53 - JSON generation date=Wed May 07 14:37:55 IST 2025 (1746608875484)
2025-06-06 11:37:27,158 [FATAL] Updater:334 - Updater called before beeing initialized
2025-06-06 11:37:27,208 [WARN] DetailPanel:346 - Failed to get advertising image, set to default
2025-06-06 11:37:27,317 [FATAL] Updater:334 - Updater called before beeing initialized
2025-06-06 11:37:27,319 [FATAL] Updater:334 - Updater called before beeing initialized
2025-06-06 11:37:27,319 [FATAL] Updater:334 - Updater called before beeing initialized
2025-06-06 11:37:27,319 [WARN] DetailPanel:346 - Failed to get advertising image, set to default
2025-06-06 11:37:27,321 [FATAL] Updater:334 - Updater called before beeing initialized
2025-06-06 11:37:27,435 [ERROR] Updater:1164 - MainUpdater not yet initialized. External WinMGr cannot be set.
2025-06-06 11:37:27,440 [INFO] Updater:1100 - Updater Version found : 6.12.1
2025-06-06 11:37:27,488 [INFO] ApplicationProperties:184 - Using Application install path: C:\ST\STM32CubeIDE_1.16.1\STM32CubeIDE\plugins\com.st.stm32cube.common.mx_6.12.1.202409122256
2025-06-06 11:37:28,641 [INFO] ThirdPartyUpdaterWithRetryManager:70 - Updater plugin not ready yet. [2/15]
2025-06-06 11:37:29,069 [ERROR] LogOutputStream:75 - [STDERR_REDIRECT] Jun 06, 2025 11:37:29 AM java.util.prefs.WindowsPreferences <init>
2025-06-06 11:37:29,071 [ERROR] LogOutputStream:75 - [STDERR_REDIRECT] WARNING: Could not open/create prefs root node Software\JavaSoft\Prefs at root 0xffffffff80000002. Windows RegCreateKeyEx(...) returned error code 5.
2025-06-06 11:37:29,072 [ERROR] LogOutputStream:75 - [STDERR_REDIRECT] 
2025-06-06 11:37:29,540 [INFO] MainUpdater:2873 - connection check result : 10
2025-06-06 11:37:29,541 [INFO] MainUpdater:290 - Updater Check For Update Now.
2025-06-06 11:37:29,541 [INFO] MicroXplorer:498 - Change Database Version : DB.6.0.121
2025-06-06 11:37:29,552 [INFO] McuFinderGlobals:63 - Set McuFinder mode to 2 (CubeIDE integrated)
2025-06-06 11:37:29,553 [INFO] UserAuth:417 - Internet connection configuration mode: 1
2025-06-06 11:37:29,593 [INFO] JxBrowserEngine:152 - Initiate JxBrowser Engine with user profile folder
2025-06-06 11:37:29,780 [INFO] CheckServerUpdateThread:120 - End of CheckServer Thread
2025-06-06 11:37:30,649 [INFO] WebApp:167 - Instantiating new browser for Auth
2025-06-06 11:37:31,885 [INFO] WebApp:448 - Apply proxy settings
2025-06-06 11:37:31,886 [INFO] WebApp:533 - Chromium requires no authentication
2025-06-06 11:37:31,903 [INFO] WebApp:476 - Direct internet connection detected
2025-06-06 11:37:31,962 [INFO] WebApp:869 - Register for checkConnection events
2025-06-06 11:37:31,963 [INFO] WebApp:448 - Apply proxy settings
2025-06-06 11:37:31,963 [INFO] WebApp:533 - Chromium requires no authentication
2025-06-06 11:37:31,965 [INFO] WebApp:476 - Direct internet connection detected
2025-06-06 11:37:32,266 [WARN] PackLoader:240 - Cannot read IP mode file for STMicroelectronics.FP-SNS-MOTENVWB1.1.4.0
2025-06-06 11:37:32,281 [WARN] PackLoader:240 - Cannot read IP mode file for STMicroelectronics.FP-ATR-ASTRA1.2.0.2
2025-06-06 11:37:32,290 [WARN] PackLoader:240 - Cannot read IP mode file for STMicroelectronics.FP-ATR-ASTRA1.2.0.1
2025-06-06 11:37:32,313 [WARN] PackLoader:240 - Cannot read IP mode file for STMicroelectronics.X-CUBE-SMBUS.2.1.0
2025-06-06 11:37:32,330 [WARN] PackLoader:240 - Cannot read IP mode file for STMicroelectronics.X-CUBE-WB05N.1.1.0
2025-06-06 11:37:32,330 [INFO] WebApp:220 - Starting web application
2025-06-06 11:37:32,331 [INFO] WebApp:578 - Web application path used C:\ST\STM32CubeIDE_1.16.1\STM32CubeIDE\plugins\com.st.stm32cube.common.mx_6.12.1.202409122256\db\plugins\mcufinder\reactClient1\index.html
2025-06-06 11:37:32,339 [ERROR] Engine:466 - C:\Users\kjeya\.stm32cubemx\thirdparties\pdsc\STMicroelectronics.X-CUBE-ST60.1.0.0.pdsc: PDSC version is not supported
2025-06-06 11:37:32,413 [WARN] PackLoader:240 - Cannot read IP mode file for STMicroelectronics.X-CUBE-AZRTOS-F7.1.1.0
2025-06-06 11:37:32,438 [WARN] PackLoader:240 - Cannot read IP mode file for STMicroelectronics.FP-SNS-FLIGHT1.5.0.2
2025-06-06 11:37:32,505 [WARN] PackLoader:240 - Cannot read IP mode file for Infineon.AIROC-Wi-Fi-Bluetooth-STM32.1.7.0
2025-06-06 11:37:32,537 [WARN] PackLoader:240 - Cannot read IP mode file for STMicroelectronics.X-CUBE-DISPLAY.3.0.0
2025-06-06 11:37:32,563 [WARN] PackLoader:240 - Cannot read IP mode file for STMicroelectronics.X-CUBE-BLE1.7.0.0
2025-06-06 11:37:32,580 [WARN] PackLoader:240 - Cannot read IP mode file for STMicroelectronics.X-CUBE-NFC10.1.0.0
2025-06-06 11:37:32,609 [WARN] PackLoader:240 - Cannot read IP mode file for STMicroelectronics.X-CUBE-BLEMGR.4.0.0
2025-06-06 11:37:32,630 [WARN] PackLoader:240 - Cannot read IP mode file for emotas.I-CUBE-CANOPEN.1.3.0
2025-06-06 11:37:32,641 [WARN] PackLoader:240 - Cannot read IP mode file for STMicroelectronics.X-CUBE-AI.10.0.0
2025-06-06 11:37:32,653 [WARN] PackLoader:240 - Cannot read IP mode file for STMicroelectronics.FP-SNS-SMARTAG2.1.2.0
2025-06-06 11:37:32,658 [ERROR] Engine:466 - C:\Users\kjeya\.stm32cubemx\thirdparties\pdsc\STMicroelectronics.FP-SNS-FLIGHT1.5.1.0.pdsc: PDSC version is not supported
2025-06-06 11:37:32,787 [WARN] PackLoader:240 - Cannot read IP mode file for STMicroelectronics.X-CUBE-MEMS1.11.1.0
2025-06-06 11:37:32,859 [INFO] UserAuth:417 - Internet connection configuration mode: 1
2025-06-06 11:37:33,136 [INFO] WebApp:186 - Connection restablished
2025-06-06 11:37:33,203 [INFO] LogOutputStream:77 - [STDOUT_REDIRECT] 1 : Invalid condition id : UX_CORESTACK_Condition cause : null
2025-06-06 11:37:33,206 [INFO] LogOutputStream:77 - [STDOUT_REDIRECT] 1 : Invalid condition id : UX_CORESTACK_Condition cause : null
2025-06-06 11:37:33,210 [INFO] LogOutputStream:77 - [STDOUT_REDIRECT] 1 : Invalid condition id : UX_CORESTACK_Condition cause : null
2025-06-06 11:37:33,213 [INFO] LogOutputStream:77 - [STDOUT_REDIRECT] 1 : Invalid condition id : UX_CORESTACK_Condition cause : null
2025-06-06 11:37:33,216 [INFO] LogOutputStream:77 - [STDOUT_REDIRECT] 1 : Invalid condition id : UX_CORESTACK_Condition cause : null
2025-06-06 11:37:33,223 [WARN] PackLoader:240 - Cannot read IP mode file for STMicroelectronics.X-CUBE-AZRTOS-WL.2.0.0
2025-06-06 11:37:33,237 [WARN] PackLoader:240 - Cannot read IP mode file for STMicroelectronics.FP-SNS-MOTENV1.5.0.0
2025-06-06 11:37:33,250 [WARN] PackLoader:240 - Cannot read IP mode file for wolfSSL.I-CUBE-wolfMQTT.1.19.0
2025-06-06 11:37:33,277 [WARN] PackLoader:240 - Cannot read IP mode file for WES.I-CUBE-Cesium.1.3.0
2025-06-06 11:37:33,469 [WARN] PackLoader:240 - Cannot read IP mode file for STMicroelectronics.X-CUBE-BLE2.3.3.0
2025-06-06 11:37:33,487 [WARN] PackLoader:240 - Cannot read IP mode file for STMicroelectronics.X-CUBE-NFC9.1.0.0
2025-06-06 11:37:33,500 [WARN] PackLoader:240 - Cannot read IP mode file for STMicroelectronics.X-CUBE-BLE1.7.1.0
2025-06-06 11:37:33,508 [WARN] PackLoader:240 - Cannot read IP mode file for STMicroelectronics.X-CUBE-AI.10.1.0
2025-06-06 11:37:33,670 [WARN] PackLoader:240 - Cannot read IP mode file for STMicroelectronics.X-CUBE-MEMS1.11.2.0
2025-06-06 11:37:34,004 [WARN] PackLoader:240 - Cannot read IP mode file for STMicroelectronics.X-CUBE-AZRTOS-G0.1.1.0
2025-06-06 11:37:34,022 [WARN] PackLoader:240 - Cannot read IP mode file for STMicroelectronics.X-CUBE-SAFEA1.1.2.2
2025-06-06 11:37:34,036 [WARN] PackLoader:240 - Cannot read IP mode file for STMicroelectronics.X-CUBE-NFC4.3.0.0
2025-06-06 11:37:34,064 [WARN] PackLoader:240 - Cannot read IP mode file for EmbeddedOffice.I-CUBE-FS-RTOS.1.0.1
2025-06-06 11:37:34,065 [ERROR] ConditionMgr:805 - Attr not supported : Dmpu
2025-06-06 11:37:34,066 [ERROR] ConditionMgr:805 - Attr not supported : Dmpu
2025-06-06 11:37:34,066 [ERROR] ConditionMgr:805 - Attr not supported : Dmpu
2025-06-06 11:37:34,066 [ERROR] ConditionMgr:805 - Attr not supported : Dmpu
2025-06-06 11:37:34,066 [ERROR] ConditionMgr:805 - Attr not supported : Dmpu
2025-06-06 11:37:34,066 [ERROR] ConditionMgr:805 - Attr not supported : Dmpu
2025-06-06 11:37:34,067 [ERROR] ConditionMgr:805 - Attr not supported : Dmpu
2025-06-06 11:37:34,067 [ERROR] ConditionMgr:805 - Attr not supported : Dmpu
2025-06-06 11:37:34,067 [ERROR] ConditionMgr:805 - Attr not supported : Dmpu
2025-06-06 11:37:34,067 [ERROR] ConditionMgr:805 - Attr not supported : Dmpu
2025-06-06 11:37:34,067 [ERROR] ConditionMgr:805 - Attr not supported : Dmpu
2025-06-06 11:37:34,067 [ERROR] ConditionMgr:805 - Attr not supported : Dmpu
2025-06-06 11:37:34,068 [ERROR] ConditionMgr:805 - Attr not supported : Dmpu
2025-06-06 11:37:34,068 [ERROR] ConditionMgr:805 - Attr not supported : Dmpu
2025-06-06 11:37:34,068 [ERROR] ConditionMgr:805 - Attr not supported : Dmpu
2025-06-06 11:37:34,068 [ERROR] ConditionMgr:805 - Attr not supported : Dmpu
2025-06-06 11:37:34,069 [ERROR] ConditionMgr:805 - Attr not supported : Dmpu
2025-06-06 11:37:34,069 [ERROR] ConditionMgr:805 - Attr not supported : Dmpu
2025-06-06 11:37:34,069 [ERROR] ConditionMgr:805 - Attr not supported : Dmpu
2025-06-06 11:37:34,069 [ERROR] ConditionMgr:805 - Attr not supported : Dmpu
2025-06-06 11:37:34,069 [ERROR] ConditionMgr:805 - Attr not supported : Dmpu
2025-06-06 11:37:34,069 [ERROR] ConditionMgr:805 - Attr not supported : Dmpu
2025-06-06 11:37:34,070 [ERROR] ConditionMgr:805 - Attr not supported : Dmpu
2025-06-06 11:37:34,070 [ERROR] ConditionMgr:805 - Attr not supported : Dmpu
2025-06-06 11:37:34,070 [ERROR] ConditionMgr:805 - Attr not supported : Dmpu
2025-06-06 11:37:34,070 [ERROR] ConditionMgr:805 - Attr not supported : Dmpu
2025-06-06 11:37:34,071 [ERROR] ConditionMgr:805 - Attr not supported : Dmpu
2025-06-06 11:37:34,071 [ERROR] ConditionMgr:805 - Attr not supported : Dmpu
2025-06-06 11:37:34,071 [ERROR] ConditionMgr:805 - Attr not supported : Dmpu
2025-06-06 11:37:34,071 [ERROR] ConditionMgr:805 - Attr not supported : Dmpu
2025-06-06 11:37:34,071 [ERROR] ConditionMgr:805 - Attr not supported : Dmpu
2025-06-06 11:37:34,071 [ERROR] ConditionMgr:805 - Attr not supported : Dmpu
2025-06-06 11:37:34,072 [ERROR] ConditionMgr:805 - Attr not supported : Dmpu
2025-06-06 11:37:34,072 [ERROR] ConditionMgr:805 - Attr not supported : Dmpu
2025-06-06 11:37:34,072 [ERROR] ConditionMgr:805 - Attr not supported : Dmpu
2025-06-06 11:37:34,072 [ERROR] ConditionMgr:805 - Attr not supported : Dmpu
2025-06-06 11:37:34,073 [ERROR] ConditionMgr:805 - Attr not supported : Dmpu
2025-06-06 11:37:34,073 [ERROR] ConditionMgr:805 - Attr not supported : Dmpu
2025-06-06 11:37:34,073 [ERROR] ConditionMgr:805 - Attr not supported : Dmpu
2025-06-06 11:37:34,073 [ERROR] ConditionMgr:805 - Attr not supported : Dmpu
2025-06-06 11:37:34,073 [ERROR] ConditionMgr:805 - Attr not supported : Dmpu
2025-06-06 11:37:34,074 [ERROR] ConditionMgr:805 - Attr not supported : Dmpu
2025-06-06 11:37:34,074 [ERROR] ConditionMgr:805 - Attr not supported : Dmpu
2025-06-06 11:37:34,074 [ERROR] ConditionMgr:805 - Attr not supported : Dmpu
2025-06-06 11:37:34,074 [ERROR] ConditionMgr:805 - Attr not supported : Dmpu
2025-06-06 11:37:34,074 [ERROR] ConditionMgr:805 - Attr not supported : Dmpu
2025-06-06 11:37:34,074 [ERROR] ConditionMgr:805 - Attr not supported : Dmpu
2025-06-06 11:37:34,075 [ERROR] ConditionMgr:805 - Attr not supported : Dmpu
2025-06-06 11:37:34,075 [ERROR] ConditionMgr:805 - Attr not supported : Dmpu
2025-06-06 11:37:34,075 [ERROR] ConditionMgr:805 - Attr not supported : Dmpu
2025-06-06 11:37:34,075 [ERROR] ConditionMgr:805 - Attr not supported : Dmpu
2025-06-06 11:37:34,076 [ERROR] ConditionMgr:805 - Attr not supported : Dmpu
2025-06-06 11:37:34,076 [ERROR] ConditionMgr:805 - Attr not supported : Dmpu
2025-06-06 11:37:34,076 [ERROR] ConditionMgr:805 - Attr not supported : Dmpu
2025-06-06 11:37:34,076 [ERROR] ConditionMgr:805 - Attr not supported : Dmpu
2025-06-06 11:37:34,076 [ERROR] ConditionMgr:805 - Attr not supported : Dmpu
2025-06-06 11:37:34,076 [ERROR] ConditionMgr:805 - Attr not supported : Dmpu
2025-06-06 11:37:34,077 [ERROR] ConditionMgr:805 - Attr not supported : Dmpu
2025-06-06 11:37:34,077 [ERROR] ConditionMgr:805 - Attr not supported : Dmpu
2025-06-06 11:37:34,077 [ERROR] ConditionMgr:805 - Attr not supported : Dmpu
2025-06-06 11:37:34,077 [ERROR] ConditionMgr:805 - Attr not supported : Dmpu
2025-06-06 11:37:34,077 [ERROR] ConditionMgr:805 - Attr not supported : Dmpu
2025-06-06 11:37:34,078 [ERROR] ConditionMgr:805 - Attr not supported : Dmpu
2025-06-06 11:37:34,078 [ERROR] ConditionMgr:805 - Attr not supported : Dmpu
2025-06-06 11:37:34,088 [WARN] PackLoader:240 - Cannot read IP mode file for STMicroelectronics.X-CUBE-WB05N.2.0.0
2025-06-06 11:37:34,097 [ERROR] Engine:466 - C:\Users\kjeya\.stm32cubemx\thirdparties\pdsc\STMicroelectronics.X-CUBE-TCPP.4.2.0.pdsc: PDSC version is not supported
2025-06-06 11:37:34,114 [WARN] PackLoader:240 - Cannot read IP mode file for RealThread.X-CUBE-RT-Thread_Nano.4.1.1
2025-06-06 11:37:34,124 [WARN] PackLoader:240 - Cannot read IP mode file for STMicroelectronics.FP-ATR-SIGFOX1.3.2.0
2025-06-06 11:37:34,139 [WARN] ConditionMgr:438 - getConditionDescription Invalid condition id : Cortex-A Device cause : null
2025-06-06 11:37:34,187 [WARN] ConditionMgr:1039 - genDependencies : Invalid condition id : Cortex-A Device cause : null
2025-06-06 11:37:34,188 [WARN] ConditionMgr:1039 - genDependencies : Invalid condition id : Cortex-A Device cause : null
2025-06-06 11:37:34,189 [WARN] ConditionMgr:1039 - genDependencies : Invalid condition id : Cortex-A Device cause : null
2025-06-06 11:37:34,205 [WARN] PackLoader:240 - Cannot read IP mode file for STMicroelectronics.X-CUBE-EEPRMA1.5.1.0
2025-06-06 11:37:34,217 [WARN] PackLoader:240 - Cannot read IP mode file for wolfSSL.I-CUBE-wolfSSL.5.7.4
2025-06-06 11:37:34,244 [WARN] PackLoader:240 - Cannot read IP mode file for ITTIA_DB.I-CUBE-ITTIADB.8.9.0
2025-06-06 11:37:34,309 [WARN] PackLoader:240 - Cannot read IP mode file for SEGGER.I-CUBE-embOS.1.3.1
2025-06-06 11:37:34,388 [WARN] PackLoader:240 - Cannot read IP mode file for STMicroelectronics.X-CUBE-ALGOBUILD.1.4.0
2025-06-06 11:37:34,398 [WARN] PackLoader:240 - Cannot read IP mode file for STMicroelectronics.X-CUBE-AI.9.1.0
2025-06-06 11:37:34,429 [WARN] PackLoader:240 - Cannot read IP mode file for STMicroelectronics.X-CUBE-AZRTOS-F4.1.1.0
2025-06-06 11:37:34,438 [ERROR] Engine:466 - C:\Users\kjeya\.stm32cubemx\thirdparties\pdsc\Avnet-IotConnect.X-CUBE-IoTC-DA16k-PMOD.1.0.0.pdsc: PDSC version is not supported
2025-06-06 11:37:34,448 [WARN] PackLoader:240 - Cannot read IP mode file for STMicroelectronics.X-CUBE-ISPU.2.1.0
2025-06-06 11:37:34,482 [WARN] PackLoader:240 - Cannot read IP mode file for STMicroelectronics.X-CUBE-AZRTOS-L5.2.0.0
2025-06-06 11:37:34,502 [WARN] PackLoader:240 - Cannot read IP mode file for STMicroelectronics.X-CUBE-NFC6.3.1.0
2025-06-06 11:37:34,519 [WARN] PackLoader:240 - Cannot read IP mode file for STMicroelectronics.X-CUBE-DPower.1.2.0
2025-06-06 11:37:34,531 [WARN] PackLoader:240 - Cannot read IP mode file for STMicroelectronics.X-CUBE-FREERTOS.1.3.1
2025-06-06 11:37:34,541 [WARN] PackLoader:240 - Cannot read IP mode file for STMicroelectronics.X-CUBE-FREERTOS.1.3.0
2025-06-06 11:37:34,553 [WARN] PackLoader:240 - Cannot read IP mode file for STMicroelectronics.X-CUBE-NFC7.1.0.1
2025-06-06 11:37:34,565 [WARN] PackLoader:240 - Cannot read IP mode file for STMicroelectronics.X-CUBE-DPower.1.3.0
2025-06-06 11:37:34,604 [WARN] ConditionMgr:438 - getConditionDescription Invalid condition id : LAN8742 Phy interface Condition cause : null
2025-06-06 11:37:34,612 [WARN] PackLoader:240 - Cannot read IP mode file for STMicroelectronics.X-CUBE-AZRTOS-L4.2.0.0
2025-06-06 11:37:34,614 [WARN] ConditionMgr:1039 - genDependencies : Invalid condition id : LAN8742 Phy interface Condition cause : null
2025-06-06 11:37:34,615 [WARN] ConditionMgr:1039 - genDependencies : Invalid condition id : LAN8742 Phy interface Condition cause : null
2025-06-06 11:37:34,616 [WARN] ConditionMgr:1039 - genDependencies : Invalid condition id : LAN8742 Phy interface Condition cause : null
2025-06-06 11:37:34,640 [WARN] PackLoader:240 - Cannot read IP mode file for STMicroelectronics.X-CUBE-SFXS2LP1.4.0.0
2025-06-06 11:37:34,695 [WARN] PackLoader:240 - Cannot read IP mode file for STMicroelectronics.X-CUBE-AZRTOS-H7.3.3.0
2025-06-06 11:37:34,727 [WARN] PackLoader:240 - Cannot read IP mode file for STMicroelectronics.X-CUBE-IPS.3.0.0
2025-06-06 11:37:34,763 [WARN] ConditionMgr:438 - getConditionDescription Invalid condition id : UX DEVICE CLASS RTOS Condition cause : null
2025-06-06 11:37:34,763 [WARN] ConditionMgr:438 - getConditionDescription Invalid condition id : UX DEVICE CLASS RTOS Condition cause : null
2025-06-06 11:37:34,769 [WARN] PackLoader:240 - Cannot read IP mode file for STMicroelectronics.X-CUBE-AZRTOS-WB.2.0.0
2025-06-06 11:37:34,770 [WARN] ConditionMgr:1039 - genDependencies : Invalid condition id : UX DEVICE CLASS RTOS Condition cause : null
2025-06-06 11:37:34,771 [WARN] ConditionMgr:1039 - genDependencies : Invalid condition id : UX DEVICE CLASS RTOS Condition cause : null
2025-06-06 11:37:34,772 [WARN] ConditionMgr:1039 - genDependencies : Invalid condition id : UX DEVICE CLASS RTOS Condition cause : null
2025-06-06 11:37:34,773 [WARN] ConditionMgr:1039 - genDependencies : Invalid condition id : UX DEVICE CLASS RTOS Condition cause : null
2025-06-06 11:37:34,773 [WARN] ConditionMgr:1039 - genDependencies : Invalid condition id : UX DEVICE CLASS RTOS Condition cause : null
2025-06-06 11:37:34,786 [WARN] PackLoader:240 - Cannot read IP mode file for STMicroelectronics.X-CUBE-GNSS1.7.0.1
2025-06-06 11:37:34,803 [WARN] PackLoader:240 - Cannot read IP mode file for STMicroelectronics.X-CUBE-TOUCHGFX.4.25.0
2025-06-06 11:37:34,819 [WARN] PackLoader:240 - Cannot read IP mode file for STMicroelectronics.FP-SNS-STBOX1.2.0.0
2025-06-06 11:37:34,845 [WARN] PackLoader:240 - Cannot read IP mode file for STMicroelectronics.X-CUBE-SUBG2.5.0.0
2025-06-06 11:37:34,898 [WARN] PackLoader:240 - Cannot read IP mode file for STMicroelectronics.X-CUBE-AZRTOS-H7RS.1.1.0
2025-06-06 11:37:34,913 [WARN] PackLoader:240 - Cannot read IP mode file for Cesanta.I-CUBE-Mongoose.7.13.0
2025-06-06 11:37:34,948 [WARN] PackLoader:240 - Cannot read IP mode file for STMicroelectronics.X-CUBE-AZRTOS-G4.2.0.0
2025-06-06 11:37:34,962 [WARN] PackLoader:240 - Cannot read IP mode file for STMicroelectronics.X-CUBE-NFC7.2.0.0
2025-06-06 11:37:34,972 [ERROR] Engine:466 - C:\Users\kjeya\.stm32cubemx\thirdparties\pdsc\STMicroelectronics.X-CUBE-IPS.3.1.0.pdsc: PDSC version is not supported
2025-06-06 11:37:34,982 [WARN] PackLoader:240 - Cannot read IP mode file for STMicroelectronics.X-CUBE-ALS.1.0.2
2025-06-06 11:37:34,991 [WARN] PackLoader:240 - Cannot read IP mode file for STMicroelectronics.X-CUBE-TOUCHGFX.4.24.0
2025-06-06 11:37:35,102 [WARN] PackLoader:240 - Cannot read IP mode file for STMicroelectronics.X-CUBE-TOUCHGFX.4.24.2
2025-06-06 11:37:35,185 [WARN] PackLoader:240 - Cannot read IP mode file for STMicroelectronics.X-CUBE-TOUCHGFX.4.24.1
2025-06-06 11:37:35,193 [WARN] PackLoader:240 - Cannot read IP mode file for wolfSSL.I-CUBE-wolfTPM.3.4.0
2025-06-06 11:37:35,207 [WARN] PackLoader:240 - Cannot read IP mode file for portGmbH.I-Cube-SoM-uGOAL.1.1.0
2025-06-06 11:37:35,242 [WARN] PackLoader:240 - Cannot read IP mode file for STMicroelectronics.X-CUBE-AZRTOS-H7RS.1.0.0
2025-06-06 11:37:35,269 [WARN] PackLoader:240 - Cannot read IP mode file for STMicroelectronics.X-CUBE-TOF1.3.4.2
2025-06-06 11:37:35,304 [ERROR] Engine:466 - C:\Users\kjeya\.stm32cubemx\thirdparties\pdsc\STMicroelectronics.X-CUBE-TOF1.3.4.3.pdsc: PDSC version is not supported
2025-06-06 11:37:35,312 [WARN] PackLoader:240 - Cannot read IP mode file for wolfSSL.I-CUBE-wolfSSH.1.4.17
2025-06-06 11:37:35,313 [INFO] ThirdParty:978 - Integrity check success = true
2025-06-06 11:37:35,313 [INFO] IntegrityCheckThread:100 - exiting critical section [integrity check]
2025-06-06 11:37:35,314 [INFO] IntegrityCheckThread:103 - End integrity checks thread
2025-06-06 18:30:09,235 [ERROR] LogOutputStream:75 - [STDERR_REDIRECT] 
