2025-05-26 21:41:24,530 [INFO] Activator:176 - 


2025-05-26 21:41:24,543 [INFO] Activator:177 - !SESSION log4j initialized
2025-05-26 21:41:37,135 [INFO] LogOutputStream:77 - [STDOUT_REDIRECT] 
2025-05-26 21:41:41,541 [INFO] ApplicationProperties:184 - Using Application install path: C:\ST\STM32CubeIDE_1.16.1\STM32CubeIDE\plugins\com.st.stm32cube.common.mx_6.12.1.202409122256
2025-05-26 21:41:41,575 [INFO] DbMcusXml:78 - Set database path to: C:\ST\STM32CubeIDE_1.16.1\STM32CubeIDE\plugins\com.st.stm32cube.common.mx_6.12.1.202409122256\\db\/mcu/
2025-05-26 21:41:41,575 [INFO] ApiDb:274 - Set plugin database path to: C:\ST\STM32CubeIDE_1.16.1\STM32CubeIDE\plugins\com.st.stm32cube.common.mx_6.12.1.202409122256\\db\/plugins/boardmanager/
2025-05-26 21:41:41,577 [WARN] ApiDb:259 - Overriding images path with different value:  => C:\ST\STM32CubeIDE_1.16.1\STM32CubeIDE\plugins\com.st.stm32cube.common.mx_6.12.1.202409122256\\db\/plugins/mcufinder/images/
2025-05-26 21:41:41,608 [INFO] ApiDb:250 - Set database path to: C:\Users\kjeya\.stmcufinder\plugins\mcufinder//mcu/
2025-05-26 21:41:41,610 [INFO] DbMcusAds:125 - Set database path to: C:\Users\kjeya\.stmcufinder\plugins\mcufinder//mcu/
2025-05-26 21:41:41,614 [INFO] CrossReferenceDbSqlite:203 - Set database path to: C:\Users\kjeya\.stmcufinder\plugins\mcufinder//mcu/cs/
2025-05-26 21:41:41,814 [INFO] RulesReader:64 - Compatibility file has been processed (297 Rules)
2025-05-26 21:41:41,998 [INFO] DbMcusXml:78 - Set database path to: C:\ST\STM32CubeIDE_1.16.1\STM32CubeIDE\plugins\com.st.stm32cube.common.mx_6.12.1.202409122256\\db\/mcu/
2025-05-26 21:41:41,998 [INFO] ApiDb:274 - Set plugin database path to: C:\ST\STM32CubeIDE_1.16.1\STM32CubeIDE\plugins\com.st.stm32cube.common.mx_6.12.1.202409122256\\db\/plugins/boardmanager/
2025-05-26 21:41:41,999 [INFO] ApiDb:261 - Set plugin images path to: C:\ST\STM32CubeIDE_1.16.1\STM32CubeIDE\plugins\com.st.stm32cube.common.mx_6.12.1.202409122256\\db\/plugins/mcufinder/images/
2025-05-26 21:41:41,999 [WARN] DbFile:41 - Overriding database path with different value: C:\Users\kjeya\.stmcufinder\plugins\mcufinder/ => C:\Users\kjeya\.stmcufinder\plugins\mcufinder
2025-05-26 21:41:41,999 [INFO] ApiDb:250 - Set database path to: C:\Users\kjeya\.stmcufinder\plugins\mcufinder//mcu/
2025-05-26 21:41:41,999 [WARN] DbFile:41 - Overriding database path with different value: C:\Users\kjeya\.stmcufinder\plugins\mcufinder/ => C:\Users\kjeya\.stmcufinder\plugins\mcufinder
2025-05-26 21:41:41,999 [INFO] DbMcusAds:125 - Set database path to: C:\Users\kjeya\.stmcufinder\plugins\mcufinder//mcu/
2025-05-26 21:41:42,000 [WARN] DbFile:41 - Overriding database path with different value: C:\Users\kjeya\.stmcufinder\plugins\mcufinder/ => C:\Users\kjeya\.stmcufinder\plugins\mcufinder
2025-05-26 21:41:42,000 [WARN] DbFile:41 - Overriding database path with different value: C:\Users\kjeya\.stmcufinder\plugins\mcufinder/ => C:\Users\kjeya\.stmcufinder\plugins\mcufinder
2025-05-26 21:41:42,000 [INFO] CrossReferenceDbSqlite:203 - Set database path to: C:\Users\kjeya\.stmcufinder\plugins\mcufinder//mcu/cs/
2025-05-26 21:41:42,172 [INFO] MainPanel:268 - HeapMemory: 268435456
2025-05-26 21:41:42,387 [INFO] DbMcusXml:78 - Set database path to: C:\ST\STM32CubeIDE_1.16.1\STM32CubeIDE\plugins\com.st.stm32cube.common.mx_6.12.1.202409122256\\db\/mcu/
2025-05-26 21:41:42,387 [INFO] ApiDb:274 - Set plugin database path to: C:\ST\STM32CubeIDE_1.16.1\STM32CubeIDE\plugins\com.st.stm32cube.common.mx_6.12.1.202409122256\\db\/plugins/boardmanager/
2025-05-26 21:41:42,388 [INFO] ApiDb:261 - Set plugin images path to: C:\ST\STM32CubeIDE_1.16.1\STM32CubeIDE\plugins\com.st.stm32cube.common.mx_6.12.1.202409122256\\db\/plugins/mcufinder/images/
2025-05-26 21:41:42,389 [WARN] DbFile:41 - Overriding database path with different value: C:\Users\kjeya\.stmcufinder\plugins\mcufinder/ => C:\Users\kjeya\.stmcufinder\plugins\mcufinder
2025-05-26 21:41:42,389 [INFO] ApiDb:250 - Set database path to: C:\Users\kjeya\.stmcufinder\plugins\mcufinder//mcu/
2025-05-26 21:41:42,389 [WARN] DbFile:41 - Overriding database path with different value: C:\Users\kjeya\.stmcufinder\plugins\mcufinder/ => C:\Users\kjeya\.stmcufinder\plugins\mcufinder
2025-05-26 21:41:42,389 [INFO] DbMcusAds:125 - Set database path to: C:\Users\kjeya\.stmcufinder\plugins\mcufinder//mcu/
2025-05-26 21:41:42,389 [WARN] DbFile:41 - Overriding database path with different value: C:\Users\kjeya\.stmcufinder\plugins\mcufinder/ => C:\Users\kjeya\.stmcufinder\plugins\mcufinder
2025-05-26 21:41:42,390 [WARN] DbFile:41 - Overriding database path with different value: C:\Users\kjeya\.stmcufinder\plugins\mcufinder/ => C:\Users\kjeya\.stmcufinder\plugins\mcufinder
2025-05-26 21:41:42,390 [INFO] CrossReferenceDbSqlite:203 - Set database path to: C:\Users\kjeya\.stmcufinder\plugins\mcufinder//mcu/cs/
2025-05-26 21:41:42,425 [INFO] ApplicationProperties:184 - Using Application install path: C:\ST\STM32CubeIDE_1.16.1\STM32CubeIDE\plugins\com.st.stm32cube.common.mx_6.12.1.202409122256
2025-05-26 21:41:42,428 [INFO] PluginManage:196 - Search for loadable plugins [exclusion list=, ]
2025-05-26 21:41:42,431 [INFO] PluginManage:310 - Check plugin analytics
2025-05-26 21:41:42,845 [INFO] AnalyticsPlugin:253 - Accepted Software Licenses: STM32CubeMX.6.11.1,STM32CubeMX.6.13.0
2025-05-26 21:41:42,846 [INFO] AnalyticsPlugin:255 - Accepted CMSIS Pack Licenses: STMicroelectronics.X-CUBE-TOUCHGFX.4.24.0,WES.I-CUBE-Cesium.1.3.0,STMicroelectronics.X-CUBE-TOUCHGFX.4.24.2
2025-05-26 21:41:42,846 [INFO] AnalyticsPlugin:257 - Accepted Firmware Licenses: FW.F4.1.28.0,FW.L4.1.18.0,FW.WL.1.3.0,FW.H7.1.11.0,FW.H7.1.12.0
2025-05-26 21:41:42,853 [INFO] PluginManage:359 - Loaded plugin analytics (category:tool,tabindex:-1)
2025-05-26 21:41:42,854 [INFO] PluginManage:310 - Check plugin cadmodel
2025-05-26 21:41:42,892 [INFO] CADModel:105 - Init CAD model plugin
2025-05-26 21:41:42,892 [INFO] PluginManage:359 - Loaded plugin cadmodel (category:power,tabindex:5)
2025-05-26 21:41:42,892 [INFO] PluginManage:310 - Check plugin clock
2025-05-26 21:41:42,931 [INFO] PluginManage:359 - Loaded plugin clock (category:base,tabindex:2)
2025-05-26 21:41:42,932 [INFO] PluginManage:310 - Check plugin ddr
2025-05-26 21:41:42,938 [INFO] PluginManage:359 - Loaded plugin ddr (category:tool,tabindex:6)
2025-05-26 21:41:42,939 [INFO] PluginManage:310 - Check plugin filemanager
2025-05-26 21:41:43,209 [INFO] PluginManage:359 - Loaded plugin filemanager (category:base,tabindex:10)
2025-05-26 21:41:43,209 [INFO] PluginManage:310 - Check plugin ipmanager
2025-05-26 21:41:43,225 [INFO] PluginManage:359 - Loaded plugin ipmanager (category:base,tabindex:5)
2025-05-26 21:41:43,225 [INFO] PluginManage:310 - Check plugin lpbam
2025-05-26 21:41:43,262 [INFO] PluginManage:359 - Loaded plugin lpbam (category:base,tabindex:0)
2025-05-26 21:41:43,262 [INFO] PluginManage:310 - Check plugin memorymap
2025-05-26 21:41:43,302 [INFO] PluginManage:359 - Loaded plugin memorymap (category:base,tabindex:4)
2025-05-26 21:41:43,302 [INFO] PluginManage:310 - Check plugin pinoutandconfiguration
2025-05-26 21:41:43,336 [INFO] PluginManage:359 - Loaded plugin pinoutandconfiguration (category:base,tabindex:1)
2025-05-26 21:41:43,336 [INFO] PluginManage:310 - Check plugin pinoutconfig
2025-05-26 21:41:43,506 [WARN] SupportedApi:132 - Cannot load RTOS API schema: s4s-elt-must-match.1: The content of 'definitions' must match (annotation?, (simpleType | complexType)?, (unique | key | keyref)*)). A problem was found starting at: attribute.
2025-05-26 21:41:43,774 [INFO] PluginManage:359 - Loaded plugin pinoutconfig (category:base,tabindex:0)
2025-05-26 21:41:43,775 [INFO] PluginManage:310 - Check plugin power
2025-05-26 21:41:43,817 [INFO] PluginManage:359 - Loaded plugin power (category:power,tabindex:4)
2025-05-26 21:41:43,817 [INFO] PluginManage:310 - Check plugin projectmanager
2025-05-26 21:41:43,847 [INFO] PluginManage:359 - Loaded plugin projectmanager (category:projectmanager,tabindex:4)
2025-05-26 21:41:43,847 [INFO] PluginManage:310 - Check plugin rif
2025-05-26 21:41:43,879 [INFO] PluginManage:359 - Loaded plugin rif (category:base,tabindex:3)
2025-05-26 21:41:43,880 [INFO] PluginManage:310 - Check plugin thirdparty
2025-05-26 21:41:44,461 [INFO] PluginManage:359 - Loaded plugin thirdparty (category:base,tabindex:-1)
2025-05-26 21:41:44,461 [WARN] IntegrityCheckThread:84 - waiting for thirdparty lock release [integrity check]
2025-05-26 21:41:44,462 [INFO] PluginManage:310 - Check plugin tools
2025-05-26 21:41:44,462 [INFO] IntegrityCheckThread:86 - entering critical section [integrity check]
2025-05-26 21:41:44,463 [INFO] ThirdPartyUpdaterWithRetryManager:70 - Updater plugin not ready yet. [1/15]
2025-05-26 21:41:44,550 [INFO] PluginManage:359 - Loaded plugin tools (category:base,tabindex:7)
2025-05-26 21:41:44,550 [INFO] PluginManage:310 - Check plugin tutovideos
2025-05-26 21:41:44,877 [INFO] PluginManage:359 - Loaded plugin tutovideos (category:base,tabindex:-1)
2025-05-26 21:41:44,878 [INFO] PluginManage:310 - Check plugin updater
2025-05-26 21:41:44,907 [INFO] PluginManage:359 - Loaded plugin updater (category:base,tabindex:12)
2025-05-26 21:41:44,907 [INFO] PluginManage:310 - Check plugin userauth
2025-05-26 21:41:44,918 [INFO] UserAuth:113 - Init User Auth plugin
2025-05-26 21:41:44,918 [INFO] PluginManage:359 - Loaded plugin userauth (category:base,tabindex:14)
2025-05-26 21:41:44,919 [INFO] PluginManage:283 - PluginManage : Loaded plugins [18]
2025-05-26 21:41:45,312 [INFO] PinOutPanel:1561 - setPackage(No Configuration,No Configuration)
2025-05-26 21:41:45,470 [INFO] CADModel:165 - CPN selected for project level
2025-05-26 21:41:45,470 [INFO] CADModel:114 - Register for checkConnection events
2025-05-26 21:41:45,519 [INFO] IPUIPlugin:80 - create IPUIPlugin
2025-05-26 21:41:45,520 [INFO] PluginManager:220 - loadIPPluginJar : add adc
2025-05-26 21:41:45,591 [INFO] IPUIPlugin:80 - create IPUIPlugin
2025-05-26 21:41:45,591 [INFO] PluginManager:220 - loadIPPluginJar : add aes
2025-05-26 21:41:45,677 [INFO] IPUIPlugin:80 - create IPUIPlugin
2025-05-26 21:41:45,677 [INFO] PluginManager:220 - loadIPPluginJar : add can
2025-05-26 21:41:45,736 [INFO] IPUIPlugin:80 - create IPUIPlugin
2025-05-26 21:41:45,737 [INFO] PluginManager:220 - loadIPPluginJar : add comp
2025-05-26 21:41:45,812 [INFO] IPUIPlugin:80 - create IPUIPlugin
2025-05-26 21:41:45,812 [INFO] PluginManager:220 - loadIPPluginJar : add cryp
2025-05-26 21:41:45,839 [INFO] IPUIPlugin:80 - create IPUIPlugin
2025-05-26 21:41:45,839 [INFO] PluginManager:220 - loadIPPluginJar : add ddr_ctrl_phy
2025-05-26 21:41:45,908 [INFO] IPUIPlugin:80 - create IPUIPlugin
2025-05-26 21:41:45,908 [INFO] PluginManager:220 - loadIPPluginJar : add dfsdm
2025-05-26 21:41:45,938 [INFO] IPUIPlugin:80 - create IPUIPlugin
2025-05-26 21:41:45,939 [INFO] PluginManager:220 - loadIPPluginJar : add dma
2025-05-26 21:41:46,034 [INFO] IPUIPlugin:80 - create IPUIPlugin
2025-05-26 21:41:46,035 [INFO] PluginManager:220 - loadIPPluginJar : add dma3
2025-05-26 21:41:46,124 [INFO] IPUIPlugin:80 - create IPUIPlugin
2025-05-26 21:41:46,124 [INFO] PluginManager:220 - loadIPPluginJar : add extmemmanager
2025-05-26 21:41:46,168 [INFO] IPUIPlugin:80 - create IPUIPlugin
2025-05-26 21:41:46,168 [INFO] PluginManager:220 - loadIPPluginJar : add fatfs
2025-05-26 21:41:46,279 [INFO] IPUIPlugin:80 - create IPUIPlugin
2025-05-26 21:41:46,279 [INFO] PluginManager:220 - loadIPPluginJar : add fmc
2025-05-26 21:41:46,314 [INFO] IPUIPlugin:80 - create IPUIPlugin
2025-05-26 21:41:46,314 [INFO] PluginManager:220 - loadIPPluginJar : add freertos
2025-05-26 21:41:46,375 [INFO] IPUIPlugin:80 - create IPUIPlugin
2025-05-26 21:41:46,375 [INFO] PluginManager:220 - loadIPPluginJar : add genericplugin
2025-05-26 21:41:46,575 [INFO] IPUIPlugin:80 - create IPUIPlugin
2025-05-26 21:41:46,575 [INFO] PluginManager:220 - loadIPPluginJar : add gfxmmu
2025-05-26 21:41:46,870 [INFO] IPUIPlugin:80 - create IPUIPlugin
2025-05-26 21:41:46,870 [INFO] PluginManager:220 - loadIPPluginJar : add gic
2025-05-26 21:41:46,905 [INFO] IPUIPlugin:80 - create IPUIPlugin
2025-05-26 21:41:46,905 [INFO] PluginManager:220 - loadIPPluginJar : add gpio
2025-05-26 21:41:47,159 [INFO] IPUIPlugin:80 - create IPUIPlugin
2025-05-26 21:41:47,159 [INFO] PluginManager:220 - loadIPPluginJar : add gtzc
2025-05-26 21:41:47,252 [INFO] IPUIPlugin:80 - create IPUIPlugin
2025-05-26 21:41:47,252 [INFO] PluginManager:220 - loadIPPluginJar : add hash
2025-05-26 21:41:47,386 [INFO] IPUIPlugin:80 - create IPUIPlugin
2025-05-26 21:41:47,387 [INFO] PluginManager:220 - loadIPPluginJar : add i2c
2025-05-26 21:41:47,464 [INFO] ThirdPartyUpdaterWithRetryManager:70 - Updater plugin not ready yet. [2/15]
2025-05-26 21:41:47,486 [INFO] IPUIPlugin:80 - create IPUIPlugin
2025-05-26 21:41:47,487 [INFO] PluginManager:220 - loadIPPluginJar : add i2s
2025-05-26 21:41:47,628 [INFO] IPUIPlugin:80 - create IPUIPlugin
2025-05-26 21:41:47,628 [INFO] PluginManager:220 - loadIPPluginJar : add i3c
2025-05-26 21:41:47,827 [INFO] IPUIPlugin:80 - create IPUIPlugin
2025-05-26 21:41:47,828 [INFO] PluginManager:220 - loadIPPluginJar : add ipddr
2025-05-26 21:41:48,036 [INFO] IPUIPlugin:80 - create IPUIPlugin
2025-05-26 21:41:48,036 [INFO] PluginManager:220 - loadIPPluginJar : add linkedlist
2025-05-26 21:41:48,110 [INFO] IPUIPlugin:80 - create IPUIPlugin
2025-05-26 21:41:48,111 [INFO] PluginManager:220 - loadIPPluginJar : add lorawan
2025-05-26 21:41:48,204 [INFO] IPUIPlugin:80 - create IPUIPlugin
2025-05-26 21:41:48,204 [INFO] PluginManager:220 - loadIPPluginJar : add ltdc
2025-05-26 21:41:48,241 [INFO] IPUIPlugin:80 - create IPUIPlugin
2025-05-26 21:41:48,242 [INFO] PluginManager:220 - loadIPPluginJar : add mdma
2025-05-26 21:41:48,267 [INFO] IPUIPlugin:80 - create IPUIPlugin
2025-05-26 21:41:48,268 [INFO] PluginManager:220 - loadIPPluginJar : add nvic
2025-05-26 21:41:48,361 [INFO] IPUIPlugin:80 - create IPUIPlugin
2025-05-26 21:41:48,361 [INFO] PluginManager:220 - loadIPPluginJar : add opamp
2025-05-26 21:41:48,507 [INFO] IPUIPlugin:80 - create IPUIPlugin
2025-05-26 21:41:48,507 [INFO] PluginManager:220 - loadIPPluginJar : add openamp
2025-05-26 21:41:48,610 [INFO] IPUIPlugin:80 - create IPUIPlugin
2025-05-26 21:41:48,610 [INFO] PluginManager:220 - loadIPPluginJar : add pdm2pcm
2025-05-26 21:41:48,636 [INFO] IPUIPlugin:80 - create IPUIPlugin
2025-05-26 21:41:48,639 [INFO] PluginManager:220 - loadIPPluginJar : add plateformsettings
2025-05-26 21:41:48,703 [INFO] IPUIPlugin:80 - create IPUIPlugin
2025-05-26 21:41:48,704 [INFO] PluginManager:220 - loadIPPluginJar : add quadspi
2025-05-26 21:41:48,785 [INFO] IPUIPlugin:80 - create IPUIPlugin
2025-05-26 21:41:48,787 [INFO] PluginManager:220 - loadIPPluginJar : add radio
2025-05-26 21:41:48,812 [INFO] IPUIPlugin:80 - create IPUIPlugin
2025-05-26 21:41:48,813 [INFO] PluginManager:220 - loadIPPluginJar : add resmgrutility
2025-05-26 21:41:48,926 [INFO] IPUIPlugin:80 - create IPUIPlugin
2025-05-26 21:41:48,927 [INFO] PluginManager:220 - loadIPPluginJar : add sai
2025-05-26 21:41:49,022 [INFO] IPUIPlugin:80 - create IPUIPlugin
2025-05-26 21:41:49,022 [INFO] PluginManager:220 - loadIPPluginJar : add spi
2025-05-26 21:41:49,197 [INFO] IPUIPlugin:80 - create IPUIPlugin
2025-05-26 21:41:49,197 [INFO] PluginManager:220 - loadIPPluginJar : add stm32_wpan
2025-05-26 21:41:49,259 [INFO] IPUIPlugin:80 - create IPUIPlugin
2025-05-26 21:41:49,259 [INFO] PluginManager:220 - loadIPPluginJar : add tim
2025-05-26 21:41:49,404 [INFO] IPUIPlugin:80 - create IPUIPlugin
2025-05-26 21:41:49,405 [INFO] PluginManager:220 - loadIPPluginJar : add touchsensing
2025-05-26 21:41:49,460 [INFO] IPUIPlugin:80 - create IPUIPlugin
2025-05-26 21:41:49,460 [INFO] PluginManager:220 - loadIPPluginJar : add tracer_emb
2025-05-26 21:41:49,512 [INFO] IPUIPlugin:80 - create IPUIPlugin
2025-05-26 21:41:49,512 [INFO] PluginManager:220 - loadIPPluginJar : add ts
2025-05-26 21:41:49,571 [INFO] IPUIPlugin:80 - create IPUIPlugin
2025-05-26 21:41:49,571 [INFO] PluginManager:220 - loadIPPluginJar : add tsc
2025-05-26 21:41:49,621 [INFO] IPUIPlugin:80 - create IPUIPlugin
2025-05-26 21:41:49,622 [INFO] PluginManager:220 - loadIPPluginJar : add ucpd
2025-05-26 21:41:49,722 [INFO] IPUIPlugin:80 - create IPUIPlugin
2025-05-26 21:41:49,722 [INFO] PluginManager:220 - loadIPPluginJar : add usart
2025-05-26 21:41:49,813 [INFO] IPUIPlugin:80 - create IPUIPlugin
2025-05-26 21:41:49,813 [INFO] PluginManager:220 - loadIPPluginJar : add usbx
2025-05-26 21:41:49,985 [INFO] CADModel:165 - CPN selected for project level
2025-05-26 21:41:49,985 [INFO] CADModel:114 - Register for checkConnection events
2025-05-26 21:41:49,986 [FATAL] Updater:334 - Updater called before beeing initialized
2025-05-26 21:41:49,987 [ERROR] CADModel:125 - Updater not yet initialized, retry later 
2025-05-26 21:41:50,248 [INFO] CADModel:165 - CPN selected for project level
2025-05-26 21:41:50,249 [INFO] CADModel:114 - Register for checkConnection events
2025-05-26 21:41:50,249 [FATAL] Updater:334 - Updater called before beeing initialized
2025-05-26 21:41:50,249 [ERROR] CADModel:125 - Updater not yet initialized, retry later 
2025-05-26 21:41:50,252 [FATAL] Updater:334 - Updater called before beeing initialized
2025-05-26 21:41:50,461 [FATAL] Updater:334 - Updater called before beeing initialized
2025-05-26 21:41:50,465 [INFO] ThirdPartyUpdaterWithRetryManager:70 - Updater plugin not ready yet. [3/15]
2025-05-26 21:41:50,482 [INFO] DbMcusAds:53 - JSON generation date=Wed May 07 14:37:55 IST 2025 (1746608875638)
2025-05-26 21:41:50,482 [FATAL] Updater:334 - Updater called before beeing initialized
2025-05-26 21:41:50,537 [WARN] DetailPanel:346 - Failed to get advertising image, set to default
2025-05-26 21:41:50,697 [FATAL] Updater:334 - Updater called before beeing initialized
2025-05-26 21:41:50,701 [FATAL] Updater:334 - Updater called before beeing initialized
2025-05-26 21:41:50,701 [FATAL] Updater:334 - Updater called before beeing initialized
2025-05-26 21:41:50,701 [WARN] DetailPanel:346 - Failed to get advertising image, set to default
2025-05-26 21:41:50,703 [FATAL] Updater:334 - Updater called before beeing initialized
2025-05-26 21:41:50,877 [ERROR] Updater:1164 - MainUpdater not yet initialized. External WinMGr cannot be set.
2025-05-26 21:41:50,902 [INFO] Updater:1100 - Updater Version found : 6.12.1
2025-05-26 21:41:50,932 [INFO] ApplicationProperties:184 - Using Application install path: C:\ST\STM32CubeIDE_1.16.1\STM32CubeIDE\plugins\com.st.stm32cube.common.mx_6.12.1.202409122256
2025-05-26 21:41:52,552 [ERROR] LogOutputStream:75 - [STDERR_REDIRECT] May 26, 2025 9:41:52 PM java.util.prefs.WindowsPreferences <init>
2025-05-26 21:41:52,558 [ERROR] LogOutputStream:75 - [STDERR_REDIRECT] WARNING: Could not open/create prefs root node Software\JavaSoft\Prefs at root 0xffffffff80000002. Windows RegCreateKeyEx(...) returned error code 5.
2025-05-26 21:41:52,559 [ERROR] LogOutputStream:75 - [STDERR_REDIRECT] 
2025-05-26 21:41:53,466 [FATAL] Updater:334 - Updater called before beeing initialized
2025-05-26 21:41:53,467 [ERROR] IntegrityCheckThread:130 - Cannot retrieve database content from updater: error 21
2025-05-26 21:41:53,467 [INFO] ThirdParty:978 - Integrity check success = false
2025-05-26 21:41:53,467 [INFO] IntegrityCheckThread:100 - exiting critical section [integrity check]
2025-05-26 21:41:53,467 [INFO] IntegrityCheckThread:103 - End integrity checks thread
2025-05-26 21:41:53,721 [INFO] MainUpdater:2873 - connection check result : 10
2025-05-26 21:41:53,722 [INFO] MainUpdater:3567 - Updater definition file requires update
2025-05-26 21:41:53,725 [INFO] MainUpdater:290 - Updater Check For Update Now.
2025-05-26 21:41:53,725 [INFO] MicroXplorer:498 - Change Database Version : DB.6.0.121
2025-05-26 21:41:53,797 [INFO] McuFinderGlobals:63 - Set McuFinder mode to 2 (CubeIDE integrated)
2025-05-26 21:41:53,810 [INFO] UserAuth:417 - Internet connection configuration mode: 1
2025-05-26 21:41:53,856 [INFO] JxBrowserEngine:152 - Initiate JxBrowser Engine with user profile folder
2025-05-26 21:41:54,458 [INFO] ServerAccessManage:473 - Download File updaters.zip
2025-05-26 21:41:54,993 [INFO] FileExtend:240 - Unzip File : updaters.zip
2025-05-26 21:41:54,993 [INFO] FileExtend:255 - Standard Zip Deflate
2025-05-26 21:41:57,970 [INFO] ServerAccessManage:473 - Download File PacksControlFlags.xml
2025-05-26 21:41:58,627 [INFO] ServerAccessManage:473 - Download File cubemx.pidx
2025-05-26 21:42:00,215 [INFO] ServerAccessManage:473 - Download File STMicroelectronics.X-CUBE-FREERTOS.pdsc
2025-05-26 21:42:01,653 [INFO] WebApp:167 - Instantiating new browser for Auth
2025-05-26 21:42:02,650 [INFO] ServerAccessManage:473 - Download File STMicroelectronics.X-CUBE-ST60.pdsc
2025-05-26 21:42:03,720 [INFO] WebApp:448 - Apply proxy settings
2025-05-26 21:42:03,722 [INFO] WebApp:533 - Chromium requires no authentication
2025-05-26 21:42:03,750 [INFO] WebApp:476 - Direct internet connection detected
2025-05-26 21:42:03,821 [INFO] WebApp:869 - Register for checkConnection events
2025-05-26 21:42:03,821 [INFO] WebApp:448 - Apply proxy settings
2025-05-26 21:42:03,822 [INFO] WebApp:533 - Chromium requires no authentication
2025-05-26 21:42:03,824 [INFO] WebApp:476 - Direct internet connection detected
2025-05-26 21:42:04,135 [INFO] WebApp:186 - Connection restablished
2025-05-26 21:42:04,526 [INFO] WebApp:220 - Starting web application
2025-05-26 21:42:04,526 [INFO] WebApp:578 - Web application path used C:\ST\STM32CubeIDE_1.16.1\STM32CubeIDE\plugins\com.st.stm32cube.common.mx_6.12.1.202409122256\db\plugins\mcufinder\reactClient1\index.html
2025-05-26 21:42:04,975 [INFO] UserAuth:417 - Internet connection configuration mode: 1
2025-05-26 21:42:06,764 [WARN] PackLoader:240 - Cannot read IP mode file for STMicroelectronics.X-CUBE-FREERTOS.1.3.1
2025-05-26 21:42:06,782 [WARN] PopulateThirdPartyThread:106 - Error when creating pack: C:/Users/kjeya/.stm32cubemx/thirdparties/pdsc/STMicroelectronics.X-CUBE-ST60.pdsc
2025-05-26 21:42:06,782 [INFO] PopulateThirdPartyThread:66 - Ending populate Thread
2025-05-26 21:42:06,786 [INFO] ThirdParty:1030 - CMSIS Pack Vendor :STMicroelectronics X-CUBE-FREERTOS 1.3.1
2025-05-26 21:42:06,788 [INFO] LoadServerUpdatesThread:375 - End of LoadServerUpdate Thread
2025-05-26 21:42:07,059 [INFO] CheckServerUpdateThread:120 - End of CheckServer Thread
2025-05-26 23:04:28,125 [ERROR] LogOutputStream:75 - [STDERR_REDIRECT] 
