2025-05-03 10:00:24,694 [INFO] Activator:176 - 


2025-05-03 10:00:24,704 [INFO] Activator:177 - !SESSION log4j initialized
2025-05-03 10:00:35,591 [INFO] LogOutputStream:77 - [STDOUT_REDIRECT] 
2025-05-03 10:00:39,398 [INFO] ApplicationProperties:184 - Using Application install path: C:\ST\STM32CubeIDE_1.16.1\STM32CubeIDE\plugins\com.st.stm32cube.common.mx_6.12.1.202409122256
2025-05-03 10:00:39,441 [INFO] DbMcusXml:78 - Set database path to: C:\ST\STM32CubeIDE_1.16.1\STM32CubeIDE\plugins\com.st.stm32cube.common.mx_6.12.1.202409122256\\db\/mcu/
2025-05-03 10:00:39,442 [INFO] ApiDb:274 - Set plugin database path to: C:\ST\STM32CubeIDE_1.16.1\STM32CubeIDE\plugins\com.st.stm32cube.common.mx_6.12.1.202409122256\\db\/plugins/boardmanager/
2025-05-03 10:00:39,442 [WARN] ApiDb:259 - Overriding images path with different value:  => C:\ST\STM32CubeIDE_1.16.1\STM32CubeIDE\plugins\com.st.stm32cube.common.mx_6.12.1.202409122256\\db\/plugins/mcufinder/images/
2025-05-03 10:00:39,480 [INFO] ApiDb:250 - Set database path to: C:\Users\kjeya\.stmcufinder\plugins\mcufinder//mcu/
2025-05-03 10:00:39,483 [INFO] DbMcusAds:125 - Set database path to: C:\Users\kjeya\.stmcufinder\plugins\mcufinder//mcu/
2025-05-03 10:00:39,489 [INFO] CrossReferenceDbSqlite:203 - Set database path to: C:\Users\kjeya\.stmcufinder\plugins\mcufinder//mcu/cs/
2025-05-03 10:00:39,689 [INFO] RulesReader:64 - Compatibility file has been processed (297 Rules)
2025-05-03 10:00:39,814 [INFO] DbMcusXml:78 - Set database path to: C:\ST\STM32CubeIDE_1.16.1\STM32CubeIDE\plugins\com.st.stm32cube.common.mx_6.12.1.202409122256\\db\/mcu/
2025-05-03 10:00:39,814 [INFO] ApiDb:274 - Set plugin database path to: C:\ST\STM32CubeIDE_1.16.1\STM32CubeIDE\plugins\com.st.stm32cube.common.mx_6.12.1.202409122256\\db\/plugins/boardmanager/
2025-05-03 10:00:39,814 [INFO] ApiDb:261 - Set plugin images path to: C:\ST\STM32CubeIDE_1.16.1\STM32CubeIDE\plugins\com.st.stm32cube.common.mx_6.12.1.202409122256\\db\/plugins/mcufinder/images/
2025-05-03 10:00:39,814 [WARN] DbFile:41 - Overriding database path with different value: C:\Users\kjeya\.stmcufinder\plugins\mcufinder/ => C:\Users\kjeya\.stmcufinder\plugins\mcufinder
2025-05-03 10:00:39,814 [INFO] ApiDb:250 - Set database path to: C:\Users\kjeya\.stmcufinder\plugins\mcufinder//mcu/
2025-05-03 10:00:39,815 [WARN] DbFile:41 - Overriding database path with different value: C:\Users\kjeya\.stmcufinder\plugins\mcufinder/ => C:\Users\kjeya\.stmcufinder\plugins\mcufinder
2025-05-03 10:00:39,815 [INFO] DbMcusAds:125 - Set database path to: C:\Users\kjeya\.stmcufinder\plugins\mcufinder//mcu/
2025-05-03 10:00:39,815 [WARN] DbFile:41 - Overriding database path with different value: C:\Users\kjeya\.stmcufinder\plugins\mcufinder/ => C:\Users\kjeya\.stmcufinder\plugins\mcufinder
2025-05-03 10:00:39,815 [WARN] DbFile:41 - Overriding database path with different value: C:\Users\kjeya\.stmcufinder\plugins\mcufinder/ => C:\Users\kjeya\.stmcufinder\plugins\mcufinder
2025-05-03 10:00:39,815 [INFO] CrossReferenceDbSqlite:203 - Set database path to: C:\Users\kjeya\.stmcufinder\plugins\mcufinder//mcu/cs/
2025-05-03 10:00:39,953 [INFO] MainPanel:268 - HeapMemory: 268435456
2025-05-03 10:00:40,115 [INFO] DbMcusXml:78 - Set database path to: C:\ST\STM32CubeIDE_1.16.1\STM32CubeIDE\plugins\com.st.stm32cube.common.mx_6.12.1.202409122256\\db\/mcu/
2025-05-03 10:00:40,115 [INFO] ApiDb:274 - Set plugin database path to: C:\ST\STM32CubeIDE_1.16.1\STM32CubeIDE\plugins\com.st.stm32cube.common.mx_6.12.1.202409122256\\db\/plugins/boardmanager/
2025-05-03 10:00:40,116 [INFO] ApiDb:261 - Set plugin images path to: C:\ST\STM32CubeIDE_1.16.1\STM32CubeIDE\plugins\com.st.stm32cube.common.mx_6.12.1.202409122256\\db\/plugins/mcufinder/images/
2025-05-03 10:00:40,118 [WARN] DbFile:41 - Overriding database path with different value: C:\Users\kjeya\.stmcufinder\plugins\mcufinder/ => C:\Users\kjeya\.stmcufinder\plugins\mcufinder
2025-05-03 10:00:40,118 [INFO] ApiDb:250 - Set database path to: C:\Users\kjeya\.stmcufinder\plugins\mcufinder//mcu/
2025-05-03 10:00:40,118 [WARN] DbFile:41 - Overriding database path with different value: C:\Users\kjeya\.stmcufinder\plugins\mcufinder/ => C:\Users\kjeya\.stmcufinder\plugins\mcufinder
2025-05-03 10:00:40,118 [INFO] DbMcusAds:125 - Set database path to: C:\Users\kjeya\.stmcufinder\plugins\mcufinder//mcu/
2025-05-03 10:00:40,118 [WARN] DbFile:41 - Overriding database path with different value: C:\Users\kjeya\.stmcufinder\plugins\mcufinder/ => C:\Users\kjeya\.stmcufinder\plugins\mcufinder
2025-05-03 10:00:40,118 [WARN] DbFile:41 - Overriding database path with different value: C:\Users\kjeya\.stmcufinder\plugins\mcufinder/ => C:\Users\kjeya\.stmcufinder\plugins\mcufinder
2025-05-03 10:00:40,119 [INFO] CrossReferenceDbSqlite:203 - Set database path to: C:\Users\kjeya\.stmcufinder\plugins\mcufinder//mcu/cs/
2025-05-03 10:00:40,147 [INFO] ApplicationProperties:184 - Using Application install path: C:\ST\STM32CubeIDE_1.16.1\STM32CubeIDE\plugins\com.st.stm32cube.common.mx_6.12.1.202409122256
2025-05-03 10:00:40,150 [INFO] PluginManage:196 - Search for loadable plugins [exclusion list=, ]
2025-05-03 10:00:40,152 [INFO] PluginManage:310 - Check plugin analytics
2025-05-03 10:00:40,518 [INFO] AnalyticsPlugin:253 - Accepted Software Licenses: STM32CubeMX.6.11.1,STM32CubeMX.6.13.0
2025-05-03 10:00:40,519 [INFO] AnalyticsPlugin:255 - Accepted CMSIS Pack Licenses: STMicroelectronics.X-CUBE-TOUCHGFX.4.24.0,WES.I-CUBE-Cesium.1.3.0,STMicroelectronics.X-CUBE-TOUCHGFX.4.24.2
2025-05-03 10:00:40,519 [INFO] AnalyticsPlugin:257 - Accepted Firmware Licenses: FW.F4.1.28.0,FW.L4.1.18.0,FW.WL.1.3.0,FW.H7.1.11.0,FW.H7.1.12.0
2025-05-03 10:00:40,527 [INFO] PluginManage:359 - Loaded plugin analytics (category:tool,tabindex:-1)
2025-05-03 10:00:40,530 [INFO] PluginManage:310 - Check plugin cadmodel
2025-05-03 10:00:40,558 [INFO] CADModel:105 - Init CAD model plugin
2025-05-03 10:00:40,558 [INFO] PluginManage:359 - Loaded plugin cadmodel (category:power,tabindex:5)
2025-05-03 10:00:40,558 [INFO] PluginManage:310 - Check plugin clock
2025-05-03 10:00:40,591 [INFO] PluginManage:359 - Loaded plugin clock (category:base,tabindex:2)
2025-05-03 10:00:40,591 [INFO] PluginManage:310 - Check plugin ddr
2025-05-03 10:00:40,595 [INFO] PluginManage:359 - Loaded plugin ddr (category:tool,tabindex:6)
2025-05-03 10:00:40,595 [INFO] PluginManage:310 - Check plugin filemanager
2025-05-03 10:00:40,823 [INFO] PluginManage:359 - Loaded plugin filemanager (category:base,tabindex:10)
2025-05-03 10:00:40,824 [INFO] PluginManage:310 - Check plugin ipmanager
2025-05-03 10:00:40,837 [INFO] PluginManage:359 - Loaded plugin ipmanager (category:base,tabindex:5)
2025-05-03 10:00:40,838 [INFO] PluginManage:310 - Check plugin lpbam
2025-05-03 10:00:40,864 [INFO] PluginManage:359 - Loaded plugin lpbam (category:base,tabindex:0)
2025-05-03 10:00:40,864 [INFO] PluginManage:310 - Check plugin memorymap
2025-05-03 10:00:40,899 [INFO] PluginManage:359 - Loaded plugin memorymap (category:base,tabindex:4)
2025-05-03 10:00:40,899 [INFO] PluginManage:310 - Check plugin pinoutandconfiguration
2025-05-03 10:00:40,925 [INFO] PluginManage:359 - Loaded plugin pinoutandconfiguration (category:base,tabindex:1)
2025-05-03 10:00:40,925 [INFO] PluginManage:310 - Check plugin pinoutconfig
2025-05-03 10:00:41,077 [WARN] SupportedApi:132 - Cannot load RTOS API schema: s4s-elt-must-match.1: The content of 'definitions' must match (annotation?, (simpleType | complexType)?, (unique | key | keyref)*)). A problem was found starting at: attribute.
2025-05-03 10:00:41,291 [INFO] PluginManage:359 - Loaded plugin pinoutconfig (category:base,tabindex:0)
2025-05-03 10:00:41,291 [INFO] PluginManage:310 - Check plugin power
2025-05-03 10:00:41,321 [INFO] PluginManage:359 - Loaded plugin power (category:power,tabindex:4)
2025-05-03 10:00:41,321 [INFO] PluginManage:310 - Check plugin projectmanager
2025-05-03 10:00:41,347 [INFO] PluginManage:359 - Loaded plugin projectmanager (category:projectmanager,tabindex:4)
2025-05-03 10:00:41,347 [INFO] PluginManage:310 - Check plugin rif
2025-05-03 10:00:41,374 [INFO] PluginManage:359 - Loaded plugin rif (category:base,tabindex:3)
2025-05-03 10:00:41,375 [INFO] PluginManage:310 - Check plugin thirdparty
2025-05-03 10:00:41,894 [WARN] IntegrityCheckThread:84 - waiting for thirdparty lock release [integrity check]
2025-05-03 10:00:41,895 [INFO] IntegrityCheckThread:86 - entering critical section [integrity check]
2025-05-03 10:00:41,895 [INFO] PluginManage:359 - Loaded plugin thirdparty (category:base,tabindex:-1)
2025-05-03 10:00:41,895 [INFO] PluginManage:310 - Check plugin tools
2025-05-03 10:00:41,896 [INFO] ThirdPartyUpdaterWithRetryManager:70 - Updater plugin not ready yet. [1/15]
2025-05-03 10:00:41,967 [INFO] PluginManage:359 - Loaded plugin tools (category:base,tabindex:7)
2025-05-03 10:00:41,968 [INFO] PluginManage:310 - Check plugin tutovideos
2025-05-03 10:00:42,254 [INFO] PluginManage:359 - Loaded plugin tutovideos (category:base,tabindex:-1)
2025-05-03 10:00:42,254 [INFO] PluginManage:310 - Check plugin updater
2025-05-03 10:00:42,287 [INFO] PluginManage:359 - Loaded plugin updater (category:base,tabindex:12)
2025-05-03 10:00:42,287 [INFO] PluginManage:310 - Check plugin userauth
2025-05-03 10:00:42,297 [INFO] UserAuth:113 - Init User Auth plugin
2025-05-03 10:00:42,297 [INFO] PluginManage:359 - Loaded plugin userauth (category:base,tabindex:14)
2025-05-03 10:00:42,298 [INFO] PluginManage:283 - PluginManage : Loaded plugins [18]
2025-05-03 10:00:42,643 [INFO] PinOutPanel:1561 - setPackage(No Configuration,No Configuration)
2025-05-03 10:00:42,792 [INFO] CADModel:165 - CPN selected for project level
2025-05-03 10:00:42,792 [INFO] CADModel:114 - Register for checkConnection events
2025-05-03 10:00:42,831 [INFO] IPUIPlugin:80 - create IPUIPlugin
2025-05-03 10:00:42,832 [INFO] PluginManager:220 - loadIPPluginJar : add adc
2025-05-03 10:00:42,890 [INFO] IPUIPlugin:80 - create IPUIPlugin
2025-05-03 10:00:42,890 [INFO] PluginManager:220 - loadIPPluginJar : add aes
2025-05-03 10:00:42,954 [INFO] IPUIPlugin:80 - create IPUIPlugin
2025-05-03 10:00:42,955 [INFO] PluginManager:220 - loadIPPluginJar : add can
2025-05-03 10:00:42,992 [INFO] IPUIPlugin:80 - create IPUIPlugin
2025-05-03 10:00:42,993 [INFO] PluginManager:220 - loadIPPluginJar : add comp
2025-05-03 10:00:43,048 [INFO] IPUIPlugin:80 - create IPUIPlugin
2025-05-03 10:00:43,048 [INFO] PluginManager:220 - loadIPPluginJar : add cryp
2025-05-03 10:00:43,074 [INFO] IPUIPlugin:80 - create IPUIPlugin
2025-05-03 10:00:43,074 [INFO] PluginManager:220 - loadIPPluginJar : add ddr_ctrl_phy
2025-05-03 10:00:43,144 [INFO] IPUIPlugin:80 - create IPUIPlugin
2025-05-03 10:00:43,144 [INFO] PluginManager:220 - loadIPPluginJar : add dfsdm
2025-05-03 10:00:43,172 [INFO] IPUIPlugin:80 - create IPUIPlugin
2025-05-03 10:00:43,172 [INFO] PluginManager:220 - loadIPPluginJar : add dma
2025-05-03 10:00:43,242 [INFO] IPUIPlugin:80 - create IPUIPlugin
2025-05-03 10:00:43,242 [INFO] PluginManager:220 - loadIPPluginJar : add dma3
2025-05-03 10:00:43,309 [INFO] IPUIPlugin:80 - create IPUIPlugin
2025-05-03 10:00:43,309 [INFO] PluginManager:220 - loadIPPluginJar : add extmemmanager
2025-05-03 10:00:43,342 [INFO] IPUIPlugin:80 - create IPUIPlugin
2025-05-03 10:00:43,342 [INFO] PluginManager:220 - loadIPPluginJar : add fatfs
2025-05-03 10:00:43,414 [INFO] IPUIPlugin:80 - create IPUIPlugin
2025-05-03 10:00:43,414 [INFO] PluginManager:220 - loadIPPluginJar : add fmc
2025-05-03 10:00:43,442 [INFO] IPUIPlugin:80 - create IPUIPlugin
2025-05-03 10:00:43,443 [INFO] PluginManager:220 - loadIPPluginJar : add freertos
2025-05-03 10:00:43,475 [INFO] IPUIPlugin:80 - create IPUIPlugin
2025-05-03 10:00:43,476 [INFO] PluginManager:220 - loadIPPluginJar : add genericplugin
2025-05-03 10:00:43,631 [INFO] IPUIPlugin:80 - create IPUIPlugin
2025-05-03 10:00:43,631 [INFO] PluginManager:220 - loadIPPluginJar : add gfxmmu
2025-05-03 10:00:43,867 [INFO] IPUIPlugin:80 - create IPUIPlugin
2025-05-03 10:00:43,867 [INFO] PluginManager:220 - loadIPPluginJar : add gic
2025-05-03 10:00:43,893 [INFO] IPUIPlugin:80 - create IPUIPlugin
2025-05-03 10:00:43,893 [INFO] PluginManager:220 - loadIPPluginJar : add gpio
2025-05-03 10:00:44,044 [INFO] IPUIPlugin:80 - create IPUIPlugin
2025-05-03 10:00:44,045 [INFO] PluginManager:220 - loadIPPluginJar : add gtzc
2025-05-03 10:00:44,095 [INFO] IPUIPlugin:80 - create IPUIPlugin
2025-05-03 10:00:44,096 [INFO] PluginManager:220 - loadIPPluginJar : add hash
2025-05-03 10:00:44,179 [INFO] IPUIPlugin:80 - create IPUIPlugin
2025-05-03 10:00:44,179 [INFO] PluginManager:220 - loadIPPluginJar : add i2c
2025-05-03 10:00:44,246 [INFO] IPUIPlugin:80 - create IPUIPlugin
2025-05-03 10:00:44,246 [INFO] PluginManager:220 - loadIPPluginJar : add i2s
2025-05-03 10:00:44,312 [INFO] IPUIPlugin:80 - create IPUIPlugin
2025-05-03 10:00:44,313 [INFO] PluginManager:220 - loadIPPluginJar : add i3c
2025-05-03 10:00:44,472 [INFO] IPUIPlugin:80 - create IPUIPlugin
2025-05-03 10:00:44,473 [INFO] PluginManager:220 - loadIPPluginJar : add ipddr
2025-05-03 10:00:44,627 [INFO] IPUIPlugin:80 - create IPUIPlugin
2025-05-03 10:00:44,628 [INFO] PluginManager:220 - loadIPPluginJar : add linkedlist
2025-05-03 10:00:44,689 [INFO] IPUIPlugin:80 - create IPUIPlugin
2025-05-03 10:00:44,689 [INFO] PluginManager:220 - loadIPPluginJar : add lorawan
2025-05-03 10:00:44,746 [INFO] IPUIPlugin:80 - create IPUIPlugin
2025-05-03 10:00:44,746 [INFO] PluginManager:220 - loadIPPluginJar : add ltdc
2025-05-03 10:00:44,768 [INFO] IPUIPlugin:80 - create IPUIPlugin
2025-05-03 10:00:44,768 [INFO] PluginManager:220 - loadIPPluginJar : add mdma
2025-05-03 10:00:44,786 [INFO] IPUIPlugin:80 - create IPUIPlugin
2025-05-03 10:00:44,787 [INFO] PluginManager:220 - loadIPPluginJar : add nvic
2025-05-03 10:00:44,846 [INFO] IPUIPlugin:80 - create IPUIPlugin
2025-05-03 10:00:44,846 [INFO] PluginManager:220 - loadIPPluginJar : add opamp
2025-05-03 10:00:44,897 [INFO] ThirdPartyUpdaterWithRetryManager:70 - Updater plugin not ready yet. [2/15]
2025-05-03 10:00:44,952 [INFO] IPUIPlugin:80 - create IPUIPlugin
2025-05-03 10:00:44,952 [INFO] PluginManager:220 - loadIPPluginJar : add openamp
2025-05-03 10:00:45,023 [INFO] IPUIPlugin:80 - create IPUIPlugin
2025-05-03 10:00:45,024 [INFO] PluginManager:220 - loadIPPluginJar : add pdm2pcm
2025-05-03 10:00:45,047 [INFO] IPUIPlugin:80 - create IPUIPlugin
2025-05-03 10:00:45,050 [INFO] PluginManager:220 - loadIPPluginJar : add plateformsettings
2025-05-03 10:00:45,093 [INFO] IPUIPlugin:80 - create IPUIPlugin
2025-05-03 10:00:45,094 [INFO] PluginManager:220 - loadIPPluginJar : add quadspi
2025-05-03 10:00:45,139 [INFO] IPUIPlugin:80 - create IPUIPlugin
2025-05-03 10:00:45,140 [INFO] PluginManager:220 - loadIPPluginJar : add radio
2025-05-03 10:00:45,161 [INFO] IPUIPlugin:80 - create IPUIPlugin
2025-05-03 10:00:45,162 [INFO] PluginManager:220 - loadIPPluginJar : add resmgrutility
2025-05-03 10:00:45,237 [INFO] IPUIPlugin:80 - create IPUIPlugin
2025-05-03 10:00:45,237 [INFO] PluginManager:220 - loadIPPluginJar : add sai
2025-05-03 10:00:45,301 [INFO] IPUIPlugin:80 - create IPUIPlugin
2025-05-03 10:00:45,302 [INFO] PluginManager:220 - loadIPPluginJar : add spi
2025-05-03 10:00:45,425 [INFO] IPUIPlugin:80 - create IPUIPlugin
2025-05-03 10:00:45,425 [INFO] PluginManager:220 - loadIPPluginJar : add stm32_wpan
2025-05-03 10:00:45,470 [INFO] IPUIPlugin:80 - create IPUIPlugin
2025-05-03 10:00:45,470 [INFO] PluginManager:220 - loadIPPluginJar : add tim
2025-05-03 10:00:45,567 [INFO] IPUIPlugin:80 - create IPUIPlugin
2025-05-03 10:00:45,568 [INFO] PluginManager:220 - loadIPPluginJar : add touchsensing
2025-05-03 10:00:45,611 [INFO] IPUIPlugin:80 - create IPUIPlugin
2025-05-03 10:00:45,611 [INFO] PluginManager:220 - loadIPPluginJar : add tracer_emb
2025-05-03 10:00:45,653 [INFO] IPUIPlugin:80 - create IPUIPlugin
2025-05-03 10:00:45,653 [INFO] PluginManager:220 - loadIPPluginJar : add ts
2025-05-03 10:00:45,690 [INFO] IPUIPlugin:80 - create IPUIPlugin
2025-05-03 10:00:45,691 [INFO] PluginManager:220 - loadIPPluginJar : add tsc
2025-05-03 10:00:45,727 [INFO] IPUIPlugin:80 - create IPUIPlugin
2025-05-03 10:00:45,727 [INFO] PluginManager:220 - loadIPPluginJar : add ucpd
2025-05-03 10:00:45,800 [INFO] IPUIPlugin:80 - create IPUIPlugin
2025-05-03 10:00:45,800 [INFO] PluginManager:220 - loadIPPluginJar : add usart
2025-05-03 10:00:45,868 [INFO] IPUIPlugin:80 - create IPUIPlugin
2025-05-03 10:00:45,868 [INFO] PluginManager:220 - loadIPPluginJar : add usbx
2025-05-03 10:00:46,024 [INFO] CADModel:165 - CPN selected for project level
2025-05-03 10:00:46,025 [INFO] CADModel:114 - Register for checkConnection events
2025-05-03 10:00:46,025 [FATAL] Updater:334 - Updater called before beeing initialized
2025-05-03 10:00:46,026 [ERROR] CADModel:125 - Updater not yet initialized, retry later 
2025-05-03 10:00:46,325 [INFO] CADModel:165 - CPN selected for project level
2025-05-03 10:00:46,326 [INFO] CADModel:114 - Register for checkConnection events
2025-05-03 10:00:46,326 [FATAL] Updater:334 - Updater called before beeing initialized
2025-05-03 10:00:46,326 [ERROR] CADModel:125 - Updater not yet initialized, retry later 
2025-05-03 10:00:46,333 [FATAL] Updater:334 - Updater called before beeing initialized
2025-05-03 10:00:46,509 [FATAL] Updater:334 - Updater called before beeing initialized
2025-05-03 10:00:46,523 [INFO] DbMcusAds:53 - JSON generation date=Thu Mar 06 20:24:22 IST 2025 (1741272862204)
2025-05-03 10:00:46,523 [FATAL] Updater:334 - Updater called before beeing initialized
2025-05-03 10:00:46,576 [WARN] DetailPanel:346 - Failed to get advertising image, set to default
2025-05-03 10:00:46,712 [FATAL] Updater:334 - Updater called before beeing initialized
2025-05-03 10:00:46,717 [FATAL] Updater:334 - Updater called before beeing initialized
2025-05-03 10:00:46,717 [FATAL] Updater:334 - Updater called before beeing initialized
2025-05-03 10:00:46,717 [WARN] DetailPanel:346 - Failed to get advertising image, set to default
2025-05-03 10:00:46,718 [FATAL] Updater:334 - Updater called before beeing initialized
2025-05-03 10:00:46,860 [ERROR] Updater:1164 - MainUpdater not yet initialized. External WinMGr cannot be set.
2025-05-03 10:00:46,883 [INFO] Updater:1100 - Updater Version found : 6.12.1
2025-05-03 10:00:46,909 [INFO] ApplicationProperties:184 - Using Application install path: C:\ST\STM32CubeIDE_1.16.1\STM32CubeIDE\plugins\com.st.stm32cube.common.mx_6.12.1.202409122256
2025-05-03 10:00:47,898 [INFO] ThirdPartyUpdaterWithRetryManager:70 - Updater plugin not ready yet. [3/15]
2025-05-03 10:00:48,513 [ERROR] LogOutputStream:75 - [STDERR_REDIRECT] May 03, 2025 10:00:48 AM java.util.prefs.WindowsPreferences <init>
2025-05-03 10:00:48,517 [ERROR] LogOutputStream:75 - [STDERR_REDIRECT] WARNING: Could not open/create prefs root node Software\JavaSoft\Prefs at root 0xffffffff80000002. Windows RegCreateKeyEx(...) returned error code 5.
2025-05-03 10:00:48,518 [ERROR] LogOutputStream:75 - [STDERR_REDIRECT] 
2025-05-03 10:00:49,514 [INFO] MainUpdater:2873 - connection check result : 10
2025-05-03 10:00:49,515 [INFO] MainUpdater:290 - Updater Check For Update Now.
2025-05-03 10:00:49,515 [INFO] MicroXplorer:498 - Change Database Version : DB.6.0.121
2025-05-03 10:00:49,557 [INFO] McuFinderGlobals:63 - Set McuFinder mode to 2 (CubeIDE integrated)
2025-05-03 10:00:49,574 [INFO] UserAuth:417 - Internet connection configuration mode: 1
2025-05-03 10:00:49,644 [INFO] JxBrowserEngine:152 - Initiate JxBrowser Engine with user profile folder
2025-05-03 10:00:49,866 [INFO] CheckServerUpdateThread:120 - End of CheckServer Thread
2025-05-03 10:00:51,321 [WARN] PackLoader:240 - Cannot read IP mode file for STMicroelectronics.FP-SNS-MOTENVWB1.1.4.0
2025-05-03 10:00:51,356 [WARN] PackLoader:240 - Cannot read IP mode file for STMicroelectronics.FP-ATR-ASTRA1.2.0.2
2025-05-03 10:00:51,382 [WARN] PackLoader:240 - Cannot read IP mode file for STMicroelectronics.FP-ATR-ASTRA1.2.0.1
2025-05-03 10:00:51,422 [WARN] PackLoader:240 - Cannot read IP mode file for STMicroelectronics.X-CUBE-SMBUS.2.1.0
2025-05-03 10:00:51,466 [WARN] PackLoader:240 - Cannot read IP mode file for STMicroelectronics.X-CUBE-WB05N.1.1.0
2025-05-03 10:00:51,553 [WARN] PackLoader:240 - Cannot read IP mode file for STMicroelectronics.X-CUBE-AZRTOS-F7.1.1.0
2025-05-03 10:00:51,592 [WARN] PackLoader:240 - Cannot read IP mode file for STMicroelectronics.FP-SNS-FLIGHT1.5.0.2
2025-05-03 10:00:51,672 [WARN] PackLoader:240 - Cannot read IP mode file for Infineon.AIROC-Wi-Fi-Bluetooth-STM32.1.7.0
2025-05-03 10:00:51,723 [WARN] PackLoader:240 - Cannot read IP mode file for STMicroelectronics.X-CUBE-DISPLAY.3.0.0
2025-05-03 10:00:51,766 [WARN] PackLoader:240 - Cannot read IP mode file for STMicroelectronics.X-CUBE-BLE1.7.0.0
2025-05-03 10:00:51,801 [WARN] PackLoader:240 - Cannot read IP mode file for STMicroelectronics.X-CUBE-NFC10.1.0.0
2025-05-03 10:00:51,867 [WARN] PackLoader:240 - Cannot read IP mode file for STMicroelectronics.X-CUBE-BLEMGR.4.0.0
2025-05-03 10:00:51,920 [WARN] PackLoader:240 - Cannot read IP mode file for emotas.I-CUBE-CANOPEN.1.3.0
2025-05-03 10:00:51,956 [WARN] PackLoader:240 - Cannot read IP mode file for STMicroelectronics.X-CUBE-AI.10.0.0
2025-05-03 10:00:51,990 [WARN] PackLoader:240 - Cannot read IP mode file for STMicroelectronics.FP-SNS-SMARTAG2.1.2.0
2025-05-03 10:00:52,018 [ERROR] Engine:466 - C:\Users\kjeya\.stm32cubemx\thirdparties\pdsc\STMicroelectronics.FP-SNS-FLIGHT1.5.1.0.pdsc: PDSC version is not supported
2025-05-03 10:00:52,148 [WARN] PackLoader:240 - Cannot read IP mode file for STMicroelectronics.X-CUBE-MEMS1.11.1.0
2025-05-03 10:00:52,478 [INFO] LogOutputStream:77 - [STDOUT_REDIRECT] 1 : Invalid condition id : UX_CORESTACK_Condition cause : null
2025-05-03 10:00:52,479 [INFO] LogOutputStream:77 - [STDOUT_REDIRECT] 1 : Invalid condition id : UX_CORESTACK_Condition cause : null
2025-05-03 10:00:52,483 [INFO] LogOutputStream:77 - [STDOUT_REDIRECT] 1 : Invalid condition id : UX_CORESTACK_Condition cause : null
2025-05-03 10:00:52,485 [INFO] LogOutputStream:77 - [STDOUT_REDIRECT] 1 : Invalid condition id : UX_CORESTACK_Condition cause : null
2025-05-03 10:00:52,487 [INFO] LogOutputStream:77 - [STDOUT_REDIRECT] 1 : Invalid condition id : UX_CORESTACK_Condition cause : null
2025-05-03 10:00:52,495 [WARN] PackLoader:240 - Cannot read IP mode file for STMicroelectronics.X-CUBE-AZRTOS-WL.2.0.0
2025-05-03 10:00:52,529 [WARN] PackLoader:240 - Cannot read IP mode file for STMicroelectronics.FP-SNS-MOTENV1.5.0.0
2025-05-03 10:00:52,564 [WARN] PackLoader:240 - Cannot read IP mode file for wolfSSL.I-CUBE-wolfMQTT.1.19.0
2025-05-03 10:00:52,656 [WARN] PackLoader:240 - Cannot read IP mode file for WES.I-CUBE-Cesium.1.3.0
2025-05-03 10:00:52,879 [WARN] PackLoader:240 - Cannot read IP mode file for STMicroelectronics.X-CUBE-BLE2.3.3.0
2025-05-03 10:00:52,912 [WARN] PackLoader:240 - Cannot read IP mode file for STMicroelectronics.X-CUBE-NFC9.1.0.0
2025-05-03 10:00:52,941 [WARN] PackLoader:240 - Cannot read IP mode file for STMicroelectronics.X-CUBE-BLE1.7.1.0
2025-05-03 10:00:53,053 [WARN] PackLoader:240 - Cannot read IP mode file for STMicroelectronics.X-CUBE-MEMS1.11.2.0
2025-05-03 10:00:53,339 [WARN] PackLoader:240 - Cannot read IP mode file for STMicroelectronics.X-CUBE-AZRTOS-G0.1.1.0
2025-05-03 10:00:53,373 [WARN] PackLoader:240 - Cannot read IP mode file for STMicroelectronics.X-CUBE-SAFEA1.1.2.2
2025-05-03 10:00:53,404 [WARN] PackLoader:240 - Cannot read IP mode file for STMicroelectronics.X-CUBE-NFC4.3.0.0
2025-05-03 10:00:53,435 [WARN] PackLoader:240 - Cannot read IP mode file for EmbeddedOffice.I-CUBE-FS-RTOS.1.0.1
2025-05-03 10:00:53,436 [ERROR] ConditionMgr:805 - Attr not supported : Dmpu
2025-05-03 10:00:53,436 [ERROR] ConditionMgr:805 - Attr not supported : Dmpu
2025-05-03 10:00:53,436 [ERROR] ConditionMgr:805 - Attr not supported : Dmpu
2025-05-03 10:00:53,436 [ERROR] ConditionMgr:805 - Attr not supported : Dmpu
2025-05-03 10:00:53,436 [ERROR] ConditionMgr:805 - Attr not supported : Dmpu
2025-05-03 10:00:53,436 [ERROR] ConditionMgr:805 - Attr not supported : Dmpu
2025-05-03 10:00:53,437 [ERROR] ConditionMgr:805 - Attr not supported : Dmpu
2025-05-03 10:00:53,437 [ERROR] ConditionMgr:805 - Attr not supported : Dmpu
2025-05-03 10:00:53,437 [ERROR] ConditionMgr:805 - Attr not supported : Dmpu
2025-05-03 10:00:53,437 [ERROR] ConditionMgr:805 - Attr not supported : Dmpu
2025-05-03 10:00:53,437 [ERROR] ConditionMgr:805 - Attr not supported : Dmpu
2025-05-03 10:00:53,437 [ERROR] ConditionMgr:805 - Attr not supported : Dmpu
2025-05-03 10:00:53,437 [ERROR] ConditionMgr:805 - Attr not supported : Dmpu
2025-05-03 10:00:53,437 [ERROR] ConditionMgr:805 - Attr not supported : Dmpu
2025-05-03 10:00:53,437 [ERROR] ConditionMgr:805 - Attr not supported : Dmpu
2025-05-03 10:00:53,437 [ERROR] ConditionMgr:805 - Attr not supported : Dmpu
2025-05-03 10:00:53,438 [ERROR] ConditionMgr:805 - Attr not supported : Dmpu
2025-05-03 10:00:53,438 [ERROR] ConditionMgr:805 - Attr not supported : Dmpu
2025-05-03 10:00:53,438 [ERROR] ConditionMgr:805 - Attr not supported : Dmpu
2025-05-03 10:00:53,438 [ERROR] ConditionMgr:805 - Attr not supported : Dmpu
2025-05-03 10:00:53,438 [ERROR] ConditionMgr:805 - Attr not supported : Dmpu
2025-05-03 10:00:53,438 [ERROR] ConditionMgr:805 - Attr not supported : Dmpu
2025-05-03 10:00:53,438 [ERROR] ConditionMgr:805 - Attr not supported : Dmpu
2025-05-03 10:00:53,438 [ERROR] ConditionMgr:805 - Attr not supported : Dmpu
2025-05-03 10:00:53,439 [ERROR] ConditionMgr:805 - Attr not supported : Dmpu
2025-05-03 10:00:53,439 [ERROR] ConditionMgr:805 - Attr not supported : Dmpu
2025-05-03 10:00:53,439 [ERROR] ConditionMgr:805 - Attr not supported : Dmpu
2025-05-03 10:00:53,439 [ERROR] ConditionMgr:805 - Attr not supported : Dmpu
2025-05-03 10:00:53,439 [ERROR] ConditionMgr:805 - Attr not supported : Dmpu
2025-05-03 10:00:53,439 [ERROR] ConditionMgr:805 - Attr not supported : Dmpu
2025-05-03 10:00:53,439 [ERROR] ConditionMgr:805 - Attr not supported : Dmpu
2025-05-03 10:00:53,439 [ERROR] ConditionMgr:805 - Attr not supported : Dmpu
2025-05-03 10:00:53,439 [ERROR] ConditionMgr:805 - Attr not supported : Dmpu
2025-05-03 10:00:53,439 [ERROR] ConditionMgr:805 - Attr not supported : Dmpu
2025-05-03 10:00:53,439 [ERROR] ConditionMgr:805 - Attr not supported : Dmpu
2025-05-03 10:00:53,439 [ERROR] ConditionMgr:805 - Attr not supported : Dmpu
2025-05-03 10:00:53,441 [ERROR] ConditionMgr:805 - Attr not supported : Dmpu
2025-05-03 10:00:53,441 [ERROR] ConditionMgr:805 - Attr not supported : Dmpu
2025-05-03 10:00:53,441 [ERROR] ConditionMgr:805 - Attr not supported : Dmpu
2025-05-03 10:00:53,441 [ERROR] ConditionMgr:805 - Attr not supported : Dmpu
2025-05-03 10:00:53,441 [ERROR] ConditionMgr:805 - Attr not supported : Dmpu
2025-05-03 10:00:53,442 [ERROR] ConditionMgr:805 - Attr not supported : Dmpu
2025-05-03 10:00:53,442 [ERROR] ConditionMgr:805 - Attr not supported : Dmpu
2025-05-03 10:00:53,442 [ERROR] ConditionMgr:805 - Attr not supported : Dmpu
2025-05-03 10:00:53,442 [ERROR] ConditionMgr:805 - Attr not supported : Dmpu
2025-05-03 10:00:53,442 [ERROR] ConditionMgr:805 - Attr not supported : Dmpu
2025-05-03 10:00:53,442 [ERROR] ConditionMgr:805 - Attr not supported : Dmpu
2025-05-03 10:00:53,443 [ERROR] ConditionMgr:805 - Attr not supported : Dmpu
2025-05-03 10:00:53,443 [ERROR] ConditionMgr:805 - Attr not supported : Dmpu
2025-05-03 10:00:53,443 [ERROR] ConditionMgr:805 - Attr not supported : Dmpu
2025-05-03 10:00:53,443 [ERROR] ConditionMgr:805 - Attr not supported : Dmpu
2025-05-03 10:00:53,443 [ERROR] ConditionMgr:805 - Attr not supported : Dmpu
2025-05-03 10:00:53,444 [ERROR] ConditionMgr:805 - Attr not supported : Dmpu
2025-05-03 10:00:53,444 [ERROR] ConditionMgr:805 - Attr not supported : Dmpu
2025-05-03 10:00:53,444 [ERROR] ConditionMgr:805 - Attr not supported : Dmpu
2025-05-03 10:00:53,444 [ERROR] ConditionMgr:805 - Attr not supported : Dmpu
2025-05-03 10:00:53,444 [ERROR] ConditionMgr:805 - Attr not supported : Dmpu
2025-05-03 10:00:53,444 [ERROR] ConditionMgr:805 - Attr not supported : Dmpu
2025-05-03 10:00:53,444 [ERROR] ConditionMgr:805 - Attr not supported : Dmpu
2025-05-03 10:00:53,445 [ERROR] ConditionMgr:805 - Attr not supported : Dmpu
2025-05-03 10:00:53,445 [ERROR] ConditionMgr:805 - Attr not supported : Dmpu
2025-05-03 10:00:53,445 [ERROR] ConditionMgr:805 - Attr not supported : Dmpu
2025-05-03 10:00:53,445 [ERROR] ConditionMgr:805 - Attr not supported : Dmpu
2025-05-03 10:00:53,445 [ERROR] ConditionMgr:805 - Attr not supported : Dmpu
2025-05-03 10:00:53,476 [WARN] PackLoader:240 - Cannot read IP mode file for STMicroelectronics.X-CUBE-WB05N.2.0.0
2025-05-03 10:00:53,502 [ERROR] Engine:466 - C:\Users\kjeya\.stm32cubemx\thirdparties\pdsc\STMicroelectronics.X-CUBE-TCPP.4.2.0.pdsc: PDSC version is not supported
2025-05-03 10:00:53,530 [WARN] PackLoader:240 - Cannot read IP mode file for RealThread.X-CUBE-RT-Thread_Nano.4.1.1
2025-05-03 10:00:53,557 [WARN] PackLoader:240 - Cannot read IP mode file for STMicroelectronics.FP-ATR-SIGFOX1.3.2.0
2025-05-03 10:00:53,584 [WARN] ConditionMgr:438 - getConditionDescription Invalid condition id : Cortex-A Device cause : null
2025-05-03 10:00:53,631 [WARN] ConditionMgr:1039 - genDependencies : Invalid condition id : Cortex-A Device cause : null
2025-05-03 10:00:53,631 [WARN] ConditionMgr:1039 - genDependencies : Invalid condition id : Cortex-A Device cause : null
2025-05-03 10:00:53,631 [WARN] ConditionMgr:1039 - genDependencies : Invalid condition id : Cortex-A Device cause : null
2025-05-03 10:00:53,665 [WARN] PackLoader:240 - Cannot read IP mode file for STMicroelectronics.X-CUBE-EEPRMA1.5.1.0
2025-05-03 10:00:53,697 [WARN] PackLoader:240 - Cannot read IP mode file for wolfSSL.I-CUBE-wolfSSL.5.7.4
2025-05-03 10:00:53,730 [WARN] PackLoader:240 - Cannot read IP mode file for ITTIA_DB.I-CUBE-ITTIADB.8.9.0
2025-05-03 10:00:53,818 [WARN] PackLoader:240 - Cannot read IP mode file for SEGGER.I-CUBE-embOS.1.3.1
2025-05-03 10:00:53,919 [WARN] PackLoader:240 - Cannot read IP mode file for STMicroelectronics.X-CUBE-ALGOBUILD.1.4.0
2025-05-03 10:00:53,963 [WARN] PackLoader:240 - Cannot read IP mode file for STMicroelectronics.X-CUBE-AI.9.1.0
2025-05-03 10:00:54,023 [WARN] PackLoader:240 - Cannot read IP mode file for STMicroelectronics.X-CUBE-AZRTOS-F4.1.1.0
2025-05-03 10:00:54,053 [ERROR] Engine:466 - C:\Users\kjeya\.stm32cubemx\thirdparties\pdsc\Avnet-IotConnect.X-CUBE-IoTC-DA16k-PMOD.1.0.0.pdsc: PDSC version is not supported
2025-05-03 10:00:54,078 [WARN] PackLoader:240 - Cannot read IP mode file for STMicroelectronics.X-CUBE-ISPU.2.1.0
2025-05-03 10:00:54,145 [WARN] PackLoader:240 - Cannot read IP mode file for STMicroelectronics.X-CUBE-AZRTOS-L5.2.0.0
2025-05-03 10:00:54,190 [WARN] PackLoader:240 - Cannot read IP mode file for STMicroelectronics.X-CUBE-NFC6.3.1.0
2025-05-03 10:00:54,224 [WARN] PackLoader:240 - Cannot read IP mode file for STMicroelectronics.X-CUBE-DPower.1.2.0
2025-05-03 10:00:54,256 [WARN] PackLoader:240 - Cannot read IP mode file for STMicroelectronics.X-CUBE-FREERTOS.1.3.0
2025-05-03 10:00:54,288 [WARN] PackLoader:240 - Cannot read IP mode file for STMicroelectronics.X-CUBE-NFC7.1.0.1
2025-05-03 10:00:54,321 [WARN] PackLoader:240 - Cannot read IP mode file for STMicroelectronics.X-CUBE-DPower.1.3.0
2025-05-03 10:00:54,382 [WARN] ConditionMgr:438 - getConditionDescription Invalid condition id : LAN8742 Phy interface Condition cause : null
2025-05-03 10:00:54,384 [WARN] PackLoader:240 - Cannot read IP mode file for STMicroelectronics.X-CUBE-AZRTOS-L4.2.0.0
2025-05-03 10:00:54,386 [WARN] ConditionMgr:1039 - genDependencies : Invalid condition id : LAN8742 Phy interface Condition cause : null
2025-05-03 10:00:54,386 [WARN] ConditionMgr:1039 - genDependencies : Invalid condition id : LAN8742 Phy interface Condition cause : null
2025-05-03 10:00:54,388 [WARN] ConditionMgr:1039 - genDependencies : Invalid condition id : LAN8742 Phy interface Condition cause : null
2025-05-03 10:00:54,424 [WARN] PackLoader:240 - Cannot read IP mode file for STMicroelectronics.X-CUBE-SFXS2LP1.4.0.0
2025-05-03 10:00:54,493 [WARN] PackLoader:240 - Cannot read IP mode file for STMicroelectronics.X-CUBE-AZRTOS-H7.3.3.0
2025-05-03 10:00:54,535 [WARN] PackLoader:240 - Cannot read IP mode file for STMicroelectronics.X-CUBE-IPS.3.0.0
2025-05-03 10:00:54,587 [WARN] ConditionMgr:438 - getConditionDescription Invalid condition id : UX DEVICE CLASS RTOS Condition cause : null
2025-05-03 10:00:54,588 [WARN] ConditionMgr:438 - getConditionDescription Invalid condition id : UX DEVICE CLASS RTOS Condition cause : null
2025-05-03 10:00:54,592 [WARN] PackLoader:240 - Cannot read IP mode file for STMicroelectronics.X-CUBE-AZRTOS-WB.2.0.0
2025-05-03 10:00:54,593 [WARN] ConditionMgr:1039 - genDependencies : Invalid condition id : UX DEVICE CLASS RTOS Condition cause : null
2025-05-03 10:00:54,593 [WARN] ConditionMgr:1039 - genDependencies : Invalid condition id : UX DEVICE CLASS RTOS Condition cause : null
2025-05-03 10:00:54,594 [WARN] ConditionMgr:1039 - genDependencies : Invalid condition id : UX DEVICE CLASS RTOS Condition cause : null
2025-05-03 10:00:54,595 [WARN] ConditionMgr:1039 - genDependencies : Invalid condition id : UX DEVICE CLASS RTOS Condition cause : null
2025-05-03 10:00:54,595 [WARN] ConditionMgr:1039 - genDependencies : Invalid condition id : UX DEVICE CLASS RTOS Condition cause : null
2025-05-03 10:00:54,622 [WARN] PackLoader:240 - Cannot read IP mode file for STMicroelectronics.X-CUBE-GNSS1.7.0.1
2025-05-03 10:00:54,744 [WARN] PackLoader:240 - Cannot read IP mode file for STMicroelectronics.X-CUBE-TOUCHGFX.4.25.0
2025-05-03 10:00:54,780 [WARN] PackLoader:240 - Cannot read IP mode file for STMicroelectronics.FP-SNS-STBOX1.2.0.0
2025-05-03 10:00:54,824 [WARN] PackLoader:240 - Cannot read IP mode file for STMicroelectronics.X-CUBE-SUBG2.5.0.0
2025-05-03 10:00:54,892 [WARN] PackLoader:240 - Cannot read IP mode file for STMicroelectronics.X-CUBE-AZRTOS-H7RS.1.1.0
2025-05-03 10:00:54,967 [WARN] PackLoader:240 - Cannot read IP mode file for Cesanta.I-CUBE-Mongoose.7.13.0
2025-05-03 10:00:55,162 [WARN] PackLoader:240 - Cannot read IP mode file for STMicroelectronics.X-CUBE-AZRTOS-G4.2.0.0
2025-05-03 10:00:55,197 [WARN] PackLoader:240 - Cannot read IP mode file for STMicroelectronics.X-CUBE-NFC7.2.0.0
2025-05-03 10:00:55,229 [ERROR] Engine:466 - C:\Users\kjeya\.stm32cubemx\thirdparties\pdsc\STMicroelectronics.X-CUBE-IPS.3.1.0.pdsc: PDSC version is not supported
2025-05-03 10:00:55,262 [WARN] PackLoader:240 - Cannot read IP mode file for STMicroelectronics.X-CUBE-ALS.1.0.2
2025-05-03 10:00:55,294 [WARN] PackLoader:240 - Cannot read IP mode file for STMicroelectronics.X-CUBE-TOUCHGFX.4.24.0
2025-05-03 10:00:55,560 [WARN] PackLoader:240 - Cannot read IP mode file for STMicroelectronics.X-CUBE-TOUCHGFX.4.24.2
2025-05-03 10:00:55,756 [WARN] PackLoader:240 - Cannot read IP mode file for STMicroelectronics.X-CUBE-TOUCHGFX.4.24.1
2025-05-03 10:00:55,796 [WARN] PackLoader:240 - Cannot read IP mode file for wolfSSL.I-CUBE-wolfTPM.3.4.0
2025-05-03 10:00:55,837 [WARN] PackLoader:240 - Cannot read IP mode file for portGmbH.I-Cube-SoM-uGOAL.1.1.0
2025-05-03 10:00:55,915 [WARN] PackLoader:240 - Cannot read IP mode file for STMicroelectronics.X-CUBE-AZRTOS-H7RS.1.0.0
2025-05-03 10:00:55,976 [WARN] PackLoader:240 - Cannot read IP mode file for STMicroelectronics.X-CUBE-TOF1.3.4.2
2025-05-03 10:00:56,035 [ERROR] Engine:466 - C:\Users\kjeya\.stm32cubemx\thirdparties\pdsc\STMicroelectronics.X-CUBE-TOF1.3.4.3.pdsc: PDSC version is not supported
2025-05-03 10:00:56,070 [WARN] PackLoader:240 - Cannot read IP mode file for wolfSSL.I-CUBE-wolfSSH.1.4.17
2025-05-03 10:00:56,071 [INFO] ThirdParty:978 - Integrity check success = true
2025-05-03 10:00:56,072 [INFO] IntegrityCheckThread:100 - exiting critical section [integrity check]
2025-05-03 10:00:56,072 [INFO] IntegrityCheckThread:103 - End integrity checks thread
2025-05-03 10:00:56,226 [INFO] WebApp:167 - Instantiating new browser for Auth
2025-05-03 10:00:57,815 [INFO] WebApp:448 - Apply proxy settings
2025-05-03 10:00:57,817 [INFO] WebApp:533 - Chromium requires no authentication
2025-05-03 10:00:57,836 [INFO] WebApp:476 - Direct internet connection detected
2025-05-03 10:00:57,886 [INFO] WebApp:869 - Register for checkConnection events
2025-05-03 10:00:57,886 [INFO] WebApp:448 - Apply proxy settings
2025-05-03 10:00:57,887 [INFO] WebApp:533 - Chromium requires no authentication
2025-05-03 10:00:57,888 [INFO] WebApp:476 - Direct internet connection detected
2025-05-03 10:00:58,192 [INFO] WebApp:220 - Starting web application
2025-05-03 10:00:58,192 [INFO] WebApp:578 - Web application path used C:\ST\STM32CubeIDE_1.16.1\STM32CubeIDE\plugins\com.st.stm32cube.common.mx_6.12.1.202409122256\db\plugins\mcufinder\reactClient1\index.html
2025-05-03 10:00:58,496 [INFO] UserAuth:417 - Internet connection configuration mode: 1
2025-05-03 10:00:59,422 [INFO] WebApp:186 - Connection restablished
2025-05-03 10:22:22,414 [INFO] WebApp:189 - Connection lost
2025-05-03 10:22:22,842 [INFO] WebApp:186 - Connection restablished
2025-05-03 10:22:24,767 [INFO] WebApp:189 - Connection lost
2025-05-03 10:22:25,109 [INFO] WebApp:186 - Connection restablished
2025-05-03 10:34:16,248 [INFO] WebApp:189 - Connection lost
2025-05-03 10:34:16,681 [INFO] WebApp:186 - Connection restablished
2025-05-03 10:34:19,766 [INFO] WebApp:189 - Connection lost
2025-05-03 10:34:20,035 [INFO] WebApp:186 - Connection restablished
2025-05-03 10:49:11,535 [INFO] WebApp:189 - Connection lost
2025-05-03 11:45:48,539 [INFO] WebApp:186 - Connection restablished
2025-05-03 11:45:51,568 [INFO] WebApp:189 - Connection lost
2025-05-03 11:45:51,842 [INFO] WebApp:186 - Connection restablished
2025-05-03 11:45:54,767 [INFO] WebApp:189 - Connection lost
2025-05-03 11:45:55,024 [INFO] WebApp:186 - Connection restablished
2025-05-03 11:57:58,421 [INFO] WebApp:189 - Connection lost
2025-05-03 12:01:27,269 [INFO] WebApp:186 - Connection restablished
2025-05-03 13:24:46,910 [INFO] WebApp:189 - Connection lost
2025-05-03 14:37:19,909 [INFO] WebApp:186 - Connection restablished
2025-05-03 14:37:20,412 [INFO] WebApp:189 - Connection lost
2025-05-03 14:37:20,630 [INFO] WebApp:186 - Connection restablished
2025-05-03 17:31:53,867 [INFO] WebApp:189 - Connection lost
2025-05-03 17:34:08,459 [INFO] WebApp:186 - Connection restablished
2025-05-03 17:50:55,782 [INFO] WebApp:189 - Connection lost
2025-05-03 17:50:56,237 [INFO] WebApp:186 - Connection restablished
2025-05-03 18:31:49,980 [ERROR] LogOutputStream:75 - [STDERR_REDIRECT] 
