2025-04-11 22:16:25,410 [INFO] Activator:176 - 


2025-04-11 22:16:25,413 [INFO] Activator:177 - !SESSION log4j initialized
2025-04-11 22:16:30,711 [INFO] LogOutputStream:77 - [STDOUT_REDIRECT] 
2025-04-11 22:16:34,283 [INFO] ApplicationProperties:184 - Using Application install path: C:\ST\STM32CubeIDE_1.16.1\STM32CubeIDE\plugins\com.st.stm32cube.common.mx_6.12.1.202409122256
2025-04-11 22:16:34,311 [INFO] DbMcusXml:78 - Set database path to: C:\ST\STM32CubeIDE_1.16.1\STM32CubeIDE\plugins\com.st.stm32cube.common.mx_6.12.1.202409122256\\db\/mcu/
2025-04-11 22:16:34,311 [INFO] ApiDb:274 - Set plugin database path to: C:\ST\STM32CubeIDE_1.16.1\STM32CubeIDE\plugins\com.st.stm32cube.common.mx_6.12.1.202409122256\\db\/plugins/boardmanager/
2025-04-11 22:16:34,312 [WARN] ApiDb:259 - Overriding images path with different value:  => C:\ST\STM32CubeIDE_1.16.1\STM32CubeIDE\plugins\com.st.stm32cube.common.mx_6.12.1.202409122256\\db\/plugins/mcufinder/images/
2025-04-11 22:16:34,340 [INFO] ApiDb:250 - Set database path to: C:\Users\kjeya\.stmcufinder\plugins\mcufinder//mcu/
2025-04-11 22:16:34,342 [INFO] DbMcusAds:125 - Set database path to: C:\Users\kjeya\.stmcufinder\plugins\mcufinder//mcu/
2025-04-11 22:16:34,345 [INFO] CrossReferenceDbSqlite:203 - Set database path to: C:\Users\kjeya\.stmcufinder\plugins\mcufinder//mcu/cs/
2025-04-11 22:16:34,545 [INFO] RulesReader:64 - Compatibility file has been processed (297 Rules)
2025-04-11 22:16:34,680 [INFO] DbMcusXml:78 - Set database path to: C:\ST\STM32CubeIDE_1.16.1\STM32CubeIDE\plugins\com.st.stm32cube.common.mx_6.12.1.202409122256\\db\/mcu/
2025-04-11 22:16:34,681 [INFO] ApiDb:274 - Set plugin database path to: C:\ST\STM32CubeIDE_1.16.1\STM32CubeIDE\plugins\com.st.stm32cube.common.mx_6.12.1.202409122256\\db\/plugins/boardmanager/
2025-04-11 22:16:34,681 [INFO] ApiDb:261 - Set plugin images path to: C:\ST\STM32CubeIDE_1.16.1\STM32CubeIDE\plugins\com.st.stm32cube.common.mx_6.12.1.202409122256\\db\/plugins/mcufinder/images/
2025-04-11 22:16:34,682 [WARN] DbFile:41 - Overriding database path with different value: C:\Users\kjeya\.stmcufinder\plugins\mcufinder/ => C:\Users\kjeya\.stmcufinder\plugins\mcufinder
2025-04-11 22:16:34,682 [INFO] ApiDb:250 - Set database path to: C:\Users\kjeya\.stmcufinder\plugins\mcufinder//mcu/
2025-04-11 22:16:34,682 [WARN] DbFile:41 - Overriding database path with different value: C:\Users\kjeya\.stmcufinder\plugins\mcufinder/ => C:\Users\kjeya\.stmcufinder\plugins\mcufinder
2025-04-11 22:16:34,682 [INFO] DbMcusAds:125 - Set database path to: C:\Users\kjeya\.stmcufinder\plugins\mcufinder//mcu/
2025-04-11 22:16:34,682 [WARN] DbFile:41 - Overriding database path with different value: C:\Users\kjeya\.stmcufinder\plugins\mcufinder/ => C:\Users\kjeya\.stmcufinder\plugins\mcufinder
2025-04-11 22:16:34,682 [WARN] DbFile:41 - Overriding database path with different value: C:\Users\kjeya\.stmcufinder\plugins\mcufinder/ => C:\Users\kjeya\.stmcufinder\plugins\mcufinder
2025-04-11 22:16:34,683 [INFO] CrossReferenceDbSqlite:203 - Set database path to: C:\Users\kjeya\.stmcufinder\plugins\mcufinder//mcu/cs/
2025-04-11 22:16:34,837 [INFO] MainPanel:268 - HeapMemory: 268435456
2025-04-11 22:16:35,020 [INFO] DbMcusXml:78 - Set database path to: C:\ST\STM32CubeIDE_1.16.1\STM32CubeIDE\plugins\com.st.stm32cube.common.mx_6.12.1.202409122256\\db\/mcu/
2025-04-11 22:16:35,020 [INFO] ApiDb:274 - Set plugin database path to: C:\ST\STM32CubeIDE_1.16.1\STM32CubeIDE\plugins\com.st.stm32cube.common.mx_6.12.1.202409122256\\db\/plugins/boardmanager/
2025-04-11 22:16:35,020 [INFO] ApiDb:261 - Set plugin images path to: C:\ST\STM32CubeIDE_1.16.1\STM32CubeIDE\plugins\com.st.stm32cube.common.mx_6.12.1.202409122256\\db\/plugins/mcufinder/images/
2025-04-11 22:16:35,020 [WARN] DbFile:41 - Overriding database path with different value: C:\Users\kjeya\.stmcufinder\plugins\mcufinder/ => C:\Users\kjeya\.stmcufinder\plugins\mcufinder
2025-04-11 22:16:35,021 [INFO] ApiDb:250 - Set database path to: C:\Users\kjeya\.stmcufinder\plugins\mcufinder//mcu/
2025-04-11 22:16:35,021 [WARN] DbFile:41 - Overriding database path with different value: C:\Users\kjeya\.stmcufinder\plugins\mcufinder/ => C:\Users\kjeya\.stmcufinder\plugins\mcufinder
2025-04-11 22:16:35,021 [INFO] DbMcusAds:125 - Set database path to: C:\Users\kjeya\.stmcufinder\plugins\mcufinder//mcu/
2025-04-11 22:16:35,021 [WARN] DbFile:41 - Overriding database path with different value: C:\Users\kjeya\.stmcufinder\plugins\mcufinder/ => C:\Users\kjeya\.stmcufinder\plugins\mcufinder
2025-04-11 22:16:35,021 [WARN] DbFile:41 - Overriding database path with different value: C:\Users\kjeya\.stmcufinder\plugins\mcufinder/ => C:\Users\kjeya\.stmcufinder\plugins\mcufinder
2025-04-11 22:16:35,021 [INFO] CrossReferenceDbSqlite:203 - Set database path to: C:\Users\kjeya\.stmcufinder\plugins\mcufinder//mcu/cs/
2025-04-11 22:16:35,055 [INFO] ApplicationProperties:184 - Using Application install path: C:\ST\STM32CubeIDE_1.16.1\STM32CubeIDE\plugins\com.st.stm32cube.common.mx_6.12.1.202409122256
2025-04-11 22:16:35,057 [INFO] PluginManage:196 - Search for loadable plugins [exclusion list=, ]
2025-04-11 22:16:35,060 [INFO] PluginManage:310 - Check plugin analytics
2025-04-11 22:16:35,484 [INFO] AnalyticsPlugin:253 - Accepted Software Licenses: STM32CubeMX.6.11.1,STM32CubeMX.6.13.0
2025-04-11 22:16:35,485 [INFO] AnalyticsPlugin:255 - Accepted CMSIS Pack Licenses: STMicroelectronics.X-CUBE-TOUCHGFX.4.24.0,WES.I-CUBE-Cesium.1.3.0,STMicroelectronics.X-CUBE-TOUCHGFX.4.24.2
2025-04-11 22:16:35,486 [INFO] AnalyticsPlugin:257 - Accepted Firmware Licenses: FW.F4.1.28.0,FW.L4.1.18.0,FW.WL.1.3.0,FW.H7.1.11.0,FW.H7.1.12.0
2025-04-11 22:16:35,493 [INFO] PluginManage:359 - Loaded plugin analytics (category:tool,tabindex:-1)
2025-04-11 22:16:35,494 [INFO] PluginManage:310 - Check plugin cadmodel
2025-04-11 22:16:35,528 [INFO] CADModel:105 - Init CAD model plugin
2025-04-11 22:16:35,528 [INFO] PluginManage:359 - Loaded plugin cadmodel (category:power,tabindex:5)
2025-04-11 22:16:35,528 [INFO] PluginManage:310 - Check plugin clock
2025-04-11 22:16:35,574 [INFO] PluginManage:359 - Loaded plugin clock (category:base,tabindex:2)
2025-04-11 22:16:35,574 [INFO] PluginManage:310 - Check plugin ddr
2025-04-11 22:16:35,578 [INFO] PluginManage:359 - Loaded plugin ddr (category:tool,tabindex:6)
2025-04-11 22:16:35,578 [INFO] PluginManage:310 - Check plugin filemanager
2025-04-11 22:16:35,891 [INFO] PluginManage:359 - Loaded plugin filemanager (category:base,tabindex:10)
2025-04-11 22:16:35,891 [INFO] PluginManage:310 - Check plugin ipmanager
2025-04-11 22:16:35,910 [INFO] PluginManage:359 - Loaded plugin ipmanager (category:base,tabindex:5)
2025-04-11 22:16:35,910 [INFO] PluginManage:310 - Check plugin lpbam
2025-04-11 22:16:35,971 [INFO] PluginManage:359 - Loaded plugin lpbam (category:base,tabindex:0)
2025-04-11 22:16:35,971 [INFO] PluginManage:310 - Check plugin memorymap
2025-04-11 22:16:36,021 [INFO] PluginManage:359 - Loaded plugin memorymap (category:base,tabindex:4)
2025-04-11 22:16:36,021 [INFO] PluginManage:310 - Check plugin pinoutandconfiguration
2025-04-11 22:16:36,061 [INFO] PluginManage:359 - Loaded plugin pinoutandconfiguration (category:base,tabindex:1)
2025-04-11 22:16:36,062 [INFO] PluginManage:310 - Check plugin pinoutconfig
2025-04-11 22:16:36,287 [WARN] SupportedApi:132 - Cannot load RTOS API schema: s4s-elt-must-match.1: The content of 'definitions' must match (annotation?, (simpleType | complexType)?, (unique | key | keyref)*)). A problem was found starting at: attribute.
2025-04-11 22:16:36,564 [INFO] PluginManage:359 - Loaded plugin pinoutconfig (category:base,tabindex:0)
2025-04-11 22:16:36,564 [INFO] PluginManage:310 - Check plugin power
2025-04-11 22:16:36,606 [INFO] PluginManage:359 - Loaded plugin power (category:power,tabindex:4)
2025-04-11 22:16:36,606 [INFO] PluginManage:310 - Check plugin projectmanager
2025-04-11 22:16:36,636 [INFO] PluginManage:359 - Loaded plugin projectmanager (category:projectmanager,tabindex:4)
2025-04-11 22:16:36,636 [INFO] PluginManage:310 - Check plugin rif
2025-04-11 22:16:36,670 [INFO] PluginManage:359 - Loaded plugin rif (category:base,tabindex:3)
2025-04-11 22:16:36,670 [INFO] PluginManage:310 - Check plugin thirdparty
2025-04-11 22:16:37,124 [INFO] PluginManage:359 - Loaded plugin thirdparty (category:base,tabindex:-1)
2025-04-11 22:16:37,124 [WARN] IntegrityCheckThread:84 - waiting for thirdparty lock release [integrity check]
2025-04-11 22:16:37,124 [INFO] IntegrityCheckThread:86 - entering critical section [integrity check]
2025-04-11 22:16:37,124 [INFO] PluginManage:310 - Check plugin tools
2025-04-11 22:16:37,126 [INFO] ThirdPartyUpdaterWithRetryManager:70 - Updater plugin not ready yet. [1/15]
2025-04-11 22:16:37,190 [INFO] PluginManage:359 - Loaded plugin tools (category:base,tabindex:7)
2025-04-11 22:16:37,190 [INFO] PluginManage:310 - Check plugin tutovideos
2025-04-11 22:16:37,557 [INFO] PluginManage:359 - Loaded plugin tutovideos (category:base,tabindex:-1)
2025-04-11 22:16:37,557 [INFO] PluginManage:310 - Check plugin updater
2025-04-11 22:16:37,589 [INFO] PluginManage:359 - Loaded plugin updater (category:base,tabindex:12)
2025-04-11 22:16:37,589 [INFO] PluginManage:310 - Check plugin userauth
2025-04-11 22:16:37,601 [INFO] UserAuth:113 - Init User Auth plugin
2025-04-11 22:16:37,601 [INFO] PluginManage:359 - Loaded plugin userauth (category:base,tabindex:14)
2025-04-11 22:16:37,603 [INFO] PluginManage:283 - PluginManage : Loaded plugins [18]
2025-04-11 22:16:38,001 [INFO] PinOutPanel:1561 - setPackage(No Configuration,No Configuration)
2025-04-11 22:16:38,158 [INFO] CADModel:165 - CPN selected for project level
2025-04-11 22:16:38,159 [INFO] CADModel:114 - Register for checkConnection events
2025-04-11 22:16:38,207 [INFO] IPUIPlugin:80 - create IPUIPlugin
2025-04-11 22:16:38,208 [INFO] PluginManager:220 - loadIPPluginJar : add adc
2025-04-11 22:16:38,276 [INFO] IPUIPlugin:80 - create IPUIPlugin
2025-04-11 22:16:38,277 [INFO] PluginManager:220 - loadIPPluginJar : add aes
2025-04-11 22:16:38,342 [INFO] IPUIPlugin:80 - create IPUIPlugin
2025-04-11 22:16:38,343 [INFO] PluginManager:220 - loadIPPluginJar : add can
2025-04-11 22:16:38,387 [INFO] IPUIPlugin:80 - create IPUIPlugin
2025-04-11 22:16:38,387 [INFO] PluginManager:220 - loadIPPluginJar : add comp
2025-04-11 22:16:38,445 [INFO] IPUIPlugin:80 - create IPUIPlugin
2025-04-11 22:16:38,445 [INFO] PluginManager:220 - loadIPPluginJar : add cryp
2025-04-11 22:16:38,468 [INFO] IPUIPlugin:80 - create IPUIPlugin
2025-04-11 22:16:38,468 [INFO] PluginManager:220 - loadIPPluginJar : add ddr_ctrl_phy
2025-04-11 22:16:38,540 [INFO] IPUIPlugin:80 - create IPUIPlugin
2025-04-11 22:16:38,541 [INFO] PluginManager:220 - loadIPPluginJar : add dfsdm
2025-04-11 22:16:38,571 [INFO] IPUIPlugin:80 - create IPUIPlugin
2025-04-11 22:16:38,572 [INFO] PluginManager:220 - loadIPPluginJar : add dma
2025-04-11 22:16:38,661 [INFO] IPUIPlugin:80 - create IPUIPlugin
2025-04-11 22:16:38,661 [INFO] PluginManager:220 - loadIPPluginJar : add dma3
2025-04-11 22:16:38,752 [INFO] IPUIPlugin:80 - create IPUIPlugin
2025-04-11 22:16:38,752 [INFO] PluginManager:220 - loadIPPluginJar : add extmemmanager
2025-04-11 22:16:38,796 [INFO] IPUIPlugin:80 - create IPUIPlugin
2025-04-11 22:16:38,796 [INFO] PluginManager:220 - loadIPPluginJar : add fatfs
2025-04-11 22:16:38,876 [INFO] IPUIPlugin:80 - create IPUIPlugin
2025-04-11 22:16:38,876 [INFO] PluginManager:220 - loadIPPluginJar : add fmc
2025-04-11 22:16:38,904 [INFO] IPUIPlugin:80 - create IPUIPlugin
2025-04-11 22:16:38,905 [INFO] PluginManager:220 - loadIPPluginJar : add freertos
2025-04-11 22:16:38,940 [INFO] IPUIPlugin:80 - create IPUIPlugin
2025-04-11 22:16:38,940 [INFO] PluginManager:220 - loadIPPluginJar : add genericplugin
2025-04-11 22:16:39,093 [INFO] IPUIPlugin:80 - create IPUIPlugin
2025-04-11 22:16:39,093 [INFO] PluginManager:220 - loadIPPluginJar : add gfxmmu
2025-04-11 22:16:39,311 [INFO] IPUIPlugin:80 - create IPUIPlugin
2025-04-11 22:16:39,311 [INFO] PluginManager:220 - loadIPPluginJar : add gic
2025-04-11 22:16:39,335 [INFO] IPUIPlugin:80 - create IPUIPlugin
2025-04-11 22:16:39,335 [INFO] PluginManager:220 - loadIPPluginJar : add gpio
2025-04-11 22:16:39,488 [INFO] IPUIPlugin:80 - create IPUIPlugin
2025-04-11 22:16:39,489 [INFO] PluginManager:220 - loadIPPluginJar : add gtzc
2025-04-11 22:16:39,550 [INFO] IPUIPlugin:80 - create IPUIPlugin
2025-04-11 22:16:39,551 [INFO] PluginManager:220 - loadIPPluginJar : add hash
2025-04-11 22:16:39,639 [INFO] IPUIPlugin:80 - create IPUIPlugin
2025-04-11 22:16:39,640 [INFO] PluginManager:220 - loadIPPluginJar : add i2c
2025-04-11 22:16:39,707 [INFO] IPUIPlugin:80 - create IPUIPlugin
2025-04-11 22:16:39,707 [INFO] PluginManager:220 - loadIPPluginJar : add i2s
2025-04-11 22:16:39,773 [INFO] IPUIPlugin:80 - create IPUIPlugin
2025-04-11 22:16:39,773 [INFO] PluginManager:220 - loadIPPluginJar : add i3c
2025-04-11 22:16:39,941 [INFO] IPUIPlugin:80 - create IPUIPlugin
2025-04-11 22:16:39,941 [INFO] PluginManager:220 - loadIPPluginJar : add ipddr
2025-04-11 22:16:40,103 [INFO] IPUIPlugin:80 - create IPUIPlugin
2025-04-11 22:16:40,103 [INFO] PluginManager:220 - loadIPPluginJar : add linkedlist
2025-04-11 22:16:40,126 [INFO] ThirdPartyUpdaterWithRetryManager:70 - Updater plugin not ready yet. [2/15]
2025-04-11 22:16:40,161 [INFO] IPUIPlugin:80 - create IPUIPlugin
2025-04-11 22:16:40,162 [INFO] PluginManager:220 - loadIPPluginJar : add lorawan
2025-04-11 22:16:40,218 [INFO] IPUIPlugin:80 - create IPUIPlugin
2025-04-11 22:16:40,218 [INFO] PluginManager:220 - loadIPPluginJar : add ltdc
2025-04-11 22:16:40,240 [INFO] IPUIPlugin:80 - create IPUIPlugin
2025-04-11 22:16:40,240 [INFO] PluginManager:220 - loadIPPluginJar : add mdma
2025-04-11 22:16:40,258 [INFO] IPUIPlugin:80 - create IPUIPlugin
2025-04-11 22:16:40,258 [INFO] PluginManager:220 - loadIPPluginJar : add nvic
2025-04-11 22:16:40,319 [INFO] IPUIPlugin:80 - create IPUIPlugin
2025-04-11 22:16:40,320 [INFO] PluginManager:220 - loadIPPluginJar : add opamp
2025-04-11 22:16:40,422 [INFO] IPUIPlugin:80 - create IPUIPlugin
2025-04-11 22:16:40,423 [INFO] PluginManager:220 - loadIPPluginJar : add openamp
2025-04-11 22:16:40,496 [INFO] IPUIPlugin:80 - create IPUIPlugin
2025-04-11 22:16:40,496 [INFO] PluginManager:220 - loadIPPluginJar : add pdm2pcm
2025-04-11 22:16:40,519 [INFO] IPUIPlugin:80 - create IPUIPlugin
2025-04-11 22:16:40,521 [INFO] PluginManager:220 - loadIPPluginJar : add plateformsettings
2025-04-11 22:16:40,559 [INFO] IPUIPlugin:80 - create IPUIPlugin
2025-04-11 22:16:40,560 [INFO] PluginManager:220 - loadIPPluginJar : add quadspi
2025-04-11 22:16:40,602 [INFO] IPUIPlugin:80 - create IPUIPlugin
2025-04-11 22:16:40,603 [INFO] PluginManager:220 - loadIPPluginJar : add radio
2025-04-11 22:16:40,624 [INFO] IPUIPlugin:80 - create IPUIPlugin
2025-04-11 22:16:40,624 [INFO] PluginManager:220 - loadIPPluginJar : add resmgrutility
2025-04-11 22:16:40,700 [INFO] IPUIPlugin:80 - create IPUIPlugin
2025-04-11 22:16:40,701 [INFO] PluginManager:220 - loadIPPluginJar : add sai
2025-04-11 22:16:40,763 [INFO] IPUIPlugin:80 - create IPUIPlugin
2025-04-11 22:16:40,763 [INFO] PluginManager:220 - loadIPPluginJar : add spi
2025-04-11 22:16:40,877 [INFO] IPUIPlugin:80 - create IPUIPlugin
2025-04-11 22:16:40,877 [INFO] PluginManager:220 - loadIPPluginJar : add stm32_wpan
2025-04-11 22:16:40,923 [INFO] IPUIPlugin:80 - create IPUIPlugin
2025-04-11 22:16:40,923 [INFO] PluginManager:220 - loadIPPluginJar : add tim
2025-04-11 22:16:41,021 [INFO] IPUIPlugin:80 - create IPUIPlugin
2025-04-11 22:16:41,021 [INFO] PluginManager:220 - loadIPPluginJar : add touchsensing
2025-04-11 22:16:41,064 [INFO] IPUIPlugin:80 - create IPUIPlugin
2025-04-11 22:16:41,065 [INFO] PluginManager:220 - loadIPPluginJar : add tracer_emb
2025-04-11 22:16:41,108 [INFO] IPUIPlugin:80 - create IPUIPlugin
2025-04-11 22:16:41,108 [INFO] PluginManager:220 - loadIPPluginJar : add ts
2025-04-11 22:16:41,150 [INFO] IPUIPlugin:80 - create IPUIPlugin
2025-04-11 22:16:41,151 [INFO] PluginManager:220 - loadIPPluginJar : add tsc
2025-04-11 22:16:41,188 [INFO] IPUIPlugin:80 - create IPUIPlugin
2025-04-11 22:16:41,188 [INFO] PluginManager:220 - loadIPPluginJar : add ucpd
2025-04-11 22:16:41,260 [INFO] IPUIPlugin:80 - create IPUIPlugin
2025-04-11 22:16:41,260 [INFO] PluginManager:220 - loadIPPluginJar : add usart
2025-04-11 22:16:41,333 [INFO] IPUIPlugin:80 - create IPUIPlugin
2025-04-11 22:16:41,333 [INFO] PluginManager:220 - loadIPPluginJar : add usbx
2025-04-11 22:16:41,488 [INFO] CADModel:165 - CPN selected for project level
2025-04-11 22:16:41,489 [INFO] CADModel:114 - Register for checkConnection events
2025-04-11 22:16:41,490 [FATAL] Updater:334 - Updater called before beeing initialized
2025-04-11 22:16:41,490 [ERROR] CADModel:125 - Updater not yet initialized, retry later 
2025-04-11 22:16:41,722 [INFO] CADModel:165 - CPN selected for project level
2025-04-11 22:16:41,722 [INFO] CADModel:114 - Register for checkConnection events
2025-04-11 22:16:41,722 [FATAL] Updater:334 - Updater called before beeing initialized
2025-04-11 22:16:41,722 [ERROR] CADModel:125 - Updater not yet initialized, retry later 
2025-04-11 22:16:41,728 [FATAL] Updater:334 - Updater called before beeing initialized
2025-04-11 22:16:41,914 [FATAL] Updater:334 - Updater called before beeing initialized
2025-04-11 22:16:41,929 [INFO] DbMcusAds:53 - JSON generation date=Thu Mar 06 20:24:21 IST 2025 (1741272861825)
2025-04-11 22:16:41,930 [FATAL] Updater:334 - Updater called before beeing initialized
2025-04-11 22:16:41,990 [WARN] DetailPanel:346 - Failed to get advertising image, set to default
2025-04-11 22:16:42,095 [FATAL] Updater:334 - Updater called before beeing initialized
2025-04-11 22:16:42,098 [FATAL] Updater:334 - Updater called before beeing initialized
2025-04-11 22:16:42,098 [FATAL] Updater:334 - Updater called before beeing initialized
2025-04-11 22:16:42,098 [WARN] DetailPanel:346 - Failed to get advertising image, set to default
2025-04-11 22:16:42,100 [FATAL] Updater:334 - Updater called before beeing initialized
2025-04-11 22:16:42,184 [ERROR] Updater:1164 - MainUpdater not yet initialized. External WinMGr cannot be set.
2025-04-11 22:16:42,201 [INFO] Updater:1100 - Updater Version found : 6.12.1
2025-04-11 22:16:42,225 [INFO] ApplicationProperties:184 - Using Application install path: C:\ST\STM32CubeIDE_1.16.1\STM32CubeIDE\plugins\com.st.stm32cube.common.mx_6.12.1.202409122256
2025-04-11 22:16:43,129 [INFO] ThirdPartyUpdaterWithRetryManager:70 - Updater plugin not ready yet. [3/15]
2025-04-11 22:16:43,825 [ERROR] LogOutputStream:75 - [STDERR_REDIRECT] Apr 11, 2025 10:16:43 PM java.util.prefs.WindowsPreferences <init>
2025-04-11 22:16:43,829 [ERROR] LogOutputStream:75 - [STDERR_REDIRECT] WARNING: Could not open/create prefs root node Software\JavaSoft\Prefs at root 0xffffffff80000002. Windows RegCreateKeyEx(...) returned error code 5.
2025-04-11 22:16:43,830 [ERROR] LogOutputStream:75 - [STDERR_REDIRECT] 
2025-04-11 22:16:44,880 [INFO] MainUpdater:2873 - connection check result : 10
2025-04-11 22:16:44,882 [INFO] MainUpdater:290 - Updater Check For Update Now.
2025-04-11 22:16:44,882 [INFO] MicroXplorer:498 - Change Database Version : DB.6.0.121
2025-04-11 22:16:44,924 [INFO] McuFinderGlobals:63 - Set McuFinder mode to 2 (CubeIDE integrated)
2025-04-11 22:16:44,924 [INFO] McuFinderGlobals:63 - Set McuFinder mode to 2 (CubeIDE integrated)
2025-04-11 22:16:44,943 [INFO] UserAuth:417 - Internet connection configuration mode: 1
2025-04-11 22:16:44,945 [INFO] UserAuth:417 - Internet connection configuration mode: 1
2025-04-11 22:16:45,018 [INFO] JxBrowserEngine:152 - Initiate JxBrowser Engine with user profile folder
2025-04-11 22:16:45,234 [INFO] CheckServerUpdateThread:120 - End of CheckServer Thread
2025-04-11 22:16:46,601 [WARN] PackLoader:240 - Cannot read IP mode file for STMicroelectronics.FP-SNS-MOTENVWB1.1.4.0
2025-04-11 22:16:46,633 [WARN] PackLoader:240 - Cannot read IP mode file for STMicroelectronics.FP-ATR-ASTRA1.2.0.2
2025-04-11 22:16:46,651 [WARN] PackLoader:240 - Cannot read IP mode file for STMicroelectronics.FP-ATR-ASTRA1.2.0.1
2025-04-11 22:16:46,675 [WARN] PackLoader:240 - Cannot read IP mode file for STMicroelectronics.X-CUBE-SMBUS.2.1.0
2025-04-11 22:16:46,707 [WARN] PackLoader:240 - Cannot read IP mode file for STMicroelectronics.X-CUBE-WB05N.1.1.0
2025-04-11 22:16:46,815 [WARN] PackLoader:240 - Cannot read IP mode file for STMicroelectronics.X-CUBE-AZRTOS-F7.1.1.0
2025-04-11 22:16:46,858 [WARN] PackLoader:240 - Cannot read IP mode file for STMicroelectronics.FP-SNS-FLIGHT1.5.0.2
2025-04-11 22:16:46,971 [WARN] PackLoader:240 - Cannot read IP mode file for Infineon.AIROC-Wi-Fi-Bluetooth-STM32.1.7.0
2025-04-11 22:16:47,028 [WARN] PackLoader:240 - Cannot read IP mode file for STMicroelectronics.X-CUBE-DISPLAY.3.0.0
2025-04-11 22:16:47,073 [WARN] PackLoader:240 - Cannot read IP mode file for STMicroelectronics.X-CUBE-BLE1.7.0.0
2025-04-11 22:16:47,111 [WARN] PackLoader:240 - Cannot read IP mode file for STMicroelectronics.X-CUBE-NFC10.1.0.0
2025-04-11 22:16:47,155 [WARN] PackLoader:240 - Cannot read IP mode file for STMicroelectronics.X-CUBE-BLEMGR.4.0.0
2025-04-11 22:16:47,191 [WARN] PackLoader:240 - Cannot read IP mode file for emotas.I-CUBE-CANOPEN.1.3.0
2025-04-11 22:16:47,216 [WARN] PackLoader:240 - Cannot read IP mode file for STMicroelectronics.X-CUBE-AI.10.0.0
2025-04-11 22:16:47,244 [WARN] PackLoader:240 - Cannot read IP mode file for STMicroelectronics.FP-SNS-SMARTAG2.1.2.0
2025-04-11 22:16:47,270 [ERROR] Engine:466 - C:\Users\kjeya\.stm32cubemx\thirdparties\pdsc\STMicroelectronics.FP-SNS-FLIGHT1.5.1.0.pdsc: PDSC version is not supported
2025-04-11 22:16:47,385 [WARN] PackLoader:240 - Cannot read IP mode file for STMicroelectronics.X-CUBE-MEMS1.11.1.0
2025-04-11 22:16:47,695 [INFO] LogOutputStream:77 - [STDOUT_REDIRECT] 1 : Invalid condition id : UX_CORESTACK_Condition cause : null
2025-04-11 22:16:47,696 [INFO] LogOutputStream:77 - [STDOUT_REDIRECT] 1 : Invalid condition id : UX_CORESTACK_Condition cause : null
2025-04-11 22:16:47,700 [INFO] LogOutputStream:77 - [STDOUT_REDIRECT] 1 : Invalid condition id : UX_CORESTACK_Condition cause : null
2025-04-11 22:16:47,705 [INFO] LogOutputStream:77 - [STDOUT_REDIRECT] 1 : Invalid condition id : UX_CORESTACK_Condition cause : null
2025-04-11 22:16:47,707 [INFO] LogOutputStream:77 - [STDOUT_REDIRECT] 1 : Invalid condition id : UX_CORESTACK_Condition cause : null
2025-04-11 22:16:47,711 [WARN] PackLoader:240 - Cannot read IP mode file for STMicroelectronics.X-CUBE-AZRTOS-WL.2.0.0
2025-04-11 22:16:47,742 [WARN] PackLoader:240 - Cannot read IP mode file for STMicroelectronics.FP-SNS-MOTENV1.5.0.0
2025-04-11 22:16:47,773 [WARN] PackLoader:240 - Cannot read IP mode file for wolfSSL.I-CUBE-wolfMQTT.1.19.0
2025-04-11 22:16:47,813 [WARN] PackLoader:240 - Cannot read IP mode file for WES.I-CUBE-Cesium.1.3.0
2025-04-11 22:16:48,003 [WARN] PackLoader:240 - Cannot read IP mode file for STMicroelectronics.X-CUBE-BLE2.3.3.0
2025-04-11 22:16:48,040 [WARN] PackLoader:240 - Cannot read IP mode file for STMicroelectronics.X-CUBE-NFC9.1.0.0
2025-04-11 22:16:48,075 [WARN] PackLoader:240 - Cannot read IP mode file for STMicroelectronics.X-CUBE-BLE1.7.1.0
2025-04-11 22:16:48,137 [WARN] PackLoader:240 - Cannot read IP mode file for STMicroelectronics.X-CUBE-AZRTOS-G0.1.1.0
2025-04-11 22:16:48,173 [WARN] PackLoader:240 - Cannot read IP mode file for STMicroelectronics.X-CUBE-SAFEA1.1.2.2
2025-04-11 22:16:48,204 [WARN] PackLoader:240 - Cannot read IP mode file for STMicroelectronics.X-CUBE-NFC4.3.0.0
2025-04-11 22:16:48,242 [WARN] PackLoader:240 - Cannot read IP mode file for EmbeddedOffice.I-CUBE-FS-RTOS.1.0.1
2025-04-11 22:16:48,242 [ERROR] ConditionMgr:805 - Attr not supported : Dmpu
2025-04-11 22:16:48,242 [ERROR] ConditionMgr:805 - Attr not supported : Dmpu
2025-04-11 22:16:48,244 [ERROR] ConditionMgr:805 - Attr not supported : Dmpu
2025-04-11 22:16:48,244 [ERROR] ConditionMgr:805 - Attr not supported : Dmpu
2025-04-11 22:16:48,244 [ERROR] ConditionMgr:805 - Attr not supported : Dmpu
2025-04-11 22:16:48,244 [ERROR] ConditionMgr:805 - Attr not supported : Dmpu
2025-04-11 22:16:48,244 [ERROR] ConditionMgr:805 - Attr not supported : Dmpu
2025-04-11 22:16:48,244 [ERROR] ConditionMgr:805 - Attr not supported : Dmpu
2025-04-11 22:16:48,244 [ERROR] ConditionMgr:805 - Attr not supported : Dmpu
2025-04-11 22:16:48,245 [ERROR] ConditionMgr:805 - Attr not supported : Dmpu
2025-04-11 22:16:48,245 [ERROR] ConditionMgr:805 - Attr not supported : Dmpu
2025-04-11 22:16:48,245 [ERROR] ConditionMgr:805 - Attr not supported : Dmpu
2025-04-11 22:16:48,245 [ERROR] ConditionMgr:805 - Attr not supported : Dmpu
2025-04-11 22:16:48,245 [ERROR] ConditionMgr:805 - Attr not supported : Dmpu
2025-04-11 22:16:48,245 [ERROR] ConditionMgr:805 - Attr not supported : Dmpu
2025-04-11 22:16:48,246 [ERROR] ConditionMgr:805 - Attr not supported : Dmpu
2025-04-11 22:16:48,246 [ERROR] ConditionMgr:805 - Attr not supported : Dmpu
2025-04-11 22:16:48,246 [ERROR] ConditionMgr:805 - Attr not supported : Dmpu
2025-04-11 22:16:48,246 [ERROR] ConditionMgr:805 - Attr not supported : Dmpu
2025-04-11 22:16:48,246 [ERROR] ConditionMgr:805 - Attr not supported : Dmpu
2025-04-11 22:16:48,246 [ERROR] ConditionMgr:805 - Attr not supported : Dmpu
2025-04-11 22:16:48,246 [ERROR] ConditionMgr:805 - Attr not supported : Dmpu
2025-04-11 22:16:48,246 [ERROR] ConditionMgr:805 - Attr not supported : Dmpu
2025-04-11 22:16:48,247 [ERROR] ConditionMgr:805 - Attr not supported : Dmpu
2025-04-11 22:16:48,247 [ERROR] ConditionMgr:805 - Attr not supported : Dmpu
2025-04-11 22:16:48,247 [ERROR] ConditionMgr:805 - Attr not supported : Dmpu
2025-04-11 22:16:48,247 [ERROR] ConditionMgr:805 - Attr not supported : Dmpu
2025-04-11 22:16:48,247 [ERROR] ConditionMgr:805 - Attr not supported : Dmpu
2025-04-11 22:16:48,247 [ERROR] ConditionMgr:805 - Attr not supported : Dmpu
2025-04-11 22:16:48,247 [ERROR] ConditionMgr:805 - Attr not supported : Dmpu
2025-04-11 22:16:48,248 [ERROR] ConditionMgr:805 - Attr not supported : Dmpu
2025-04-11 22:16:48,248 [ERROR] ConditionMgr:805 - Attr not supported : Dmpu
2025-04-11 22:16:48,248 [ERROR] ConditionMgr:805 - Attr not supported : Dmpu
2025-04-11 22:16:48,248 [ERROR] ConditionMgr:805 - Attr not supported : Dmpu
2025-04-11 22:16:48,248 [ERROR] ConditionMgr:805 - Attr not supported : Dmpu
2025-04-11 22:16:48,248 [ERROR] ConditionMgr:805 - Attr not supported : Dmpu
2025-04-11 22:16:48,248 [ERROR] ConditionMgr:805 - Attr not supported : Dmpu
2025-04-11 22:16:48,249 [ERROR] ConditionMgr:805 - Attr not supported : Dmpu
2025-04-11 22:16:48,249 [ERROR] ConditionMgr:805 - Attr not supported : Dmpu
2025-04-11 22:16:48,249 [ERROR] ConditionMgr:805 - Attr not supported : Dmpu
2025-04-11 22:16:48,249 [ERROR] ConditionMgr:805 - Attr not supported : Dmpu
2025-04-11 22:16:48,249 [ERROR] ConditionMgr:805 - Attr not supported : Dmpu
2025-04-11 22:16:48,249 [ERROR] ConditionMgr:805 - Attr not supported : Dmpu
2025-04-11 22:16:48,250 [ERROR] ConditionMgr:805 - Attr not supported : Dmpu
2025-04-11 22:16:48,250 [ERROR] ConditionMgr:805 - Attr not supported : Dmpu
2025-04-11 22:16:48,250 [ERROR] ConditionMgr:805 - Attr not supported : Dmpu
2025-04-11 22:16:48,250 [ERROR] ConditionMgr:805 - Attr not supported : Dmpu
2025-04-11 22:16:48,250 [ERROR] ConditionMgr:805 - Attr not supported : Dmpu
2025-04-11 22:16:48,250 [ERROR] ConditionMgr:805 - Attr not supported : Dmpu
2025-04-11 22:16:48,250 [ERROR] ConditionMgr:805 - Attr not supported : Dmpu
2025-04-11 22:16:48,250 [ERROR] ConditionMgr:805 - Attr not supported : Dmpu
2025-04-11 22:16:48,251 [ERROR] ConditionMgr:805 - Attr not supported : Dmpu
2025-04-11 22:16:48,251 [ERROR] ConditionMgr:805 - Attr not supported : Dmpu
2025-04-11 22:16:48,251 [ERROR] ConditionMgr:805 - Attr not supported : Dmpu
2025-04-11 22:16:48,252 [ERROR] ConditionMgr:805 - Attr not supported : Dmpu
2025-04-11 22:16:48,252 [ERROR] ConditionMgr:805 - Attr not supported : Dmpu
2025-04-11 22:16:48,252 [ERROR] ConditionMgr:805 - Attr not supported : Dmpu
2025-04-11 22:16:48,252 [ERROR] ConditionMgr:805 - Attr not supported : Dmpu
2025-04-11 22:16:48,252 [ERROR] ConditionMgr:805 - Attr not supported : Dmpu
2025-04-11 22:16:48,252 [ERROR] ConditionMgr:805 - Attr not supported : Dmpu
2025-04-11 22:16:48,252 [ERROR] ConditionMgr:805 - Attr not supported : Dmpu
2025-04-11 22:16:48,253 [ERROR] ConditionMgr:805 - Attr not supported : Dmpu
2025-04-11 22:16:48,253 [ERROR] ConditionMgr:805 - Attr not supported : Dmpu
2025-04-11 22:16:48,253 [ERROR] ConditionMgr:805 - Attr not supported : Dmpu
2025-04-11 22:16:48,280 [ERROR] Engine:466 - C:\Users\kjeya\.stm32cubemx\thirdparties\pdsc\STMicroelectronics.X-CUBE-TCPP.4.2.0.pdsc: PDSC version is not supported
2025-04-11 22:16:48,310 [WARN] PackLoader:240 - Cannot read IP mode file for RealThread.X-CUBE-RT-Thread_Nano.4.1.1
2025-04-11 22:16:48,334 [WARN] PackLoader:240 - Cannot read IP mode file for STMicroelectronics.FP-ATR-SIGFOX1.3.2.0
2025-04-11 22:16:48,365 [WARN] ConditionMgr:438 - getConditionDescription Invalid condition id : Cortex-A Device cause : null
2025-04-11 22:16:48,408 [WARN] ConditionMgr:1039 - genDependencies : Invalid condition id : Cortex-A Device cause : null
2025-04-11 22:16:48,409 [WARN] ConditionMgr:1039 - genDependencies : Invalid condition id : Cortex-A Device cause : null
2025-04-11 22:16:48,409 [WARN] ConditionMgr:1039 - genDependencies : Invalid condition id : Cortex-A Device cause : null
2025-04-11 22:16:48,441 [WARN] PackLoader:240 - Cannot read IP mode file for STMicroelectronics.X-CUBE-EEPRMA1.5.1.0
2025-04-11 22:16:48,470 [WARN] PackLoader:240 - Cannot read IP mode file for wolfSSL.I-CUBE-wolfSSL.5.7.4
2025-04-11 22:16:48,502 [WARN] PackLoader:240 - Cannot read IP mode file for ITTIA_DB.I-CUBE-ITTIADB.8.9.0
2025-04-11 22:16:48,565 [WARN] PackLoader:240 - Cannot read IP mode file for SEGGER.I-CUBE-embOS.1.3.1
2025-04-11 22:16:48,658 [WARN] PackLoader:240 - Cannot read IP mode file for STMicroelectronics.X-CUBE-ALGOBUILD.1.4.0
2025-04-11 22:16:48,686 [WARN] PackLoader:240 - Cannot read IP mode file for STMicroelectronics.X-CUBE-AI.9.1.0
2025-04-11 22:16:48,746 [WARN] PackLoader:240 - Cannot read IP mode file for STMicroelectronics.X-CUBE-AZRTOS-F4.1.1.0
2025-04-11 22:16:48,773 [WARN] PackLoader:240 - Cannot read IP mode file for STMicroelectronics.X-CUBE-ISPU.2.1.0
2025-04-11 22:16:48,830 [WARN] PackLoader:240 - Cannot read IP mode file for STMicroelectronics.X-CUBE-AZRTOS-L5.2.0.0
2025-04-11 22:16:48,865 [WARN] PackLoader:240 - Cannot read IP mode file for STMicroelectronics.X-CUBE-NFC6.3.1.0
2025-04-11 22:16:48,896 [WARN] PackLoader:240 - Cannot read IP mode file for STMicroelectronics.X-CUBE-DPower.1.2.0
2025-04-11 22:16:48,922 [WARN] PackLoader:240 - Cannot read IP mode file for STMicroelectronics.X-CUBE-FREERTOS.1.3.0
2025-04-11 22:16:48,953 [WARN] PackLoader:240 - Cannot read IP mode file for STMicroelectronics.X-CUBE-NFC7.1.0.1
2025-04-11 22:16:48,988 [WARN] PackLoader:240 - Cannot read IP mode file for STMicroelectronics.X-CUBE-DPower.1.3.0
2025-04-11 22:16:49,049 [WARN] ConditionMgr:438 - getConditionDescription Invalid condition id : LAN8742 Phy interface Condition cause : null
2025-04-11 22:16:49,050 [WARN] PackLoader:240 - Cannot read IP mode file for STMicroelectronics.X-CUBE-AZRTOS-L4.2.0.0
2025-04-11 22:16:49,051 [WARN] ConditionMgr:1039 - genDependencies : Invalid condition id : LAN8742 Phy interface Condition cause : null
2025-04-11 22:16:49,051 [WARN] ConditionMgr:1039 - genDependencies : Invalid condition id : LAN8742 Phy interface Condition cause : null
2025-04-11 22:16:49,052 [WARN] ConditionMgr:1039 - genDependencies : Invalid condition id : LAN8742 Phy interface Condition cause : null
2025-04-11 22:16:49,086 [WARN] PackLoader:240 - Cannot read IP mode file for STMicroelectronics.X-CUBE-SFXS2LP1.4.0.0
2025-04-11 22:16:49,152 [WARN] PackLoader:240 - Cannot read IP mode file for STMicroelectronics.X-CUBE-AZRTOS-H7.3.3.0
2025-04-11 22:16:49,201 [WARN] PackLoader:240 - Cannot read IP mode file for STMicroelectronics.X-CUBE-IPS.3.0.0
2025-04-11 22:16:49,255 [WARN] ConditionMgr:438 - getConditionDescription Invalid condition id : UX DEVICE CLASS RTOS Condition cause : null
2025-04-11 22:16:49,256 [WARN] ConditionMgr:438 - getConditionDescription Invalid condition id : UX DEVICE CLASS RTOS Condition cause : null
2025-04-11 22:16:49,260 [WARN] PackLoader:240 - Cannot read IP mode file for STMicroelectronics.X-CUBE-AZRTOS-WB.2.0.0
2025-04-11 22:16:49,261 [WARN] ConditionMgr:1039 - genDependencies : Invalid condition id : UX DEVICE CLASS RTOS Condition cause : null
2025-04-11 22:16:49,262 [WARN] ConditionMgr:1039 - genDependencies : Invalid condition id : UX DEVICE CLASS RTOS Condition cause : null
2025-04-11 22:16:49,262 [WARN] ConditionMgr:1039 - genDependencies : Invalid condition id : UX DEVICE CLASS RTOS Condition cause : null
2025-04-11 22:16:49,263 [WARN] ConditionMgr:1039 - genDependencies : Invalid condition id : UX DEVICE CLASS RTOS Condition cause : null
2025-04-11 22:16:49,263 [WARN] ConditionMgr:1039 - genDependencies : Invalid condition id : UX DEVICE CLASS RTOS Condition cause : null
2025-04-11 22:16:49,293 [WARN] PackLoader:240 - Cannot read IP mode file for STMicroelectronics.X-CUBE-GNSS1.7.0.1
2025-04-11 22:16:49,327 [WARN] PackLoader:240 - Cannot read IP mode file for STMicroelectronics.X-CUBE-TOUCHGFX.4.25.0
2025-04-11 22:16:49,361 [WARN] PackLoader:240 - Cannot read IP mode file for STMicroelectronics.FP-SNS-STBOX1.2.0.0
2025-04-11 22:16:49,404 [WARN] PackLoader:240 - Cannot read IP mode file for STMicroelectronics.X-CUBE-SUBG2.5.0.0
2025-04-11 22:16:49,482 [WARN] PackLoader:240 - Cannot read IP mode file for STMicroelectronics.X-CUBE-AZRTOS-H7RS.1.1.0
2025-04-11 22:16:49,513 [WARN] PackLoader:240 - Cannot read IP mode file for Cesanta.I-CUBE-Mongoose.7.13.0
2025-04-11 22:16:49,565 [WARN] PackLoader:240 - Cannot read IP mode file for STMicroelectronics.X-CUBE-AZRTOS-G4.2.0.0
2025-04-11 22:16:49,599 [ERROR] Engine:466 - C:\Users\kjeya\.stm32cubemx\thirdparties\pdsc\STMicroelectronics.X-CUBE-IPS.3.1.0.pdsc: PDSC version is not supported
2025-04-11 22:16:49,625 [WARN] PackLoader:240 - Cannot read IP mode file for STMicroelectronics.X-CUBE-ALS.1.0.2
2025-04-11 22:16:49,656 [WARN] PackLoader:240 - Cannot read IP mode file for STMicroelectronics.X-CUBE-TOUCHGFX.4.24.0
2025-04-11 22:16:49,842 [WARN] PackLoader:240 - Cannot read IP mode file for STMicroelectronics.X-CUBE-TOUCHGFX.4.24.2
2025-04-11 22:16:49,985 [WARN] PackLoader:240 - Cannot read IP mode file for STMicroelectronics.X-CUBE-TOUCHGFX.4.24.1
2025-04-11 22:16:50,012 [WARN] PackLoader:240 - Cannot read IP mode file for wolfSSL.I-CUBE-wolfTPM.3.4.0
2025-04-11 22:16:50,044 [WARN] PackLoader:240 - Cannot read IP mode file for portGmbH.I-Cube-SoM-uGOAL.1.1.0
2025-04-11 22:16:50,216 [WARN] PackLoader:240 - Cannot read IP mode file for STMicroelectronics.X-CUBE-AZRTOS-H7RS.1.0.0
2025-04-11 22:16:50,331 [WARN] PackLoader:240 - Cannot read IP mode file for STMicroelectronics.X-CUBE-TOF1.3.4.2
2025-04-11 22:16:50,372 [WARN] PackLoader:240 - Cannot read IP mode file for wolfSSL.I-CUBE-wolfSSH.1.4.17
2025-04-11 22:16:50,373 [INFO] ThirdParty:978 - Integrity check success = true
2025-04-11 22:16:50,373 [INFO] IntegrityCheckThread:100 - exiting critical section [integrity check]
2025-04-11 22:16:50,373 [INFO] IntegrityCheckThread:103 - End integrity checks thread
2025-04-11 22:16:50,986 [INFO] WebApp:167 - Instantiating new browser for Auth
2025-04-11 22:16:52,339 [INFO] WebApp:448 - Apply proxy settings
2025-04-11 22:16:52,340 [INFO] WebApp:533 - Chromium requires no authentication
2025-04-11 22:16:52,356 [INFO] WebApp:476 - Direct internet connection detected
2025-04-11 22:16:52,402 [INFO] WebApp:869 - Register for checkConnection events
2025-04-11 22:16:52,402 [INFO] WebApp:448 - Apply proxy settings
2025-04-11 22:16:52,403 [INFO] WebApp:533 - Chromium requires no authentication
2025-04-11 22:16:52,404 [INFO] WebApp:476 - Direct internet connection detected
2025-04-11 22:16:52,702 [INFO] WebApp:186 - Connection restablished
2025-04-11 22:16:52,731 [INFO] WebApp:220 - Starting web application
2025-04-11 22:16:52,731 [INFO] WebApp:578 - Web application path used C:\ST\STM32CubeIDE_1.16.1\STM32CubeIDE\plugins\com.st.stm32cube.common.mx_6.12.1.202409122256\db\plugins\mcufinder\reactClient1\index.html
2025-04-11 22:16:53,106 [INFO] UserAuth:417 - Internet connection configuration mode: 1
2025-04-11 22:16:53,107 [INFO] UserAuth:417 - Internet connection configuration mode: 1
2025-04-11 22:19:19,658 [INFO] McuFinderGlobals:63 - Set McuFinder mode to 2 (CubeIDE integrated)
2025-04-11 22:19:19,703 [INFO] MainUpdater:2873 - connection check result : 10
2025-04-11 22:19:19,750 [INFO] McuFinderGlobals:76 - Set McuFinderConnectedMode to true
2025-04-11 22:19:20,551 [INFO] ServerAccessManage:473 - Download File mcusAds.json._tmp_
2025-04-11 22:19:20,690 [INFO] LoadUrlFilesThread:156 - End of LoadUrlFiles Thread
2025-04-11 22:19:21,599 [INFO] ServerAccessManage:473 - Download File cube-finder-db.zip
2025-04-11 22:20:34,161 [INFO] FileExtend:240 - Unzip File : cube-finder-db.zip
2025-04-11 22:20:34,162 [INFO] FileExtend:255 - Standard Zip Deflate
2025-04-11 22:20:35,786 [INFO] LoadUrlFilesThread:156 - End of LoadUrlFiles Thread
2025-04-11 22:20:36,731 [INFO] ServerAccessManage:473 - Download File crdb.zip
2025-04-11 22:20:38,961 [INFO] FileExtend:240 - Unzip File : crdb.zip
2025-04-11 22:20:38,962 [INFO] FileExtend:255 - Standard Zip Deflate
2025-04-11 22:20:39,117 [INFO] LoadUrlFilesThread:156 - End of LoadUrlFiles Thread
2025-04-11 22:20:39,831 [INFO] ServerAccessManage:473 - Download File tutoVideoDB.zip
2025-04-11 22:20:40,493 [INFO] FileExtend:240 - Unzip File : tutoVideoDB.zip
2025-04-11 22:20:40,493 [INFO] FileExtend:255 - Standard Zip Deflate
2025-04-11 22:20:40,632 [INFO] LoadUrlFilesThread:156 - End of LoadUrlFiles Thread
2025-04-11 22:20:40,636 [WARN] DbFile:41 - Overriding database path with different value: C:\Users\kjeya\.stmcufinder\plugins\mcufinder/ => C:\Users\kjeya\.stmcufinder\plugins\mcufinder
2025-04-11 22:20:40,984 [INFO] ServerAccessManage:473 - Download File api_config.json
2025-04-11 22:20:41,116 [INFO] LoadUrlFilesThread:156 - End of LoadUrlFiles Thread
2025-04-11 22:20:41,122 [INFO] DbMcusAds:53 - JSON generation date=Thu Mar 06 20:24:21 IST 2025 (1741272861825)
2025-04-11 22:20:41,175 [INFO] LoadUrlFilesThread:185 - End of LoadServerUrlFiles without Thread
2025-04-11 22:20:41,176 [INFO] TargetSelectorAdapter:259 - Refresh data is successful
2025-04-11 22:20:41,467 [INFO] ApiDb:581 - Connected to CubeFinder SQLite database (C:\Users\kjeya\.stmcufinder\plugins\mcufinder\mcu\cube-finder-db.db)
2025-04-11 22:20:41,550 [INFO] ApiDb:668 - CubeFinder database Data Model version=2.1
2025-04-11 22:20:41,551 [INFO] ApiDb:669 - CubeFinder database Configuration version=3.0.39
2025-04-11 22:20:41,551 [INFO] ApiDb:670 - CubeFinder database generation date=2025-03-24 (1742811287)
2025-04-11 22:20:41,551 [INFO] ApiDb:671 - CubeFinder database FW Pack versions=[FP-ATR-ASTRA1_V2.0.0, FP-SNS-FLIGHT1_V5.0.2, FP-SNS-MOTENV1_V5.0.0, FP-SNS-MOTENVWB1_V1.4.0, FP-SNS-SMARTAG2_V1.2.0, FP-SNS-STBOX1_V2.0.0, STM32Cube_FW_C0_V1.4.0, STM32Cube_FW_F4_V1.28.1, STM32Cube_FW_F7_V1.17.2, STM32Cube_FW_G0_V1.6.2, STM32Cube_FW_G4_V1.6.1, STM32Cube_FW_H5_V1.5.0, STM32Cube_FW_H7RS_V1.2.0, STM32Cube_FW_H7_V1.12.1, STM32Cube_FW_L0_V1.12.2, STM32Cube_FW_L4_V1.18.1, STM32Cube_FW_L5_V1.5.1, STM32Cube_FW_N6_V1.1.0, STM32Cube_FW_U0_V1.2.0, STM32Cube_FW_U3_V1.1.0, STM32Cube_FW_U5_V1.7.0, STM32Cube_FW_WB0_V1.2.0, STM32Cube_FW_WBA_V1.6.0, STM32Cube_FW_WB_V1.22.0, STM32Cube_FW_WL3_V1.1.0, STM32Cube_FW_WL_V1.3.1, X-CUBE-ALGOBUILD_V1.4.0, X-CUBE-ALS_V1.0.2, X-CUBE-AZRTOS-F4_V1.1.0, X-CUBE-AZRTOS-F7_V1.1.0, X-CUBE-AZRTOS-G0_V1.1.0, X-CUBE-AZRTOS-G4_V2.0.0, X-CUBE-AZRTOS-H7RS_V1.0.0, X-CUBE-AZRTOS-H7_V3.3.0, X-CUBE-AZRTOS-L4_V2.0.0, X-CUBE-AZRTOS-L5_V2.0.0, X-CUBE-AZRTOS-WB_V2.0.0, X-CUBE-AZRTOS-WL_V2.0.0, X-CUBE-BLE1_V7.1.0, X-CUBE-BLE2_V3.3.0, X-CUBE-BLEMGR_V4.0.0, X-CUBE-EEPRMA1_V5.1.0, X-CUBE-FREERTOS_V1.3.0, X-CUBE-GNSS1_V6.0.0, X-CUBE-MEMS1_V11.1.0, X-CUBE-NFC4_V3.0.0, X-CUBE-NFC7_V1.0.1, X-CUBE-SFXS2LP1_V4.0.0, X-CUBE-SUBG2_V5.0.0, X-CUBE-TOF1_V3.4.2]
2025-04-11 22:20:44,664 [INFO] ApiDb:240 - Found 646 in-development CPN: [B-G473E-ZEST1S, B-WB1M-WPAN1, B-WL5M-SUBG1, NUCLEO-C031C6, NUCLEO-C071RB, NUCLEO-H503RB, NUCLEO-H533RE, NUCLEO-H563ZI, NUCLEO-H7S3L8, NUCLEO-U031R8, NUCLEO-U083RC, NUCLEO-U545RE-Q, NUCLEO-U5A5ZJ-Q, NUCLEO-WB05KZ, NUCLEO-WB07CC, NUCLEO-WB09KE, NUCLEO-WBA52CG, NUCLEO-WBA55CG, STEVAL-PROTEUS1, STEVAL-SMARTAG2, STEVAL-STWINBX1, STM320518-EVAL, STM32C0116-DK, STM32C011D6Y3TR, STM32C011D6Y6TR, STM32C011F4P3, STM32C011F4P6, STM32C011F4U3, STM32C011F4U6TR, STM32C011F6P3, STM32C011F6P6, STM32C011F6U3, STM32C011F6U6TR, STM32C011J4M3, STM32C011J4M6, STM32C011J6M3, STM32C011J6M6, STM32C0316-DK, STM32C031C4T3, STM32C031C4T6, STM32C031C4U3, STM32C031C4U6, STM32C031C6T3, STM32C031C6T6, STM32C031C6U3, STM32C031C6U6, STM32C031F4P3, STM32C031F4P6, STM32C031F6P3, STM32C031F6P6, STM32C031G4U3, STM32C031G4U6, STM32C031G6U3, STM32C031G6U6, STM32C031K4T3, STM32C031K4T6, STM32C031K4U3, STM32C031K4U6, STM32C031K6T3, STM32C031K6T6, STM32C031K6U3, STM32C031K6U6, STM32C071C8T6, STM32C071C8T6N, STM32C071C8U6, STM32C071C8U6N, STM32C071CBT6, STM32C071CBT6N, STM32C071CBU6, STM32C071CBU6N, STM32C071F8P6, STM32C071F8P6N, STM32C071FBP6, STM32C071FBP6N, STM32C071FBY6TR, STM32C071G8U6, STM32C071G8U6N, STM32C071GBU6, STM32C071GBU6N, STM32C071K8T6, STM32C071K8T6N, STM32C071K8U6, STM32C071K8U6N, STM32C071KBT6, STM32C071KBT6N, STM32C071KBU6, STM32C071KBU6N, STM32C071R8T6, STM32C071R8T6N, STM32C071RBI6N, STM32C071RBT6, STM32C071RBT6N, STM32G071K8TXN, STM32G071K8UXN, STM32G081GBU6N, STM32G081KBT6N, STM32G081KBUXN, STM32G0B1CCT6N, STM32G0B1KCT6, STM32G0B1NEY6TR, STM32G0B1RCT6N, STM32G0C1CCT6, STM32G0C1CCT6N, STM32G0C1CCU6N, STM32G0C1CET6N, STM32G0C1CEU6N, STM32G0C1KCT6, STM32G0C1NEY6TR, STM32G0C1RCI6N, STM32G0C1RCT6N, STM32G0C1REI6N, STM32G0C1RET6N, STM32G0C1VCI6, STM32G0C1VEI6, STM32G411C6T3, STM32G411C6T6, STM32G411C6U3, STM32G411C6U6, STM32G411C8T3, STM32G411C8T6, STM32G411C8U3, STM32G411C8U6, STM32G411CBT3, STM32G411CBT6, STM32G411CBU3, STM32G411CBU6, STM32G411K6T3, STM32G411K6T6, STM32G411K6U3, STM32G411K6U6, STM32G411K8T3, STM32G411K8T6, STM32G411K8U3, STM32G411K8U6, STM32G411KBT3, STM32G411KBT6, STM32G411KBU3, STM32G411KBU6, STM32G411M6T3, STM32G411M6T6, STM32G411M8T3, STM32G411M8T6, STM32G411MBT3, STM32G411MBT6, STM32G411R6T3, STM32G411R6T6, STM32G411R8T3, STM32G411R8T6, STM32G411RBT3, STM32G411RBT6, STM32G414CBT3, STM32G414CBT6, STM32G414CBU3, STM32G414CBU6, STM32G414CCT3, STM32G414CCT6, STM32G414CCU3, STM32G414CCU6, STM32G414MBT3, STM32G414MBT6, STM32G414MCT3, STM32G414MCT6, STM32G414RBT3, STM32G414RBT6, STM32G414RCT3, STM32G414RCT6, STM32G414VBT3, STM32G414VBT6, STM32G414VCT3, STM32G414VCT6, STM32G431CBT3Z, STM32G431RBT3Z, STM32G471CCT6, STM32G471CCU6, STM32G471CET3, STM32G471CET6, STM32G471CEU3, STM32G471CEU6, STM32G471MCT6, STM32G471MET3, STM32G471MET6, STM32G471MEY6TR, STM32G471QCT6, STM32G471QET3, STM32G471RCT6, STM32G471RET3, STM32G471RET6, STM32G471VCH6, STM32G471VCI6, STM32G471VCT6, STM32G471VEH3, STM32G471VEH6, STM32G471VEI3, STM32G471VEI6, STM32G471VET3, STM32G471VET6, STM32G473QET3Z, STM32G473RET3Z, STM32G474CCT6, STM32G491RET3Z, STM32H503CBT6, STM32H503CBU6, STM32H503EBY6TR, STM32H503KBU6, STM32H503RBT6, STM32H523CCT6, STM32H523CCU6, STM32H523CET6, STM32H523CEU6, STM32H523HEY6TR, STM32H523RCT6, STM32H523RET6, STM32H523VCI6, STM32H523VCT6, STM32H523VEI6, STM32H523VET6, STM32H523ZCJ6, STM32H523ZCT6, STM32H523ZEJ6, STM32H523ZET6, STM32H533CET6, STM32H533CEU6, STM32H533HEY6TR, STM32H533RET6, STM32H533VEI6, STM32H533VET6, STM32H533ZEJ6, STM32H533ZET6, STM32H562AGI6, STM32H562AII6, STM32H562IGK6, STM32H562IGT6, STM32H562IIK6, STM32H562IIT6, STM32H562RGT6, STM32H562RGV6, STM32H562RIT6, STM32H562RIV6, STM32H562VGT6, STM32H562VIT6, STM32H562ZGT6, STM32H562ZIT6, STM32H563AGI6, STM32H563AII3Q, STM32H563AII6, STM32H563IGK6, STM32H563IGT6, STM32H563IIK3Q, STM32H563IIK6, STM32H563IIT3Q, STM32H563IIT6, STM32H563MIY3QTR, STM32H563RGT6, STM32H563RGV6, STM32H563RIT6, STM32H563RIV6, STM32H563VGT6, STM32H563VIT3Q, STM32H563VIT6, STM32H563ZGT6, STM32H563ZIT3Q, STM32H563ZIT6, STM32H573AII3Q, STM32H573AII6, STM32H573I-DK, STM32H573IIK3Q, STM32H573IIK6, STM32H573IIT3Q, STM32H573IIT6, STM32H573MIY3QTR, STM32H573RIT6, STM32H573RIV6, STM32H573VIT3Q, STM32H573VIT6, STM32H573ZIT3Q, STM32H573ZIT6, STM32H7R3A8I6, STM32H7R3I8K6, STM32H7R3I8T6, STM32H7R3L8H6, STM32H7R3L8H6H, STM32H7R3R8V6, STM32H7R3V8H6, STM32H7R3V8T6, STM32H7R3V8Y6TR, STM32H7R3Z8J6, STM32H7R3Z8T6, STM32H7R7A8I6, STM32H7R7I8K6, STM32H7R7I8T6, STM32H7R7L8H6, STM32H7R7L8H6H, STM32H7R7Z8J6, STM32H7S3A8I6, STM32H7S3I8K6, STM32H7S3I8T6, STM32H7S3L8H6, STM32H7S3L8H6H, STM32H7S3R8V6, STM32H7S3V8H6, STM32H7S3V8T6, STM32H7S3V8Y6TR, STM32H7S3Z8J6, STM32H7S3Z8T6, STM32H7S78-DK, STM32H7S7A8I6, STM32H7S7I8K6, STM32H7S7I8T6, STM32H7S7L8H6, STM32H7S7L8H6H, STM32H7S7Z8J6, STM32L4R5QGI6STR, STM32MP131AAE3, STM32MP131AAF3, STM32MP131AAG3, STM32MP131CAE3, STM32MP131CAF3, STM32MP131CAG3, STM32MP131DAE7, STM32MP131DAF7, STM32MP131DAG7, STM32MP131FAE7, STM32MP131FAF7, STM32MP131FAG7, STM32MP133AAE3, STM32MP133AAF3, STM32MP133AAG3, STM32MP133CAE3, STM32MP133CAF3, STM32MP133CAG3, STM32MP133DAE7, STM32MP133DAF7, STM32MP133DAG7, STM32MP133FAE7, STM32MP133FAF7, STM32MP133FAG7, STM32MP135AAE3, STM32MP135AAF3, STM32MP135AAG3, STM32MP135CAE3, STM32MP135CAF3, STM32MP135CAG3, STM32MP135DAE7, STM32MP135DAF7, STM32MP135DAG7, STM32MP135F-DK, STM32MP135FAE7, STM32MP135FAF7, STM32MP135FAF7T, STM32MP135FAF7U, STM32MP135FAG7, STM32MP251AAI3, STM32MP251AAK3, STM32MP251AAL3, STM32MP251CAI3, STM32MP251CAK3, STM32MP251CAL3, STM32MP251DAI3, STM32MP251DAK3, STM32MP251DAL3, STM32MP251FAI3, STM32MP251FAK3, STM32MP251FAL3, STM32MP253AAI3, STM32MP253AAK3, STM32MP253AAL3, STM32MP253CAI3, STM32MP253CAK3, STM32MP253CAL3, STM32MP253DAI3, STM32MP253DAK3, STM32MP253DAL3, STM32MP253FAI3, STM32MP253FAK3, STM32MP253FAL3, STM32MP255AAI3, STM32MP255AAK3, STM32MP255AAL3, STM32MP255CAI3, STM32MP255CAK3, STM32MP255CAL3, STM32MP255DAI3, STM32MP255DAK3, STM32MP255DAL3, STM32MP255FAI3, STM32MP255FAK3, STM32MP255FAL3, STM32MP257AAI3, STM32MP257AAK3, STM32MP257AAL3, STM32MP257CAI3, STM32MP257CAK3, STM32MP257CAL3, STM32MP257DAI3, STM32MP257DAK3, STM32MP257DAL3, STM32MP257F-DK, STM32MP257F-EV1, STM32MP257FAI3, STM32MP257FAK3, STM32MP257FAL3, STM32U031C6T6, STM32U031C6U6, STM32U031C8T6, STM32U031C8U6, STM32U031F4P6, STM32U031F6P6, STM32U031F8P6, STM32U031G6Y6TR, STM32U031G8Y6TR, STM32U031K4U6, STM32U031K6U6, STM32U031K8U6, STM32U031R6I6, STM32U031R6T6, STM32U031R8I6, STM32U031R8T6, STM32U073C8T6, STM32U073C8U6, STM32U073CBT6, STM32U073CBU6, STM32U073CCT6, STM32U073CCU6, STM32U073H8Y6TR, STM32U073HBY6TR, STM32U073HCY6TR, STM32U073K8U6, STM32U073KBU6, STM32U073KCU6, STM32U073M8I6, STM32U073M8T6, STM32U073MBI6, STM32U073MBT6, STM32U073MCI6, STM32U073MCT6, STM32U073R8I6, STM32U073R8T6, STM32U073RBI6, STM32U073RBT6, STM32U073RCI6, STM32U073RCT6, STM32U083C-DK, STM32U083CCT6, STM32U083CCU6, STM32U083HCY6TR, STM32U083KCU6, STM32U083MCI6, STM32U083MCT6, STM32U083RCI6, STM32U083RCT6, STM32U535CBT6, STM32U535CBT6Q, STM32U535CBU6, STM32U535CBU6Q, STM32U535CCT6, STM32U535CCT6Q, STM32U535CCU6, STM32U535CCU6Q, STM32U535CET6, STM32U535CET6Q, STM32U535CEU6, STM32U535CEU6Q, STM32U535JEY6QTR, STM32U535NCY6QTR, STM32U535NEY6QTR, STM32U535RBI6, STM32U535RBI6Q, STM32U535RBT6, STM32U535RBT6Q, STM32U535RCI6, STM32U535RCI6Q, STM32U535RCT6, STM32U535RCT6Q, STM32U535REI6, STM32U535REI6Q, STM32U535RET6, STM32U535RET6Q, STM32U535VCI6, STM32U535VCI6Q, STM32U535VCT6, STM32U535VCT6Q, STM32U535VEI6, STM32U535VEI6Q, STM32U535VET6, STM32U535VET6Q, STM32U545CET6, STM32U545CET6Q, STM32U545CEU6, STM32U545CEU6Q, STM32U545JEY6QTR, STM32U545NEY6QTR, STM32U545REI6, STM32U545REI6Q, STM32U545RET6, STM32U545RET6Q, STM32U545VEI6, STM32U545VEI6Q, STM32U545VET6, STM32U545VET6Q, STM32U595AIH6, STM32U595AIH6Q, STM32U595AJH6, STM32U595AJH6Q, STM32U595QII6, STM32U595QII6Q, STM32U595QJI6, STM32U595QJI6Q, STM32U595RIT6, STM32U595RIT6Q, STM32U595RJT6, STM32U595RJT6Q, STM32U595VIT6, STM32U595VIT6Q, STM32U595VJT6, STM32U595VJT6Q, STM32U595ZIT6, STM32U595ZIT6Q, STM32U595ZIY6QTR, STM32U595ZJT6, STM32U595ZJT6Q, STM32U595ZJY6QTR, STM32U599BJY6QTR, STM32U599NIH6Q, STM32U599NJH6Q, STM32U599VIT6Q, STM32U599VJT6, STM32U599VJT6Q, STM32U599ZIT6Q, STM32U599ZIY6QTR, STM32U599ZJT6Q, STM32U599ZJY6QTR, STM32U5A5AJH6, STM32U5A5AJH6Q, STM32U5A5QII3Q , STM32U5A5QJI6, STM32U5A5QJI6Q, STM32U5A5RJT6, STM32U5A5RJT6Q, STM32U5A5VJT6, STM32U5A5VJT6Q, STM32U5A5ZJT6, STM32U5A5ZJT6Q, STM32U5A5ZJY6QTR, STM32U5A9BJY6QTR, STM32U5A9J-DK, STM32U5A9NJH6Q, STM32U5A9VJT6Q, STM32U5A9ZJT6Q, STM32U5A9ZJY6QTR, STM32U5F7VIT6, STM32U5F7VIT6Q, STM32U5F7VJT6, STM32U5F7VJT6Q, STM32U5F9BJY6QTR, STM32U5F9NJH6Q, STM32U5F9VIT6Q, STM32U5F9VJT6Q, STM32U5F9ZIJ6QTR, STM32U5F9ZIT6Q, STM32U5F9ZJJ6QTR, STM32U5F9ZJT6Q, STM32U5G7VJT6, STM32U5G7VJT6Q, STM32U5G9BJY6QTR, STM32U5G9J-DK1, STM32U5G9J-DK2, STM32U5G9NJH6Q, STM32U5G9VJT6Q, STM32U5G9ZJJ6QTR, STM32U5G9ZJT6Q, STM32WB05KZV6TR, STM32WB05KZV7TR, STM32WB05TZF6TR, STM32WB05TZF7TR, STM32WB06CCF6TR, STM32WB06CCF7TR, STM32WB06CCV6TR, STM32WB06CCV7TR, STM32WB06KCV6TR, STM32WB06KCV7TR, STM32WB07CCF6TR, STM32WB07CCF7TR, STM32WB07CCV6TR, STM32WB07CCV7TR, STM32WB07KCV6TR, STM32WB07KCV7TR, STM32WB09KEV6TR, STM32WB09KEV7TR, STM32WB09TEF6TR, STM32WB09TEF7TR, STM32WB1MMCH6, STM32WBA50KGU6, STM32WBA50KGU6TR, STM32WBA52CEU6, STM32WBA52CEU6TR, STM32WBA52CEU7, STM32WBA52CEU7TR, STM32WBA52CGU6, STM32WBA52CGU6TR, STM32WBA52CGU6U, STM32WBA52CGU7, STM32WBA52CGU7TR, STM32WBA52KEU6, STM32WBA52KEU6TR, STM32WBA52KGU6, STM32WBA52KGU6TR, STM32WBA54CEU6, STM32WBA54CEU6TR, STM32WBA54CEU7, STM32WBA54CEU7TR, STM32WBA54CGU6, STM32WBA54CGU6TR, STM32WBA54CGU7, STM32WBA54CGU7TR, STM32WBA54KEU6, STM32WBA54KEU6TR, STM32WBA54KEU7, STM32WBA54KEU7TR, STM32WBA54KGU6, STM32WBA54KGU6TR, STM32WBA54KGU7, STM32WBA54KGU7TR, STM32WBA55CEU6, STM32WBA55CEU6TR, STM32WBA55CEU7, STM32WBA55CEU7TR, STM32WBA55CGU6, STM32WBA55CGU6TR, STM32WBA55CGU6U, STM32WBA55CGU7, STM32WBA55CGU7TR, STM32WBA55G-DK1, STM32WBA55HEF6, STM32WBA55HEF7, STM32WBA55HGF6, STM32WBA55HGF7, STM32WBA55UEI6, STM32WBA55UEI6TR, STM32WBA55UEI7, STM32WBA55UEI7TR, STM32WBA55UGI6, STM32WBA55UGI6TR, STM32WBA55UGI7, STM32WBA55UGI7TR, STM32WL5MOCH6, STM32WL5MOCH6TR]
2025-04-11 22:20:44,675 [INFO] DbMcus:218 - Found 4657 MCUs, 4657 are supported
2025-04-11 22:20:44,681 [INFO] ApiDb:423 - Load user favorites file C:\Users\kjeya/.stm32cubeide/favorites.mcus.txt: 0 item(s)
2025-04-11 22:20:44,681 [INFO] ApiDb:427 - User favorites MCUs=[]
2025-04-11 22:20:44,681 [INFO] DbMcus:224 - Set 0 / 0 favorites MCUs
2025-04-11 22:20:45,296 [INFO] ApiDb:668 - CubeFinder database Data Model version=2.1
2025-04-11 22:20:45,296 [INFO] ApiDb:669 - CubeFinder database Configuration version=3.0.39
2025-04-11 22:20:45,296 [INFO] ApiDb:670 - CubeFinder database generation date=2025-03-24 (1742811287)
2025-04-11 22:20:45,296 [INFO] ApiDb:671 - CubeFinder database FW Pack versions=[FP-ATR-ASTRA1_V2.0.0, FP-SNS-FLIGHT1_V5.0.2, FP-SNS-MOTENV1_V5.0.0, FP-SNS-MOTENVWB1_V1.4.0, FP-SNS-SMARTAG2_V1.2.0, FP-SNS-STBOX1_V2.0.0, STM32Cube_FW_C0_V1.4.0, STM32Cube_FW_F4_V1.28.1, STM32Cube_FW_F7_V1.17.2, STM32Cube_FW_G0_V1.6.2, STM32Cube_FW_G4_V1.6.1, STM32Cube_FW_H5_V1.5.0, STM32Cube_FW_H7RS_V1.2.0, STM32Cube_FW_H7_V1.12.1, STM32Cube_FW_L0_V1.12.2, STM32Cube_FW_L4_V1.18.1, STM32Cube_FW_L5_V1.5.1, STM32Cube_FW_N6_V1.1.0, STM32Cube_FW_U0_V1.2.0, STM32Cube_FW_U3_V1.1.0, STM32Cube_FW_U5_V1.7.0, STM32Cube_FW_WB0_V1.2.0, STM32Cube_FW_WBA_V1.6.0, STM32Cube_FW_WB_V1.22.0, STM32Cube_FW_WL3_V1.1.0, STM32Cube_FW_WL_V1.3.1, X-CUBE-ALGOBUILD_V1.4.0, X-CUBE-ALS_V1.0.2, X-CUBE-AZRTOS-F4_V1.1.0, X-CUBE-AZRTOS-F7_V1.1.0, X-CUBE-AZRTOS-G0_V1.1.0, X-CUBE-AZRTOS-G4_V2.0.0, X-CUBE-AZRTOS-H7RS_V1.0.0, X-CUBE-AZRTOS-H7_V3.3.0, X-CUBE-AZRTOS-L4_V2.0.0, X-CUBE-AZRTOS-L5_V2.0.0, X-CUBE-AZRTOS-WB_V2.0.0, X-CUBE-AZRTOS-WL_V2.0.0, X-CUBE-BLE1_V7.1.0, X-CUBE-BLE2_V3.3.0, X-CUBE-BLEMGR_V4.0.0, X-CUBE-EEPRMA1_V5.1.0, X-CUBE-FREERTOS_V1.3.0, X-CUBE-GNSS1_V6.0.0, X-CUBE-MEMS1_V11.1.0, X-CUBE-NFC4_V3.0.0, X-CUBE-NFC7_V1.0.1, X-CUBE-SFXS2LP1_V4.0.0, X-CUBE-SUBG2_V5.0.0, X-CUBE-TOF1_V3.4.2]
2025-04-11 22:20:45,376 [INFO] DbBoardsSqlite:226 - include board P-NUCLEO-WB55-NUCLEO as a kit item of type 'Nucleo-64'
2025-04-11 22:20:45,376 [INFO] DbBoardsSqlite:226 - include board P-NUCLEO-WB55-USBDONGLE as a kit item of type 'Nucleo USB Dongle'
2025-04-11 22:20:45,377 [INFO] DbBoardsSqlite:226 - include board STEVAL-IDP005V1 as a kit item of type 'Evaluation Board'
2025-04-11 22:20:45,377 [INFO] DbBoardsSqlite:226 - include board STEVAL-IDP005V2 as a kit item of type 'Evaluation Board'
2025-04-11 22:20:45,455 [INFO] ApiDb:240 - Found 646 in-development CPN: [B-G473E-ZEST1S, B-WB1M-WPAN1, B-WL5M-SUBG1, NUCLEO-C031C6, NUCLEO-C071RB, NUCLEO-H503RB, NUCLEO-H533RE, NUCLEO-H563ZI, NUCLEO-H7S3L8, NUCLEO-U031R8, NUCLEO-U083RC, NUCLEO-U545RE-Q, NUCLEO-U5A5ZJ-Q, NUCLEO-WB05KZ, NUCLEO-WB07CC, NUCLEO-WB09KE, NUCLEO-WBA52CG, NUCLEO-WBA55CG, STEVAL-PROTEUS1, STEVAL-SMARTAG2, STEVAL-STWINBX1, STM320518-EVAL, STM32C0116-DK, STM32C011D6Y3TR, STM32C011D6Y6TR, STM32C011F4P3, STM32C011F4P6, STM32C011F4U3, STM32C011F4U6TR, STM32C011F6P3, STM32C011F6P6, STM32C011F6U3, STM32C011F6U6TR, STM32C011J4M3, STM32C011J4M6, STM32C011J6M3, STM32C011J6M6, STM32C0316-DK, STM32C031C4T3, STM32C031C4T6, STM32C031C4U3, STM32C031C4U6, STM32C031C6T3, STM32C031C6T6, STM32C031C6U3, STM32C031C6U6, STM32C031F4P3, STM32C031F4P6, STM32C031F6P3, STM32C031F6P6, STM32C031G4U3, STM32C031G4U6, STM32C031G6U3, STM32C031G6U6, STM32C031K4T3, STM32C031K4T6, STM32C031K4U3, STM32C031K4U6, STM32C031K6T3, STM32C031K6T6, STM32C031K6U3, STM32C031K6U6, STM32C071C8T6, STM32C071C8T6N, STM32C071C8U6, STM32C071C8U6N, STM32C071CBT6, STM32C071CBT6N, STM32C071CBU6, STM32C071CBU6N, STM32C071F8P6, STM32C071F8P6N, STM32C071FBP6, STM32C071FBP6N, STM32C071FBY6TR, STM32C071G8U6, STM32C071G8U6N, STM32C071GBU6, STM32C071GBU6N, STM32C071K8T6, STM32C071K8T6N, STM32C071K8U6, STM32C071K8U6N, STM32C071KBT6, STM32C071KBT6N, STM32C071KBU6, STM32C071KBU6N, STM32C071R8T6, STM32C071R8T6N, STM32C071RBI6N, STM32C071RBT6, STM32C071RBT6N, STM32G071K8TXN, STM32G071K8UXN, STM32G081GBU6N, STM32G081KBT6N, STM32G081KBUXN, STM32G0B1CCT6N, STM32G0B1KCT6, STM32G0B1NEY6TR, STM32G0B1RCT6N, STM32G0C1CCT6, STM32G0C1CCT6N, STM32G0C1CCU6N, STM32G0C1CET6N, STM32G0C1CEU6N, STM32G0C1KCT6, STM32G0C1NEY6TR, STM32G0C1RCI6N, STM32G0C1RCT6N, STM32G0C1REI6N, STM32G0C1RET6N, STM32G0C1VCI6, STM32G0C1VEI6, STM32G411C6T3, STM32G411C6T6, STM32G411C6U3, STM32G411C6U6, STM32G411C8T3, STM32G411C8T6, STM32G411C8U3, STM32G411C8U6, STM32G411CBT3, STM32G411CBT6, STM32G411CBU3, STM32G411CBU6, STM32G411K6T3, STM32G411K6T6, STM32G411K6U3, STM32G411K6U6, STM32G411K8T3, STM32G411K8T6, STM32G411K8U3, STM32G411K8U6, STM32G411KBT3, STM32G411KBT6, STM32G411KBU3, STM32G411KBU6, STM32G411M6T3, STM32G411M6T6, STM32G411M8T3, STM32G411M8T6, STM32G411MBT3, STM32G411MBT6, STM32G411R6T3, STM32G411R6T6, STM32G411R8T3, STM32G411R8T6, STM32G411RBT3, STM32G411RBT6, STM32G414CBT3, STM32G414CBT6, STM32G414CBU3, STM32G414CBU6, STM32G414CCT3, STM32G414CCT6, STM32G414CCU3, STM32G414CCU6, STM32G414MBT3, STM32G414MBT6, STM32G414MCT3, STM32G414MCT6, STM32G414RBT3, STM32G414RBT6, STM32G414RCT3, STM32G414RCT6, STM32G414VBT3, STM32G414VBT6, STM32G414VCT3, STM32G414VCT6, STM32G431CBT3Z, STM32G431RBT3Z, STM32G471CCT6, STM32G471CCU6, STM32G471CET3, STM32G471CET6, STM32G471CEU3, STM32G471CEU6, STM32G471MCT6, STM32G471MET3, STM32G471MET6, STM32G471MEY6TR, STM32G471QCT6, STM32G471QET3, STM32G471RCT6, STM32G471RET3, STM32G471RET6, STM32G471VCH6, STM32G471VCI6, STM32G471VCT6, STM32G471VEH3, STM32G471VEH6, STM32G471VEI3, STM32G471VEI6, STM32G471VET3, STM32G471VET6, STM32G473QET3Z, STM32G473RET3Z, STM32G474CCT6, STM32G491RET3Z, STM32H503CBT6, STM32H503CBU6, STM32H503EBY6TR, STM32H503KBU6, STM32H503RBT6, STM32H523CCT6, STM32H523CCU6, STM32H523CET6, STM32H523CEU6, STM32H523HEY6TR, STM32H523RCT6, STM32H523RET6, STM32H523VCI6, STM32H523VCT6, STM32H523VEI6, STM32H523VET6, STM32H523ZCJ6, STM32H523ZCT6, STM32H523ZEJ6, STM32H523ZET6, STM32H533CET6, STM32H533CEU6, STM32H533HEY6TR, STM32H533RET6, STM32H533VEI6, STM32H533VET6, STM32H533ZEJ6, STM32H533ZET6, STM32H562AGI6, STM32H562AII6, STM32H562IGK6, STM32H562IGT6, STM32H562IIK6, STM32H562IIT6, STM32H562RGT6, STM32H562RGV6, STM32H562RIT6, STM32H562RIV6, STM32H562VGT6, STM32H562VIT6, STM32H562ZGT6, STM32H562ZIT6, STM32H563AGI6, STM32H563AII3Q, STM32H563AII6, STM32H563IGK6, STM32H563IGT6, STM32H563IIK3Q, STM32H563IIK6, STM32H563IIT3Q, STM32H563IIT6, STM32H563MIY3QTR, STM32H563RGT6, STM32H563RGV6, STM32H563RIT6, STM32H563RIV6, STM32H563VGT6, STM32H563VIT3Q, STM32H563VIT6, STM32H563ZGT6, STM32H563ZIT3Q, STM32H563ZIT6, STM32H573AII3Q, STM32H573AII6, STM32H573I-DK, STM32H573IIK3Q, STM32H573IIK6, STM32H573IIT3Q, STM32H573IIT6, STM32H573MIY3QTR, STM32H573RIT6, STM32H573RIV6, STM32H573VIT3Q, STM32H573VIT6, STM32H573ZIT3Q, STM32H573ZIT6, STM32H7R3A8I6, STM32H7R3I8K6, STM32H7R3I8T6, STM32H7R3L8H6, STM32H7R3L8H6H, STM32H7R3R8V6, STM32H7R3V8H6, STM32H7R3V8T6, STM32H7R3V8Y6TR, STM32H7R3Z8J6, STM32H7R3Z8T6, STM32H7R7A8I6, STM32H7R7I8K6, STM32H7R7I8T6, STM32H7R7L8H6, STM32H7R7L8H6H, STM32H7R7Z8J6, STM32H7S3A8I6, STM32H7S3I8K6, STM32H7S3I8T6, STM32H7S3L8H6, STM32H7S3L8H6H, STM32H7S3R8V6, STM32H7S3V8H6, STM32H7S3V8T6, STM32H7S3V8Y6TR, STM32H7S3Z8J6, STM32H7S3Z8T6, STM32H7S78-DK, STM32H7S7A8I6, STM32H7S7I8K6, STM32H7S7I8T6, STM32H7S7L8H6, STM32H7S7L8H6H, STM32H7S7Z8J6, STM32L4R5QGI6STR, STM32MP131AAE3, STM32MP131AAF3, STM32MP131AAG3, STM32MP131CAE3, STM32MP131CAF3, STM32MP131CAG3, STM32MP131DAE7, STM32MP131DAF7, STM32MP131DAG7, STM32MP131FAE7, STM32MP131FAF7, STM32MP131FAG7, STM32MP133AAE3, STM32MP133AAF3, STM32MP133AAG3, STM32MP133CAE3, STM32MP133CAF3, STM32MP133CAG3, STM32MP133DAE7, STM32MP133DAF7, STM32MP133DAG7, STM32MP133FAE7, STM32MP133FAF7, STM32MP133FAG7, STM32MP135AAE3, STM32MP135AAF3, STM32MP135AAG3, STM32MP135CAE3, STM32MP135CAF3, STM32MP135CAG3, STM32MP135DAE7, STM32MP135DAF7, STM32MP135DAG7, STM32MP135F-DK, STM32MP135FAE7, STM32MP135FAF7, STM32MP135FAF7T, STM32MP135FAF7U, STM32MP135FAG7, STM32MP251AAI3, STM32MP251AAK3, STM32MP251AAL3, STM32MP251CAI3, STM32MP251CAK3, STM32MP251CAL3, STM32MP251DAI3, STM32MP251DAK3, STM32MP251DAL3, STM32MP251FAI3, STM32MP251FAK3, STM32MP251FAL3, STM32MP253AAI3, STM32MP253AAK3, STM32MP253AAL3, STM32MP253CAI3, STM32MP253CAK3, STM32MP253CAL3, STM32MP253DAI3, STM32MP253DAK3, STM32MP253DAL3, STM32MP253FAI3, STM32MP253FAK3, STM32MP253FAL3, STM32MP255AAI3, STM32MP255AAK3, STM32MP255AAL3, STM32MP255CAI3, STM32MP255CAK3, STM32MP255CAL3, STM32MP255DAI3, STM32MP255DAK3, STM32MP255DAL3, STM32MP255FAI3, STM32MP255FAK3, STM32MP255FAL3, STM32MP257AAI3, STM32MP257AAK3, STM32MP257AAL3, STM32MP257CAI3, STM32MP257CAK3, STM32MP257CAL3, STM32MP257DAI3, STM32MP257DAK3, STM32MP257DAL3, STM32MP257F-DK, STM32MP257F-EV1, STM32MP257FAI3, STM32MP257FAK3, STM32MP257FAL3, STM32U031C6T6, STM32U031C6U6, STM32U031C8T6, STM32U031C8U6, STM32U031F4P6, STM32U031F6P6, STM32U031F8P6, STM32U031G6Y6TR, STM32U031G8Y6TR, STM32U031K4U6, STM32U031K6U6, STM32U031K8U6, STM32U031R6I6, STM32U031R6T6, STM32U031R8I6, STM32U031R8T6, STM32U073C8T6, STM32U073C8U6, STM32U073CBT6, STM32U073CBU6, STM32U073CCT6, STM32U073CCU6, STM32U073H8Y6TR, STM32U073HBY6TR, STM32U073HCY6TR, STM32U073K8U6, STM32U073KBU6, STM32U073KCU6, STM32U073M8I6, STM32U073M8T6, STM32U073MBI6, STM32U073MBT6, STM32U073MCI6, STM32U073MCT6, STM32U073R8I6, STM32U073R8T6, STM32U073RBI6, STM32U073RBT6, STM32U073RCI6, STM32U073RCT6, STM32U083C-DK, STM32U083CCT6, STM32U083CCU6, STM32U083HCY6TR, STM32U083KCU6, STM32U083MCI6, STM32U083MCT6, STM32U083RCI6, STM32U083RCT6, STM32U535CBT6, STM32U535CBT6Q, STM32U535CBU6, STM32U535CBU6Q, STM32U535CCT6, STM32U535CCT6Q, STM32U535CCU6, STM32U535CCU6Q, STM32U535CET6, STM32U535CET6Q, STM32U535CEU6, STM32U535CEU6Q, STM32U535JEY6QTR, STM32U535NCY6QTR, STM32U535NEY6QTR, STM32U535RBI6, STM32U535RBI6Q, STM32U535RBT6, STM32U535RBT6Q, STM32U535RCI6, STM32U535RCI6Q, STM32U535RCT6, STM32U535RCT6Q, STM32U535REI6, STM32U535REI6Q, STM32U535RET6, STM32U535RET6Q, STM32U535VCI6, STM32U535VCI6Q, STM32U535VCT6, STM32U535VCT6Q, STM32U535VEI6, STM32U535VEI6Q, STM32U535VET6, STM32U535VET6Q, STM32U545CET6, STM32U545CET6Q, STM32U545CEU6, STM32U545CEU6Q, STM32U545JEY6QTR, STM32U545NEY6QTR, STM32U545REI6, STM32U545REI6Q, STM32U545RET6, STM32U545RET6Q, STM32U545VEI6, STM32U545VEI6Q, STM32U545VET6, STM32U545VET6Q, STM32U595AIH6, STM32U595AIH6Q, STM32U595AJH6, STM32U595AJH6Q, STM32U595QII6, STM32U595QII6Q, STM32U595QJI6, STM32U595QJI6Q, STM32U595RIT6, STM32U595RIT6Q, STM32U595RJT6, STM32U595RJT6Q, STM32U595VIT6, STM32U595VIT6Q, STM32U595VJT6, STM32U595VJT6Q, STM32U595ZIT6, STM32U595ZIT6Q, STM32U595ZIY6QTR, STM32U595ZJT6, STM32U595ZJT6Q, STM32U595ZJY6QTR, STM32U599BJY6QTR, STM32U599NIH6Q, STM32U599NJH6Q, STM32U599VIT6Q, STM32U599VJT6, STM32U599VJT6Q, STM32U599ZIT6Q, STM32U599ZIY6QTR, STM32U599ZJT6Q, STM32U599ZJY6QTR, STM32U5A5AJH6, STM32U5A5AJH6Q, STM32U5A5QII3Q , STM32U5A5QJI6, STM32U5A5QJI6Q, STM32U5A5RJT6, STM32U5A5RJT6Q, STM32U5A5VJT6, STM32U5A5VJT6Q, STM32U5A5ZJT6, STM32U5A5ZJT6Q, STM32U5A5ZJY6QTR, STM32U5A9BJY6QTR, STM32U5A9J-DK, STM32U5A9NJH6Q, STM32U5A9VJT6Q, STM32U5A9ZJT6Q, STM32U5A9ZJY6QTR, STM32U5F7VIT6, STM32U5F7VIT6Q, STM32U5F7VJT6, STM32U5F7VJT6Q, STM32U5F9BJY6QTR, STM32U5F9NJH6Q, STM32U5F9VIT6Q, STM32U5F9VJT6Q, STM32U5F9ZIJ6QTR, STM32U5F9ZIT6Q, STM32U5F9ZJJ6QTR, STM32U5F9ZJT6Q, STM32U5G7VJT6, STM32U5G7VJT6Q, STM32U5G9BJY6QTR, STM32U5G9J-DK1, STM32U5G9J-DK2, STM32U5G9NJH6Q, STM32U5G9VJT6Q, STM32U5G9ZJJ6QTR, STM32U5G9ZJT6Q, STM32WB05KZV6TR, STM32WB05KZV7TR, STM32WB05TZF6TR, STM32WB05TZF7TR, STM32WB06CCF6TR, STM32WB06CCF7TR, STM32WB06CCV6TR, STM32WB06CCV7TR, STM32WB06KCV6TR, STM32WB06KCV7TR, STM32WB07CCF6TR, STM32WB07CCF7TR, STM32WB07CCV6TR, STM32WB07CCV7TR, STM32WB07KCV6TR, STM32WB07KCV7TR, STM32WB09KEV6TR, STM32WB09KEV7TR, STM32WB09TEF6TR, STM32WB09TEF7TR, STM32WB1MMCH6, STM32WBA50KGU6, STM32WBA50KGU6TR, STM32WBA52CEU6, STM32WBA52CEU6TR, STM32WBA52CEU7, STM32WBA52CEU7TR, STM32WBA52CGU6, STM32WBA52CGU6TR, STM32WBA52CGU6U, STM32WBA52CGU7, STM32WBA52CGU7TR, STM32WBA52KEU6, STM32WBA52KEU6TR, STM32WBA52KGU6, STM32WBA52KGU6TR, STM32WBA54CEU6, STM32WBA54CEU6TR, STM32WBA54CEU7, STM32WBA54CEU7TR, STM32WBA54CGU6, STM32WBA54CGU6TR, STM32WBA54CGU7, STM32WBA54CGU7TR, STM32WBA54KEU6, STM32WBA54KEU6TR, STM32WBA54KEU7, STM32WBA54KEU7TR, STM32WBA54KGU6, STM32WBA54KGU6TR, STM32WBA54KGU7, STM32WBA54KGU7TR, STM32WBA55CEU6, STM32WBA55CEU6TR, STM32WBA55CEU7, STM32WBA55CEU7TR, STM32WBA55CGU6, STM32WBA55CGU6TR, STM32WBA55CGU6U, STM32WBA55CGU7, STM32WBA55CGU7TR, STM32WBA55G-DK1, STM32WBA55HEF6, STM32WBA55HEF7, STM32WBA55HGF6, STM32WBA55HGF7, STM32WBA55UEI6, STM32WBA55UEI6TR, STM32WBA55UEI7, STM32WBA55UEI7TR, STM32WBA55UGI6, STM32WBA55UGI6TR, STM32WBA55UGI7, STM32WBA55UGI7TR, STM32WL5MOCH6, STM32WL5MOCH6TR]
2025-04-11 22:20:45,541 [INFO] BoardInfo:889 - No configuration file found for board NUCLEO-C051C8
2025-04-11 22:20:45,542 [INFO] DbBoards:161 - Board is not supported: NUCLEO-C051C8
2025-04-11 22:20:45,547 [INFO] BoardInfo:889 - No configuration file found for board NUCLEO-C092RC
2025-04-11 22:20:45,549 [INFO] DbBoards:161 - Board is not supported: NUCLEO-C092RC
2025-04-11 22:20:45,694 [INFO] BoardInfo:889 - No configuration file found for board NUCLEO-N657X0-Q
2025-04-11 22:20:45,694 [INFO] DbBoards:161 - Board is not supported: NUCLEO-N657X0-Q
2025-04-11 22:20:45,699 [INFO] BoardInfo:889 - No configuration file found for board NUCLEO-U385RG-Q
2025-04-11 22:20:45,700 [INFO] DbBoards:161 - Board is not supported: NUCLEO-U385RG-Q
2025-04-11 22:20:45,722 [INFO] BoardInfo:889 - No configuration file found for board NUCLEO-WBA65RI
2025-04-11 22:20:45,723 [INFO] DbBoards:161 - Board is not supported: NUCLEO-WBA65RI
2025-04-11 22:20:45,724 [INFO] BoardInfo:889 - No configuration file found for board NUCLEO-WL33CC1
2025-04-11 22:20:45,725 [INFO] DbBoards:161 - Board is not supported: NUCLEO-WL33CC1
2025-04-11 22:20:45,726 [INFO] BoardInfo:889 - No configuration file found for board NUCLEO-WL33CC2
2025-04-11 22:20:45,726 [INFO] DbBoards:161 - Board is not supported: NUCLEO-WL33CC2
2025-04-11 22:20:45,736 [INFO] BoardInfo:889 - No configuration file found for board P-NUCLEO-WB55
2025-04-11 22:20:45,738 [INFO] DbBoards:161 - Kit is not supported: P-NUCLEO-WB55
2025-04-11 22:20:45,743 [INFO] BoardInfo:889 - No configuration file found for board STEVAL-BFA001V1B
2025-04-11 22:20:45,743 [INFO] DbBoards:161 - Kit is not supported: STEVAL-BFA001V1B
2025-04-11 22:20:45,745 [INFO] BoardInfo:889 - No configuration file found for board STEVAL-BFA001V2B
2025-04-11 22:20:45,745 [INFO] DbBoards:161 - Kit is not supported: STEVAL-BFA001V2B
2025-04-11 22:20:45,994 [INFO] BoardInfo:889 - No configuration file found for board STM32N6570-DK
2025-04-11 22:20:45,994 [INFO] DbBoards:161 - Board is not supported: STM32N6570-DK
2025-04-11 22:20:46,016 [INFO] BoardInfo:889 - No configuration file found for board STM32WBA65I-DK1
2025-04-11 22:20:46,019 [INFO] DbBoards:161 - Board is not supported: STM32WBA65I-DK1
2025-04-11 22:20:46,019 [INFO] DbBoards:168 - Found 210 boards, 198 are supported
2025-04-11 22:20:46,019 [INFO] DbBoards:169 - Found 210 boards, 25 of them is supported for  Bsp
2025-04-11 22:20:46,027 [INFO] ApiDb:423 - Load user favorites file C:\Users\kjeya/.stm32cubeide/favorites.boards.txt: 0 item(s)
2025-04-11 22:20:46,028 [INFO] ApiDb:427 - User favorites Boards=[]
2025-04-11 22:20:46,028 [INFO] DbBoards:198 - Set 0 / 0 favorites Boards
2025-04-11 22:20:46,030 [INFO] ApiDb:668 - CubeFinder database Data Model version=2.1
2025-04-11 22:20:46,030 [INFO] ApiDb:669 - CubeFinder database Configuration version=3.0.39
2025-04-11 22:20:46,030 [INFO] ApiDb:670 - CubeFinder database generation date=2025-03-24 (1742811287)
2025-04-11 22:20:46,030 [INFO] ApiDb:671 - CubeFinder database FW Pack versions=[FP-ATR-ASTRA1_V2.0.0, FP-SNS-FLIGHT1_V5.0.2, FP-SNS-MOTENV1_V5.0.0, FP-SNS-MOTENVWB1_V1.4.0, FP-SNS-SMARTAG2_V1.2.0, FP-SNS-STBOX1_V2.0.0, STM32Cube_FW_C0_V1.4.0, STM32Cube_FW_F4_V1.28.1, STM32Cube_FW_F7_V1.17.2, STM32Cube_FW_G0_V1.6.2, STM32Cube_FW_G4_V1.6.1, STM32Cube_FW_H5_V1.5.0, STM32Cube_FW_H7RS_V1.2.0, STM32Cube_FW_H7_V1.12.1, STM32Cube_FW_L0_V1.12.2, STM32Cube_FW_L4_V1.18.1, STM32Cube_FW_L5_V1.5.1, STM32Cube_FW_N6_V1.1.0, STM32Cube_FW_U0_V1.2.0, STM32Cube_FW_U3_V1.1.0, STM32Cube_FW_U5_V1.7.0, STM32Cube_FW_WB0_V1.2.0, STM32Cube_FW_WBA_V1.6.0, STM32Cube_FW_WB_V1.22.0, STM32Cube_FW_WL3_V1.1.0, STM32Cube_FW_WL_V1.3.1, X-CUBE-ALGOBUILD_V1.4.0, X-CUBE-ALS_V1.0.2, X-CUBE-AZRTOS-F4_V1.1.0, X-CUBE-AZRTOS-F7_V1.1.0, X-CUBE-AZRTOS-G0_V1.1.0, X-CUBE-AZRTOS-G4_V2.0.0, X-CUBE-AZRTOS-H7RS_V1.0.0, X-CUBE-AZRTOS-H7_V3.3.0, X-CUBE-AZRTOS-L4_V2.0.0, X-CUBE-AZRTOS-L5_V2.0.0, X-CUBE-AZRTOS-WB_V2.0.0, X-CUBE-AZRTOS-WL_V2.0.0, X-CUBE-BLE1_V7.1.0, X-CUBE-BLE2_V3.3.0, X-CUBE-BLEMGR_V4.0.0, X-CUBE-EEPRMA1_V5.1.0, X-CUBE-FREERTOS_V1.3.0, X-CUBE-GNSS1_V6.0.0, X-CUBE-MEMS1_V11.1.0, X-CUBE-NFC4_V3.0.0, X-CUBE-NFC7_V1.0.1, X-CUBE-SFXS2LP1_V4.0.0, X-CUBE-SUBG2_V5.0.0, X-CUBE-TOF1_V3.4.2]
2025-04-11 22:20:47,052 [ERROR] DbExamplesSqlite:437 - Missing JSON key: board_cpn
2025-04-11 22:20:47,052 [ERROR] DbExamplesSqlite:437 - Missing JSON key: board_cpn
2025-04-11 22:20:47,052 [ERROR] DbExamplesSqlite:437 - Missing JSON key: board_cpn
2025-04-11 22:20:47,052 [ERROR] DbExamplesSqlite:437 - Missing JSON key: board_cpn
2025-04-11 22:20:47,289 [ERROR] DbExamplesSqlite:437 - Missing JSON key: board_cpn
2025-04-11 22:20:47,289 [ERROR] DbExamplesSqlite:437 - Missing JSON key: board_cpn
2025-04-11 22:20:47,290 [ERROR] DbExamplesSqlite:437 - Missing JSON key: board_cpn
2025-04-11 22:20:47,290 [ERROR] DbExamplesSqlite:437 - Missing JSON key: board_cpn
2025-04-11 22:20:47,292 [ERROR] DbExamplesSqlite:437 - Missing JSON key: board_cpn
2025-04-11 22:20:47,292 [ERROR] DbExamplesSqlite:437 - Missing JSON key: board_cpn
2025-04-11 22:20:47,292 [ERROR] DbExamplesSqlite:437 - Missing JSON key: board_cpn
2025-04-11 22:20:47,294 [ERROR] DbExamplesSqlite:437 - Missing JSON key: board_cpn
2025-04-11 22:20:47,294 [ERROR] DbExamplesSqlite:437 - Missing JSON key: board_cpn
2025-04-11 22:20:47,662 [ERROR] DbExamplesSqlite:437 - Missing JSON key: board_cpn
2025-04-11 22:20:47,678 [INFO] DbExamplesSqlite:395 - Ignored 46 examples not supported by CubeIDE
2025-04-11 22:20:47,678 [INFO] DbExamplesSqlite:396 - Found 10814 examples active
2025-04-11 22:20:47,678 [INFO] DbExamplesSqlite:397 - Found 0 examples obsolete
2025-04-11 22:20:47,679 [INFO] DbExamplesSqlite:398 - Found 0 examples under development
2025-04-11 22:20:47,679 [INFO] DbExamplesSqlite:399 - Found 79 examples not building
2025-04-11 22:20:47,683 [INFO] DbExamples:125 - Found 10847 examples
2025-04-11 22:20:47,723 [ERROR] DbExamples:208 - Found 3 examples with invalid data (board or MCU)
2025-04-11 22:20:47,724 [INFO] DbExamples:222 - Found 133 boards with related examples
2025-04-11 22:20:47,727 [INFO] DbExamples:235 - Found 110 MCUs with related examples
2025-04-11 22:20:47,766 [INFO] ApiDb:423 - Load user favorites file C:\Users\kjeya/.stm32cubeide/favorites.examples.txt: 0 item(s)
2025-04-11 22:20:47,766 [INFO] ApiDb:427 - User favorites Examples=[]
2025-04-11 22:20:47,767 [INFO] DbExamples:250 - Set 0 / 0 favorites Examples
2025-04-11 22:20:48,361 [INFO] McuFinderGlobals:76 - Set McuFinderConnectedMode to true
2025-04-11 22:20:48,372 [INFO] MultiScanPanel:200 - Auto-refresh data requested => check proxy status ongoing
2025-04-11 22:20:48,378 [INFO] FinderPluginLoader:95 - Searching for filters in installed packs
2025-04-11 22:20:50,615 [INFO] LoadUrlFilesThread:185 - End of LoadServerUrlFiles without Thread
2025-04-11 22:20:50,763 [INFO] DetailPanel:341 - Set advertising image to C:/Users/kjeya/STM32Cube/Repository/\en.prom-stm32u3-mcu-finder.jpg
2025-04-11 22:21:42,935 [INFO] McuFinderGlobals:76 - Set McuFinderConnectedMode to true
2025-04-11 22:21:42,941 [INFO] ApiDb:448 - Save user favorites file C:\Users\kjeya/.stm32cubeide/favorites.mcus.txt: 0 item(s)
2025-04-11 22:21:42,942 [INFO] ApiDb:452 - User favorites MCUs=[]
2025-04-11 23:06:47,198 [ERROR] LogOutputStream:75 - [STDERR_REDIRECT] 
