2025-04-23 17:04:41,558 [INFO] Activator:176 - 


2025-04-23 17:04:41,566 [INFO] Activator:177 - !SESSION log4j initialized
2025-04-23 17:04:50,337 [INFO] LogOutputStream:77 - [STDOUT_REDIRECT] 
2025-04-23 17:04:52,531 [INFO] ApplicationProperties:184 - Using Application install path: C:\ST\STM32CubeIDE_1.16.1\STM32CubeIDE\plugins\com.st.stm32cube.common.mx_6.12.1.202409122256
2025-04-23 17:04:52,557 [INFO] DbMcusXml:78 - Set database path to: C:\ST\STM32CubeIDE_1.16.1\STM32CubeIDE\plugins\com.st.stm32cube.common.mx_6.12.1.202409122256\\db\/mcu/
2025-04-23 17:04:52,557 [INFO] ApiDb:274 - Set plugin database path to: C:\ST\STM32CubeIDE_1.16.1\STM32CubeIDE\plugins\com.st.stm32cube.common.mx_6.12.1.202409122256\\db\/plugins/boardmanager/
2025-04-23 17:04:52,558 [WARN] ApiDb:259 - Overriding images path with different value:  => C:\ST\STM32CubeIDE_1.16.1\STM32CubeIDE\plugins\com.st.stm32cube.common.mx_6.12.1.202409122256\\db\/plugins/mcufinder/images/
2025-04-23 17:04:52,577 [INFO] ApiDb:250 - Set database path to: C:\Users\kjeya\.stmcufinder\plugins\mcufinder//mcu/
2025-04-23 17:04:52,579 [INFO] DbMcusAds:125 - Set database path to: C:\Users\kjeya\.stmcufinder\plugins\mcufinder//mcu/
2025-04-23 17:04:52,584 [INFO] CrossReferenceDbSqlite:203 - Set database path to: C:\Users\kjeya\.stmcufinder\plugins\mcufinder//mcu/cs/
2025-04-23 17:04:52,722 [INFO] RulesReader:64 - Compatibility file has been processed (297 Rules)
2025-04-23 17:04:52,844 [INFO] DbMcusXml:78 - Set database path to: C:\ST\STM32CubeIDE_1.16.1\STM32CubeIDE\plugins\com.st.stm32cube.common.mx_6.12.1.202409122256\\db\/mcu/
2025-04-23 17:04:52,845 [INFO] ApiDb:274 - Set plugin database path to: C:\ST\STM32CubeIDE_1.16.1\STM32CubeIDE\plugins\com.st.stm32cube.common.mx_6.12.1.202409122256\\db\/plugins/boardmanager/
2025-04-23 17:04:52,845 [INFO] ApiDb:261 - Set plugin images path to: C:\ST\STM32CubeIDE_1.16.1\STM32CubeIDE\plugins\com.st.stm32cube.common.mx_6.12.1.202409122256\\db\/plugins/mcufinder/images/
2025-04-23 17:04:52,845 [WARN] DbFile:41 - Overriding database path with different value: C:\Users\kjeya\.stmcufinder\plugins\mcufinder/ => C:\Users\kjeya\.stmcufinder\plugins\mcufinder
2025-04-23 17:04:52,845 [INFO] ApiDb:250 - Set database path to: C:\Users\kjeya\.stmcufinder\plugins\mcufinder//mcu/
2025-04-23 17:04:52,845 [WARN] DbFile:41 - Overriding database path with different value: C:\Users\kjeya\.stmcufinder\plugins\mcufinder/ => C:\Users\kjeya\.stmcufinder\plugins\mcufinder
2025-04-23 17:04:52,846 [INFO] DbMcusAds:125 - Set database path to: C:\Users\kjeya\.stmcufinder\plugins\mcufinder//mcu/
2025-04-23 17:04:52,846 [WARN] DbFile:41 - Overriding database path with different value: C:\Users\kjeya\.stmcufinder\plugins\mcufinder/ => C:\Users\kjeya\.stmcufinder\plugins\mcufinder
2025-04-23 17:04:52,846 [WARN] DbFile:41 - Overriding database path with different value: C:\Users\kjeya\.stmcufinder\plugins\mcufinder/ => C:\Users\kjeya\.stmcufinder\plugins\mcufinder
2025-04-23 17:04:52,846 [INFO] CrossReferenceDbSqlite:203 - Set database path to: C:\Users\kjeya\.stmcufinder\plugins\mcufinder//mcu/cs/
2025-04-23 17:04:52,956 [INFO] MainPanel:268 - HeapMemory: 268435456
2025-04-23 17:04:53,088 [INFO] DbMcusXml:78 - Set database path to: C:\ST\STM32CubeIDE_1.16.1\STM32CubeIDE\plugins\com.st.stm32cube.common.mx_6.12.1.202409122256\\db\/mcu/
2025-04-23 17:04:53,088 [INFO] ApiDb:274 - Set plugin database path to: C:\ST\STM32CubeIDE_1.16.1\STM32CubeIDE\plugins\com.st.stm32cube.common.mx_6.12.1.202409122256\\db\/plugins/boardmanager/
2025-04-23 17:04:53,088 [INFO] ApiDb:261 - Set plugin images path to: C:\ST\STM32CubeIDE_1.16.1\STM32CubeIDE\plugins\com.st.stm32cube.common.mx_6.12.1.202409122256\\db\/plugins/mcufinder/images/
2025-04-23 17:04:53,096 [WARN] DbFile:41 - Overriding database path with different value: C:\Users\kjeya\.stmcufinder\plugins\mcufinder/ => C:\Users\kjeya\.stmcufinder\plugins\mcufinder
2025-04-23 17:04:53,096 [INFO] ApiDb:250 - Set database path to: C:\Users\kjeya\.stmcufinder\plugins\mcufinder//mcu/
2025-04-23 17:04:53,096 [WARN] DbFile:41 - Overriding database path with different value: C:\Users\kjeya\.stmcufinder\plugins\mcufinder/ => C:\Users\kjeya\.stmcufinder\plugins\mcufinder
2025-04-23 17:04:53,096 [INFO] DbMcusAds:125 - Set database path to: C:\Users\kjeya\.stmcufinder\plugins\mcufinder//mcu/
2025-04-23 17:04:53,096 [WARN] DbFile:41 - Overriding database path with different value: C:\Users\kjeya\.stmcufinder\plugins\mcufinder/ => C:\Users\kjeya\.stmcufinder\plugins\mcufinder
2025-04-23 17:04:53,096 [WARN] DbFile:41 - Overriding database path with different value: C:\Users\kjeya\.stmcufinder\plugins\mcufinder/ => C:\Users\kjeya\.stmcufinder\plugins\mcufinder
2025-04-23 17:04:53,096 [INFO] CrossReferenceDbSqlite:203 - Set database path to: C:\Users\kjeya\.stmcufinder\plugins\mcufinder//mcu/cs/
2025-04-23 17:04:53,119 [INFO] ApplicationProperties:184 - Using Application install path: C:\ST\STM32CubeIDE_1.16.1\STM32CubeIDE\plugins\com.st.stm32cube.common.mx_6.12.1.202409122256
2025-04-23 17:04:53,119 [INFO] PluginManage:196 - Search for loadable plugins [exclusion list=, ]
2025-04-23 17:04:53,122 [INFO] PluginManage:310 - Check plugin analytics
2025-04-23 17:04:53,391 [INFO] AnalyticsPlugin:253 - Accepted Software Licenses: STM32CubeMX.6.11.1,STM32CubeMX.6.13.0
2025-04-23 17:04:53,391 [INFO] AnalyticsPlugin:255 - Accepted CMSIS Pack Licenses: STMicroelectronics.X-CUBE-TOUCHGFX.4.24.0,WES.I-CUBE-Cesium.1.3.0,STMicroelectronics.X-CUBE-TOUCHGFX.4.24.2
2025-04-23 17:04:53,391 [INFO] AnalyticsPlugin:257 - Accepted Firmware Licenses: FW.F4.1.28.0,FW.L4.1.18.0,FW.WL.1.3.0,FW.H7.1.11.0,FW.H7.1.12.0
2025-04-23 17:04:53,396 [INFO] PluginManage:359 - Loaded plugin analytics (category:tool,tabindex:-1)
2025-04-23 17:04:53,396 [INFO] PluginManage:310 - Check plugin cadmodel
2025-04-23 17:04:53,422 [INFO] CADModel:105 - Init CAD model plugin
2025-04-23 17:04:53,422 [INFO] PluginManage:359 - Loaded plugin cadmodel (category:power,tabindex:5)
2025-04-23 17:04:53,422 [INFO] PluginManage:310 - Check plugin clock
2025-04-23 17:04:53,454 [INFO] PluginManage:359 - Loaded plugin clock (category:base,tabindex:2)
2025-04-23 17:04:53,454 [INFO] PluginManage:310 - Check plugin ddr
2025-04-23 17:04:53,458 [INFO] PluginManage:359 - Loaded plugin ddr (category:tool,tabindex:6)
2025-04-23 17:04:53,461 [INFO] PluginManage:310 - Check plugin filemanager
2025-04-23 17:04:53,691 [INFO] PluginManage:359 - Loaded plugin filemanager (category:base,tabindex:10)
2025-04-23 17:04:53,691 [INFO] PluginManage:310 - Check plugin ipmanager
2025-04-23 17:04:53,706 [INFO] PluginManage:359 - Loaded plugin ipmanager (category:base,tabindex:5)
2025-04-23 17:04:53,706 [INFO] PluginManage:310 - Check plugin lpbam
2025-04-23 17:04:53,736 [INFO] PluginManage:359 - Loaded plugin lpbam (category:base,tabindex:0)
2025-04-23 17:04:53,736 [INFO] PluginManage:310 - Check plugin memorymap
2025-04-23 17:04:53,768 [INFO] PluginManage:359 - Loaded plugin memorymap (category:base,tabindex:4)
2025-04-23 17:04:53,769 [INFO] PluginManage:310 - Check plugin pinoutandconfiguration
2025-04-23 17:04:53,791 [INFO] PluginManage:359 - Loaded plugin pinoutandconfiguration (category:base,tabindex:1)
2025-04-23 17:04:53,791 [INFO] PluginManage:310 - Check plugin pinoutconfig
2025-04-23 17:04:53,927 [WARN] SupportedApi:132 - Cannot load RTOS API schema: s4s-elt-must-match.1: The content of 'definitions' must match (annotation?, (simpleType | complexType)?, (unique | key | keyref)*)). A problem was found starting at: attribute.
2025-04-23 17:04:54,125 [INFO] PluginManage:359 - Loaded plugin pinoutconfig (category:base,tabindex:0)
2025-04-23 17:04:54,125 [INFO] PluginManage:310 - Check plugin power
2025-04-23 17:04:54,161 [INFO] PluginManage:359 - Loaded plugin power (category:power,tabindex:4)
2025-04-23 17:04:54,161 [INFO] PluginManage:310 - Check plugin projectmanager
2025-04-23 17:04:54,191 [INFO] PluginManage:359 - Loaded plugin projectmanager (category:projectmanager,tabindex:4)
2025-04-23 17:04:54,191 [INFO] PluginManage:310 - Check plugin rif
2025-04-23 17:04:54,215 [INFO] PluginManage:359 - Loaded plugin rif (category:base,tabindex:3)
2025-04-23 17:04:54,215 [INFO] PluginManage:310 - Check plugin thirdparty
2025-04-23 17:04:54,629 [INFO] PluginManage:359 - Loaded plugin thirdparty (category:base,tabindex:-1)
2025-04-23 17:04:54,629 [WARN] IntegrityCheckThread:84 - waiting for thirdparty lock release [integrity check]
2025-04-23 17:04:54,629 [INFO] PluginManage:310 - Check plugin tools
2025-04-23 17:04:54,629 [INFO] IntegrityCheckThread:86 - entering critical section [integrity check]
2025-04-23 17:04:54,631 [INFO] ThirdPartyUpdaterWithRetryManager:70 - Updater plugin not ready yet. [1/15]
2025-04-23 17:04:54,697 [INFO] PluginManage:359 - Loaded plugin tools (category:base,tabindex:7)
2025-04-23 17:04:54,697 [INFO] PluginManage:310 - Check plugin tutovideos
2025-04-23 17:04:54,935 [INFO] PluginManage:359 - Loaded plugin tutovideos (category:base,tabindex:-1)
2025-04-23 17:04:54,935 [INFO] PluginManage:310 - Check plugin updater
2025-04-23 17:04:54,959 [INFO] PluginManage:359 - Loaded plugin updater (category:base,tabindex:12)
2025-04-23 17:04:54,959 [INFO] PluginManage:310 - Check plugin userauth
2025-04-23 17:04:54,966 [INFO] UserAuth:113 - Init User Auth plugin
2025-04-23 17:04:54,966 [INFO] PluginManage:359 - Loaded plugin userauth (category:base,tabindex:14)
2025-04-23 17:04:54,966 [INFO] PluginManage:283 - PluginManage : Loaded plugins [18]
2025-04-23 17:04:55,310 [INFO] PinOutPanel:1561 - setPackage(No Configuration,No Configuration)
2025-04-23 17:04:55,481 [INFO] CADModel:165 - CPN selected for project level
2025-04-23 17:04:55,481 [INFO] CADModel:114 - Register for checkConnection events
2025-04-23 17:04:55,531 [INFO] IPUIPlugin:80 - create IPUIPlugin
2025-04-23 17:04:55,531 [INFO] PluginManager:220 - loadIPPluginJar : add adc
2025-04-23 17:04:55,605 [INFO] IPUIPlugin:80 - create IPUIPlugin
2025-04-23 17:04:55,605 [INFO] PluginManager:220 - loadIPPluginJar : add aes
2025-04-23 17:04:55,670 [INFO] IPUIPlugin:80 - create IPUIPlugin
2025-04-23 17:04:55,670 [INFO] PluginManager:220 - loadIPPluginJar : add can
2025-04-23 17:04:55,701 [INFO] IPUIPlugin:80 - create IPUIPlugin
2025-04-23 17:04:55,701 [INFO] PluginManager:220 - loadIPPluginJar : add comp
2025-04-23 17:04:55,748 [INFO] IPUIPlugin:80 - create IPUIPlugin
2025-04-23 17:04:55,748 [INFO] PluginManager:220 - loadIPPluginJar : add cryp
2025-04-23 17:04:55,764 [INFO] IPUIPlugin:80 - create IPUIPlugin
2025-04-23 17:04:55,764 [INFO] PluginManager:220 - loadIPPluginJar : add ddr_ctrl_phy
2025-04-23 17:04:55,796 [INFO] IPUIPlugin:80 - create IPUIPlugin
2025-04-23 17:04:55,796 [INFO] PluginManager:220 - loadIPPluginJar : add dfsdm
2025-04-23 17:04:55,826 [INFO] IPUIPlugin:80 - create IPUIPlugin
2025-04-23 17:04:55,826 [INFO] PluginManager:220 - loadIPPluginJar : add dma
2025-04-23 17:04:55,881 [INFO] IPUIPlugin:80 - create IPUIPlugin
2025-04-23 17:04:55,881 [INFO] PluginManager:220 - loadIPPluginJar : add dma3
2025-04-23 17:04:55,941 [INFO] IPUIPlugin:80 - create IPUIPlugin
2025-04-23 17:04:55,941 [INFO] PluginManager:220 - loadIPPluginJar : add extmemmanager
2025-04-23 17:04:55,966 [INFO] IPUIPlugin:80 - create IPUIPlugin
2025-04-23 17:04:55,966 [INFO] PluginManager:220 - loadIPPluginJar : add fatfs
2025-04-23 17:04:56,046 [INFO] IPUIPlugin:80 - create IPUIPlugin
2025-04-23 17:04:56,046 [INFO] PluginManager:220 - loadIPPluginJar : add fmc
2025-04-23 17:04:56,064 [INFO] IPUIPlugin:80 - create IPUIPlugin
2025-04-23 17:04:56,064 [INFO] PluginManager:220 - loadIPPluginJar : add freertos
2025-04-23 17:04:56,089 [INFO] IPUIPlugin:80 - create IPUIPlugin
2025-04-23 17:04:56,089 [INFO] PluginManager:220 - loadIPPluginJar : add genericplugin
2025-04-23 17:04:56,238 [INFO] IPUIPlugin:80 - create IPUIPlugin
2025-04-23 17:04:56,238 [INFO] PluginManager:220 - loadIPPluginJar : add gfxmmu
2025-04-23 17:04:56,406 [INFO] IPUIPlugin:80 - create IPUIPlugin
2025-04-23 17:04:56,406 [INFO] PluginManager:220 - loadIPPluginJar : add gic
2025-04-23 17:04:56,425 [INFO] IPUIPlugin:80 - create IPUIPlugin
2025-04-23 17:04:56,425 [INFO] PluginManager:220 - loadIPPluginJar : add gpio
2025-04-23 17:04:56,543 [INFO] IPUIPlugin:80 - create IPUIPlugin
2025-04-23 17:04:56,543 [INFO] PluginManager:220 - loadIPPluginJar : add gtzc
2025-04-23 17:04:56,590 [INFO] IPUIPlugin:80 - create IPUIPlugin
2025-04-23 17:04:56,590 [INFO] PluginManager:220 - loadIPPluginJar : add hash
2025-04-23 17:04:56,660 [INFO] IPUIPlugin:80 - create IPUIPlugin
2025-04-23 17:04:56,660 [INFO] PluginManager:220 - loadIPPluginJar : add i2c
2025-04-23 17:04:56,717 [INFO] IPUIPlugin:80 - create IPUIPlugin
2025-04-23 17:04:56,717 [INFO] PluginManager:220 - loadIPPluginJar : add i2s
2025-04-23 17:04:56,776 [INFO] IPUIPlugin:80 - create IPUIPlugin
2025-04-23 17:04:56,776 [INFO] PluginManager:220 - loadIPPluginJar : add i3c
2025-04-23 17:04:56,955 [INFO] IPUIPlugin:80 - create IPUIPlugin
2025-04-23 17:04:56,955 [INFO] PluginManager:220 - loadIPPluginJar : add ipddr
2025-04-23 17:04:57,091 [INFO] IPUIPlugin:80 - create IPUIPlugin
2025-04-23 17:04:57,091 [INFO] PluginManager:220 - loadIPPluginJar : add linkedlist
2025-04-23 17:04:57,138 [INFO] IPUIPlugin:80 - create IPUIPlugin
2025-04-23 17:04:57,138 [INFO] PluginManager:220 - loadIPPluginJar : add lorawan
2025-04-23 17:04:57,186 [INFO] IPUIPlugin:80 - create IPUIPlugin
2025-04-23 17:04:57,186 [INFO] PluginManager:220 - loadIPPluginJar : add ltdc
2025-04-23 17:04:57,203 [INFO] IPUIPlugin:80 - create IPUIPlugin
2025-04-23 17:04:57,203 [INFO] PluginManager:220 - loadIPPluginJar : add mdma
2025-04-23 17:04:57,223 [INFO] IPUIPlugin:80 - create IPUIPlugin
2025-04-23 17:04:57,223 [INFO] PluginManager:220 - loadIPPluginJar : add nvic
2025-04-23 17:04:57,281 [INFO] IPUIPlugin:80 - create IPUIPlugin
2025-04-23 17:04:57,281 [INFO] PluginManager:220 - loadIPPluginJar : add opamp
2025-04-23 17:04:57,366 [INFO] IPUIPlugin:80 - create IPUIPlugin
2025-04-23 17:04:57,366 [INFO] PluginManager:220 - loadIPPluginJar : add openamp
2025-04-23 17:04:57,429 [INFO] IPUIPlugin:80 - create IPUIPlugin
2025-04-23 17:04:57,429 [INFO] PluginManager:220 - loadIPPluginJar : add pdm2pcm
2025-04-23 17:04:57,450 [INFO] IPUIPlugin:80 - create IPUIPlugin
2025-04-23 17:04:57,452 [INFO] PluginManager:220 - loadIPPluginJar : add plateformsettings
2025-04-23 17:04:57,472 [INFO] IPUIPlugin:80 - create IPUIPlugin
2025-04-23 17:04:57,472 [INFO] PluginManager:220 - loadIPPluginJar : add quadspi
2025-04-23 17:04:57,519 [INFO] IPUIPlugin:80 - create IPUIPlugin
2025-04-23 17:04:57,519 [INFO] PluginManager:220 - loadIPPluginJar : add radio
2025-04-23 17:04:57,540 [INFO] IPUIPlugin:80 - create IPUIPlugin
2025-04-23 17:04:57,540 [INFO] PluginManager:220 - loadIPPluginJar : add resmgrutility
2025-04-23 17:04:57,610 [INFO] IPUIPlugin:80 - create IPUIPlugin
2025-04-23 17:04:57,610 [INFO] PluginManager:220 - loadIPPluginJar : add sai
2025-04-23 17:04:57,640 [INFO] ThirdPartyUpdaterWithRetryManager:70 - Updater plugin not ready yet. [2/15]
2025-04-23 17:04:57,672 [INFO] IPUIPlugin:80 - create IPUIPlugin
2025-04-23 17:04:57,672 [INFO] PluginManager:220 - loadIPPluginJar : add spi
2025-04-23 17:04:57,772 [INFO] IPUIPlugin:80 - create IPUIPlugin
2025-04-23 17:04:57,772 [INFO] PluginManager:220 - loadIPPluginJar : add stm32_wpan
2025-04-23 17:04:57,808 [INFO] IPUIPlugin:80 - create IPUIPlugin
2025-04-23 17:04:57,808 [INFO] PluginManager:220 - loadIPPluginJar : add tim
2025-04-23 17:04:57,893 [INFO] IPUIPlugin:80 - create IPUIPlugin
2025-04-23 17:04:57,893 [INFO] PluginManager:220 - loadIPPluginJar : add touchsensing
2025-04-23 17:04:57,942 [INFO] IPUIPlugin:80 - create IPUIPlugin
2025-04-23 17:04:57,942 [INFO] PluginManager:220 - loadIPPluginJar : add tracer_emb
2025-04-23 17:04:57,978 [INFO] IPUIPlugin:80 - create IPUIPlugin
2025-04-23 17:04:57,978 [INFO] PluginManager:220 - loadIPPluginJar : add ts
2025-04-23 17:04:58,005 [INFO] IPUIPlugin:80 - create IPUIPlugin
2025-04-23 17:04:58,005 [INFO] PluginManager:220 - loadIPPluginJar : add tsc
2025-04-23 17:04:58,059 [INFO] IPUIPlugin:80 - create IPUIPlugin
2025-04-23 17:04:58,059 [INFO] PluginManager:220 - loadIPPluginJar : add ucpd
2025-04-23 17:04:58,134 [INFO] IPUIPlugin:80 - create IPUIPlugin
2025-04-23 17:04:58,134 [INFO] PluginManager:220 - loadIPPluginJar : add usart
2025-04-23 17:04:58,195 [INFO] IPUIPlugin:80 - create IPUIPlugin
2025-04-23 17:04:58,195 [INFO] PluginManager:220 - loadIPPluginJar : add usbx
2025-04-23 17:04:58,356 [INFO] CADModel:165 - CPN selected for project level
2025-04-23 17:04:58,359 [INFO] CADModel:114 - Register for checkConnection events
2025-04-23 17:04:58,359 [FATAL] Updater:334 - Updater called before beeing initialized
2025-04-23 17:04:58,359 [ERROR] CADModel:125 - Updater not yet initialized, retry later 
2025-04-23 17:04:58,594 [INFO] CADModel:165 - CPN selected for project level
2025-04-23 17:04:58,594 [INFO] CADModel:114 - Register for checkConnection events
2025-04-23 17:04:58,594 [FATAL] Updater:334 - Updater called before beeing initialized
2025-04-23 17:04:58,594 [ERROR] CADModel:125 - Updater not yet initialized, retry later 
2025-04-23 17:04:58,596 [FATAL] Updater:334 - Updater called before beeing initialized
2025-04-23 17:04:58,801 [FATAL] Updater:334 - Updater called before beeing initialized
2025-04-23 17:04:58,821 [INFO] DbMcusAds:53 - JSON generation date=Thu Mar 06 20:24:21 IST 2025 (1741272861825)
2025-04-23 17:04:58,824 [FATAL] Updater:334 - Updater called before beeing initialized
2025-04-23 17:04:58,896 [WARN] DetailPanel:346 - Failed to get advertising image, set to default
2025-04-23 17:04:59,008 [FATAL] Updater:334 - Updater called before beeing initialized
2025-04-23 17:04:59,008 [FATAL] Updater:334 - Updater called before beeing initialized
2025-04-23 17:04:59,008 [FATAL] Updater:334 - Updater called before beeing initialized
2025-04-23 17:04:59,008 [WARN] DetailPanel:346 - Failed to get advertising image, set to default
2025-04-23 17:04:59,008 [FATAL] Updater:334 - Updater called before beeing initialized
2025-04-23 17:04:59,092 [ERROR] Updater:1164 - MainUpdater not yet initialized. External WinMGr cannot be set.
2025-04-23 17:04:59,114 [INFO] Updater:1100 - Updater Version found : 6.12.1
2025-04-23 17:04:59,139 [INFO] ApplicationProperties:184 - Using Application install path: C:\ST\STM32CubeIDE_1.16.1\STM32CubeIDE\plugins\com.st.stm32cube.common.mx_6.12.1.202409122256
2025-04-23 17:05:00,652 [INFO] ThirdPartyUpdaterWithRetryManager:70 - Updater plugin not ready yet. [3/15]
2025-04-23 17:05:00,770 [ERROR] LogOutputStream:75 - [STDERR_REDIRECT] Apr 23, 2025 5:05:00 PM java.util.prefs.WindowsPreferences <init>
2025-04-23 17:05:00,771 [ERROR] LogOutputStream:75 - [STDERR_REDIRECT] WARNING: Could not open/create prefs root node Software\JavaSoft\Prefs at root 0xffffffff80000002. Windows RegCreateKeyEx(...) returned error code 5.
2025-04-23 17:05:00,772 [ERROR] LogOutputStream:75 - [STDERR_REDIRECT] 
2025-04-23 17:05:01,670 [INFO] MainUpdater:2873 - connection check result : 10
2025-04-23 17:05:01,670 [INFO] MainUpdater:290 - Updater Check For Update Now.
2025-04-23 17:05:01,672 [INFO] MicroXplorer:498 - Change Database Version : DB.6.0.121
2025-04-23 17:05:01,705 [INFO] McuFinderGlobals:63 - Set McuFinder mode to 2 (CubeIDE integrated)
2025-04-23 17:05:01,718 [INFO] UserAuth:417 - Internet connection configuration mode: 1
2025-04-23 17:05:01,781 [INFO] JxBrowserEngine:152 - Initiate JxBrowser Engine with user profile folder
2025-04-23 17:05:02,019 [INFO] CheckServerUpdateThread:120 - End of CheckServer Thread
2025-04-23 17:05:04,046 [WARN] PackLoader:240 - Cannot read IP mode file for STMicroelectronics.FP-SNS-MOTENVWB1.1.4.0
2025-04-23 17:05:04,076 [WARN] PackLoader:240 - Cannot read IP mode file for STMicroelectronics.FP-ATR-ASTRA1.2.0.2
2025-04-23 17:05:04,100 [WARN] PackLoader:240 - Cannot read IP mode file for STMicroelectronics.FP-ATR-ASTRA1.2.0.1
2025-04-23 17:05:04,144 [WARN] PackLoader:240 - Cannot read IP mode file for STMicroelectronics.X-CUBE-SMBUS.2.1.0
2025-04-23 17:05:04,177 [WARN] PackLoader:240 - Cannot read IP mode file for STMicroelectronics.X-CUBE-WB05N.1.1.0
2025-04-23 17:05:04,274 [WARN] PackLoader:240 - Cannot read IP mode file for STMicroelectronics.X-CUBE-AZRTOS-F7.1.1.0
2025-04-23 17:05:04,317 [WARN] PackLoader:240 - Cannot read IP mode file for STMicroelectronics.FP-SNS-FLIGHT1.5.0.2
2025-04-23 17:05:04,425 [WARN] PackLoader:240 - Cannot read IP mode file for Infineon.AIROC-Wi-Fi-Bluetooth-STM32.1.7.0
2025-04-23 17:05:04,473 [WARN] PackLoader:240 - Cannot read IP mode file for STMicroelectronics.X-CUBE-DISPLAY.3.0.0
2025-04-23 17:05:04,519 [WARN] PackLoader:240 - Cannot read IP mode file for STMicroelectronics.X-CUBE-BLE1.7.0.0
2025-04-23 17:05:04,566 [WARN] PackLoader:240 - Cannot read IP mode file for STMicroelectronics.X-CUBE-NFC10.1.0.0
2025-04-23 17:05:04,616 [WARN] PackLoader:240 - Cannot read IP mode file for STMicroelectronics.X-CUBE-BLEMGR.4.0.0
2025-04-23 17:05:04,668 [WARN] PackLoader:240 - Cannot read IP mode file for emotas.I-CUBE-CANOPEN.1.3.0
2025-04-23 17:05:04,716 [WARN] PackLoader:240 - Cannot read IP mode file for STMicroelectronics.X-CUBE-AI.10.0.0
2025-04-23 17:05:04,747 [WARN] PackLoader:240 - Cannot read IP mode file for STMicroelectronics.FP-SNS-SMARTAG2.1.2.0
2025-04-23 17:05:04,781 [ERROR] Engine:466 - C:\Users\kjeya\.stm32cubemx\thirdparties\pdsc\STMicroelectronics.FP-SNS-FLIGHT1.5.1.0.pdsc: PDSC version is not supported
2025-04-23 17:05:05,017 [WARN] PackLoader:240 - Cannot read IP mode file for STMicroelectronics.X-CUBE-MEMS1.11.1.0
2025-04-23 17:05:05,374 [INFO] LogOutputStream:77 - [STDOUT_REDIRECT] 1 : Invalid condition id : UX_CORESTACK_Condition cause : null
2025-04-23 17:05:05,376 [INFO] LogOutputStream:77 - [STDOUT_REDIRECT] 1 : Invalid condition id : UX_CORESTACK_Condition cause : null
2025-04-23 17:05:05,378 [INFO] LogOutputStream:77 - [STDOUT_REDIRECT] 1 : Invalid condition id : UX_CORESTACK_Condition cause : null
2025-04-23 17:05:05,382 [INFO] LogOutputStream:77 - [STDOUT_REDIRECT] 1 : Invalid condition id : UX_CORESTACK_Condition cause : null
2025-04-23 17:05:05,383 [INFO] LogOutputStream:77 - [STDOUT_REDIRECT] 1 : Invalid condition id : UX_CORESTACK_Condition cause : null
2025-04-23 17:05:05,390 [WARN] PackLoader:240 - Cannot read IP mode file for STMicroelectronics.X-CUBE-AZRTOS-WL.2.0.0
2025-04-23 17:05:05,421 [WARN] PackLoader:240 - Cannot read IP mode file for STMicroelectronics.FP-SNS-MOTENV1.5.0.0
2025-04-23 17:05:05,447 [WARN] PackLoader:240 - Cannot read IP mode file for wolfSSL.I-CUBE-wolfMQTT.1.19.0
2025-04-23 17:05:05,485 [WARN] PackLoader:240 - Cannot read IP mode file for WES.I-CUBE-Cesium.1.3.0
2025-04-23 17:05:05,670 [WARN] PackLoader:240 - Cannot read IP mode file for STMicroelectronics.X-CUBE-BLE2.3.3.0
2025-04-23 17:05:05,696 [WARN] PackLoader:240 - Cannot read IP mode file for STMicroelectronics.X-CUBE-NFC9.1.0.0
2025-04-23 17:05:05,720 [WARN] PackLoader:240 - Cannot read IP mode file for STMicroelectronics.X-CUBE-BLE1.7.1.0
2025-04-23 17:05:05,837 [WARN] PackLoader:240 - Cannot read IP mode file for STMicroelectronics.X-CUBE-MEMS1.11.2.0
2025-04-23 17:05:06,416 [WARN] PackLoader:240 - Cannot read IP mode file for STMicroelectronics.X-CUBE-AZRTOS-G0.1.1.0
2025-04-23 17:05:06,463 [WARN] PackLoader:240 - Cannot read IP mode file for STMicroelectronics.X-CUBE-SAFEA1.1.2.2
2025-04-23 17:05:06,507 [WARN] PackLoader:240 - Cannot read IP mode file for STMicroelectronics.X-CUBE-NFC4.3.0.0
2025-04-23 17:05:06,547 [WARN] PackLoader:240 - Cannot read IP mode file for EmbeddedOffice.I-CUBE-FS-RTOS.1.0.1
2025-04-23 17:05:06,548 [ERROR] ConditionMgr:805 - Attr not supported : Dmpu
2025-04-23 17:05:06,548 [ERROR] ConditionMgr:805 - Attr not supported : Dmpu
2025-04-23 17:05:06,549 [ERROR] ConditionMgr:805 - Attr not supported : Dmpu
2025-04-23 17:05:06,549 [ERROR] ConditionMgr:805 - Attr not supported : Dmpu
2025-04-23 17:05:06,549 [ERROR] ConditionMgr:805 - Attr not supported : Dmpu
2025-04-23 17:05:06,550 [ERROR] ConditionMgr:805 - Attr not supported : Dmpu
2025-04-23 17:05:06,550 [ERROR] ConditionMgr:805 - Attr not supported : Dmpu
2025-04-23 17:05:06,550 [ERROR] ConditionMgr:805 - Attr not supported : Dmpu
2025-04-23 17:05:06,550 [ERROR] ConditionMgr:805 - Attr not supported : Dmpu
2025-04-23 17:05:06,551 [ERROR] ConditionMgr:805 - Attr not supported : Dmpu
2025-04-23 17:05:06,551 [ERROR] ConditionMgr:805 - Attr not supported : Dmpu
2025-04-23 17:05:06,551 [ERROR] ConditionMgr:805 - Attr not supported : Dmpu
2025-04-23 17:05:06,551 [ERROR] ConditionMgr:805 - Attr not supported : Dmpu
2025-04-23 17:05:06,551 [ERROR] ConditionMgr:805 - Attr not supported : Dmpu
2025-04-23 17:05:06,551 [ERROR] ConditionMgr:805 - Attr not supported : Dmpu
2025-04-23 17:05:06,552 [ERROR] ConditionMgr:805 - Attr not supported : Dmpu
2025-04-23 17:05:06,552 [ERROR] ConditionMgr:805 - Attr not supported : Dmpu
2025-04-23 17:05:06,552 [ERROR] ConditionMgr:805 - Attr not supported : Dmpu
2025-04-23 17:05:06,552 [ERROR] ConditionMgr:805 - Attr not supported : Dmpu
2025-04-23 17:05:06,552 [ERROR] ConditionMgr:805 - Attr not supported : Dmpu
2025-04-23 17:05:06,552 [ERROR] ConditionMgr:805 - Attr not supported : Dmpu
2025-04-23 17:05:06,552 [ERROR] ConditionMgr:805 - Attr not supported : Dmpu
2025-04-23 17:05:06,553 [ERROR] ConditionMgr:805 - Attr not supported : Dmpu
2025-04-23 17:05:06,553 [ERROR] ConditionMgr:805 - Attr not supported : Dmpu
2025-04-23 17:05:06,553 [ERROR] ConditionMgr:805 - Attr not supported : Dmpu
2025-04-23 17:05:06,553 [ERROR] ConditionMgr:805 - Attr not supported : Dmpu
2025-04-23 17:05:06,553 [ERROR] ConditionMgr:805 - Attr not supported : Dmpu
2025-04-23 17:05:06,553 [ERROR] ConditionMgr:805 - Attr not supported : Dmpu
2025-04-23 17:05:06,554 [ERROR] ConditionMgr:805 - Attr not supported : Dmpu
2025-04-23 17:05:06,554 [ERROR] ConditionMgr:805 - Attr not supported : Dmpu
2025-04-23 17:05:06,554 [ERROR] ConditionMgr:805 - Attr not supported : Dmpu
2025-04-23 17:05:06,554 [ERROR] ConditionMgr:805 - Attr not supported : Dmpu
2025-04-23 17:05:06,554 [ERROR] ConditionMgr:805 - Attr not supported : Dmpu
2025-04-23 17:05:06,554 [ERROR] ConditionMgr:805 - Attr not supported : Dmpu
2025-04-23 17:05:06,554 [ERROR] ConditionMgr:805 - Attr not supported : Dmpu
2025-04-23 17:05:06,555 [ERROR] ConditionMgr:805 - Attr not supported : Dmpu
2025-04-23 17:05:06,555 [ERROR] ConditionMgr:805 - Attr not supported : Dmpu
2025-04-23 17:05:06,555 [ERROR] ConditionMgr:805 - Attr not supported : Dmpu
2025-04-23 17:05:06,555 [ERROR] ConditionMgr:805 - Attr not supported : Dmpu
2025-04-23 17:05:06,555 [ERROR] ConditionMgr:805 - Attr not supported : Dmpu
2025-04-23 17:05:06,555 [ERROR] ConditionMgr:805 - Attr not supported : Dmpu
2025-04-23 17:05:06,555 [ERROR] ConditionMgr:805 - Attr not supported : Dmpu
2025-04-23 17:05:06,556 [ERROR] ConditionMgr:805 - Attr not supported : Dmpu
2025-04-23 17:05:06,556 [ERROR] ConditionMgr:805 - Attr not supported : Dmpu
2025-04-23 17:05:06,556 [ERROR] ConditionMgr:805 - Attr not supported : Dmpu
2025-04-23 17:05:06,556 [ERROR] ConditionMgr:805 - Attr not supported : Dmpu
2025-04-23 17:05:06,556 [ERROR] ConditionMgr:805 - Attr not supported : Dmpu
2025-04-23 17:05:06,556 [ERROR] ConditionMgr:805 - Attr not supported : Dmpu
2025-04-23 17:05:06,556 [ERROR] ConditionMgr:805 - Attr not supported : Dmpu
2025-04-23 17:05:06,556 [ERROR] ConditionMgr:805 - Attr not supported : Dmpu
2025-04-23 17:05:06,557 [ERROR] ConditionMgr:805 - Attr not supported : Dmpu
2025-04-23 17:05:06,557 [ERROR] ConditionMgr:805 - Attr not supported : Dmpu
2025-04-23 17:05:06,557 [ERROR] ConditionMgr:805 - Attr not supported : Dmpu
2025-04-23 17:05:06,557 [ERROR] ConditionMgr:805 - Attr not supported : Dmpu
2025-04-23 17:05:06,557 [ERROR] ConditionMgr:805 - Attr not supported : Dmpu
2025-04-23 17:05:06,557 [ERROR] ConditionMgr:805 - Attr not supported : Dmpu
2025-04-23 17:05:06,557 [ERROR] ConditionMgr:805 - Attr not supported : Dmpu
2025-04-23 17:05:06,557 [ERROR] ConditionMgr:805 - Attr not supported : Dmpu
2025-04-23 17:05:06,557 [ERROR] ConditionMgr:805 - Attr not supported : Dmpu
2025-04-23 17:05:06,558 [ERROR] ConditionMgr:805 - Attr not supported : Dmpu
2025-04-23 17:05:06,558 [ERROR] ConditionMgr:805 - Attr not supported : Dmpu
2025-04-23 17:05:06,558 [ERROR] ConditionMgr:805 - Attr not supported : Dmpu
2025-04-23 17:05:06,558 [ERROR] ConditionMgr:805 - Attr not supported : Dmpu
2025-04-23 17:05:06,559 [ERROR] ConditionMgr:805 - Attr not supported : Dmpu
2025-04-23 17:05:06,582 [WARN] PackLoader:240 - Cannot read IP mode file for STMicroelectronics.X-CUBE-WB05N.2.0.0
2025-04-23 17:05:06,610 [ERROR] Engine:466 - C:\Users\kjeya\.stm32cubemx\thirdparties\pdsc\STMicroelectronics.X-CUBE-TCPP.4.2.0.pdsc: PDSC version is not supported
2025-04-23 17:05:06,649 [WARN] PackLoader:240 - Cannot read IP mode file for RealThread.X-CUBE-RT-Thread_Nano.4.1.1
2025-04-23 17:05:06,815 [WARN] PackLoader:240 - Cannot read IP mode file for STMicroelectronics.FP-ATR-SIGFOX1.3.2.0
2025-04-23 17:05:06,890 [WARN] ConditionMgr:438 - getConditionDescription Invalid condition id : Cortex-A Device cause : null
2025-04-23 17:05:06,977 [WARN] ConditionMgr:1039 - genDependencies : Invalid condition id : Cortex-A Device cause : null
2025-04-23 17:05:06,977 [WARN] ConditionMgr:1039 - genDependencies : Invalid condition id : Cortex-A Device cause : null
2025-04-23 17:05:06,977 [WARN] ConditionMgr:1039 - genDependencies : Invalid condition id : Cortex-A Device cause : null
2025-04-23 17:05:07,057 [WARN] PackLoader:240 - Cannot read IP mode file for STMicroelectronics.X-CUBE-EEPRMA1.5.1.0
2025-04-23 17:05:07,103 [WARN] PackLoader:240 - Cannot read IP mode file for wolfSSL.I-CUBE-wolfSSL.5.7.4
2025-04-23 17:05:07,160 [WARN] PackLoader:240 - Cannot read IP mode file for ITTIA_DB.I-CUBE-ITTIADB.8.9.0
2025-04-23 17:05:07,321 [WARN] PackLoader:240 - Cannot read IP mode file for SEGGER.I-CUBE-embOS.1.3.1
2025-04-23 17:05:07,460 [WARN] PackLoader:240 - Cannot read IP mode file for STMicroelectronics.X-CUBE-ALGOBUILD.1.4.0
2025-04-23 17:05:07,494 [WARN] PackLoader:240 - Cannot read IP mode file for STMicroelectronics.X-CUBE-AI.9.1.0
2025-04-23 17:05:07,561 [WARN] PackLoader:240 - Cannot read IP mode file for STMicroelectronics.X-CUBE-AZRTOS-F4.1.1.0
2025-04-23 17:05:07,590 [ERROR] Engine:466 - C:\Users\kjeya\.stm32cubemx\thirdparties\pdsc\Avnet-IotConnect.X-CUBE-IoTC-DA16k-PMOD.1.0.0.pdsc: PDSC version is not supported
2025-04-23 17:05:07,618 [WARN] PackLoader:240 - Cannot read IP mode file for STMicroelectronics.X-CUBE-ISPU.2.1.0
2025-04-23 17:05:07,679 [WARN] PackLoader:240 - Cannot read IP mode file for STMicroelectronics.X-CUBE-AZRTOS-L5.2.0.0
2025-04-23 17:05:07,710 [INFO] WebApp:167 - Instantiating new browser for Auth
2025-04-23 17:05:07,715 [WARN] PackLoader:240 - Cannot read IP mode file for STMicroelectronics.X-CUBE-NFC6.3.1.0
2025-04-23 17:05:07,777 [WARN] PackLoader:240 - Cannot read IP mode file for STMicroelectronics.X-CUBE-DPower.1.2.0
2025-04-23 17:05:07,829 [WARN] PackLoader:240 - Cannot read IP mode file for STMicroelectronics.X-CUBE-FREERTOS.1.3.0
2025-04-23 17:05:07,873 [WARN] PackLoader:240 - Cannot read IP mode file for STMicroelectronics.X-CUBE-NFC7.1.0.1
2025-04-23 17:05:07,913 [WARN] PackLoader:240 - Cannot read IP mode file for STMicroelectronics.X-CUBE-DPower.1.3.0
2025-04-23 17:05:07,981 [WARN] ConditionMgr:438 - getConditionDescription Invalid condition id : LAN8742 Phy interface Condition cause : null
2025-04-23 17:05:07,981 [WARN] PackLoader:240 - Cannot read IP mode file for STMicroelectronics.X-CUBE-AZRTOS-L4.2.0.0
2025-04-23 17:05:07,981 [WARN] ConditionMgr:1039 - genDependencies : Invalid condition id : LAN8742 Phy interface Condition cause : null
2025-04-23 17:05:07,981 [WARN] ConditionMgr:1039 - genDependencies : Invalid condition id : LAN8742 Phy interface Condition cause : null
2025-04-23 17:05:07,981 [WARN] ConditionMgr:1039 - genDependencies : Invalid condition id : LAN8742 Phy interface Condition cause : null
2025-04-23 17:05:08,037 [WARN] PackLoader:240 - Cannot read IP mode file for STMicroelectronics.X-CUBE-SFXS2LP1.4.0.0
2025-04-23 17:05:08,171 [WARN] PackLoader:240 - Cannot read IP mode file for STMicroelectronics.X-CUBE-AZRTOS-H7.3.3.0
2025-04-23 17:05:08,273 [WARN] PackLoader:240 - Cannot read IP mode file for STMicroelectronics.X-CUBE-IPS.3.0.0
2025-04-23 17:05:08,334 [WARN] ConditionMgr:438 - getConditionDescription Invalid condition id : UX DEVICE CLASS RTOS Condition cause : null
2025-04-23 17:05:08,337 [WARN] ConditionMgr:438 - getConditionDescription Invalid condition id : UX DEVICE CLASS RTOS Condition cause : null
2025-04-23 17:05:08,339 [WARN] PackLoader:240 - Cannot read IP mode file for STMicroelectronics.X-CUBE-AZRTOS-WB.2.0.0
2025-04-23 17:05:08,342 [WARN] ConditionMgr:1039 - genDependencies : Invalid condition id : UX DEVICE CLASS RTOS Condition cause : null
2025-04-23 17:05:08,342 [WARN] ConditionMgr:1039 - genDependencies : Invalid condition id : UX DEVICE CLASS RTOS Condition cause : null
2025-04-23 17:05:08,342 [WARN] ConditionMgr:1039 - genDependencies : Invalid condition id : UX DEVICE CLASS RTOS Condition cause : null
2025-04-23 17:05:08,342 [WARN] ConditionMgr:1039 - genDependencies : Invalid condition id : UX DEVICE CLASS RTOS Condition cause : null
2025-04-23 17:05:08,342 [WARN] ConditionMgr:1039 - genDependencies : Invalid condition id : UX DEVICE CLASS RTOS Condition cause : null
2025-04-23 17:05:08,377 [WARN] PackLoader:240 - Cannot read IP mode file for STMicroelectronics.X-CUBE-GNSS1.7.0.1
2025-04-23 17:05:08,409 [WARN] PackLoader:240 - Cannot read IP mode file for STMicroelectronics.X-CUBE-TOUCHGFX.4.25.0
2025-04-23 17:05:08,450 [WARN] PackLoader:240 - Cannot read IP mode file for STMicroelectronics.FP-SNS-STBOX1.2.0.0
2025-04-23 17:05:08,488 [WARN] PackLoader:240 - Cannot read IP mode file for STMicroelectronics.X-CUBE-SUBG2.5.0.0
2025-04-23 17:05:08,551 [WARN] PackLoader:240 - Cannot read IP mode file for STMicroelectronics.X-CUBE-AZRTOS-H7RS.1.1.0
2025-04-23 17:05:08,585 [WARN] PackLoader:240 - Cannot read IP mode file for Cesanta.I-CUBE-Mongoose.7.13.0
2025-04-23 17:05:08,634 [WARN] PackLoader:240 - Cannot read IP mode file for STMicroelectronics.X-CUBE-AZRTOS-G4.2.0.0
2025-04-23 17:05:08,670 [ERROR] Engine:466 - C:\Users\kjeya\.stm32cubemx\thirdparties\pdsc\STMicroelectronics.X-CUBE-IPS.3.1.0.pdsc: PDSC version is not supported
2025-04-23 17:05:08,697 [WARN] PackLoader:240 - Cannot read IP mode file for STMicroelectronics.X-CUBE-ALS.1.0.2
2025-04-23 17:05:08,717 [WARN] PackLoader:240 - Cannot read IP mode file for STMicroelectronics.X-CUBE-TOUCHGFX.4.24.0
2025-04-23 17:05:08,918 [WARN] PackLoader:240 - Cannot read IP mode file for STMicroelectronics.X-CUBE-TOUCHGFX.4.24.2
2025-04-23 17:05:09,089 [WARN] PackLoader:240 - Cannot read IP mode file for STMicroelectronics.X-CUBE-TOUCHGFX.4.24.1
2025-04-23 17:05:09,121 [WARN] PackLoader:240 - Cannot read IP mode file for wolfSSL.I-CUBE-wolfTPM.3.4.0
2025-04-23 17:05:09,153 [WARN] PackLoader:240 - Cannot read IP mode file for portGmbH.I-Cube-SoM-uGOAL.1.1.0
2025-04-23 17:05:09,219 [WARN] PackLoader:240 - Cannot read IP mode file for STMicroelectronics.X-CUBE-AZRTOS-H7RS.1.0.0
2025-04-23 17:05:09,261 [WARN] PackLoader:240 - Cannot read IP mode file for STMicroelectronics.X-CUBE-TOF1.3.4.2
2025-04-23 17:05:09,299 [ERROR] Engine:466 - C:\Users\kjeya\.stm32cubemx\thirdparties\pdsc\STMicroelectronics.X-CUBE-TOF1.3.4.3.pdsc: PDSC version is not supported
2025-04-23 17:05:09,328 [WARN] PackLoader:240 - Cannot read IP mode file for wolfSSL.I-CUBE-wolfSSH.1.4.17
2025-04-23 17:05:09,329 [INFO] ThirdParty:978 - Integrity check success = true
2025-04-23 17:05:09,329 [INFO] IntegrityCheckThread:100 - exiting critical section [integrity check]
2025-04-23 17:05:09,329 [INFO] IntegrityCheckThread:103 - End integrity checks thread
2025-04-23 17:05:09,800 [INFO] WebApp:448 - Apply proxy settings
2025-04-23 17:05:09,801 [INFO] WebApp:533 - Chromium requires no authentication
2025-04-23 17:05:09,824 [INFO] WebApp:476 - Direct internet connection detected
2025-04-23 17:05:09,890 [INFO] WebApp:869 - Register for checkConnection events
2025-04-23 17:05:09,890 [INFO] WebApp:448 - Apply proxy settings
2025-04-23 17:05:09,890 [INFO] WebApp:533 - Chromium requires no authentication
2025-04-23 17:05:09,892 [INFO] WebApp:476 - Direct internet connection detected
2025-04-23 17:05:10,165 [INFO] WebApp:186 - Connection restablished
2025-04-23 17:05:10,245 [INFO] WebApp:220 - Starting web application
2025-04-23 17:05:10,245 [INFO] WebApp:578 - Web application path used C:\ST\STM32CubeIDE_1.16.1\STM32CubeIDE\plugins\com.st.stm32cube.common.mx_6.12.1.202409122256\db\plugins\mcufinder\reactClient1\index.html
2025-04-23 17:05:10,616 [INFO] UserAuth:417 - Internet connection configuration mode: 1
2025-04-23 18:26:14,349 [ERROR] LogOutputStream:75 - [STDERR_REDIRECT] 
2025-04-23 18:26:14,351 [ERROR] LogOutputStream:75 - [STDERR_REDIRECT] 
2025-04-23 21:31:21,170 [INFO] Activator:176 - 


2025-04-23 21:31:21,175 [INFO] Activator:177 - !SESSION log4j initialized
2025-04-23 21:31:31,982 [INFO] LogOutputStream:77 - [STDOUT_REDIRECT] 
2025-04-23 21:31:34,335 [INFO] ApplicationProperties:184 - Using Application install path: C:\ST\STM32CubeIDE_1.16.1\STM32CubeIDE\plugins\com.st.stm32cube.common.mx_6.12.1.202409122256
2025-04-23 21:31:34,381 [INFO] DbMcusXml:78 - Set database path to: C:\ST\STM32CubeIDE_1.16.1\STM32CubeIDE\plugins\com.st.stm32cube.common.mx_6.12.1.202409122256\\db\/mcu/
2025-04-23 21:31:34,381 [INFO] ApiDb:274 - Set plugin database path to: C:\ST\STM32CubeIDE_1.16.1\STM32CubeIDE\plugins\com.st.stm32cube.common.mx_6.12.1.202409122256\\db\/plugins/boardmanager/
2025-04-23 21:31:34,383 [WARN] ApiDb:259 - Overriding images path with different value:  => C:\ST\STM32CubeIDE_1.16.1\STM32CubeIDE\plugins\com.st.stm32cube.common.mx_6.12.1.202409122256\\db\/plugins/mcufinder/images/
2025-04-23 21:31:34,401 [INFO] ApiDb:250 - Set database path to: C:\Users\kjeya\.stmcufinder\plugins\mcufinder//mcu/
2025-04-23 21:31:34,403 [INFO] DbMcusAds:125 - Set database path to: C:\Users\kjeya\.stmcufinder\plugins\mcufinder//mcu/
2025-04-23 21:31:34,409 [INFO] CrossReferenceDbSqlite:203 - Set database path to: C:\Users\kjeya\.stmcufinder\plugins\mcufinder//mcu/cs/
2025-04-23 21:31:34,663 [INFO] RulesReader:64 - Compatibility file has been processed (297 Rules)
2025-04-23 21:31:35,030 [INFO] DbMcusXml:78 - Set database path to: C:\ST\STM32CubeIDE_1.16.1\STM32CubeIDE\plugins\com.st.stm32cube.common.mx_6.12.1.202409122256\\db\/mcu/
2025-04-23 21:31:35,030 [INFO] ApiDb:274 - Set plugin database path to: C:\ST\STM32CubeIDE_1.16.1\STM32CubeIDE\plugins\com.st.stm32cube.common.mx_6.12.1.202409122256\\db\/plugins/boardmanager/
2025-04-23 21:31:35,030 [INFO] ApiDb:261 - Set plugin images path to: C:\ST\STM32CubeIDE_1.16.1\STM32CubeIDE\plugins\com.st.stm32cube.common.mx_6.12.1.202409122256\\db\/plugins/mcufinder/images/
2025-04-23 21:31:35,030 [WARN] DbFile:41 - Overriding database path with different value: C:\Users\kjeya\.stmcufinder\plugins\mcufinder/ => C:\Users\kjeya\.stmcufinder\plugins\mcufinder
2025-04-23 21:31:35,030 [INFO] ApiDb:250 - Set database path to: C:\Users\kjeya\.stmcufinder\plugins\mcufinder//mcu/
2025-04-23 21:31:35,030 [WARN] DbFile:41 - Overriding database path with different value: C:\Users\kjeya\.stmcufinder\plugins\mcufinder/ => C:\Users\kjeya\.stmcufinder\plugins\mcufinder
2025-04-23 21:31:35,034 [INFO] DbMcusAds:125 - Set database path to: C:\Users\kjeya\.stmcufinder\plugins\mcufinder//mcu/
2025-04-23 21:31:35,034 [WARN] DbFile:41 - Overriding database path with different value: C:\Users\kjeya\.stmcufinder\plugins\mcufinder/ => C:\Users\kjeya\.stmcufinder\plugins\mcufinder
2025-04-23 21:31:35,034 [WARN] DbFile:41 - Overriding database path with different value: C:\Users\kjeya\.stmcufinder\plugins\mcufinder/ => C:\Users\kjeya\.stmcufinder\plugins\mcufinder
2025-04-23 21:31:35,034 [INFO] CrossReferenceDbSqlite:203 - Set database path to: C:\Users\kjeya\.stmcufinder\plugins\mcufinder//mcu/cs/
2025-04-23 21:31:35,240 [INFO] MainPanel:268 - HeapMemory: 268435456
2025-04-23 21:31:35,480 [INFO] DbMcusXml:78 - Set database path to: C:\ST\STM32CubeIDE_1.16.1\STM32CubeIDE\plugins\com.st.stm32cube.common.mx_6.12.1.202409122256\\db\/mcu/
2025-04-23 21:31:35,480 [INFO] ApiDb:274 - Set plugin database path to: C:\ST\STM32CubeIDE_1.16.1\STM32CubeIDE\plugins\com.st.stm32cube.common.mx_6.12.1.202409122256\\db\/plugins/boardmanager/
2025-04-23 21:31:35,480 [INFO] ApiDb:261 - Set plugin images path to: C:\ST\STM32CubeIDE_1.16.1\STM32CubeIDE\plugins\com.st.stm32cube.common.mx_6.12.1.202409122256\\db\/plugins/mcufinder/images/
2025-04-23 21:31:35,480 [WARN] DbFile:41 - Overriding database path with different value: C:\Users\kjeya\.stmcufinder\plugins\mcufinder/ => C:\Users\kjeya\.stmcufinder\plugins\mcufinder
2025-04-23 21:31:35,480 [INFO] ApiDb:250 - Set database path to: C:\Users\kjeya\.stmcufinder\plugins\mcufinder//mcu/
2025-04-23 21:31:35,480 [WARN] DbFile:41 - Overriding database path with different value: C:\Users\kjeya\.stmcufinder\plugins\mcufinder/ => C:\Users\kjeya\.stmcufinder\plugins\mcufinder
2025-04-23 21:31:35,480 [INFO] DbMcusAds:125 - Set database path to: C:\Users\kjeya\.stmcufinder\plugins\mcufinder//mcu/
2025-04-23 21:31:35,480 [WARN] DbFile:41 - Overriding database path with different value: C:\Users\kjeya\.stmcufinder\plugins\mcufinder/ => C:\Users\kjeya\.stmcufinder\plugins\mcufinder
2025-04-23 21:31:35,480 [WARN] DbFile:41 - Overriding database path with different value: C:\Users\kjeya\.stmcufinder\plugins\mcufinder/ => C:\Users\kjeya\.stmcufinder\plugins\mcufinder
2025-04-23 21:31:35,480 [INFO] CrossReferenceDbSqlite:203 - Set database path to: C:\Users\kjeya\.stmcufinder\plugins\mcufinder//mcu/cs/
2025-04-23 21:31:35,510 [INFO] ApplicationProperties:184 - Using Application install path: C:\ST\STM32CubeIDE_1.16.1\STM32CubeIDE\plugins\com.st.stm32cube.common.mx_6.12.1.202409122256
2025-04-23 21:31:35,519 [INFO] PluginManage:196 - Search for loadable plugins [exclusion list=, ]
2025-04-23 21:31:35,521 [INFO] PluginManage:310 - Check plugin analytics
2025-04-23 21:31:35,953 [INFO] AnalyticsPlugin:253 - Accepted Software Licenses: STM32CubeMX.6.11.1,STM32CubeMX.6.13.0
2025-04-23 21:31:35,955 [INFO] AnalyticsPlugin:255 - Accepted CMSIS Pack Licenses: STMicroelectronics.X-CUBE-TOUCHGFX.4.24.0,WES.I-CUBE-Cesium.1.3.0,STMicroelectronics.X-CUBE-TOUCHGFX.4.24.2
2025-04-23 21:31:35,955 [INFO] AnalyticsPlugin:257 - Accepted Firmware Licenses: FW.F4.1.28.0,FW.L4.1.18.0,FW.WL.1.3.0,FW.H7.1.11.0,FW.H7.1.12.0
2025-04-23 21:31:35,969 [INFO] PluginManage:359 - Loaded plugin analytics (category:tool,tabindex:-1)
2025-04-23 21:31:35,970 [INFO] PluginManage:310 - Check plugin cadmodel
2025-04-23 21:31:35,983 [INFO] CADModel:105 - Init CAD model plugin
2025-04-23 21:31:35,983 [INFO] PluginManage:359 - Loaded plugin cadmodel (category:power,tabindex:5)
2025-04-23 21:31:35,983 [INFO] PluginManage:310 - Check plugin clock
2025-04-23 21:31:36,003 [INFO] PluginManage:359 - Loaded plugin clock (category:base,tabindex:2)
2025-04-23 21:31:36,003 [INFO] PluginManage:310 - Check plugin ddr
2025-04-23 21:31:36,008 [INFO] PluginManage:359 - Loaded plugin ddr (category:tool,tabindex:6)
2025-04-23 21:31:36,008 [INFO] PluginManage:310 - Check plugin filemanager
2025-04-23 21:31:36,335 [INFO] PluginManage:359 - Loaded plugin filemanager (category:base,tabindex:10)
2025-04-23 21:31:36,335 [INFO] PluginManage:310 - Check plugin ipmanager
2025-04-23 21:31:36,352 [INFO] PluginManage:359 - Loaded plugin ipmanager (category:base,tabindex:5)
2025-04-23 21:31:36,353 [INFO] PluginManage:310 - Check plugin lpbam
2025-04-23 21:31:36,368 [INFO] PluginManage:359 - Loaded plugin lpbam (category:base,tabindex:0)
2025-04-23 21:31:36,368 [INFO] PluginManage:310 - Check plugin memorymap
2025-04-23 21:31:36,397 [INFO] PluginManage:359 - Loaded plugin memorymap (category:base,tabindex:4)
2025-04-23 21:31:36,397 [INFO] PluginManage:310 - Check plugin pinoutandconfiguration
2025-04-23 21:31:36,414 [INFO] PluginManage:359 - Loaded plugin pinoutandconfiguration (category:base,tabindex:1)
2025-04-23 21:31:36,414 [INFO] PluginManage:310 - Check plugin pinoutconfig
2025-04-23 21:31:36,571 [WARN] SupportedApi:132 - Cannot load RTOS API schema: s4s-elt-must-match.1: The content of 'definitions' must match (annotation?, (simpleType | complexType)?, (unique | key | keyref)*)). A problem was found starting at: attribute.
2025-04-23 21:31:36,828 [INFO] PluginManage:359 - Loaded plugin pinoutconfig (category:base,tabindex:0)
2025-04-23 21:31:36,828 [INFO] PluginManage:310 - Check plugin power
2025-04-23 21:31:36,846 [INFO] PluginManage:359 - Loaded plugin power (category:power,tabindex:4)
2025-04-23 21:31:36,847 [INFO] PluginManage:310 - Check plugin projectmanager
2025-04-23 21:31:36,876 [INFO] PluginManage:359 - Loaded plugin projectmanager (category:projectmanager,tabindex:4)
2025-04-23 21:31:36,877 [INFO] PluginManage:310 - Check plugin rif
2025-04-23 21:31:36,886 [INFO] PluginManage:359 - Loaded plugin rif (category:base,tabindex:3)
2025-04-23 21:31:36,887 [INFO] PluginManage:310 - Check plugin thirdparty
2025-04-23 21:31:37,132 [INFO] PluginManage:359 - Loaded plugin thirdparty (category:base,tabindex:-1)
2025-04-23 21:31:37,131 [WARN] IntegrityCheckThread:84 - waiting for thirdparty lock release [integrity check]
2025-04-23 21:31:37,132 [INFO] IntegrityCheckThread:86 - entering critical section [integrity check]
2025-04-23 21:31:37,132 [INFO] PluginManage:310 - Check plugin tools
2025-04-23 21:31:37,133 [INFO] ThirdPartyUpdaterWithRetryManager:70 - Updater plugin not ready yet. [1/15]
2025-04-23 21:31:37,138 [INFO] PluginManage:359 - Loaded plugin tools (category:base,tabindex:7)
2025-04-23 21:31:37,138 [INFO] PluginManage:310 - Check plugin tutovideos
2025-04-23 21:31:37,539 [INFO] PluginManage:359 - Loaded plugin tutovideos (category:base,tabindex:-1)
2025-04-23 21:31:37,539 [INFO] PluginManage:310 - Check plugin updater
2025-04-23 21:31:37,567 [INFO] PluginManage:359 - Loaded plugin updater (category:base,tabindex:12)
2025-04-23 21:31:37,568 [INFO] PluginManage:310 - Check plugin userauth
2025-04-23 21:31:37,578 [INFO] UserAuth:113 - Init User Auth plugin
2025-04-23 21:31:37,578 [INFO] PluginManage:359 - Loaded plugin userauth (category:base,tabindex:14)
2025-04-23 21:31:37,578 [INFO] PluginManage:283 - PluginManage : Loaded plugins [18]
2025-04-23 21:31:38,061 [INFO] PinOutPanel:1561 - setPackage(No Configuration,No Configuration)
2025-04-23 21:31:38,263 [INFO] CADModel:165 - CPN selected for project level
2025-04-23 21:31:38,263 [INFO] CADModel:114 - Register for checkConnection events
2025-04-23 21:31:38,302 [INFO] IPUIPlugin:80 - create IPUIPlugin
2025-04-23 21:31:38,303 [INFO] PluginManager:220 - loadIPPluginJar : add adc
2025-04-23 21:31:38,308 [INFO] IPUIPlugin:80 - create IPUIPlugin
2025-04-23 21:31:38,308 [INFO] PluginManager:220 - loadIPPluginJar : add aes
2025-04-23 21:31:38,314 [INFO] IPUIPlugin:80 - create IPUIPlugin
2025-04-23 21:31:38,315 [INFO] PluginManager:220 - loadIPPluginJar : add can
2025-04-23 21:31:38,320 [INFO] IPUIPlugin:80 - create IPUIPlugin
2025-04-23 21:31:38,322 [INFO] PluginManager:220 - loadIPPluginJar : add comp
2025-04-23 21:31:38,328 [INFO] IPUIPlugin:80 - create IPUIPlugin
2025-04-23 21:31:38,328 [INFO] PluginManager:220 - loadIPPluginJar : add cryp
2025-04-23 21:31:38,337 [INFO] IPUIPlugin:80 - create IPUIPlugin
2025-04-23 21:31:38,337 [INFO] PluginManager:220 - loadIPPluginJar : add ddr_ctrl_phy
2025-04-23 21:31:38,343 [INFO] IPUIPlugin:80 - create IPUIPlugin
2025-04-23 21:31:38,344 [INFO] PluginManager:220 - loadIPPluginJar : add dfsdm
2025-04-23 21:31:38,358 [INFO] IPUIPlugin:80 - create IPUIPlugin
2025-04-23 21:31:38,359 [INFO] PluginManager:220 - loadIPPluginJar : add dma
2025-04-23 21:31:38,368 [INFO] IPUIPlugin:80 - create IPUIPlugin
2025-04-23 21:31:38,368 [INFO] PluginManager:220 - loadIPPluginJar : add dma3
2025-04-23 21:31:38,376 [INFO] IPUIPlugin:80 - create IPUIPlugin
2025-04-23 21:31:38,377 [INFO] PluginManager:220 - loadIPPluginJar : add extmemmanager
2025-04-23 21:31:38,381 [INFO] IPUIPlugin:80 - create IPUIPlugin
2025-04-23 21:31:38,382 [INFO] PluginManager:220 - loadIPPluginJar : add fatfs
2025-04-23 21:31:38,393 [INFO] IPUIPlugin:80 - create IPUIPlugin
2025-04-23 21:31:38,393 [INFO] PluginManager:220 - loadIPPluginJar : add fmc
2025-04-23 21:31:38,408 [INFO] IPUIPlugin:80 - create IPUIPlugin
2025-04-23 21:31:38,408 [INFO] PluginManager:220 - loadIPPluginJar : add freertos
2025-04-23 21:31:38,412 [INFO] IPUIPlugin:80 - create IPUIPlugin
2025-04-23 21:31:38,412 [INFO] PluginManager:220 - loadIPPluginJar : add genericplugin
2025-04-23 21:31:38,419 [INFO] IPUIPlugin:80 - create IPUIPlugin
2025-04-23 21:31:38,419 [INFO] PluginManager:220 - loadIPPluginJar : add gfxmmu
2025-04-23 21:31:38,429 [INFO] IPUIPlugin:80 - create IPUIPlugin
2025-04-23 21:31:38,430 [INFO] PluginManager:220 - loadIPPluginJar : add gic
2025-04-23 21:31:38,442 [INFO] IPUIPlugin:80 - create IPUIPlugin
2025-04-23 21:31:38,442 [INFO] PluginManager:220 - loadIPPluginJar : add gpio
2025-04-23 21:31:38,450 [INFO] IPUIPlugin:80 - create IPUIPlugin
2025-04-23 21:31:38,450 [INFO] PluginManager:220 - loadIPPluginJar : add gtzc
2025-04-23 21:31:38,456 [INFO] IPUIPlugin:80 - create IPUIPlugin
2025-04-23 21:31:38,456 [INFO] PluginManager:220 - loadIPPluginJar : add hash
2025-04-23 21:31:38,461 [INFO] IPUIPlugin:80 - create IPUIPlugin
2025-04-23 21:31:38,461 [INFO] PluginManager:220 - loadIPPluginJar : add i2c
2025-04-23 21:31:38,467 [INFO] IPUIPlugin:80 - create IPUIPlugin
2025-04-23 21:31:38,467 [INFO] PluginManager:220 - loadIPPluginJar : add i2s
2025-04-23 21:31:38,474 [INFO] IPUIPlugin:80 - create IPUIPlugin
2025-04-23 21:31:38,474 [INFO] PluginManager:220 - loadIPPluginJar : add i3c
2025-04-23 21:31:38,480 [INFO] IPUIPlugin:80 - create IPUIPlugin
2025-04-23 21:31:38,481 [INFO] PluginManager:220 - loadIPPluginJar : add ipddr
2025-04-23 21:31:38,496 [INFO] IPUIPlugin:80 - create IPUIPlugin
2025-04-23 21:31:38,496 [INFO] PluginManager:220 - loadIPPluginJar : add linkedlist
2025-04-23 21:31:38,506 [INFO] IPUIPlugin:80 - create IPUIPlugin
2025-04-23 21:31:38,506 [INFO] PluginManager:220 - loadIPPluginJar : add lorawan
2025-04-23 21:31:38,510 [INFO] IPUIPlugin:80 - create IPUIPlugin
2025-04-23 21:31:38,510 [INFO] PluginManager:220 - loadIPPluginJar : add ltdc
2025-04-23 21:31:38,524 [INFO] IPUIPlugin:80 - create IPUIPlugin
2025-04-23 21:31:38,524 [INFO] PluginManager:220 - loadIPPluginJar : add mdma
2025-04-23 21:31:38,533 [INFO] IPUIPlugin:80 - create IPUIPlugin
2025-04-23 21:31:38,533 [INFO] PluginManager:220 - loadIPPluginJar : add nvic
2025-04-23 21:31:38,541 [INFO] IPUIPlugin:80 - create IPUIPlugin
2025-04-23 21:31:38,541 [INFO] PluginManager:220 - loadIPPluginJar : add opamp
2025-04-23 21:31:38,546 [INFO] IPUIPlugin:80 - create IPUIPlugin
2025-04-23 21:31:38,546 [INFO] PluginManager:220 - loadIPPluginJar : add openamp
2025-04-23 21:31:38,557 [INFO] IPUIPlugin:80 - create IPUIPlugin
2025-04-23 21:31:38,557 [INFO] PluginManager:220 - loadIPPluginJar : add pdm2pcm
2025-04-23 21:31:38,573 [INFO] IPUIPlugin:80 - create IPUIPlugin
2025-04-23 21:31:38,577 [INFO] PluginManager:220 - loadIPPluginJar : add plateformsettings
2025-04-23 21:31:38,583 [INFO] IPUIPlugin:80 - create IPUIPlugin
2025-04-23 21:31:38,584 [INFO] PluginManager:220 - loadIPPluginJar : add quadspi
2025-04-23 21:31:38,588 [INFO] IPUIPlugin:80 - create IPUIPlugin
2025-04-23 21:31:38,589 [INFO] PluginManager:220 - loadIPPluginJar : add radio
2025-04-23 21:31:38,600 [INFO] IPUIPlugin:80 - create IPUIPlugin
2025-04-23 21:31:38,601 [INFO] PluginManager:220 - loadIPPluginJar : add resmgrutility
2025-04-23 21:31:38,607 [INFO] IPUIPlugin:80 - create IPUIPlugin
2025-04-23 21:31:38,607 [INFO] PluginManager:220 - loadIPPluginJar : add sai
2025-04-23 21:31:38,612 [INFO] IPUIPlugin:80 - create IPUIPlugin
2025-04-23 21:31:38,613 [INFO] PluginManager:220 - loadIPPluginJar : add spi
2025-04-23 21:31:38,628 [INFO] IPUIPlugin:80 - create IPUIPlugin
2025-04-23 21:31:38,628 [INFO] PluginManager:220 - loadIPPluginJar : add stm32_wpan
2025-04-23 21:31:38,638 [INFO] IPUIPlugin:80 - create IPUIPlugin
2025-04-23 21:31:38,638 [INFO] PluginManager:220 - loadIPPluginJar : add tim
2025-04-23 21:31:38,645 [INFO] IPUIPlugin:80 - create IPUIPlugin
2025-04-23 21:31:38,645 [INFO] PluginManager:220 - loadIPPluginJar : add touchsensing
2025-04-23 21:31:38,651 [INFO] IPUIPlugin:80 - create IPUIPlugin
2025-04-23 21:31:38,651 [INFO] PluginManager:220 - loadIPPluginJar : add tracer_emb
2025-04-23 21:31:38,657 [INFO] IPUIPlugin:80 - create IPUIPlugin
2025-04-23 21:31:38,657 [INFO] PluginManager:220 - loadIPPluginJar : add ts
2025-04-23 21:31:38,661 [INFO] IPUIPlugin:80 - create IPUIPlugin
2025-04-23 21:31:38,661 [INFO] PluginManager:220 - loadIPPluginJar : add tsc
2025-04-23 21:31:38,668 [INFO] IPUIPlugin:80 - create IPUIPlugin
2025-04-23 21:31:38,669 [INFO] PluginManager:220 - loadIPPluginJar : add ucpd
2025-04-23 21:31:38,676 [INFO] IPUIPlugin:80 - create IPUIPlugin
2025-04-23 21:31:38,676 [INFO] PluginManager:220 - loadIPPluginJar : add usart
2025-04-23 21:31:38,683 [INFO] IPUIPlugin:80 - create IPUIPlugin
2025-04-23 21:31:38,684 [INFO] PluginManager:220 - loadIPPluginJar : add usbx
2025-04-23 21:31:38,911 [INFO] CADModel:165 - CPN selected for project level
2025-04-23 21:31:38,911 [INFO] CADModel:114 - Register for checkConnection events
2025-04-23 21:31:38,912 [FATAL] Updater:334 - Updater called before beeing initialized
2025-04-23 21:31:38,912 [ERROR] CADModel:125 - Updater not yet initialized, retry later 
2025-04-23 21:31:39,198 [INFO] CADModel:165 - CPN selected for project level
2025-04-23 21:31:39,198 [INFO] CADModel:114 - Register for checkConnection events
2025-04-23 21:31:39,198 [FATAL] Updater:334 - Updater called before beeing initialized
2025-04-23 21:31:39,199 [ERROR] CADModel:125 - Updater not yet initialized, retry later 
2025-04-23 21:31:39,204 [FATAL] Updater:334 - Updater called before beeing initialized
2025-04-23 21:31:39,422 [FATAL] Updater:334 - Updater called before beeing initialized
2025-04-23 21:31:39,427 [INFO] DbMcusAds:53 - JSON generation date=Thu Mar 06 20:24:21 IST 2025 (1741272861825)
2025-04-23 21:31:39,428 [FATAL] Updater:334 - Updater called before beeing initialized
2025-04-23 21:31:39,490 [WARN] DetailPanel:346 - Failed to get advertising image, set to default
2025-04-23 21:31:39,662 [FATAL] Updater:334 - Updater called before beeing initialized
2025-04-23 21:31:39,666 [FATAL] Updater:334 - Updater called before beeing initialized
2025-04-23 21:31:39,667 [FATAL] Updater:334 - Updater called before beeing initialized
2025-04-23 21:31:39,667 [WARN] DetailPanel:346 - Failed to get advertising image, set to default
2025-04-23 21:31:39,669 [FATAL] Updater:334 - Updater called before beeing initialized
2025-04-23 21:31:39,847 [ERROR] Updater:1164 - MainUpdater not yet initialized. External WinMGr cannot be set.
2025-04-23 21:31:39,852 [INFO] Updater:1100 - Updater Version found : 6.12.1
2025-04-23 21:31:39,887 [INFO] ApplicationProperties:184 - Using Application install path: C:\ST\STM32CubeIDE_1.16.1\STM32CubeIDE\plugins\com.st.stm32cube.common.mx_6.12.1.202409122256
2025-04-23 21:31:40,137 [INFO] ThirdPartyUpdaterWithRetryManager:70 - Updater plugin not ready yet. [2/15]
2025-04-23 21:31:41,518 [ERROR] LogOutputStream:75 - [STDERR_REDIRECT] Apr 23, 2025 9:31:41 PM java.util.prefs.WindowsPreferences <init>
2025-04-23 21:31:41,523 [ERROR] LogOutputStream:75 - [STDERR_REDIRECT] WARNING: Could not open/create prefs root node Software\JavaSoft\Prefs at root 0xffffffff80000002. Windows RegCreateKeyEx(...) returned error code 5.
2025-04-23 21:31:41,524 [ERROR] LogOutputStream:75 - [STDERR_REDIRECT] 
2025-04-23 21:31:42,346 [INFO] MainUpdater:2873 - connection check result : 10
2025-04-23 21:31:42,348 [INFO] MainUpdater:290 - Updater Check For Update Now.
2025-04-23 21:31:42,349 [INFO] MicroXplorer:498 - Change Database Version : DB.6.0.121
2025-04-23 21:31:42,364 [INFO] McuFinderGlobals:63 - Set McuFinder mode to 2 (CubeIDE integrated)
2025-04-23 21:31:42,366 [INFO] UserAuth:417 - Internet connection configuration mode: 1
2025-04-23 21:31:42,425 [INFO] JxBrowserEngine:152 - Initiate JxBrowser Engine with user profile folder
2025-04-23 21:31:42,737 [INFO] CheckServerUpdateThread:120 - End of CheckServer Thread
2025-04-23 21:31:43,664 [WARN] PackLoader:240 - Cannot read IP mode file for STMicroelectronics.FP-SNS-MOTENVWB1.1.4.0
2025-04-23 21:31:43,687 [WARN] PackLoader:240 - Cannot read IP mode file for STMicroelectronics.FP-ATR-ASTRA1.2.0.2
2025-04-23 21:31:43,700 [WARN] PackLoader:240 - Cannot read IP mode file for STMicroelectronics.FP-ATR-ASTRA1.2.0.1
2025-04-23 21:31:43,723 [WARN] PackLoader:240 - Cannot read IP mode file for STMicroelectronics.X-CUBE-SMBUS.2.1.0
2025-04-23 21:31:43,746 [WARN] PackLoader:240 - Cannot read IP mode file for STMicroelectronics.X-CUBE-WB05N.1.1.0
2025-04-23 21:31:43,833 [WARN] PackLoader:240 - Cannot read IP mode file for STMicroelectronics.X-CUBE-AZRTOS-F7.1.1.0
2025-04-23 21:31:43,856 [WARN] PackLoader:240 - Cannot read IP mode file for STMicroelectronics.FP-SNS-FLIGHT1.5.0.2
2025-04-23 21:31:43,957 [WARN] PackLoader:240 - Cannot read IP mode file for Infineon.AIROC-Wi-Fi-Bluetooth-STM32.1.7.0
2025-04-23 21:31:44,001 [WARN] PackLoader:240 - Cannot read IP mode file for STMicroelectronics.X-CUBE-DISPLAY.3.0.0
2025-04-23 21:31:44,025 [WARN] PackLoader:240 - Cannot read IP mode file for STMicroelectronics.X-CUBE-BLE1.7.0.0
2025-04-23 21:31:44,063 [WARN] PackLoader:240 - Cannot read IP mode file for STMicroelectronics.X-CUBE-NFC10.1.0.0
2025-04-23 21:31:44,101 [WARN] PackLoader:240 - Cannot read IP mode file for STMicroelectronics.X-CUBE-BLEMGR.4.0.0
2025-04-23 21:31:44,123 [WARN] PackLoader:240 - Cannot read IP mode file for emotas.I-CUBE-CANOPEN.1.3.0
2025-04-23 21:31:44,135 [WARN] PackLoader:240 - Cannot read IP mode file for STMicroelectronics.X-CUBE-AI.10.0.0
2025-04-23 21:31:44,170 [WARN] PackLoader:240 - Cannot read IP mode file for STMicroelectronics.FP-SNS-SMARTAG2.1.2.0
2025-04-23 21:31:44,250 [ERROR] Engine:466 - C:\Users\kjeya\.stm32cubemx\thirdparties\pdsc\STMicroelectronics.FP-SNS-FLIGHT1.5.1.0.pdsc: PDSC version is not supported
2025-04-23 21:31:44,423 [WARN] PackLoader:240 - Cannot read IP mode file for STMicroelectronics.X-CUBE-MEMS1.11.1.0
2025-04-23 21:31:45,337 [INFO] LogOutputStream:77 - [STDOUT_REDIRECT] 1 : Invalid condition id : UX_CORESTACK_Condition cause : null
2025-04-23 21:31:45,382 [INFO] LogOutputStream:77 - [STDOUT_REDIRECT] 1 : Invalid condition id : UX_CORESTACK_Condition cause : null
2025-04-23 21:31:45,484 [INFO] LogOutputStream:77 - [STDOUT_REDIRECT] 1 : Invalid condition id : UX_CORESTACK_Condition cause : null
2025-04-23 21:31:45,512 [INFO] LogOutputStream:77 - [STDOUT_REDIRECT] 1 : Invalid condition id : UX_CORESTACK_Condition cause : null
2025-04-23 21:31:45,531 [INFO] LogOutputStream:77 - [STDOUT_REDIRECT] 1 : Invalid condition id : UX_CORESTACK_Condition cause : null
2025-04-23 21:31:45,543 [WARN] PackLoader:240 - Cannot read IP mode file for STMicroelectronics.X-CUBE-AZRTOS-WL.2.0.0
2025-04-23 21:31:45,578 [WARN] PackLoader:240 - Cannot read IP mode file for STMicroelectronics.FP-SNS-MOTENV1.5.0.0
2025-04-23 21:31:45,605 [WARN] PackLoader:240 - Cannot read IP mode file for wolfSSL.I-CUBE-wolfMQTT.1.19.0
2025-04-23 21:31:45,636 [WARN] PackLoader:240 - Cannot read IP mode file for WES.I-CUBE-Cesium.1.3.0
2025-04-23 21:31:45,920 [WARN] PackLoader:240 - Cannot read IP mode file for STMicroelectronics.X-CUBE-BLE2.3.3.0
2025-04-23 21:31:45,936 [WARN] PackLoader:240 - Cannot read IP mode file for STMicroelectronics.X-CUBE-NFC9.1.0.0
2025-04-23 21:31:45,947 [WARN] PackLoader:240 - Cannot read IP mode file for STMicroelectronics.X-CUBE-BLE1.7.1.0
2025-04-23 21:31:46,103 [WARN] PackLoader:240 - Cannot read IP mode file for STMicroelectronics.X-CUBE-MEMS1.11.2.0
2025-04-23 21:31:46,414 [WARN] PackLoader:240 - Cannot read IP mode file for STMicroelectronics.X-CUBE-AZRTOS-G0.1.1.0
2025-04-23 21:31:46,436 [WARN] PackLoader:240 - Cannot read IP mode file for STMicroelectronics.X-CUBE-SAFEA1.1.2.2
2025-04-23 21:31:46,451 [WARN] PackLoader:240 - Cannot read IP mode file for STMicroelectronics.X-CUBE-NFC4.3.0.0
2025-04-23 21:31:46,472 [WARN] PackLoader:240 - Cannot read IP mode file for EmbeddedOffice.I-CUBE-FS-RTOS.1.0.1
2025-04-23 21:31:46,472 [ERROR] ConditionMgr:805 - Attr not supported : Dmpu
2025-04-23 21:31:46,473 [ERROR] ConditionMgr:805 - Attr not supported : Dmpu
2025-04-23 21:31:46,473 [ERROR] ConditionMgr:805 - Attr not supported : Dmpu
2025-04-23 21:31:46,473 [ERROR] ConditionMgr:805 - Attr not supported : Dmpu
2025-04-23 21:31:46,474 [ERROR] ConditionMgr:805 - Attr not supported : Dmpu
2025-04-23 21:31:46,474 [ERROR] ConditionMgr:805 - Attr not supported : Dmpu
2025-04-23 21:31:46,474 [ERROR] ConditionMgr:805 - Attr not supported : Dmpu
2025-04-23 21:31:46,474 [ERROR] ConditionMgr:805 - Attr not supported : Dmpu
2025-04-23 21:31:46,474 [ERROR] ConditionMgr:805 - Attr not supported : Dmpu
2025-04-23 21:31:46,474 [ERROR] ConditionMgr:805 - Attr not supported : Dmpu
2025-04-23 21:31:46,474 [ERROR] ConditionMgr:805 - Attr not supported : Dmpu
2025-04-23 21:31:46,474 [ERROR] ConditionMgr:805 - Attr not supported : Dmpu
2025-04-23 21:31:46,475 [ERROR] ConditionMgr:805 - Attr not supported : Dmpu
2025-04-23 21:31:46,475 [ERROR] ConditionMgr:805 - Attr not supported : Dmpu
2025-04-23 21:31:46,475 [ERROR] ConditionMgr:805 - Attr not supported : Dmpu
2025-04-23 21:31:46,475 [ERROR] ConditionMgr:805 - Attr not supported : Dmpu
2025-04-23 21:31:46,476 [ERROR] ConditionMgr:805 - Attr not supported : Dmpu
2025-04-23 21:31:46,476 [ERROR] ConditionMgr:805 - Attr not supported : Dmpu
2025-04-23 21:31:46,477 [ERROR] ConditionMgr:805 - Attr not supported : Dmpu
2025-04-23 21:31:46,477 [ERROR] ConditionMgr:805 - Attr not supported : Dmpu
2025-04-23 21:31:46,477 [ERROR] ConditionMgr:805 - Attr not supported : Dmpu
2025-04-23 21:31:46,477 [ERROR] ConditionMgr:805 - Attr not supported : Dmpu
2025-04-23 21:31:46,477 [ERROR] ConditionMgr:805 - Attr not supported : Dmpu
2025-04-23 21:31:46,477 [ERROR] ConditionMgr:805 - Attr not supported : Dmpu
2025-04-23 21:31:46,477 [ERROR] ConditionMgr:805 - Attr not supported : Dmpu
2025-04-23 21:31:46,478 [ERROR] ConditionMgr:805 - Attr not supported : Dmpu
2025-04-23 21:31:46,478 [ERROR] ConditionMgr:805 - Attr not supported : Dmpu
2025-04-23 21:31:46,479 [ERROR] ConditionMgr:805 - Attr not supported : Dmpu
2025-04-23 21:31:46,479 [ERROR] ConditionMgr:805 - Attr not supported : Dmpu
2025-04-23 21:31:46,479 [ERROR] ConditionMgr:805 - Attr not supported : Dmpu
2025-04-23 21:31:46,479 [ERROR] ConditionMgr:805 - Attr not supported : Dmpu
2025-04-23 21:31:46,480 [ERROR] ConditionMgr:805 - Attr not supported : Dmpu
2025-04-23 21:31:46,480 [ERROR] ConditionMgr:805 - Attr not supported : Dmpu
2025-04-23 21:31:46,480 [ERROR] ConditionMgr:805 - Attr not supported : Dmpu
2025-04-23 21:31:46,481 [ERROR] ConditionMgr:805 - Attr not supported : Dmpu
2025-04-23 21:31:46,481 [ERROR] ConditionMgr:805 - Attr not supported : Dmpu
2025-04-23 21:31:46,481 [ERROR] ConditionMgr:805 - Attr not supported : Dmpu
2025-04-23 21:31:46,482 [ERROR] ConditionMgr:805 - Attr not supported : Dmpu
2025-04-23 21:31:46,482 [ERROR] ConditionMgr:805 - Attr not supported : Dmpu
2025-04-23 21:31:46,482 [ERROR] ConditionMgr:805 - Attr not supported : Dmpu
2025-04-23 21:31:46,482 [ERROR] ConditionMgr:805 - Attr not supported : Dmpu
2025-04-23 21:31:46,482 [ERROR] ConditionMgr:805 - Attr not supported : Dmpu
2025-04-23 21:31:46,482 [ERROR] ConditionMgr:805 - Attr not supported : Dmpu
2025-04-23 21:31:46,483 [ERROR] ConditionMgr:805 - Attr not supported : Dmpu
2025-04-23 21:31:46,483 [ERROR] ConditionMgr:805 - Attr not supported : Dmpu
2025-04-23 21:31:46,483 [ERROR] ConditionMgr:805 - Attr not supported : Dmpu
2025-04-23 21:31:46,483 [ERROR] ConditionMgr:805 - Attr not supported : Dmpu
2025-04-23 21:31:46,483 [ERROR] ConditionMgr:805 - Attr not supported : Dmpu
2025-04-23 21:31:46,483 [ERROR] ConditionMgr:805 - Attr not supported : Dmpu
2025-04-23 21:31:46,483 [ERROR] ConditionMgr:805 - Attr not supported : Dmpu
2025-04-23 21:31:46,484 [ERROR] ConditionMgr:805 - Attr not supported : Dmpu
2025-04-23 21:31:46,484 [ERROR] ConditionMgr:805 - Attr not supported : Dmpu
2025-04-23 21:31:46,484 [ERROR] ConditionMgr:805 - Attr not supported : Dmpu
2025-04-23 21:31:46,484 [ERROR] ConditionMgr:805 - Attr not supported : Dmpu
2025-04-23 21:31:46,484 [ERROR] ConditionMgr:805 - Attr not supported : Dmpu
2025-04-23 21:31:46,484 [ERROR] ConditionMgr:805 - Attr not supported : Dmpu
2025-04-23 21:31:46,484 [ERROR] ConditionMgr:805 - Attr not supported : Dmpu
2025-04-23 21:31:46,496 [ERROR] ConditionMgr:805 - Attr not supported : Dmpu
2025-04-23 21:31:46,497 [ERROR] ConditionMgr:805 - Attr not supported : Dmpu
2025-04-23 21:31:46,497 [ERROR] ConditionMgr:805 - Attr not supported : Dmpu
2025-04-23 21:31:46,498 [ERROR] ConditionMgr:805 - Attr not supported : Dmpu
2025-04-23 21:31:46,498 [ERROR] ConditionMgr:805 - Attr not supported : Dmpu
2025-04-23 21:31:46,498 [ERROR] ConditionMgr:805 - Attr not supported : Dmpu
2025-04-23 21:31:46,498 [ERROR] ConditionMgr:805 - Attr not supported : Dmpu
2025-04-23 21:31:46,512 [WARN] PackLoader:240 - Cannot read IP mode file for STMicroelectronics.X-CUBE-WB05N.2.0.0
2025-04-23 21:31:46,515 [INFO] WebApp:167 - Instantiating new browser for Auth
2025-04-23 21:31:46,520 [ERROR] Engine:466 - C:\Users\kjeya\.stm32cubemx\thirdparties\pdsc\STMicroelectronics.X-CUBE-TCPP.4.2.0.pdsc: PDSC version is not supported
2025-04-23 21:31:46,729 [WARN] PackLoader:240 - Cannot read IP mode file for RealThread.X-CUBE-RT-Thread_Nano.4.1.1
2025-04-23 21:31:46,834 [WARN] PackLoader:240 - Cannot read IP mode file for STMicroelectronics.FP-ATR-SIGFOX1.3.2.0
2025-04-23 21:31:46,860 [WARN] ConditionMgr:438 - getConditionDescription Invalid condition id : Cortex-A Device cause : null
2025-04-23 21:31:46,891 [WARN] ConditionMgr:1039 - genDependencies : Invalid condition id : Cortex-A Device cause : null
2025-04-23 21:31:46,891 [WARN] ConditionMgr:1039 - genDependencies : Invalid condition id : Cortex-A Device cause : null
2025-04-23 21:31:46,892 [WARN] ConditionMgr:1039 - genDependencies : Invalid condition id : Cortex-A Device cause : null
2025-04-23 21:31:46,903 [WARN] PackLoader:240 - Cannot read IP mode file for STMicroelectronics.X-CUBE-EEPRMA1.5.1.0
2025-04-23 21:31:46,918 [WARN] PackLoader:240 - Cannot read IP mode file for wolfSSL.I-CUBE-wolfSSL.5.7.4
2025-04-23 21:31:46,930 [WARN] PackLoader:240 - Cannot read IP mode file for ITTIA_DB.I-CUBE-ITTIADB.8.9.0
2025-04-23 21:31:46,996 [WARN] PackLoader:240 - Cannot read IP mode file for SEGGER.I-CUBE-embOS.1.3.1
2025-04-23 21:31:47,131 [WARN] PackLoader:240 - Cannot read IP mode file for STMicroelectronics.X-CUBE-ALGOBUILD.1.4.0
2025-04-23 21:31:47,144 [WARN] PackLoader:240 - Cannot read IP mode file for STMicroelectronics.X-CUBE-AI.9.1.0
2025-04-23 21:31:47,203 [WARN] PackLoader:240 - Cannot read IP mode file for STMicroelectronics.X-CUBE-AZRTOS-F4.1.1.0
2025-04-23 21:31:47,219 [ERROR] Engine:466 - C:\Users\kjeya\.stm32cubemx\thirdparties\pdsc\Avnet-IotConnect.X-CUBE-IoTC-DA16k-PMOD.1.0.0.pdsc: PDSC version is not supported
2025-04-23 21:31:47,230 [WARN] PackLoader:240 - Cannot read IP mode file for STMicroelectronics.X-CUBE-ISPU.2.1.0
2025-04-23 21:31:47,267 [WARN] PackLoader:240 - Cannot read IP mode file for STMicroelectronics.X-CUBE-AZRTOS-L5.2.0.0
2025-04-23 21:31:47,300 [WARN] PackLoader:240 - Cannot read IP mode file for STMicroelectronics.X-CUBE-NFC6.3.1.0
2025-04-23 21:31:47,321 [WARN] PackLoader:240 - Cannot read IP mode file for STMicroelectronics.X-CUBE-DPower.1.2.0
2025-04-23 21:31:47,335 [WARN] PackLoader:240 - Cannot read IP mode file for STMicroelectronics.X-CUBE-FREERTOS.1.3.0
2025-04-23 21:31:47,348 [WARN] PackLoader:240 - Cannot read IP mode file for STMicroelectronics.X-CUBE-NFC7.1.0.1
2025-04-23 21:31:47,359 [WARN] PackLoader:240 - Cannot read IP mode file for STMicroelectronics.X-CUBE-DPower.1.3.0
2025-04-23 21:31:47,408 [WARN] ConditionMgr:438 - getConditionDescription Invalid condition id : LAN8742 Phy interface Condition cause : null
2025-04-23 21:31:47,410 [WARN] PackLoader:240 - Cannot read IP mode file for STMicroelectronics.X-CUBE-AZRTOS-L4.2.0.0
2025-04-23 21:31:47,413 [WARN] ConditionMgr:1039 - genDependencies : Invalid condition id : LAN8742 Phy interface Condition cause : null
2025-04-23 21:31:47,414 [WARN] ConditionMgr:1039 - genDependencies : Invalid condition id : LAN8742 Phy interface Condition cause : null
2025-04-23 21:31:47,416 [WARN] ConditionMgr:1039 - genDependencies : Invalid condition id : LAN8742 Phy interface Condition cause : null
2025-04-23 21:31:47,431 [WARN] PackLoader:240 - Cannot read IP mode file for STMicroelectronics.X-CUBE-SFXS2LP1.4.0.0
2025-04-23 21:31:47,466 [WARN] PackLoader:240 - Cannot read IP mode file for STMicroelectronics.X-CUBE-AZRTOS-H7.3.3.0
2025-04-23 21:31:47,488 [WARN] PackLoader:240 - Cannot read IP mode file for STMicroelectronics.X-CUBE-IPS.3.0.0
2025-04-23 21:31:47,520 [WARN] ConditionMgr:438 - getConditionDescription Invalid condition id : UX DEVICE CLASS RTOS Condition cause : null
2025-04-23 21:31:47,521 [WARN] ConditionMgr:438 - getConditionDescription Invalid condition id : UX DEVICE CLASS RTOS Condition cause : null
2025-04-23 21:31:47,525 [WARN] PackLoader:240 - Cannot read IP mode file for STMicroelectronics.X-CUBE-AZRTOS-WB.2.0.0
2025-04-23 21:31:47,526 [WARN] ConditionMgr:1039 - genDependencies : Invalid condition id : UX DEVICE CLASS RTOS Condition cause : null
2025-04-23 21:31:47,526 [WARN] ConditionMgr:1039 - genDependencies : Invalid condition id : UX DEVICE CLASS RTOS Condition cause : null
2025-04-23 21:31:47,528 [WARN] ConditionMgr:1039 - genDependencies : Invalid condition id : UX DEVICE CLASS RTOS Condition cause : null
2025-04-23 21:31:47,531 [WARN] ConditionMgr:1039 - genDependencies : Invalid condition id : UX DEVICE CLASS RTOS Condition cause : null
2025-04-23 21:31:47,532 [WARN] ConditionMgr:1039 - genDependencies : Invalid condition id : UX DEVICE CLASS RTOS Condition cause : null
2025-04-23 21:31:47,547 [WARN] PackLoader:240 - Cannot read IP mode file for STMicroelectronics.X-CUBE-GNSS1.7.0.1
2025-04-23 21:31:47,561 [WARN] PackLoader:240 - Cannot read IP mode file for STMicroelectronics.X-CUBE-TOUCHGFX.4.25.0
2025-04-23 21:31:47,577 [WARN] PackLoader:240 - Cannot read IP mode file for STMicroelectronics.FP-SNS-STBOX1.2.0.0
2025-04-23 21:31:47,601 [WARN] PackLoader:240 - Cannot read IP mode file for STMicroelectronics.X-CUBE-SUBG2.5.0.0
2025-04-23 21:31:47,644 [WARN] PackLoader:240 - Cannot read IP mode file for STMicroelectronics.X-CUBE-AZRTOS-H7RS.1.1.0
2025-04-23 21:31:47,661 [WARN] PackLoader:240 - Cannot read IP mode file for Cesanta.I-CUBE-Mongoose.7.13.0
2025-04-23 21:31:47,692 [WARN] PackLoader:240 - Cannot read IP mode file for STMicroelectronics.X-CUBE-AZRTOS-G4.2.0.0
2025-04-23 21:31:47,704 [ERROR] Engine:466 - C:\Users\kjeya\.stm32cubemx\thirdparties\pdsc\STMicroelectronics.X-CUBE-IPS.3.1.0.pdsc: PDSC version is not supported
2025-04-23 21:31:47,714 [WARN] PackLoader:240 - Cannot read IP mode file for STMicroelectronics.X-CUBE-ALS.1.0.2
2025-04-23 21:31:47,725 [WARN] PackLoader:240 - Cannot read IP mode file for STMicroelectronics.X-CUBE-TOUCHGFX.4.24.0
2025-04-23 21:31:47,851 [WARN] PackLoader:240 - Cannot read IP mode file for STMicroelectronics.X-CUBE-TOUCHGFX.4.24.2
2025-04-23 21:31:47,932 [WARN] PackLoader:240 - Cannot read IP mode file for STMicroelectronics.X-CUBE-TOUCHGFX.4.24.1
2025-04-23 21:31:47,941 [WARN] PackLoader:240 - Cannot read IP mode file for wolfSSL.I-CUBE-wolfTPM.3.4.0
2025-04-23 21:31:47,951 [WARN] PackLoader:240 - Cannot read IP mode file for portGmbH.I-Cube-SoM-uGOAL.1.1.0
2025-04-23 21:31:47,982 [WARN] PackLoader:240 - Cannot read IP mode file for STMicroelectronics.X-CUBE-AZRTOS-H7RS.1.0.0
2025-04-23 21:31:48,004 [WARN] PackLoader:240 - Cannot read IP mode file for STMicroelectronics.X-CUBE-TOF1.3.4.2
2025-04-23 21:31:48,066 [ERROR] Engine:466 - C:\Users\kjeya\.stm32cubemx\thirdparties\pdsc\STMicroelectronics.X-CUBE-TOF1.3.4.3.pdsc: PDSC version is not supported
2025-04-23 21:31:48,083 [WARN] PackLoader:240 - Cannot read IP mode file for wolfSSL.I-CUBE-wolfSSH.1.4.17
2025-04-23 21:31:48,085 [INFO] ThirdParty:978 - Integrity check success = true
2025-04-23 21:31:48,086 [INFO] IntegrityCheckThread:100 - exiting critical section [integrity check]
2025-04-23 21:31:48,086 [INFO] IntegrityCheckThread:103 - End integrity checks thread
2025-04-23 21:31:48,883 [INFO] WebApp:448 - Apply proxy settings
2025-04-23 21:31:48,884 [INFO] WebApp:533 - Chromium requires no authentication
2025-04-23 21:31:48,906 [INFO] WebApp:476 - Direct internet connection detected
2025-04-23 21:31:48,956 [INFO] WebApp:869 - Register for checkConnection events
2025-04-23 21:31:48,956 [INFO] WebApp:448 - Apply proxy settings
2025-04-23 21:31:48,956 [INFO] WebApp:533 - Chromium requires no authentication
2025-04-23 21:31:48,958 [INFO] WebApp:476 - Direct internet connection detected
2025-04-23 21:31:49,314 [INFO] WebApp:220 - Starting web application
2025-04-23 21:31:49,315 [INFO] WebApp:578 - Web application path used C:\ST\STM32CubeIDE_1.16.1\STM32CubeIDE\plugins\com.st.stm32cube.common.mx_6.12.1.202409122256\db\plugins\mcufinder\reactClient1\index.html
2025-04-23 21:31:49,542 [INFO] UserAuth:417 - Internet connection configuration mode: 1
2025-04-23 21:31:49,720 [INFO] WebApp:186 - Connection restablished
2025-04-23 23:19:52,652 [ERROR] LogOutputStream:75 - [STDERR_REDIRECT] 
