2025-06-10 15:33:49,395 [INFO] Activator:176 - 


2025-06-10 15:33:49,412 [INFO] Activator:177 - !SESSION log4j initialized
2025-06-10 15:34:00,721 [INFO] LogOutputStream:77 - [STDOUT_REDIRECT] 
2025-06-10 15:34:03,356 [ERROR] ConfigurationRetriever:142 - IOException on connection: Connect timed out
2025-06-10 15:34:04,737 [INFO] ApplicationProperties:184 - Using Application install path: C:\ST\STM32CubeIDE_1.16.1\STM32CubeIDE\plugins\com.st.stm32cube.common.mx_6.12.1.202409122256
2025-06-10 15:34:04,768 [INFO] DbMcusXml:78 - Set database path to: C:\ST\STM32CubeIDE_1.16.1\STM32CubeIDE\plugins\com.st.stm32cube.common.mx_6.12.1.202409122256\\db\/mcu/
2025-06-10 15:34:04,769 [INFO] ApiDb:274 - Set plugin database path to: C:\ST\STM32CubeIDE_1.16.1\STM32CubeIDE\plugins\com.st.stm32cube.common.mx_6.12.1.202409122256\\db\/plugins/boardmanager/
2025-06-10 15:34:04,771 [WARN] ApiDb:259 - Overriding images path with different value:  => C:\ST\STM32CubeIDE_1.16.1\STM32CubeIDE\plugins\com.st.stm32cube.common.mx_6.12.1.202409122256\\db\/plugins/mcufinder/images/
2025-06-10 15:34:04,799 [INFO] ApiDb:250 - Set database path to: C:\Users\kjeya\.stmcufinder\plugins\mcufinder//mcu/
2025-06-10 15:34:04,801 [INFO] DbMcusAds:125 - Set database path to: C:\Users\kjeya\.stmcufinder\plugins\mcufinder//mcu/
2025-06-10 15:34:04,804 [INFO] CrossReferenceDbSqlite:203 - Set database path to: C:\Users\kjeya\.stmcufinder\plugins\mcufinder//mcu/cs/
2025-06-10 15:34:04,975 [INFO] RulesReader:64 - Compatibility file has been processed (297 Rules)
2025-06-10 15:34:05,100 [INFO] DbMcusXml:78 - Set database path to: C:\ST\STM32CubeIDE_1.16.1\STM32CubeIDE\plugins\com.st.stm32cube.common.mx_6.12.1.202409122256\\db\/mcu/
2025-06-10 15:34:05,100 [INFO] ApiDb:274 - Set plugin database path to: C:\ST\STM32CubeIDE_1.16.1\STM32CubeIDE\plugins\com.st.stm32cube.common.mx_6.12.1.202409122256\\db\/plugins/boardmanager/
2025-06-10 15:34:05,100 [INFO] ApiDb:261 - Set plugin images path to: C:\ST\STM32CubeIDE_1.16.1\STM32CubeIDE\plugins\com.st.stm32cube.common.mx_6.12.1.202409122256\\db\/plugins/mcufinder/images/
2025-06-10 15:34:05,101 [WARN] DbFile:41 - Overriding database path with different value: C:\Users\kjeya\.stmcufinder\plugins\mcufinder/ => C:\Users\kjeya\.stmcufinder\plugins\mcufinder
2025-06-10 15:34:05,101 [INFO] ApiDb:250 - Set database path to: C:\Users\kjeya\.stmcufinder\plugins\mcufinder//mcu/
2025-06-10 15:34:05,101 [WARN] DbFile:41 - Overriding database path with different value: C:\Users\kjeya\.stmcufinder\plugins\mcufinder/ => C:\Users\kjeya\.stmcufinder\plugins\mcufinder
2025-06-10 15:34:05,102 [INFO] DbMcusAds:125 - Set database path to: C:\Users\kjeya\.stmcufinder\plugins\mcufinder//mcu/
2025-06-10 15:34:05,102 [WARN] DbFile:41 - Overriding database path with different value: C:\Users\kjeya\.stmcufinder\plugins\mcufinder/ => C:\Users\kjeya\.stmcufinder\plugins\mcufinder
2025-06-10 15:34:05,102 [WARN] DbFile:41 - Overriding database path with different value: C:\Users\kjeya\.stmcufinder\plugins\mcufinder/ => C:\Users\kjeya\.stmcufinder\plugins\mcufinder
2025-06-10 15:34:05,102 [INFO] CrossReferenceDbSqlite:203 - Set database path to: C:\Users\kjeya\.stmcufinder\plugins\mcufinder//mcu/cs/
2025-06-10 15:34:05,278 [INFO] MainPanel:268 - HeapMemory: 268435456
2025-06-10 15:34:05,362 [ERROR] ConfigurationRetriever:142 - IOException on connection: Connect timed out
2025-06-10 15:34:05,471 [INFO] DbMcusXml:78 - Set database path to: C:\ST\STM32CubeIDE_1.16.1\STM32CubeIDE\plugins\com.st.stm32cube.common.mx_6.12.1.202409122256\\db\/mcu/
2025-06-10 15:34:05,471 [INFO] ApiDb:274 - Set plugin database path to: C:\ST\STM32CubeIDE_1.16.1\STM32CubeIDE\plugins\com.st.stm32cube.common.mx_6.12.1.202409122256\\db\/plugins/boardmanager/
2025-06-10 15:34:05,471 [INFO] ApiDb:261 - Set plugin images path to: C:\ST\STM32CubeIDE_1.16.1\STM32CubeIDE\plugins\com.st.stm32cube.common.mx_6.12.1.202409122256\\db\/plugins/mcufinder/images/
2025-06-10 15:34:05,472 [WARN] DbFile:41 - Overriding database path with different value: C:\Users\kjeya\.stmcufinder\plugins\mcufinder/ => C:\Users\kjeya\.stmcufinder\plugins\mcufinder
2025-06-10 15:34:05,472 [INFO] ApiDb:250 - Set database path to: C:\Users\kjeya\.stmcufinder\plugins\mcufinder//mcu/
2025-06-10 15:34:05,472 [WARN] DbFile:41 - Overriding database path with different value: C:\Users\kjeya\.stmcufinder\plugins\mcufinder/ => C:\Users\kjeya\.stmcufinder\plugins\mcufinder
2025-06-10 15:34:05,472 [INFO] DbMcusAds:125 - Set database path to: C:\Users\kjeya\.stmcufinder\plugins\mcufinder//mcu/
2025-06-10 15:34:05,474 [WARN] DbFile:41 - Overriding database path with different value: C:\Users\kjeya\.stmcufinder\plugins\mcufinder/ => C:\Users\kjeya\.stmcufinder\plugins\mcufinder
2025-06-10 15:34:05,474 [WARN] DbFile:41 - Overriding database path with different value: C:\Users\kjeya\.stmcufinder\plugins\mcufinder/ => C:\Users\kjeya\.stmcufinder\plugins\mcufinder
2025-06-10 15:34:05,474 [INFO] CrossReferenceDbSqlite:203 - Set database path to: C:\Users\kjeya\.stmcufinder\plugins\mcufinder//mcu/cs/
2025-06-10 15:34:05,496 [INFO] ApplicationProperties:184 - Using Application install path: C:\ST\STM32CubeIDE_1.16.1\STM32CubeIDE\plugins\com.st.stm32cube.common.mx_6.12.1.202409122256
2025-06-10 15:34:05,498 [INFO] PluginManage:196 - Search for loadable plugins [exclusion list=, ]
2025-06-10 15:34:05,501 [INFO] PluginManage:310 - Check plugin analytics
2025-06-10 15:34:05,847 [INFO] AnalyticsPlugin:253 - Accepted Software Licenses: STM32CubeMX.6.11.1,STM32CubeMX.6.13.0
2025-06-10 15:34:05,847 [INFO] AnalyticsPlugin:255 - Accepted CMSIS Pack Licenses: STMicroelectronics.X-CUBE-TOUCHGFX.4.24.0,WES.I-CUBE-Cesium.1.3.0,STMicroelectronics.X-CUBE-TOUCHGFX.4.24.2
2025-06-10 15:34:05,848 [INFO] AnalyticsPlugin:257 - Accepted Firmware Licenses: FW.F4.1.28.0,FW.L4.1.18.0,FW.WL.1.3.0,FW.H7.1.11.0,FW.H7.1.12.0
2025-06-10 15:34:05,853 [INFO] PluginManage:359 - Loaded plugin analytics (category:tool,tabindex:-1)
2025-06-10 15:34:05,853 [INFO] PluginManage:310 - Check plugin cadmodel
2025-06-10 15:34:05,884 [INFO] CADModel:105 - Init CAD model plugin
2025-06-10 15:34:05,885 [INFO] PluginManage:359 - Loaded plugin cadmodel (category:power,tabindex:5)
2025-06-10 15:34:05,885 [INFO] PluginManage:310 - Check plugin clock
2025-06-10 15:34:05,928 [INFO] PluginManage:359 - Loaded plugin clock (category:base,tabindex:2)
2025-06-10 15:34:05,928 [INFO] PluginManage:310 - Check plugin ddr
2025-06-10 15:34:05,935 [INFO] PluginManage:359 - Loaded plugin ddr (category:tool,tabindex:6)
2025-06-10 15:34:05,935 [INFO] PluginManage:310 - Check plugin filemanager
2025-06-10 15:34:06,257 [INFO] PluginManage:359 - Loaded plugin filemanager (category:base,tabindex:10)
2025-06-10 15:34:06,258 [INFO] PluginManage:310 - Check plugin ipmanager
2025-06-10 15:34:06,268 [INFO] PluginManage:359 - Loaded plugin ipmanager (category:base,tabindex:5)
2025-06-10 15:34:06,268 [INFO] PluginManage:310 - Check plugin lpbam
2025-06-10 15:34:06,291 [INFO] PluginManage:359 - Loaded plugin lpbam (category:base,tabindex:0)
2025-06-10 15:34:06,291 [INFO] PluginManage:310 - Check plugin memorymap
2025-06-10 15:34:06,319 [INFO] PluginManage:359 - Loaded plugin memorymap (category:base,tabindex:4)
2025-06-10 15:34:06,320 [INFO] PluginManage:310 - Check plugin pinoutandconfiguration
2025-06-10 15:34:06,345 [INFO] PluginManage:359 - Loaded plugin pinoutandconfiguration (category:base,tabindex:1)
2025-06-10 15:34:06,345 [INFO] PluginManage:310 - Check plugin pinoutconfig
2025-06-10 15:34:06,480 [WARN] SupportedApi:132 - Cannot load RTOS API schema: s4s-elt-must-match.1: The content of 'definitions' must match (annotation?, (simpleType | complexType)?, (unique | key | keyref)*)). A problem was found starting at: attribute.
2025-06-10 15:34:06,662 [INFO] PluginManage:359 - Loaded plugin pinoutconfig (category:base,tabindex:0)
2025-06-10 15:34:06,662 [INFO] PluginManage:310 - Check plugin power
2025-06-10 15:34:06,694 [INFO] PluginManage:359 - Loaded plugin power (category:power,tabindex:4)
2025-06-10 15:34:06,694 [INFO] PluginManage:310 - Check plugin projectmanager
2025-06-10 15:34:06,718 [INFO] PluginManage:359 - Loaded plugin projectmanager (category:projectmanager,tabindex:4)
2025-06-10 15:34:06,718 [INFO] PluginManage:310 - Check plugin rif
2025-06-10 15:34:06,746 [INFO] PluginManage:359 - Loaded plugin rif (category:base,tabindex:3)
2025-06-10 15:34:06,747 [INFO] PluginManage:310 - Check plugin thirdparty
2025-06-10 15:34:07,209 [INFO] PluginManage:359 - Loaded plugin thirdparty (category:base,tabindex:-1)
2025-06-10 15:34:07,209 [WARN] IntegrityCheckThread:84 - waiting for thirdparty lock release [integrity check]
2025-06-10 15:34:07,209 [INFO] PluginManage:310 - Check plugin tools
2025-06-10 15:34:07,209 [INFO] IntegrityCheckThread:86 - entering critical section [integrity check]
2025-06-10 15:34:07,210 [INFO] ThirdPartyUpdaterWithRetryManager:70 - Updater plugin not ready yet. [1/15]
2025-06-10 15:34:07,272 [INFO] PluginManage:359 - Loaded plugin tools (category:base,tabindex:7)
2025-06-10 15:34:07,272 [INFO] PluginManage:310 - Check plugin tutovideos
2025-06-10 15:34:07,364 [ERROR] ConfigurationRetriever:142 - IOException on connection: Connect timed out
2025-06-10 15:34:07,537 [INFO] PluginManage:359 - Loaded plugin tutovideos (category:base,tabindex:-1)
2025-06-10 15:34:07,537 [INFO] PluginManage:310 - Check plugin updater
2025-06-10 15:34:07,569 [INFO] PluginManage:359 - Loaded plugin updater (category:base,tabindex:12)
2025-06-10 15:34:07,569 [INFO] PluginManage:310 - Check plugin userauth
2025-06-10 15:34:07,577 [INFO] UserAuth:113 - Init User Auth plugin
2025-06-10 15:34:07,578 [INFO] PluginManage:359 - Loaded plugin userauth (category:base,tabindex:14)
2025-06-10 15:34:07,578 [INFO] PluginManage:283 - PluginManage : Loaded plugins [18]
2025-06-10 15:34:07,931 [INFO] PinOutPanel:1561 - setPackage(No Configuration,No Configuration)
2025-06-10 15:34:08,093 [INFO] CADModel:165 - CPN selected for project level
2025-06-10 15:34:08,093 [INFO] CADModel:114 - Register for checkConnection events
2025-06-10 15:34:08,153 [INFO] IPUIPlugin:80 - create IPUIPlugin
2025-06-10 15:34:08,153 [INFO] PluginManager:220 - loadIPPluginJar : add adc
2025-06-10 15:34:08,216 [INFO] IPUIPlugin:80 - create IPUIPlugin
2025-06-10 15:34:08,216 [INFO] PluginManager:220 - loadIPPluginJar : add aes
2025-06-10 15:34:08,279 [INFO] IPUIPlugin:80 - create IPUIPlugin
2025-06-10 15:34:08,281 [INFO] PluginManager:220 - loadIPPluginJar : add can
2025-06-10 15:34:08,320 [INFO] IPUIPlugin:80 - create IPUIPlugin
2025-06-10 15:34:08,320 [INFO] PluginManager:220 - loadIPPluginJar : add comp
2025-06-10 15:34:08,371 [INFO] IPUIPlugin:80 - create IPUIPlugin
2025-06-10 15:34:08,371 [INFO] PluginManager:220 - loadIPPluginJar : add cryp
2025-06-10 15:34:08,386 [INFO] IPUIPlugin:80 - create IPUIPlugin
2025-06-10 15:34:08,386 [INFO] PluginManager:220 - loadIPPluginJar : add ddr_ctrl_phy
2025-06-10 15:34:08,435 [INFO] IPUIPlugin:80 - create IPUIPlugin
2025-06-10 15:34:08,436 [INFO] PluginManager:220 - loadIPPluginJar : add dfsdm
2025-06-10 15:34:08,458 [INFO] IPUIPlugin:80 - create IPUIPlugin
2025-06-10 15:34:08,459 [INFO] PluginManager:220 - loadIPPluginJar : add dma
2025-06-10 15:34:08,541 [INFO] IPUIPlugin:80 - create IPUIPlugin
2025-06-10 15:34:08,541 [INFO] PluginManager:220 - loadIPPluginJar : add dma3
2025-06-10 15:34:08,614 [INFO] IPUIPlugin:80 - create IPUIPlugin
2025-06-10 15:34:08,614 [INFO] PluginManager:220 - loadIPPluginJar : add extmemmanager
2025-06-10 15:34:08,645 [INFO] IPUIPlugin:80 - create IPUIPlugin
2025-06-10 15:34:08,645 [INFO] PluginManager:220 - loadIPPluginJar : add fatfs
2025-06-10 15:34:08,727 [INFO] IPUIPlugin:80 - create IPUIPlugin
2025-06-10 15:34:08,727 [INFO] PluginManager:220 - loadIPPluginJar : add fmc
2025-06-10 15:34:08,747 [INFO] IPUIPlugin:80 - create IPUIPlugin
2025-06-10 15:34:08,747 [INFO] PluginManager:220 - loadIPPluginJar : add freertos
2025-06-10 15:34:08,779 [INFO] IPUIPlugin:80 - create IPUIPlugin
2025-06-10 15:34:08,780 [INFO] PluginManager:220 - loadIPPluginJar : add genericplugin
2025-06-10 15:34:08,932 [INFO] IPUIPlugin:80 - create IPUIPlugin
2025-06-10 15:34:08,932 [INFO] PluginManager:220 - loadIPPluginJar : add gfxmmu
2025-06-10 15:34:09,158 [INFO] IPUIPlugin:80 - create IPUIPlugin
2025-06-10 15:34:09,158 [INFO] PluginManager:220 - loadIPPluginJar : add gic
2025-06-10 15:34:09,190 [INFO] IPUIPlugin:80 - create IPUIPlugin
2025-06-10 15:34:09,190 [INFO] PluginManager:220 - loadIPPluginJar : add gpio
2025-06-10 15:34:09,422 [INFO] IPUIPlugin:80 - create IPUIPlugin
2025-06-10 15:34:09,422 [INFO] PluginManager:220 - loadIPPluginJar : add gtzc
2025-06-10 15:34:09,480 [INFO] IPUIPlugin:80 - create IPUIPlugin
2025-06-10 15:34:09,480 [INFO] PluginManager:220 - loadIPPluginJar : add hash
2025-06-10 15:34:09,568 [INFO] IPUIPlugin:80 - create IPUIPlugin
2025-06-10 15:34:09,568 [INFO] PluginManager:220 - loadIPPluginJar : add i2c
2025-06-10 15:34:09,631 [INFO] IPUIPlugin:80 - create IPUIPlugin
2025-06-10 15:34:09,631 [INFO] PluginManager:220 - loadIPPluginJar : add i2s
2025-06-10 15:34:09,699 [INFO] IPUIPlugin:80 - create IPUIPlugin
2025-06-10 15:34:09,699 [INFO] PluginManager:220 - loadIPPluginJar : add i3c
2025-06-10 15:34:09,874 [INFO] IPUIPlugin:80 - create IPUIPlugin
2025-06-10 15:34:09,874 [INFO] PluginManager:220 - loadIPPluginJar : add ipddr
2025-06-10 15:34:10,030 [INFO] IPUIPlugin:80 - create IPUIPlugin
2025-06-10 15:34:10,030 [INFO] PluginManager:220 - loadIPPluginJar : add linkedlist
2025-06-10 15:34:10,087 [INFO] IPUIPlugin:80 - create IPUIPlugin
2025-06-10 15:34:10,087 [INFO] PluginManager:220 - loadIPPluginJar : add lorawan
2025-06-10 15:34:10,147 [INFO] IPUIPlugin:80 - create IPUIPlugin
2025-06-10 15:34:10,147 [INFO] PluginManager:220 - loadIPPluginJar : add ltdc
2025-06-10 15:34:10,170 [INFO] IPUIPlugin:80 - create IPUIPlugin
2025-06-10 15:34:10,171 [INFO] PluginManager:220 - loadIPPluginJar : add mdma
2025-06-10 15:34:10,188 [INFO] IPUIPlugin:80 - create IPUIPlugin
2025-06-10 15:34:10,188 [INFO] PluginManager:220 - loadIPPluginJar : add nvic
2025-06-10 15:34:10,213 [INFO] ThirdPartyUpdaterWithRetryManager:70 - Updater plugin not ready yet. [2/15]
2025-06-10 15:34:10,245 [INFO] IPUIPlugin:80 - create IPUIPlugin
2025-06-10 15:34:10,245 [INFO] PluginManager:220 - loadIPPluginJar : add opamp
2025-06-10 15:34:10,362 [INFO] IPUIPlugin:80 - create IPUIPlugin
2025-06-10 15:34:10,362 [INFO] PluginManager:220 - loadIPPluginJar : add openamp
2025-06-10 15:34:10,437 [INFO] IPUIPlugin:80 - create IPUIPlugin
2025-06-10 15:34:10,437 [INFO] PluginManager:220 - loadIPPluginJar : add pdm2pcm
2025-06-10 15:34:10,456 [INFO] IPUIPlugin:80 - create IPUIPlugin
2025-06-10 15:34:10,458 [INFO] PluginManager:220 - loadIPPluginJar : add plateformsettings
2025-06-10 15:34:10,495 [INFO] IPUIPlugin:80 - create IPUIPlugin
2025-06-10 15:34:10,495 [INFO] PluginManager:220 - loadIPPluginJar : add quadspi
2025-06-10 15:34:10,535 [INFO] IPUIPlugin:80 - create IPUIPlugin
2025-06-10 15:34:10,536 [INFO] PluginManager:220 - loadIPPluginJar : add radio
2025-06-10 15:34:10,553 [INFO] IPUIPlugin:80 - create IPUIPlugin
2025-06-10 15:34:10,553 [INFO] PluginManager:220 - loadIPPluginJar : add resmgrutility
2025-06-10 15:34:10,623 [INFO] IPUIPlugin:80 - create IPUIPlugin
2025-06-10 15:34:10,623 [INFO] PluginManager:220 - loadIPPluginJar : add sai
2025-06-10 15:34:10,688 [INFO] IPUIPlugin:80 - create IPUIPlugin
2025-06-10 15:34:10,688 [INFO] PluginManager:220 - loadIPPluginJar : add spi
2025-06-10 15:34:10,787 [INFO] IPUIPlugin:80 - create IPUIPlugin
2025-06-10 15:34:10,787 [INFO] PluginManager:220 - loadIPPluginJar : add stm32_wpan
2025-06-10 15:34:10,826 [INFO] IPUIPlugin:80 - create IPUIPlugin
2025-06-10 15:34:10,827 [INFO] PluginManager:220 - loadIPPluginJar : add tim
2025-06-10 15:34:10,916 [INFO] IPUIPlugin:80 - create IPUIPlugin
2025-06-10 15:34:10,916 [INFO] PluginManager:220 - loadIPPluginJar : add touchsensing
2025-06-10 15:34:10,959 [INFO] IPUIPlugin:80 - create IPUIPlugin
2025-06-10 15:34:10,961 [INFO] PluginManager:220 - loadIPPluginJar : add tracer_emb
2025-06-10 15:34:11,001 [INFO] IPUIPlugin:80 - create IPUIPlugin
2025-06-10 15:34:11,001 [INFO] PluginManager:220 - loadIPPluginJar : add ts
2025-06-10 15:34:11,040 [INFO] IPUIPlugin:80 - create IPUIPlugin
2025-06-10 15:34:11,040 [INFO] PluginManager:220 - loadIPPluginJar : add tsc
2025-06-10 15:34:11,077 [INFO] IPUIPlugin:80 - create IPUIPlugin
2025-06-10 15:34:11,077 [INFO] PluginManager:220 - loadIPPluginJar : add ucpd
2025-06-10 15:34:11,154 [INFO] IPUIPlugin:80 - create IPUIPlugin
2025-06-10 15:34:11,154 [INFO] PluginManager:220 - loadIPPluginJar : add usart
2025-06-10 15:34:11,224 [INFO] IPUIPlugin:80 - create IPUIPlugin
2025-06-10 15:34:11,225 [INFO] PluginManager:220 - loadIPPluginJar : add usbx
2025-06-10 15:34:11,370 [INFO] CADModel:165 - CPN selected for project level
2025-06-10 15:34:11,370 [INFO] CADModel:114 - Register for checkConnection events
2025-06-10 15:34:11,371 [FATAL] Updater:334 - Updater called before beeing initialized
2025-06-10 15:34:11,371 [ERROR] CADModel:125 - Updater not yet initialized, retry later 
2025-06-10 15:34:11,579 [INFO] CADModel:165 - CPN selected for project level
2025-06-10 15:34:11,579 [INFO] CADModel:114 - Register for checkConnection events
2025-06-10 15:34:11,579 [FATAL] Updater:334 - Updater called before beeing initialized
2025-06-10 15:34:11,579 [ERROR] CADModel:125 - Updater not yet initialized, retry later 
2025-06-10 15:34:11,583 [FATAL] Updater:334 - Updater called before beeing initialized
2025-06-10 15:34:11,729 [ERROR] ConfigurationRetriever:142 - IOException on connection: Connect timed out
2025-06-10 15:34:11,737 [FATAL] Updater:334 - Updater called before beeing initialized
2025-06-10 15:34:11,758 [INFO] DbMcusAds:53 - JSON generation date=Wed May 07 14:37:55 IST 2025 (1746608875484)
2025-06-10 15:34:11,758 [FATAL] Updater:334 - Updater called before beeing initialized
2025-06-10 15:34:11,819 [WARN] DetailPanel:346 - Failed to get advertising image, set to default
2025-06-10 15:34:11,995 [FATAL] Updater:334 - Updater called before beeing initialized
2025-06-10 15:34:11,997 [FATAL] Updater:334 - Updater called before beeing initialized
2025-06-10 15:34:11,997 [FATAL] Updater:334 - Updater called before beeing initialized
2025-06-10 15:34:11,998 [WARN] DetailPanel:346 - Failed to get advertising image, set to default
2025-06-10 15:34:11,999 [FATAL] Updater:334 - Updater called before beeing initialized
2025-06-10 15:34:12,121 [ERROR] Updater:1164 - MainUpdater not yet initialized. External WinMGr cannot be set.
2025-06-10 15:34:12,141 [INFO] Updater:1100 - Updater Version found : 6.12.1
2025-06-10 15:34:12,176 [INFO] ApplicationProperties:184 - Using Application install path: C:\ST\STM32CubeIDE_1.16.1\STM32CubeIDE\plugins\com.st.stm32cube.common.mx_6.12.1.202409122256
2025-06-10 15:34:13,214 [INFO] ThirdPartyUpdaterWithRetryManager:70 - Updater plugin not ready yet. [3/15]
2025-06-10 15:34:13,786 [ERROR] LogOutputStream:75 - [STDERR_REDIRECT] Jun 10, 2025 3:34:13 PM java.util.prefs.WindowsPreferences <init>
2025-06-10 15:34:13,791 [ERROR] LogOutputStream:75 - [STDERR_REDIRECT] WARNING: Could not open/create prefs root node Software\JavaSoft\Prefs at root 0xffffffff80000002. Windows RegCreateKeyEx(...) returned error code 5.
2025-06-10 15:34:13,792 [ERROR] LogOutputStream:75 - [STDERR_REDIRECT] 
2025-06-10 15:34:15,620 [INFO] MainUpdater:2873 - connection check result : 10
2025-06-10 15:34:15,620 [INFO] MainUpdater:3567 - Updater definition file requires update
2025-06-10 15:34:15,622 [INFO] MainUpdater:290 - Updater Check For Update Now.
2025-06-10 15:34:15,623 [INFO] MicroXplorer:498 - Change Database Version : DB.6.0.121
2025-06-10 15:34:15,648 [INFO] McuFinderGlobals:63 - Set McuFinder mode to 2 (CubeIDE integrated)
2025-06-10 15:34:15,655 [INFO] ServerAccessManage:473 - Download File updaters.zip
2025-06-10 15:34:15,659 [INFO] UserAuth:417 - Internet connection configuration mode: 1
2025-06-10 15:34:15,720 [INFO] JxBrowserEngine:152 - Initiate JxBrowser Engine with user profile folder
2025-06-10 15:34:15,806 [INFO] FileExtend:240 - Unzip File : updaters.zip
2025-06-10 15:34:15,806 [INFO] FileExtend:255 - Standard Zip Deflate
2025-06-10 15:34:16,226 [WARN] MainUpdater:1194 - Updater busy. Cannot search thirdparties
2025-06-10 15:34:16,228 [INFO] ThirdPartyUpdaterWithRetryManager:96 - Updater plugin is busy. [1/15]
2025-06-10 15:34:17,558 [INFO] ServerAccessManage:473 - Download File PacksControlFlags.xml
2025-06-10 15:34:18,148 [INFO] ServerAccessManage:473 - Download File cubemx.pidx
2025-06-10 15:34:19,230 [WARN] MainUpdater:1194 - Updater busy. Cannot search thirdparties
2025-06-10 15:34:19,230 [INFO] ThirdPartyUpdaterWithRetryManager:96 - Updater plugin is busy. [2/15]
2025-06-10 15:34:21,674 [INFO] ServerAccessManage:473 - Download File STMicroelectronics.X-CUBE-FREERTOS.pdsc
2025-06-10 15:34:22,232 [WARN] MainUpdater:1194 - Updater busy. Cannot search thirdparties
2025-06-10 15:34:22,232 [INFO] ThirdPartyUpdaterWithRetryManager:96 - Updater plugin is busy. [3/15]
2025-06-10 15:34:23,182 [INFO] ServerAccessManage:473 - Download File STMicroelectronics.X-CUBE-MEMS1.pdsc
2025-06-10 15:34:23,852 [INFO] WebApp:167 - Instantiating new browser for Auth
2025-06-10 15:34:25,232 [WARN] MainUpdater:1194 - Updater busy. Cannot search thirdparties
2025-06-10 15:34:25,233 [INFO] ThirdPartyUpdaterWithRetryManager:96 - Updater plugin is busy. [4/15]
2025-06-10 15:34:25,473 [INFO] WebApp:448 - Apply proxy settings
2025-06-10 15:34:25,474 [INFO] WebApp:533 - Chromium requires no authentication
2025-06-10 15:34:25,495 [INFO] WebApp:476 - Direct internet connection detected
2025-06-10 15:34:25,539 [INFO] WebApp:869 - Register for checkConnection events
2025-06-10 15:34:25,539 [INFO] WebApp:448 - Apply proxy settings
2025-06-10 15:34:25,539 [INFO] WebApp:533 - Chromium requires no authentication
2025-06-10 15:34:25,540 [INFO] WebApp:476 - Direct internet connection detected
2025-06-10 15:34:25,924 [INFO] WebApp:220 - Starting web application
2025-06-10 15:34:25,924 [INFO] WebApp:578 - Web application path used C:\ST\STM32CubeIDE_1.16.1\STM32CubeIDE\plugins\com.st.stm32cube.common.mx_6.12.1.202409122256\db\plugins\mcufinder\reactClient1\index.html
2025-06-10 15:34:26,353 [INFO] WebApp:186 - Connection restablished
2025-06-10 15:34:26,381 [INFO] ServerAccessManage:473 - Download File STMicroelectronics.X-CUBE-ST67W61.pdsc
2025-06-10 15:34:26,536 [INFO] UserAuth:417 - Internet connection configuration mode: 1
2025-06-10 15:34:28,235 [WARN] MainUpdater:1194 - Updater busy. Cannot search thirdparties
2025-06-10 15:34:28,236 [INFO] ThirdPartyUpdaterWithRetryManager:96 - Updater plugin is busy. [5/15]
2025-06-10 15:34:28,792 [WARN] PackLoader:240 - Cannot read IP mode file for STMicroelectronics.X-CUBE-FREERTOS.1.3.1
2025-06-10 15:34:29,043 [WARN] PackLoader:240 - Cannot read IP mode file for STMicroelectronics.X-CUBE-MEMS1.11.3.0
2025-06-10 15:34:29,046 [INFO] CheckServerUpdateThread:120 - End of CheckServer Thread
2025-06-10 15:34:29,457 [WARN] PopulateThirdPartyThread:106 - Error when creating pack: C:/Users/kjeya/.stm32cubemx/thirdparties/pdsc/STMicroelectronics.X-CUBE-ST67W61.pdsc
2025-06-10 15:34:29,458 [INFO] PopulateThirdPartyThread:66 - Ending populate Thread
2025-06-10 15:34:29,460 [INFO] ThirdParty:1030 - CMSIS Pack Vendor :STMicroelectronics X-CUBE-FREERTOS 1.3.1
2025-06-10 15:34:29,460 [INFO] ThirdParty:1030 - CMSIS Pack Vendor :STMicroelectronics X-CUBE-MEMS1 11.3.0
2025-06-10 15:34:29,460 [INFO] LoadServerUpdatesThread:375 - End of LoadServerUpdate Thread
2025-06-10 15:34:31,728 [WARN] PackLoader:240 - Cannot read IP mode file for STMicroelectronics.FP-SNS-MOTENVWB1.1.4.0
2025-06-10 15:34:31,737 [WARN] PackLoader:240 - Cannot read IP mode file for STMicroelectronics.FP-ATR-ASTRA1.2.0.2
2025-06-10 15:34:31,758 [WARN] PackLoader:240 - Cannot read IP mode file for STMicroelectronics.FP-ATR-ASTRA1.2.0.1
2025-06-10 15:34:31,783 [WARN] PackLoader:240 - Cannot read IP mode file for STMicroelectronics.X-CUBE-SMBUS.2.1.0
2025-06-10 15:34:31,804 [WARN] PackLoader:240 - Cannot read IP mode file for STMicroelectronics.X-CUBE-WB05N.1.1.0
2025-06-10 15:34:31,825 [ERROR] Engine:466 - C:\Users\kjeya\.stm32cubemx\thirdparties\pdsc\STMicroelectronics.X-CUBE-ST60.1.0.0.pdsc: PDSC version is not supported
2025-06-10 15:34:31,870 [WARN] PackLoader:240 - Cannot read IP mode file for STMicroelectronics.X-CUBE-AZRTOS-F7.1.1.0
2025-06-10 15:34:31,902 [WARN] PackLoader:240 - Cannot read IP mode file for STMicroelectronics.FP-SNS-FLIGHT1.5.0.2
2025-06-10 15:34:31,969 [WARN] PackLoader:240 - Cannot read IP mode file for Infineon.AIROC-Wi-Fi-Bluetooth-STM32.1.7.0
2025-06-10 15:34:32,016 [WARN] PackLoader:240 - Cannot read IP mode file for STMicroelectronics.X-CUBE-DISPLAY.3.0.0
2025-06-10 15:34:32,070 [WARN] PackLoader:240 - Cannot read IP mode file for STMicroelectronics.X-CUBE-BLE1.7.0.0
2025-06-10 15:34:32,108 [WARN] PackLoader:240 - Cannot read IP mode file for STMicroelectronics.X-CUBE-NFC10.1.0.0
2025-06-10 15:34:32,146 [WARN] PackLoader:240 - Cannot read IP mode file for STMicroelectronics.X-CUBE-BLEMGR.4.0.0
2025-06-10 15:34:32,191 [WARN] PackLoader:240 - Cannot read IP mode file for emotas.I-CUBE-CANOPEN.1.3.0
2025-06-10 15:34:32,225 [WARN] PackLoader:240 - Cannot read IP mode file for STMicroelectronics.X-CUBE-AI.10.0.0
2025-06-10 15:34:32,262 [WARN] PackLoader:240 - Cannot read IP mode file for STMicroelectronics.FP-SNS-SMARTAG2.1.2.0
2025-06-10 15:34:32,273 [ERROR] Engine:466 - C:\Users\kjeya\.stm32cubemx\thirdparties\pdsc\STMicroelectronics.FP-SNS-FLIGHT1.5.1.0.pdsc: PDSC version is not supported
2025-06-10 15:34:32,407 [WARN] PackLoader:240 - Cannot read IP mode file for STMicroelectronics.X-CUBE-MEMS1.11.1.0
2025-06-10 15:34:32,655 [INFO] LogOutputStream:77 - [STDOUT_REDIRECT] 1 : Invalid condition id : UX_CORESTACK_Condition cause : null
2025-06-10 15:34:32,656 [INFO] LogOutputStream:77 - [STDOUT_REDIRECT] 1 : Invalid condition id : UX_CORESTACK_Condition cause : null
2025-06-10 15:34:32,658 [INFO] LogOutputStream:77 - [STDOUT_REDIRECT] 1 : Invalid condition id : UX_CORESTACK_Condition cause : null
2025-06-10 15:34:32,660 [INFO] LogOutputStream:77 - [STDOUT_REDIRECT] 1 : Invalid condition id : UX_CORESTACK_Condition cause : null
2025-06-10 15:34:32,664 [INFO] LogOutputStream:77 - [STDOUT_REDIRECT] 1 : Invalid condition id : UX_CORESTACK_Condition cause : null
2025-06-10 15:34:32,670 [WARN] PackLoader:240 - Cannot read IP mode file for STMicroelectronics.X-CUBE-AZRTOS-WL.2.0.0
2025-06-10 15:34:32,708 [WARN] PackLoader:240 - Cannot read IP mode file for STMicroelectronics.FP-SNS-MOTENV1.5.0.0
2025-06-10 15:34:32,721 [WARN] PackLoader:240 - Cannot read IP mode file for wolfSSL.I-CUBE-wolfMQTT.1.19.0
2025-06-10 15:34:32,759 [WARN] PackLoader:240 - Cannot read IP mode file for WES.I-CUBE-Cesium.1.3.0
2025-06-10 15:34:32,972 [WARN] PackLoader:240 - Cannot read IP mode file for STMicroelectronics.X-CUBE-BLE2.3.3.0
2025-06-10 15:34:33,005 [WARN] PackLoader:240 - Cannot read IP mode file for STMicroelectronics.X-CUBE-NFC9.1.0.0
2025-06-10 15:34:33,046 [WARN] PackLoader:240 - Cannot read IP mode file for STMicroelectronics.X-CUBE-BLE1.7.1.0
2025-06-10 15:34:33,079 [WARN] PackLoader:240 - Cannot read IP mode file for STMicroelectronics.X-CUBE-AI.10.1.0
2025-06-10 15:34:33,185 [WARN] PackLoader:240 - Cannot read IP mode file for STMicroelectronics.X-CUBE-MEMS1.11.2.0
2025-06-10 15:34:33,526 [WARN] PackLoader:240 - Cannot read IP mode file for STMicroelectronics.X-CUBE-AZRTOS-G0.1.1.0
2025-06-10 15:34:33,573 [WARN] PackLoader:240 - Cannot read IP mode file for STMicroelectronics.X-CUBE-SAFEA1.1.2.2
2025-06-10 15:34:33,625 [WARN] PackLoader:240 - Cannot read IP mode file for STMicroelectronics.X-CUBE-NFC4.3.0.0
2025-06-10 15:34:33,686 [WARN] PackLoader:240 - Cannot read IP mode file for EmbeddedOffice.I-CUBE-FS-RTOS.1.0.1
2025-06-10 15:34:33,687 [ERROR] ConditionMgr:805 - Attr not supported : Dmpu
2025-06-10 15:34:33,687 [ERROR] ConditionMgr:805 - Attr not supported : Dmpu
2025-06-10 15:34:33,687 [ERROR] ConditionMgr:805 - Attr not supported : Dmpu
2025-06-10 15:34:33,687 [ERROR] ConditionMgr:805 - Attr not supported : Dmpu
2025-06-10 15:34:33,688 [ERROR] ConditionMgr:805 - Attr not supported : Dmpu
2025-06-10 15:34:33,688 [ERROR] ConditionMgr:805 - Attr not supported : Dmpu
2025-06-10 15:34:33,688 [ERROR] ConditionMgr:805 - Attr not supported : Dmpu
2025-06-10 15:34:33,688 [ERROR] ConditionMgr:805 - Attr not supported : Dmpu
2025-06-10 15:34:33,688 [ERROR] ConditionMgr:805 - Attr not supported : Dmpu
2025-06-10 15:34:33,689 [ERROR] ConditionMgr:805 - Attr not supported : Dmpu
2025-06-10 15:34:33,689 [ERROR] ConditionMgr:805 - Attr not supported : Dmpu
2025-06-10 15:34:33,689 [ERROR] ConditionMgr:805 - Attr not supported : Dmpu
2025-06-10 15:34:33,689 [ERROR] ConditionMgr:805 - Attr not supported : Dmpu
2025-06-10 15:34:33,689 [ERROR] ConditionMgr:805 - Attr not supported : Dmpu
2025-06-10 15:34:33,690 [ERROR] ConditionMgr:805 - Attr not supported : Dmpu
2025-06-10 15:34:33,690 [ERROR] ConditionMgr:805 - Attr not supported : Dmpu
2025-06-10 15:34:33,690 [ERROR] ConditionMgr:805 - Attr not supported : Dmpu
2025-06-10 15:34:33,690 [ERROR] ConditionMgr:805 - Attr not supported : Dmpu
2025-06-10 15:34:33,690 [ERROR] ConditionMgr:805 - Attr not supported : Dmpu
2025-06-10 15:34:33,690 [ERROR] ConditionMgr:805 - Attr not supported : Dmpu
2025-06-10 15:34:33,691 [ERROR] ConditionMgr:805 - Attr not supported : Dmpu
2025-06-10 15:34:33,691 [ERROR] ConditionMgr:805 - Attr not supported : Dmpu
2025-06-10 15:34:33,691 [ERROR] ConditionMgr:805 - Attr not supported : Dmpu
2025-06-10 15:34:33,691 [ERROR] ConditionMgr:805 - Attr not supported : Dmpu
2025-06-10 15:34:33,691 [ERROR] ConditionMgr:805 - Attr not supported : Dmpu
2025-06-10 15:34:33,691 [ERROR] ConditionMgr:805 - Attr not supported : Dmpu
2025-06-10 15:34:33,691 [ERROR] ConditionMgr:805 - Attr not supported : Dmpu
2025-06-10 15:34:33,692 [ERROR] ConditionMgr:805 - Attr not supported : Dmpu
2025-06-10 15:34:33,692 [ERROR] ConditionMgr:805 - Attr not supported : Dmpu
2025-06-10 15:34:33,692 [ERROR] ConditionMgr:805 - Attr not supported : Dmpu
2025-06-10 15:34:33,692 [ERROR] ConditionMgr:805 - Attr not supported : Dmpu
2025-06-10 15:34:33,692 [ERROR] ConditionMgr:805 - Attr not supported : Dmpu
2025-06-10 15:34:33,692 [ERROR] ConditionMgr:805 - Attr not supported : Dmpu
2025-06-10 15:34:33,692 [ERROR] ConditionMgr:805 - Attr not supported : Dmpu
2025-06-10 15:34:33,693 [ERROR] ConditionMgr:805 - Attr not supported : Dmpu
2025-06-10 15:34:33,693 [ERROR] ConditionMgr:805 - Attr not supported : Dmpu
2025-06-10 15:34:33,693 [ERROR] ConditionMgr:805 - Attr not supported : Dmpu
2025-06-10 15:34:33,693 [ERROR] ConditionMgr:805 - Attr not supported : Dmpu
2025-06-10 15:34:33,693 [ERROR] ConditionMgr:805 - Attr not supported : Dmpu
2025-06-10 15:34:33,693 [ERROR] ConditionMgr:805 - Attr not supported : Dmpu
2025-06-10 15:34:33,694 [ERROR] ConditionMgr:805 - Attr not supported : Dmpu
2025-06-10 15:34:33,694 [ERROR] ConditionMgr:805 - Attr not supported : Dmpu
2025-06-10 15:34:33,694 [ERROR] ConditionMgr:805 - Attr not supported : Dmpu
2025-06-10 15:34:33,694 [ERROR] ConditionMgr:805 - Attr not supported : Dmpu
2025-06-10 15:34:33,694 [ERROR] ConditionMgr:805 - Attr not supported : Dmpu
2025-06-10 15:34:33,695 [ERROR] ConditionMgr:805 - Attr not supported : Dmpu
2025-06-10 15:34:33,697 [ERROR] ConditionMgr:805 - Attr not supported : Dmpu
2025-06-10 15:34:33,699 [ERROR] ConditionMgr:805 - Attr not supported : Dmpu
2025-06-10 15:34:33,700 [ERROR] ConditionMgr:805 - Attr not supported : Dmpu
2025-06-10 15:34:33,701 [ERROR] ConditionMgr:805 - Attr not supported : Dmpu
2025-06-10 15:34:33,701 [ERROR] ConditionMgr:805 - Attr not supported : Dmpu
2025-06-10 15:34:33,701 [ERROR] ConditionMgr:805 - Attr not supported : Dmpu
2025-06-10 15:34:33,702 [ERROR] ConditionMgr:805 - Attr not supported : Dmpu
2025-06-10 15:34:33,702 [ERROR] ConditionMgr:805 - Attr not supported : Dmpu
2025-06-10 15:34:33,702 [ERROR] ConditionMgr:805 - Attr not supported : Dmpu
2025-06-10 15:34:33,703 [ERROR] ConditionMgr:805 - Attr not supported : Dmpu
2025-06-10 15:34:33,704 [ERROR] ConditionMgr:805 - Attr not supported : Dmpu
2025-06-10 15:34:33,704 [ERROR] ConditionMgr:805 - Attr not supported : Dmpu
2025-06-10 15:34:33,704 [ERROR] ConditionMgr:805 - Attr not supported : Dmpu
2025-06-10 15:34:33,705 [ERROR] ConditionMgr:805 - Attr not supported : Dmpu
2025-06-10 15:34:33,705 [ERROR] ConditionMgr:805 - Attr not supported : Dmpu
2025-06-10 15:34:33,705 [ERROR] ConditionMgr:805 - Attr not supported : Dmpu
2025-06-10 15:34:33,705 [ERROR] ConditionMgr:805 - Attr not supported : Dmpu
2025-06-10 15:34:33,705 [ERROR] ConditionMgr:805 - Attr not supported : Dmpu
2025-06-10 15:34:33,742 [WARN] PackLoader:240 - Cannot read IP mode file for STMicroelectronics.X-CUBE-WB05N.2.0.0
2025-06-10 15:34:33,772 [ERROR] Engine:466 - C:\Users\kjeya\.stm32cubemx\thirdparties\pdsc\STMicroelectronics.X-CUBE-TCPP.4.2.0.pdsc: PDSC version is not supported
2025-06-10 15:34:33,805 [WARN] PackLoader:240 - Cannot read IP mode file for RealThread.X-CUBE-RT-Thread_Nano.4.1.1
2025-06-10 15:34:33,817 [WARN] PackLoader:240 - Cannot read IP mode file for STMicroelectronics.FP-ATR-SIGFOX1.3.2.0
2025-06-10 15:34:33,831 [WARN] ConditionMgr:438 - getConditionDescription Invalid condition id : Cortex-A Device cause : null
2025-06-10 15:34:33,871 [WARN] ConditionMgr:1039 - genDependencies : Invalid condition id : Cortex-A Device cause : null
2025-06-10 15:34:33,871 [WARN] ConditionMgr:1039 - genDependencies : Invalid condition id : Cortex-A Device cause : null
2025-06-10 15:34:33,872 [WARN] ConditionMgr:1039 - genDependencies : Invalid condition id : Cortex-A Device cause : null
2025-06-10 15:34:33,910 [WARN] PackLoader:240 - Cannot read IP mode file for STMicroelectronics.X-CUBE-EEPRMA1.5.1.0
2025-06-10 15:34:33,954 [WARN] PackLoader:240 - Cannot read IP mode file for wolfSSL.I-CUBE-wolfSSL.5.7.4
2025-06-10 15:34:33,986 [WARN] PackLoader:240 - Cannot read IP mode file for ITTIA_DB.I-CUBE-ITTIADB.8.9.0
2025-06-10 15:34:33,990 [ERROR] Engine:466 - C:\Users\kjeya\.stm32cubemx\thirdparties\pdsc\STMicroelectronics.X-CUBE-ST67W61.1.0.0.pdsc: PDSC version is not supported
2025-06-10 15:34:34,062 [WARN] PackLoader:240 - Cannot read IP mode file for SEGGER.I-CUBE-embOS.1.3.1
2025-06-10 15:34:34,150 [WARN] PackLoader:240 - Cannot read IP mode file for STMicroelectronics.X-CUBE-ALGOBUILD.1.4.0
2025-06-10 15:34:34,217 [WARN] PackLoader:240 - Cannot read IP mode file for STMicroelectronics.X-CUBE-MEMS1.11.3.0
2025-06-10 15:34:34,476 [WARN] PackLoader:240 - Cannot read IP mode file for STMicroelectronics.X-CUBE-AI.9.1.0
2025-06-10 15:34:34,532 [WARN] PackLoader:240 - Cannot read IP mode file for STMicroelectronics.X-CUBE-AZRTOS-F4.1.1.0
2025-06-10 15:34:34,541 [ERROR] Engine:466 - C:\Users\kjeya\.stm32cubemx\thirdparties\pdsc\Avnet-IotConnect.X-CUBE-IoTC-DA16k-PMOD.1.0.0.pdsc: PDSC version is not supported
2025-06-10 15:34:34,570 [WARN] PackLoader:240 - Cannot read IP mode file for STMicroelectronics.X-CUBE-ISPU.2.1.0
2025-06-10 15:34:34,617 [WARN] PackLoader:240 - Cannot read IP mode file for STMicroelectronics.X-CUBE-AZRTOS-L5.2.0.0
2025-06-10 15:34:34,653 [WARN] PackLoader:240 - Cannot read IP mode file for STMicroelectronics.X-CUBE-NFC6.3.1.0
2025-06-10 15:34:34,686 [WARN] PackLoader:240 - Cannot read IP mode file for STMicroelectronics.X-CUBE-DPower.1.2.0
2025-06-10 15:34:34,698 [WARN] PackLoader:240 - Cannot read IP mode file for STMicroelectronics.X-CUBE-FREERTOS.1.3.1
2025-06-10 15:34:34,727 [WARN] PackLoader:240 - Cannot read IP mode file for STMicroelectronics.X-CUBE-FREERTOS.1.3.0
2025-06-10 15:34:34,752 [WARN] PackLoader:240 - Cannot read IP mode file for STMicroelectronics.X-CUBE-NFC7.1.0.1
2025-06-10 15:34:34,779 [WARN] PackLoader:240 - Cannot read IP mode file for STMicroelectronics.X-CUBE-DPower.1.3.0
2025-06-10 15:34:34,890 [WARN] ConditionMgr:438 - getConditionDescription Invalid condition id : LAN8742 Phy interface Condition cause : null
2025-06-10 15:34:34,892 [WARN] PackLoader:240 - Cannot read IP mode file for STMicroelectronics.X-CUBE-AZRTOS-L4.2.0.0
2025-06-10 15:34:34,897 [WARN] ConditionMgr:1039 - genDependencies : Invalid condition id : LAN8742 Phy interface Condition cause : null
2025-06-10 15:34:34,898 [WARN] ConditionMgr:1039 - genDependencies : Invalid condition id : LAN8742 Phy interface Condition cause : null
2025-06-10 15:34:34,899 [WARN] ConditionMgr:1039 - genDependencies : Invalid condition id : LAN8742 Phy interface Condition cause : null
2025-06-10 15:34:34,955 [WARN] PackLoader:240 - Cannot read IP mode file for STMicroelectronics.X-CUBE-SFXS2LP1.4.0.0
2025-06-10 15:34:35,035 [WARN] PackLoader:240 - Cannot read IP mode file for STMicroelectronics.X-CUBE-AZRTOS-H7.3.3.0
2025-06-10 15:34:35,083 [WARN] PackLoader:240 - Cannot read IP mode file for STMicroelectronics.X-CUBE-IPS.3.0.0
2025-06-10 15:34:35,135 [WARN] ConditionMgr:438 - getConditionDescription Invalid condition id : UX DEVICE CLASS RTOS Condition cause : null
2025-06-10 15:34:35,136 [WARN] ConditionMgr:438 - getConditionDescription Invalid condition id : UX DEVICE CLASS RTOS Condition cause : null
2025-06-10 15:34:35,140 [WARN] PackLoader:240 - Cannot read IP mode file for STMicroelectronics.X-CUBE-AZRTOS-WB.2.0.0
2025-06-10 15:34:35,142 [WARN] ConditionMgr:1039 - genDependencies : Invalid condition id : UX DEVICE CLASS RTOS Condition cause : null
2025-06-10 15:34:35,142 [WARN] ConditionMgr:1039 - genDependencies : Invalid condition id : UX DEVICE CLASS RTOS Condition cause : null
2025-06-10 15:34:35,144 [WARN] ConditionMgr:1039 - genDependencies : Invalid condition id : UX DEVICE CLASS RTOS Condition cause : null
2025-06-10 15:34:35,145 [WARN] ConditionMgr:1039 - genDependencies : Invalid condition id : UX DEVICE CLASS RTOS Condition cause : null
2025-06-10 15:34:35,146 [WARN] ConditionMgr:1039 - genDependencies : Invalid condition id : UX DEVICE CLASS RTOS Condition cause : null
2025-06-10 15:34:35,182 [WARN] PackLoader:240 - Cannot read IP mode file for STMicroelectronics.X-CUBE-GNSS1.7.0.1
2025-06-10 15:34:35,215 [WARN] PackLoader:240 - Cannot read IP mode file for STMicroelectronics.X-CUBE-TOUCHGFX.4.25.0
2025-06-10 15:34:35,243 [WARN] PackLoader:240 - Cannot read IP mode file for STMicroelectronics.FP-SNS-STBOX1.2.0.0
2025-06-10 15:34:35,279 [WARN] PackLoader:240 - Cannot read IP mode file for STMicroelectronics.X-CUBE-SUBG2.5.0.0
2025-06-10 15:34:35,341 [WARN] PackLoader:240 - Cannot read IP mode file for STMicroelectronics.X-CUBE-AZRTOS-H7RS.1.1.0
2025-06-10 15:34:35,359 [WARN] PackLoader:240 - Cannot read IP mode file for Cesanta.I-CUBE-Mongoose.7.13.0
2025-06-10 15:34:35,419 [WARN] PackLoader:240 - Cannot read IP mode file for STMicroelectronics.X-CUBE-AZRTOS-G4.2.0.0
2025-06-10 15:34:35,453 [WARN] PackLoader:240 - Cannot read IP mode file for STMicroelectronics.X-CUBE-NFC7.2.0.0
2025-06-10 15:34:35,483 [ERROR] Engine:466 - C:\Users\kjeya\.stm32cubemx\thirdparties\pdsc\STMicroelectronics.X-CUBE-IPS.3.1.0.pdsc: PDSC version is not supported
2025-06-10 15:34:35,511 [WARN] PackLoader:240 - Cannot read IP mode file for STMicroelectronics.X-CUBE-ALS.1.0.2
2025-06-10 15:34:35,540 [WARN] PackLoader:240 - Cannot read IP mode file for STMicroelectronics.X-CUBE-TOUCHGFX.4.24.0
2025-06-10 15:34:35,672 [WARN] PackLoader:240 - Cannot read IP mode file for STMicroelectronics.X-CUBE-TOUCHGFX.4.24.2
2025-06-10 15:34:35,783 [WARN] PackLoader:240 - Cannot read IP mode file for STMicroelectronics.X-CUBE-TOUCHGFX.4.24.1
2025-06-10 15:34:35,792 [WARN] PackLoader:240 - Cannot read IP mode file for wolfSSL.I-CUBE-wolfTPM.3.4.0
2025-06-10 15:34:35,825 [WARN] PackLoader:240 - Cannot read IP mode file for portGmbH.I-Cube-SoM-uGOAL.1.1.0
2025-06-10 15:34:35,878 [WARN] PackLoader:240 - Cannot read IP mode file for STMicroelectronics.X-CUBE-AZRTOS-H7RS.1.0.0
2025-06-10 15:34:35,918 [WARN] PackLoader:240 - Cannot read IP mode file for STMicroelectronics.X-CUBE-TOF1.3.4.2
2025-06-10 15:34:35,969 [ERROR] Engine:466 - C:\Users\kjeya\.stm32cubemx\thirdparties\pdsc\STMicroelectronics.X-CUBE-TOF1.3.4.3.pdsc: PDSC version is not supported
2025-06-10 15:34:35,981 [WARN] PackLoader:240 - Cannot read IP mode file for wolfSSL.I-CUBE-wolfSSH.1.4.17
2025-06-10 15:34:35,982 [INFO] ThirdParty:978 - Integrity check success = true
2025-06-10 15:34:35,983 [INFO] IntegrityCheckThread:100 - exiting critical section [integrity check]
2025-06-10 15:34:35,983 [INFO] IntegrityCheckThread:103 - End integrity checks thread
2025-06-10 16:19:37,701 [INFO] WebApp:189 - Connection lost
2025-06-10 16:19:40,250 [INFO] WebApp:186 - Connection restablished
2025-06-10 16:19:40,318 [INFO] WebApp:189 - Connection lost
2025-06-10 16:19:40,698 [INFO] WebApp:186 - Connection restablished
2025-06-10 16:19:43,598 [INFO] WebApp:189 - Connection lost
2025-06-10 16:19:44,158 [INFO] WebApp:186 - Connection restablished
2025-06-10 16:19:46,511 [INFO] WebApp:189 - Connection lost
2025-06-10 16:19:46,747 [INFO] WebApp:186 - Connection restablished
2025-06-10 16:40:03,566 [ERROR] ConfigurationRetriever:142 - IOException on connection: Read timed out
2025-06-10 16:54:21,051 [ERROR] ConfigurationRetriever:142 - IOException on connection: Read timed out
2025-06-10 17:03:25,346 [INFO] WebApp:189 - Connection lost
2025-06-10 17:03:28,454 [INFO] WebApp:186 - Connection restablished
2025-06-10 17:03:31,463 [INFO] WebApp:189 - Connection lost
2025-06-10 17:03:46,750 [INFO] WebApp:186 - Connection restablished
2025-06-10 17:04:02,751 [INFO] WebApp:189 - Connection lost
2025-06-10 17:04:11,766 [INFO] WebApp:186 - Connection restablished
2025-06-10 17:04:14,753 [INFO] WebApp:189 - Connection lost
2025-06-10 17:04:14,973 [INFO] WebApp:186 - Connection restablished
2025-06-10 17:04:23,021 [INFO] WebApp:189 - Connection lost
2025-06-10 17:08:27,100 [INFO] WebApp:186 - Connection restablished
2025-06-10 17:08:29,760 [INFO] WebApp:189 - Connection lost
2025-06-10 17:08:30,005 [INFO] WebApp:186 - Connection restablished
2025-06-10 17:08:32,963 [INFO] WebApp:189 - Connection lost
2025-06-10 17:08:33,194 [INFO] WebApp:186 - Connection restablished
2025-06-10 17:08:36,251 [INFO] WebApp:189 - Connection lost
2025-06-10 17:08:36,529 [INFO] WebApp:186 - Connection restablished
2025-06-10 17:10:27,004 [INFO] WebApp:189 - Connection lost
2025-06-10 17:10:27,287 [INFO] WebApp:186 - Connection restablished
2025-06-10 17:10:30,244 [INFO] WebApp:189 - Connection lost
2025-06-10 17:10:30,476 [INFO] WebApp:186 - Connection restablished
2025-06-10 18:31:00,998 [INFO] WebApp:189 - Connection lost
2025-06-10 18:46:59,190 [ERROR] ConfigurationRetriever:142 - IOException on connection: sw-center.st.com
2025-06-10 18:46:59,191 [ERROR] ConfigurationRetriever:142 - IOException on connection: sw-center.st.com
2025-06-10 18:46:59,191 [ERROR] ConfigurationRetriever:142 - IOException on connection: sw-center.st.com
2025-06-10 18:47:01,001 [ERROR] LogOutputStream:75 - [STDERR_REDIRECT] 
2025-06-10 18:47:01,002 [ERROR] LogOutputStream:75 - [STDERR_REDIRECT] 
2025-06-10 22:36:40,190 [INFO] Activator:176 - 


2025-06-10 22:36:40,194 [INFO] Activator:177 - !SESSION log4j initialized
2025-06-10 22:36:51,290 [INFO] LogOutputStream:77 - [STDOUT_REDIRECT] 
2025-06-10 22:36:55,474 [INFO] ApplicationProperties:184 - Using Application install path: C:\ST\STM32CubeIDE_1.16.1\STM32CubeIDE\plugins\com.st.stm32cube.common.mx_6.12.1.202409122256
2025-06-10 22:36:55,507 [INFO] DbMcusXml:78 - Set database path to: C:\ST\STM32CubeIDE_1.16.1\STM32CubeIDE\plugins\com.st.stm32cube.common.mx_6.12.1.202409122256\\db\/mcu/
2025-06-10 22:36:55,507 [INFO] ApiDb:274 - Set plugin database path to: C:\ST\STM32CubeIDE_1.16.1\STM32CubeIDE\plugins\com.st.stm32cube.common.mx_6.12.1.202409122256\\db\/plugins/boardmanager/
2025-06-10 22:36:55,508 [WARN] ApiDb:259 - Overriding images path with different value:  => C:\ST\STM32CubeIDE_1.16.1\STM32CubeIDE\plugins\com.st.stm32cube.common.mx_6.12.1.202409122256\\db\/plugins/mcufinder/images/
2025-06-10 22:36:55,536 [INFO] ApiDb:250 - Set database path to: C:\Users\kjeya\.stmcufinder\plugins\mcufinder//mcu/
2025-06-10 22:36:55,538 [INFO] DbMcusAds:125 - Set database path to: C:\Users\kjeya\.stmcufinder\plugins\mcufinder//mcu/
2025-06-10 22:36:55,542 [INFO] CrossReferenceDbSqlite:203 - Set database path to: C:\Users\kjeya\.stmcufinder\plugins\mcufinder//mcu/cs/
2025-06-10 22:36:55,713 [INFO] RulesReader:64 - Compatibility file has been processed (297 Rules)
2025-06-10 22:36:55,864 [INFO] DbMcusXml:78 - Set database path to: C:\ST\STM32CubeIDE_1.16.1\STM32CubeIDE\plugins\com.st.stm32cube.common.mx_6.12.1.202409122256\\db\/mcu/
2025-06-10 22:36:55,864 [INFO] ApiDb:274 - Set plugin database path to: C:\ST\STM32CubeIDE_1.16.1\STM32CubeIDE\plugins\com.st.stm32cube.common.mx_6.12.1.202409122256\\db\/plugins/boardmanager/
2025-06-10 22:36:55,865 [INFO] ApiDb:261 - Set plugin images path to: C:\ST\STM32CubeIDE_1.16.1\STM32CubeIDE\plugins\com.st.stm32cube.common.mx_6.12.1.202409122256\\db\/plugins/mcufinder/images/
2025-06-10 22:36:55,865 [WARN] DbFile:41 - Overriding database path with different value: C:\Users\kjeya\.stmcufinder\plugins\mcufinder/ => C:\Users\kjeya\.stmcufinder\plugins\mcufinder
2025-06-10 22:36:55,865 [INFO] ApiDb:250 - Set database path to: C:\Users\kjeya\.stmcufinder\plugins\mcufinder//mcu/
2025-06-10 22:36:55,865 [WARN] DbFile:41 - Overriding database path with different value: C:\Users\kjeya\.stmcufinder\plugins\mcufinder/ => C:\Users\kjeya\.stmcufinder\plugins\mcufinder
2025-06-10 22:36:55,865 [INFO] DbMcusAds:125 - Set database path to: C:\Users\kjeya\.stmcufinder\plugins\mcufinder//mcu/
2025-06-10 22:36:55,865 [WARN] DbFile:41 - Overriding database path with different value: C:\Users\kjeya\.stmcufinder\plugins\mcufinder/ => C:\Users\kjeya\.stmcufinder\plugins\mcufinder
2025-06-10 22:36:55,865 [WARN] DbFile:41 - Overriding database path with different value: C:\Users\kjeya\.stmcufinder\plugins\mcufinder/ => C:\Users\kjeya\.stmcufinder\plugins\mcufinder
2025-06-10 22:36:55,866 [INFO] CrossReferenceDbSqlite:203 - Set database path to: C:\Users\kjeya\.stmcufinder\plugins\mcufinder//mcu/cs/
2025-06-10 22:36:56,018 [INFO] MainPanel:268 - HeapMemory: 268435456
2025-06-10 22:36:56,294 [INFO] DbMcusXml:78 - Set database path to: C:\ST\STM32CubeIDE_1.16.1\STM32CubeIDE\plugins\com.st.stm32cube.common.mx_6.12.1.202409122256\\db\/mcu/
2025-06-10 22:36:56,295 [INFO] ApiDb:274 - Set plugin database path to: C:\ST\STM32CubeIDE_1.16.1\STM32CubeIDE\plugins\com.st.stm32cube.common.mx_6.12.1.202409122256\\db\/plugins/boardmanager/
2025-06-10 22:36:56,296 [INFO] ApiDb:261 - Set plugin images path to: C:\ST\STM32CubeIDE_1.16.1\STM32CubeIDE\plugins\com.st.stm32cube.common.mx_6.12.1.202409122256\\db\/plugins/mcufinder/images/
2025-06-10 22:36:56,297 [WARN] DbFile:41 - Overriding database path with different value: C:\Users\kjeya\.stmcufinder\plugins\mcufinder/ => C:\Users\kjeya\.stmcufinder\plugins\mcufinder
2025-06-10 22:36:56,297 [INFO] ApiDb:250 - Set database path to: C:\Users\kjeya\.stmcufinder\plugins\mcufinder//mcu/
2025-06-10 22:36:56,297 [WARN] DbFile:41 - Overriding database path with different value: C:\Users\kjeya\.stmcufinder\plugins\mcufinder/ => C:\Users\kjeya\.stmcufinder\plugins\mcufinder
2025-06-10 22:36:56,298 [INFO] DbMcusAds:125 - Set database path to: C:\Users\kjeya\.stmcufinder\plugins\mcufinder//mcu/
2025-06-10 22:36:56,298 [WARN] DbFile:41 - Overriding database path with different value: C:\Users\kjeya\.stmcufinder\plugins\mcufinder/ => C:\Users\kjeya\.stmcufinder\plugins\mcufinder
2025-06-10 22:36:56,298 [WARN] DbFile:41 - Overriding database path with different value: C:\Users\kjeya\.stmcufinder\plugins\mcufinder/ => C:\Users\kjeya\.stmcufinder\plugins\mcufinder
2025-06-10 22:36:56,298 [INFO] CrossReferenceDbSqlite:203 - Set database path to: C:\Users\kjeya\.stmcufinder\plugins\mcufinder//mcu/cs/
2025-06-10 22:36:56,352 [INFO] ApplicationProperties:184 - Using Application install path: C:\ST\STM32CubeIDE_1.16.1\STM32CubeIDE\plugins\com.st.stm32cube.common.mx_6.12.1.202409122256
2025-06-10 22:36:56,356 [INFO] PluginManage:196 - Search for loadable plugins [exclusion list=, ]
2025-06-10 22:36:56,361 [INFO] PluginManage:310 - Check plugin analytics
2025-06-10 22:36:56,857 [INFO] AnalyticsPlugin:253 - Accepted Software Licenses: STM32CubeMX.6.11.1,STM32CubeMX.6.13.0
2025-06-10 22:36:56,858 [INFO] AnalyticsPlugin:255 - Accepted CMSIS Pack Licenses: STMicroelectronics.X-CUBE-TOUCHGFX.4.24.0,WES.I-CUBE-Cesium.1.3.0,STMicroelectronics.X-CUBE-TOUCHGFX.4.24.2
2025-06-10 22:36:56,858 [INFO] AnalyticsPlugin:257 - Accepted Firmware Licenses: FW.F4.1.28.0,FW.L4.1.18.0,FW.WL.1.3.0,FW.H7.1.11.0,FW.H7.1.12.0
2025-06-10 22:36:56,866 [INFO] PluginManage:359 - Loaded plugin analytics (category:tool,tabindex:-1)
2025-06-10 22:36:56,866 [INFO] PluginManage:310 - Check plugin cadmodel
2025-06-10 22:36:56,908 [INFO] CADModel:105 - Init CAD model plugin
2025-06-10 22:36:56,909 [INFO] PluginManage:359 - Loaded plugin cadmodel (category:power,tabindex:5)
2025-06-10 22:36:56,909 [INFO] PluginManage:310 - Check plugin clock
2025-06-10 22:36:56,951 [INFO] PluginManage:359 - Loaded plugin clock (category:base,tabindex:2)
2025-06-10 22:36:56,951 [INFO] PluginManage:310 - Check plugin ddr
2025-06-10 22:36:56,955 [INFO] PluginManage:359 - Loaded plugin ddr (category:tool,tabindex:6)
2025-06-10 22:36:56,955 [INFO] PluginManage:310 - Check plugin filemanager
2025-06-10 22:36:57,171 [INFO] PluginManage:359 - Loaded plugin filemanager (category:base,tabindex:10)
2025-06-10 22:36:57,171 [INFO] PluginManage:310 - Check plugin ipmanager
2025-06-10 22:36:57,183 [INFO] PluginManage:359 - Loaded plugin ipmanager (category:base,tabindex:5)
2025-06-10 22:36:57,183 [INFO] PluginManage:310 - Check plugin lpbam
2025-06-10 22:36:57,211 [INFO] PluginManage:359 - Loaded plugin lpbam (category:base,tabindex:0)
2025-06-10 22:36:57,212 [INFO] PluginManage:310 - Check plugin memorymap
2025-06-10 22:36:57,250 [INFO] PluginManage:359 - Loaded plugin memorymap (category:base,tabindex:4)
2025-06-10 22:36:57,250 [INFO] PluginManage:310 - Check plugin pinoutandconfiguration
2025-06-10 22:36:57,278 [INFO] PluginManage:359 - Loaded plugin pinoutandconfiguration (category:base,tabindex:1)
2025-06-10 22:36:57,278 [INFO] PluginManage:310 - Check plugin pinoutconfig
2025-06-10 22:36:57,460 [WARN] SupportedApi:132 - Cannot load RTOS API schema: s4s-elt-must-match.1: The content of 'definitions' must match (annotation?, (simpleType | complexType)?, (unique | key | keyref)*)). A problem was found starting at: attribute.
2025-06-10 22:36:57,696 [INFO] PluginManage:359 - Loaded plugin pinoutconfig (category:base,tabindex:0)
2025-06-10 22:36:57,696 [INFO] PluginManage:310 - Check plugin power
2025-06-10 22:36:57,733 [INFO] PluginManage:359 - Loaded plugin power (category:power,tabindex:4)
2025-06-10 22:36:57,733 [INFO] PluginManage:310 - Check plugin projectmanager
2025-06-10 22:36:57,766 [INFO] PluginManage:359 - Loaded plugin projectmanager (category:projectmanager,tabindex:4)
2025-06-10 22:36:57,766 [INFO] PluginManage:310 - Check plugin rif
2025-06-10 22:36:57,801 [INFO] PluginManage:359 - Loaded plugin rif (category:base,tabindex:3)
2025-06-10 22:36:57,802 [INFO] PluginManage:310 - Check plugin thirdparty
2025-06-10 22:36:58,318 [INFO] PluginManage:359 - Loaded plugin thirdparty (category:base,tabindex:-1)
2025-06-10 22:36:58,318 [WARN] IntegrityCheckThread:84 - waiting for thirdparty lock release [integrity check]
2025-06-10 22:36:58,319 [INFO] IntegrityCheckThread:86 - entering critical section [integrity check]
2025-06-10 22:36:58,319 [INFO] PluginManage:310 - Check plugin tools
2025-06-10 22:36:58,320 [INFO] ThirdPartyUpdaterWithRetryManager:70 - Updater plugin not ready yet. [1/15]
2025-06-10 22:36:58,392 [INFO] PluginManage:359 - Loaded plugin tools (category:base,tabindex:7)
2025-06-10 22:36:58,393 [INFO] PluginManage:310 - Check plugin tutovideos
2025-06-10 22:36:58,702 [INFO] PluginManage:359 - Loaded plugin tutovideos (category:base,tabindex:-1)
2025-06-10 22:36:58,703 [INFO] PluginManage:310 - Check plugin updater
2025-06-10 22:36:58,729 [INFO] PluginManage:359 - Loaded plugin updater (category:base,tabindex:12)
2025-06-10 22:36:58,729 [INFO] PluginManage:310 - Check plugin userauth
2025-06-10 22:36:58,739 [INFO] UserAuth:113 - Init User Auth plugin
2025-06-10 22:36:58,739 [INFO] PluginManage:359 - Loaded plugin userauth (category:base,tabindex:14)
2025-06-10 22:36:58,740 [INFO] PluginManage:283 - PluginManage : Loaded plugins [18]
2025-06-10 22:36:59,131 [INFO] PinOutPanel:1561 - setPackage(No Configuration,No Configuration)
2025-06-10 22:36:59,284 [INFO] CADModel:165 - CPN selected for project level
2025-06-10 22:36:59,285 [INFO] CADModel:114 - Register for checkConnection events
2025-06-10 22:36:59,341 [INFO] IPUIPlugin:80 - create IPUIPlugin
2025-06-10 22:36:59,341 [INFO] PluginManager:220 - loadIPPluginJar : add adc
2025-06-10 22:36:59,401 [INFO] IPUIPlugin:80 - create IPUIPlugin
2025-06-10 22:36:59,401 [INFO] PluginManager:220 - loadIPPluginJar : add aes
2025-06-10 22:36:59,467 [INFO] IPUIPlugin:80 - create IPUIPlugin
2025-06-10 22:36:59,467 [INFO] PluginManager:220 - loadIPPluginJar : add can
2025-06-10 22:36:59,505 [INFO] IPUIPlugin:80 - create IPUIPlugin
2025-06-10 22:36:59,505 [INFO] PluginManager:220 - loadIPPluginJar : add comp
2025-06-10 22:36:59,558 [INFO] IPUIPlugin:80 - create IPUIPlugin
2025-06-10 22:36:59,559 [INFO] PluginManager:220 - loadIPPluginJar : add cryp
2025-06-10 22:36:59,579 [INFO] IPUIPlugin:80 - create IPUIPlugin
2025-06-10 22:36:59,579 [INFO] PluginManager:220 - loadIPPluginJar : add ddr_ctrl_phy
2025-06-10 22:36:59,631 [INFO] IPUIPlugin:80 - create IPUIPlugin
2025-06-10 22:36:59,631 [INFO] PluginManager:220 - loadIPPluginJar : add dfsdm
2025-06-10 22:36:59,653 [INFO] IPUIPlugin:80 - create IPUIPlugin
2025-06-10 22:36:59,654 [INFO] PluginManager:220 - loadIPPluginJar : add dma
2025-06-10 22:36:59,720 [INFO] IPUIPlugin:80 - create IPUIPlugin
2025-06-10 22:36:59,720 [INFO] PluginManager:220 - loadIPPluginJar : add dma3
2025-06-10 22:36:59,802 [INFO] IPUIPlugin:80 - create IPUIPlugin
2025-06-10 22:36:59,802 [INFO] PluginManager:220 - loadIPPluginJar : add extmemmanager
2025-06-10 22:36:59,847 [INFO] IPUIPlugin:80 - create IPUIPlugin
2025-06-10 22:36:59,847 [INFO] PluginManager:220 - loadIPPluginJar : add fatfs
2025-06-10 22:36:59,924 [INFO] IPUIPlugin:80 - create IPUIPlugin
2025-06-10 22:36:59,925 [INFO] PluginManager:220 - loadIPPluginJar : add fmc
2025-06-10 22:36:59,951 [INFO] IPUIPlugin:80 - create IPUIPlugin
2025-06-10 22:36:59,952 [INFO] PluginManager:220 - loadIPPluginJar : add freertos
2025-06-10 22:37:00,002 [INFO] IPUIPlugin:80 - create IPUIPlugin
2025-06-10 22:37:00,002 [INFO] PluginManager:220 - loadIPPluginJar : add genericplugin
2025-06-10 22:37:00,187 [INFO] IPUIPlugin:80 - create IPUIPlugin
2025-06-10 22:37:00,187 [INFO] PluginManager:220 - loadIPPluginJar : add gfxmmu
2025-06-10 22:37:00,424 [INFO] IPUIPlugin:80 - create IPUIPlugin
2025-06-10 22:37:00,425 [INFO] PluginManager:220 - loadIPPluginJar : add gic
2025-06-10 22:37:00,451 [INFO] IPUIPlugin:80 - create IPUIPlugin
2025-06-10 22:37:00,451 [INFO] PluginManager:220 - loadIPPluginJar : add gpio
2025-06-10 22:37:00,610 [INFO] IPUIPlugin:80 - create IPUIPlugin
2025-06-10 22:37:00,610 [INFO] PluginManager:220 - loadIPPluginJar : add gtzc
2025-06-10 22:37:00,664 [INFO] IPUIPlugin:80 - create IPUIPlugin
2025-06-10 22:37:00,664 [INFO] PluginManager:220 - loadIPPluginJar : add hash
2025-06-10 22:37:00,752 [INFO] IPUIPlugin:80 - create IPUIPlugin
2025-06-10 22:37:00,752 [INFO] PluginManager:220 - loadIPPluginJar : add i2c
2025-06-10 22:37:00,818 [INFO] IPUIPlugin:80 - create IPUIPlugin
2025-06-10 22:37:00,819 [INFO] PluginManager:220 - loadIPPluginJar : add i2s
2025-06-10 22:37:00,885 [INFO] IPUIPlugin:80 - create IPUIPlugin
2025-06-10 22:37:00,885 [INFO] PluginManager:220 - loadIPPluginJar : add i3c
2025-06-10 22:37:01,072 [INFO] IPUIPlugin:80 - create IPUIPlugin
2025-06-10 22:37:01,073 [INFO] PluginManager:220 - loadIPPluginJar : add ipddr
2025-06-10 22:37:01,303 [INFO] IPUIPlugin:80 - create IPUIPlugin
2025-06-10 22:37:01,304 [INFO] PluginManager:220 - loadIPPluginJar : add linkedlist
2025-06-10 22:37:01,321 [INFO] ThirdPartyUpdaterWithRetryManager:70 - Updater plugin not ready yet. [2/15]
2025-06-10 22:37:01,408 [INFO] IPUIPlugin:80 - create IPUIPlugin
2025-06-10 22:37:01,408 [INFO] PluginManager:220 - loadIPPluginJar : add lorawan
2025-06-10 22:37:01,516 [INFO] IPUIPlugin:80 - create IPUIPlugin
2025-06-10 22:37:01,516 [INFO] PluginManager:220 - loadIPPluginJar : add ltdc
2025-06-10 22:37:01,561 [INFO] IPUIPlugin:80 - create IPUIPlugin
2025-06-10 22:37:01,562 [INFO] PluginManager:220 - loadIPPluginJar : add mdma
2025-06-10 22:37:01,594 [INFO] IPUIPlugin:80 - create IPUIPlugin
2025-06-10 22:37:01,595 [INFO] PluginManager:220 - loadIPPluginJar : add nvic
2025-06-10 22:37:01,730 [INFO] IPUIPlugin:80 - create IPUIPlugin
2025-06-10 22:37:01,730 [INFO] PluginManager:220 - loadIPPluginJar : add opamp
2025-06-10 22:37:01,973 [INFO] IPUIPlugin:80 - create IPUIPlugin
2025-06-10 22:37:01,973 [INFO] PluginManager:220 - loadIPPluginJar : add openamp
2025-06-10 22:37:02,147 [INFO] IPUIPlugin:80 - create IPUIPlugin
2025-06-10 22:37:02,147 [INFO] PluginManager:220 - loadIPPluginJar : add pdm2pcm
2025-06-10 22:37:02,202 [INFO] IPUIPlugin:80 - create IPUIPlugin
2025-06-10 22:37:02,209 [INFO] PluginManager:220 - loadIPPluginJar : add plateformsettings
2025-06-10 22:37:02,303 [INFO] IPUIPlugin:80 - create IPUIPlugin
2025-06-10 22:37:02,304 [INFO] PluginManager:220 - loadIPPluginJar : add quadspi
2025-06-10 22:37:02,406 [INFO] IPUIPlugin:80 - create IPUIPlugin
2025-06-10 22:37:02,408 [INFO] PluginManager:220 - loadIPPluginJar : add radio
2025-06-10 22:37:02,444 [INFO] IPUIPlugin:80 - create IPUIPlugin
2025-06-10 22:37:02,444 [INFO] PluginManager:220 - loadIPPluginJar : add resmgrutility
2025-06-10 22:37:02,551 [INFO] IPUIPlugin:80 - create IPUIPlugin
2025-06-10 22:37:02,551 [INFO] PluginManager:220 - loadIPPluginJar : add sai
2025-06-10 22:37:02,651 [INFO] IPUIPlugin:80 - create IPUIPlugin
2025-06-10 22:37:02,651 [INFO] PluginManager:220 - loadIPPluginJar : add spi
2025-06-10 22:37:02,780 [INFO] IPUIPlugin:80 - create IPUIPlugin
2025-06-10 22:37:02,780 [INFO] PluginManager:220 - loadIPPluginJar : add stm32_wpan
2025-06-10 22:37:02,818 [INFO] IPUIPlugin:80 - create IPUIPlugin
2025-06-10 22:37:02,819 [INFO] PluginManager:220 - loadIPPluginJar : add tim
2025-06-10 22:37:02,915 [INFO] IPUIPlugin:80 - create IPUIPlugin
2025-06-10 22:37:02,915 [INFO] PluginManager:220 - loadIPPluginJar : add touchsensing
2025-06-10 22:37:02,963 [INFO] IPUIPlugin:80 - create IPUIPlugin
2025-06-10 22:37:02,963 [INFO] PluginManager:220 - loadIPPluginJar : add tracer_emb
2025-06-10 22:37:03,009 [INFO] IPUIPlugin:80 - create IPUIPlugin
2025-06-10 22:37:03,009 [INFO] PluginManager:220 - loadIPPluginJar : add ts
2025-06-10 22:37:03,051 [INFO] IPUIPlugin:80 - create IPUIPlugin
2025-06-10 22:37:03,052 [INFO] PluginManager:220 - loadIPPluginJar : add tsc
2025-06-10 22:37:03,091 [INFO] IPUIPlugin:80 - create IPUIPlugin
2025-06-10 22:37:03,091 [INFO] PluginManager:220 - loadIPPluginJar : add ucpd
2025-06-10 22:37:03,162 [INFO] IPUIPlugin:80 - create IPUIPlugin
2025-06-10 22:37:03,162 [INFO] PluginManager:220 - loadIPPluginJar : add usart
2025-06-10 22:37:03,231 [INFO] IPUIPlugin:80 - create IPUIPlugin
2025-06-10 22:37:03,231 [INFO] PluginManager:220 - loadIPPluginJar : add usbx
2025-06-10 22:37:03,379 [INFO] CADModel:165 - CPN selected for project level
2025-06-10 22:37:03,379 [INFO] CADModel:114 - Register for checkConnection events
2025-06-10 22:37:03,380 [FATAL] Updater:334 - Updater called before beeing initialized
2025-06-10 22:37:03,380 [ERROR] CADModel:125 - Updater not yet initialized, retry later 
2025-06-10 22:37:03,688 [INFO] CADModel:165 - CPN selected for project level
2025-06-10 22:37:03,688 [INFO] CADModel:114 - Register for checkConnection events
2025-06-10 22:37:03,689 [FATAL] Updater:334 - Updater called before beeing initialized
2025-06-10 22:37:03,689 [ERROR] CADModel:125 - Updater not yet initialized, retry later 
2025-06-10 22:37:03,696 [FATAL] Updater:334 - Updater called before beeing initialized
2025-06-10 22:37:03,887 [FATAL] Updater:334 - Updater called before beeing initialized
2025-06-10 22:37:03,904 [INFO] DbMcusAds:53 - JSON generation date=Wed May 07 14:37:55 IST 2025 (1746608875484)
2025-06-10 22:37:03,904 [FATAL] Updater:334 - Updater called before beeing initialized
2025-06-10 22:37:03,959 [WARN] DetailPanel:346 - Failed to get advertising image, set to default
2025-06-10 22:37:04,177 [FATAL] Updater:334 - Updater called before beeing initialized
2025-06-10 22:37:04,181 [FATAL] Updater:334 - Updater called before beeing initialized
2025-06-10 22:37:04,181 [FATAL] Updater:334 - Updater called before beeing initialized
2025-06-10 22:37:04,181 [WARN] DetailPanel:346 - Failed to get advertising image, set to default
2025-06-10 22:37:04,183 [FATAL] Updater:334 - Updater called before beeing initialized
2025-06-10 22:37:04,314 [ERROR] Updater:1164 - MainUpdater not yet initialized. External WinMGr cannot be set.
2025-06-10 22:37:04,322 [INFO] ThirdPartyUpdaterWithRetryManager:70 - Updater plugin not ready yet. [3/15]
2025-06-10 22:37:04,334 [INFO] Updater:1100 - Updater Version found : 6.12.1
2025-06-10 22:37:04,361 [INFO] ApplicationProperties:184 - Using Application install path: C:\ST\STM32CubeIDE_1.16.1\STM32CubeIDE\plugins\com.st.stm32cube.common.mx_6.12.1.202409122256
2025-06-10 22:37:05,998 [ERROR] LogOutputStream:75 - [STDERR_REDIRECT] Jun 10, 2025 10:37:05 PM java.util.prefs.WindowsPreferences <init>
2025-06-10 22:37:06,002 [ERROR] LogOutputStream:75 - [STDERR_REDIRECT] WARNING: Could not open/create prefs root node Software\JavaSoft\Prefs at root 0xffffffff80000002. Windows RegCreateKeyEx(...) returned error code 5.
2025-06-10 22:37:06,002 [ERROR] LogOutputStream:75 - [STDERR_REDIRECT] 
2025-06-10 22:37:07,137 [INFO] MainUpdater:2873 - connection check result : 10
2025-06-10 22:37:07,138 [INFO] MainUpdater:290 - Updater Check For Update Now.
2025-06-10 22:37:07,139 [INFO] MicroXplorer:498 - Change Database Version : DB.6.0.121
2025-06-10 22:37:07,178 [INFO] McuFinderGlobals:63 - Set McuFinder mode to 2 (CubeIDE integrated)
2025-06-10 22:37:07,193 [INFO] UserAuth:417 - Internet connection configuration mode: 1
2025-06-10 22:37:07,255 [INFO] JxBrowserEngine:152 - Initiate JxBrowser Engine with user profile folder
2025-06-10 22:37:07,324 [WARN] MainUpdater:1194 - Updater busy. Cannot search thirdparties
2025-06-10 22:37:07,324 [INFO] ThirdPartyUpdaterWithRetryManager:96 - Updater plugin is busy. [1/15]
2025-06-10 22:37:07,498 [INFO] CheckServerUpdateThread:120 - End of CheckServer Thread
2025-06-10 22:37:11,322 [WARN] PackLoader:240 - Cannot read IP mode file for STMicroelectronics.FP-SNS-MOTENVWB1.1.4.0
2025-06-10 22:37:11,373 [WARN] PackLoader:240 - Cannot read IP mode file for STMicroelectronics.FP-ATR-ASTRA1.2.0.2
2025-06-10 22:37:11,414 [WARN] PackLoader:240 - Cannot read IP mode file for STMicroelectronics.FP-ATR-ASTRA1.2.0.1
2025-06-10 22:37:11,466 [WARN] PackLoader:240 - Cannot read IP mode file for STMicroelectronics.X-CUBE-SMBUS.2.1.0
2025-06-10 22:37:11,551 [WARN] PackLoader:240 - Cannot read IP mode file for STMicroelectronics.X-CUBE-WB05N.1.1.0
2025-06-10 22:37:11,608 [ERROR] Engine:466 - C:\Users\kjeya\.stm32cubemx\thirdparties\pdsc\STMicroelectronics.X-CUBE-ST60.1.0.0.pdsc: PDSC version is not supported
2025-06-10 22:37:11,716 [WARN] PackLoader:240 - Cannot read IP mode file for STMicroelectronics.X-CUBE-AZRTOS-F7.1.1.0
2025-06-10 22:37:11,776 [WARN] PackLoader:240 - Cannot read IP mode file for STMicroelectronics.FP-SNS-FLIGHT1.5.0.2
2025-06-10 22:37:11,866 [INFO] WebApp:167 - Instantiating new browser for Auth
2025-06-10 22:37:11,867 [WARN] PackLoader:240 - Cannot read IP mode file for Infineon.AIROC-Wi-Fi-Bluetooth-STM32.1.7.0
2025-06-10 22:37:11,932 [WARN] PackLoader:240 - Cannot read IP mode file for STMicroelectronics.X-CUBE-DISPLAY.3.0.0
2025-06-10 22:37:11,983 [WARN] PackLoader:240 - Cannot read IP mode file for STMicroelectronics.X-CUBE-BLE1.7.0.0
2025-06-10 22:37:12,023 [WARN] PackLoader:240 - Cannot read IP mode file for STMicroelectronics.X-CUBE-NFC10.1.0.0
2025-06-10 22:37:12,073 [WARN] PackLoader:240 - Cannot read IP mode file for STMicroelectronics.X-CUBE-BLEMGR.4.0.0
2025-06-10 22:37:12,123 [WARN] PackLoader:240 - Cannot read IP mode file for emotas.I-CUBE-CANOPEN.1.3.0
2025-06-10 22:37:12,158 [WARN] PackLoader:240 - Cannot read IP mode file for STMicroelectronics.X-CUBE-AI.10.0.0
2025-06-10 22:37:12,194 [WARN] PackLoader:240 - Cannot read IP mode file for STMicroelectronics.FP-SNS-SMARTAG2.1.2.0
2025-06-10 22:37:12,225 [ERROR] Engine:466 - C:\Users\kjeya\.stm32cubemx\thirdparties\pdsc\STMicroelectronics.FP-SNS-FLIGHT1.5.1.0.pdsc: PDSC version is not supported
2025-06-10 22:37:12,425 [WARN] PackLoader:240 - Cannot read IP mode file for STMicroelectronics.X-CUBE-MEMS1.11.1.0
2025-06-10 22:37:12,809 [INFO] LogOutputStream:77 - [STDOUT_REDIRECT] 1 : Invalid condition id : UX_CORESTACK_Condition cause : null
2025-06-10 22:37:12,812 [INFO] LogOutputStream:77 - [STDOUT_REDIRECT] 1 : Invalid condition id : UX_CORESTACK_Condition cause : null
2025-06-10 22:37:12,815 [INFO] LogOutputStream:77 - [STDOUT_REDIRECT] 1 : Invalid condition id : UX_CORESTACK_Condition cause : null
2025-06-10 22:37:12,818 [INFO] LogOutputStream:77 - [STDOUT_REDIRECT] 1 : Invalid condition id : UX_CORESTACK_Condition cause : null
2025-06-10 22:37:12,821 [INFO] LogOutputStream:77 - [STDOUT_REDIRECT] 1 : Invalid condition id : UX_CORESTACK_Condition cause : null
2025-06-10 22:37:12,828 [WARN] PackLoader:240 - Cannot read IP mode file for STMicroelectronics.X-CUBE-AZRTOS-WL.2.0.0
2025-06-10 22:37:12,865 [WARN] PackLoader:240 - Cannot read IP mode file for STMicroelectronics.FP-SNS-MOTENV1.5.0.0
2025-06-10 22:37:12,898 [WARN] PackLoader:240 - Cannot read IP mode file for wolfSSL.I-CUBE-wolfMQTT.1.19.0
2025-06-10 22:37:12,953 [WARN] PackLoader:240 - Cannot read IP mode file for WES.I-CUBE-Cesium.1.3.0
2025-06-10 22:37:13,187 [WARN] PackLoader:240 - Cannot read IP mode file for STMicroelectronics.X-CUBE-BLE2.3.3.0
2025-06-10 22:37:13,223 [WARN] PackLoader:240 - Cannot read IP mode file for STMicroelectronics.X-CUBE-NFC9.1.0.0
2025-06-10 22:37:13,267 [WARN] PackLoader:240 - Cannot read IP mode file for STMicroelectronics.X-CUBE-BLE1.7.1.0
2025-06-10 22:37:13,300 [WARN] PackLoader:240 - Cannot read IP mode file for STMicroelectronics.X-CUBE-AI.10.1.0
2025-06-10 22:37:13,441 [WARN] PackLoader:240 - Cannot read IP mode file for STMicroelectronics.X-CUBE-MEMS1.11.2.0
2025-06-10 22:37:13,704 [WARN] PackLoader:240 - Cannot read IP mode file for STMicroelectronics.X-CUBE-AZRTOS-G0.1.1.0
2025-06-10 22:37:13,747 [WARN] PackLoader:240 - Cannot read IP mode file for STMicroelectronics.X-CUBE-SAFEA1.1.2.2
2025-06-10 22:37:13,786 [WARN] PackLoader:240 - Cannot read IP mode file for STMicroelectronics.X-CUBE-NFC4.3.0.0
2025-06-10 22:37:13,851 [WARN] PackLoader:240 - Cannot read IP mode file for EmbeddedOffice.I-CUBE-FS-RTOS.1.0.1
2025-06-10 22:37:13,852 [ERROR] ConditionMgr:805 - Attr not supported : Dmpu
2025-06-10 22:37:13,852 [ERROR] ConditionMgr:805 - Attr not supported : Dmpu
2025-06-10 22:37:13,852 [ERROR] ConditionMgr:805 - Attr not supported : Dmpu
2025-06-10 22:37:13,852 [ERROR] ConditionMgr:805 - Attr not supported : Dmpu
2025-06-10 22:37:13,853 [ERROR] ConditionMgr:805 - Attr not supported : Dmpu
2025-06-10 22:37:13,853 [ERROR] ConditionMgr:805 - Attr not supported : Dmpu
2025-06-10 22:37:13,853 [ERROR] ConditionMgr:805 - Attr not supported : Dmpu
2025-06-10 22:37:13,853 [ERROR] ConditionMgr:805 - Attr not supported : Dmpu
2025-06-10 22:37:13,853 [ERROR] ConditionMgr:805 - Attr not supported : Dmpu
2025-06-10 22:37:13,854 [ERROR] ConditionMgr:805 - Attr not supported : Dmpu
2025-06-10 22:37:13,854 [ERROR] ConditionMgr:805 - Attr not supported : Dmpu
2025-06-10 22:37:13,854 [ERROR] ConditionMgr:805 - Attr not supported : Dmpu
2025-06-10 22:37:13,854 [ERROR] ConditionMgr:805 - Attr not supported : Dmpu
2025-06-10 22:37:13,855 [ERROR] ConditionMgr:805 - Attr not supported : Dmpu
2025-06-10 22:37:13,855 [ERROR] ConditionMgr:805 - Attr not supported : Dmpu
2025-06-10 22:37:13,855 [ERROR] ConditionMgr:805 - Attr not supported : Dmpu
2025-06-10 22:37:13,855 [ERROR] ConditionMgr:805 - Attr not supported : Dmpu
2025-06-10 22:37:13,855 [ERROR] ConditionMgr:805 - Attr not supported : Dmpu
2025-06-10 22:37:13,855 [ERROR] ConditionMgr:805 - Attr not supported : Dmpu
2025-06-10 22:37:13,855 [ERROR] ConditionMgr:805 - Attr not supported : Dmpu
2025-06-10 22:37:13,857 [ERROR] ConditionMgr:805 - Attr not supported : Dmpu
2025-06-10 22:37:13,857 [ERROR] ConditionMgr:805 - Attr not supported : Dmpu
2025-06-10 22:37:13,857 [ERROR] ConditionMgr:805 - Attr not supported : Dmpu
2025-06-10 22:37:13,857 [ERROR] ConditionMgr:805 - Attr not supported : Dmpu
2025-06-10 22:37:13,857 [ERROR] ConditionMgr:805 - Attr not supported : Dmpu
2025-06-10 22:37:13,857 [ERROR] ConditionMgr:805 - Attr not supported : Dmpu
2025-06-10 22:37:13,857 [ERROR] ConditionMgr:805 - Attr not supported : Dmpu
2025-06-10 22:37:13,858 [ERROR] ConditionMgr:805 - Attr not supported : Dmpu
2025-06-10 22:37:13,858 [ERROR] ConditionMgr:805 - Attr not supported : Dmpu
2025-06-10 22:37:13,858 [ERROR] ConditionMgr:805 - Attr not supported : Dmpu
2025-06-10 22:37:13,858 [ERROR] ConditionMgr:805 - Attr not supported : Dmpu
2025-06-10 22:37:13,858 [ERROR] ConditionMgr:805 - Attr not supported : Dmpu
2025-06-10 22:37:13,858 [ERROR] ConditionMgr:805 - Attr not supported : Dmpu
2025-06-10 22:37:13,859 [ERROR] ConditionMgr:805 - Attr not supported : Dmpu
2025-06-10 22:37:13,859 [ERROR] ConditionMgr:805 - Attr not supported : Dmpu
2025-06-10 22:37:13,860 [ERROR] ConditionMgr:805 - Attr not supported : Dmpu
2025-06-10 22:37:13,860 [ERROR] ConditionMgr:805 - Attr not supported : Dmpu
2025-06-10 22:37:13,861 [ERROR] ConditionMgr:805 - Attr not supported : Dmpu
2025-06-10 22:37:13,862 [ERROR] ConditionMgr:805 - Attr not supported : Dmpu
2025-06-10 22:37:13,862 [ERROR] ConditionMgr:805 - Attr not supported : Dmpu
2025-06-10 22:37:13,862 [ERROR] ConditionMgr:805 - Attr not supported : Dmpu
2025-06-10 22:37:13,863 [ERROR] ConditionMgr:805 - Attr not supported : Dmpu
2025-06-10 22:37:13,863 [ERROR] ConditionMgr:805 - Attr not supported : Dmpu
2025-06-10 22:37:13,863 [ERROR] ConditionMgr:805 - Attr not supported : Dmpu
2025-06-10 22:37:13,863 [ERROR] ConditionMgr:805 - Attr not supported : Dmpu
2025-06-10 22:37:13,864 [ERROR] ConditionMgr:805 - Attr not supported : Dmpu
2025-06-10 22:37:13,864 [ERROR] ConditionMgr:805 - Attr not supported : Dmpu
2025-06-10 22:37:13,864 [ERROR] ConditionMgr:805 - Attr not supported : Dmpu
2025-06-10 22:37:13,866 [ERROR] ConditionMgr:805 - Attr not supported : Dmpu
2025-06-10 22:37:13,867 [ERROR] ConditionMgr:805 - Attr not supported : Dmpu
2025-06-10 22:37:13,867 [ERROR] ConditionMgr:805 - Attr not supported : Dmpu
2025-06-10 22:37:13,867 [ERROR] ConditionMgr:805 - Attr not supported : Dmpu
2025-06-10 22:37:13,868 [ERROR] ConditionMgr:805 - Attr not supported : Dmpu
2025-06-10 22:37:13,868 [ERROR] ConditionMgr:805 - Attr not supported : Dmpu
2025-06-10 22:37:13,868 [ERROR] ConditionMgr:805 - Attr not supported : Dmpu
2025-06-10 22:37:13,869 [ERROR] ConditionMgr:805 - Attr not supported : Dmpu
2025-06-10 22:37:13,869 [ERROR] ConditionMgr:805 - Attr not supported : Dmpu
2025-06-10 22:37:13,869 [ERROR] ConditionMgr:805 - Attr not supported : Dmpu
2025-06-10 22:37:13,869 [ERROR] ConditionMgr:805 - Attr not supported : Dmpu
2025-06-10 22:37:13,870 [ERROR] ConditionMgr:805 - Attr not supported : Dmpu
2025-06-10 22:37:13,870 [ERROR] ConditionMgr:805 - Attr not supported : Dmpu
2025-06-10 22:37:13,870 [ERROR] ConditionMgr:805 - Attr not supported : Dmpu
2025-06-10 22:37:13,870 [ERROR] ConditionMgr:805 - Attr not supported : Dmpu
2025-06-10 22:37:13,871 [ERROR] ConditionMgr:805 - Attr not supported : Dmpu
2025-06-10 22:37:13,910 [WARN] PackLoader:240 - Cannot read IP mode file for STMicroelectronics.X-CUBE-WB05N.2.0.0
2025-06-10 22:37:13,945 [ERROR] Engine:466 - C:\Users\kjeya\.stm32cubemx\thirdparties\pdsc\STMicroelectronics.X-CUBE-TCPP.4.2.0.pdsc: PDSC version is not supported
2025-06-10 22:37:13,993 [WARN] PackLoader:240 - Cannot read IP mode file for RealThread.X-CUBE-RT-Thread_Nano.4.1.1
2025-06-10 22:37:14,039 [WARN] PackLoader:240 - Cannot read IP mode file for STMicroelectronics.FP-ATR-SIGFOX1.3.2.0
2025-06-10 22:37:14,079 [WARN] ConditionMgr:438 - getConditionDescription Invalid condition id : Cortex-A Device cause : null
2025-06-10 22:37:14,130 [WARN] ConditionMgr:1039 - genDependencies : Invalid condition id : Cortex-A Device cause : null
2025-06-10 22:37:14,130 [WARN] ConditionMgr:1039 - genDependencies : Invalid condition id : Cortex-A Device cause : null
2025-06-10 22:37:14,131 [WARN] ConditionMgr:1039 - genDependencies : Invalid condition id : Cortex-A Device cause : null
2025-06-10 22:37:14,172 [WARN] PackLoader:240 - Cannot read IP mode file for STMicroelectronics.X-CUBE-EEPRMA1.5.1.0
2025-06-10 22:37:14,209 [WARN] PackLoader:240 - Cannot read IP mode file for wolfSSL.I-CUBE-wolfSSL.5.7.4
2025-06-10 22:37:14,235 [INFO] WebApp:448 - Apply proxy settings
2025-06-10 22:37:14,237 [INFO] WebApp:533 - Chromium requires no authentication
2025-06-10 22:37:14,252 [WARN] PackLoader:240 - Cannot read IP mode file for ITTIA_DB.I-CUBE-ITTIADB.8.9.0
2025-06-10 22:37:14,261 [INFO] WebApp:476 - Direct internet connection detected
2025-06-10 22:37:14,284 [ERROR] Engine:466 - C:\Users\kjeya\.stm32cubemx\thirdparties\pdsc\STMicroelectronics.X-CUBE-ST67W61.1.0.0.pdsc: PDSC version is not supported
2025-06-10 22:37:14,325 [INFO] WebApp:869 - Register for checkConnection events
2025-06-10 22:37:14,325 [INFO] WebApp:448 - Apply proxy settings
2025-06-10 22:37:14,326 [INFO] WebApp:533 - Chromium requires no authentication
2025-06-10 22:37:14,327 [INFO] WebApp:476 - Direct internet connection detected
2025-06-10 22:37:14,384 [WARN] PackLoader:240 - Cannot read IP mode file for SEGGER.I-CUBE-embOS.1.3.1
2025-06-10 22:37:14,483 [WARN] PackLoader:240 - Cannot read IP mode file for STMicroelectronics.X-CUBE-ALGOBUILD.1.4.0
2025-06-10 22:37:14,609 [INFO] WebApp:186 - Connection restablished
2025-06-10 22:37:14,640 [WARN] PackLoader:240 - Cannot read IP mode file for STMicroelectronics.X-CUBE-MEMS1.11.3.0
2025-06-10 22:37:14,934 [INFO] WebApp:220 - Starting web application
2025-06-10 22:37:14,935 [INFO] WebApp:578 - Web application path used C:\ST\STM32CubeIDE_1.16.1\STM32CubeIDE\plugins\com.st.stm32cube.common.mx_6.12.1.202409122256\db\plugins\mcufinder\reactClient1\index.html
2025-06-10 22:37:14,994 [WARN] PackLoader:240 - Cannot read IP mode file for STMicroelectronics.X-CUBE-AI.9.1.0
2025-06-10 22:37:15,068 [WARN] PackLoader:240 - Cannot read IP mode file for STMicroelectronics.X-CUBE-AZRTOS-F4.1.1.0
2025-06-10 22:37:15,109 [ERROR] Engine:466 - C:\Users\kjeya\.stm32cubemx\thirdparties\pdsc\Avnet-IotConnect.X-CUBE-IoTC-DA16k-PMOD.1.0.0.pdsc: PDSC version is not supported
2025-06-10 22:37:15,144 [WARN] PackLoader:240 - Cannot read IP mode file for STMicroelectronics.X-CUBE-ISPU.2.1.0
2025-06-10 22:37:15,219 [WARN] PackLoader:240 - Cannot read IP mode file for STMicroelectronics.X-CUBE-AZRTOS-L5.2.0.0
2025-06-10 22:37:15,271 [WARN] PackLoader:240 - Cannot read IP mode file for STMicroelectronics.X-CUBE-NFC6.3.1.0
2025-06-10 22:37:15,315 [WARN] PackLoader:240 - Cannot read IP mode file for STMicroelectronics.X-CUBE-DPower.1.2.0
2025-06-10 22:37:15,351 [WARN] PackLoader:240 - Cannot read IP mode file for STMicroelectronics.X-CUBE-FREERTOS.1.3.1
2025-06-10 22:37:15,384 [WARN] PackLoader:240 - Cannot read IP mode file for STMicroelectronics.X-CUBE-FREERTOS.1.3.0
2025-06-10 22:37:15,424 [WARN] PackLoader:240 - Cannot read IP mode file for STMicroelectronics.X-CUBE-NFC7.1.0.1
2025-06-10 22:37:15,464 [WARN] PackLoader:240 - Cannot read IP mode file for STMicroelectronics.X-CUBE-DPower.1.3.0
2025-06-10 22:37:15,557 [WARN] ConditionMgr:438 - getConditionDescription Invalid condition id : LAN8742 Phy interface Condition cause : null
2025-06-10 22:37:15,559 [WARN] PackLoader:240 - Cannot read IP mode file for STMicroelectronics.X-CUBE-AZRTOS-L4.2.0.0
2025-06-10 22:37:15,561 [WARN] ConditionMgr:1039 - genDependencies : Invalid condition id : LAN8742 Phy interface Condition cause : null
2025-06-10 22:37:15,562 [WARN] ConditionMgr:1039 - genDependencies : Invalid condition id : LAN8742 Phy interface Condition cause : null
2025-06-10 22:37:15,563 [WARN] ConditionMgr:1039 - genDependencies : Invalid condition id : LAN8742 Phy interface Condition cause : null
2025-06-10 22:37:15,608 [WARN] PackLoader:240 - Cannot read IP mode file for STMicroelectronics.X-CUBE-SFXS2LP1.4.0.0
2025-06-10 22:37:15,627 [INFO] UserAuth:417 - Internet connection configuration mode: 1
2025-06-10 22:37:15,699 [WARN] PackLoader:240 - Cannot read IP mode file for STMicroelectronics.X-CUBE-AZRTOS-H7.3.3.0
2025-06-10 22:37:15,760 [WARN] PackLoader:240 - Cannot read IP mode file for STMicroelectronics.X-CUBE-IPS.3.0.0
2025-06-10 22:37:15,839 [WARN] ConditionMgr:438 - getConditionDescription Invalid condition id : UX DEVICE CLASS RTOS Condition cause : null
2025-06-10 22:37:15,839 [WARN] ConditionMgr:438 - getConditionDescription Invalid condition id : UX DEVICE CLASS RTOS Condition cause : null
2025-06-10 22:37:15,847 [WARN] PackLoader:240 - Cannot read IP mode file for STMicroelectronics.X-CUBE-AZRTOS-WB.2.0.0
2025-06-10 22:37:15,848 [WARN] ConditionMgr:1039 - genDependencies : Invalid condition id : UX DEVICE CLASS RTOS Condition cause : null
2025-06-10 22:37:15,849 [WARN] ConditionMgr:1039 - genDependencies : Invalid condition id : UX DEVICE CLASS RTOS Condition cause : null
2025-06-10 22:37:15,849 [WARN] ConditionMgr:1039 - genDependencies : Invalid condition id : UX DEVICE CLASS RTOS Condition cause : null
2025-06-10 22:37:15,850 [WARN] ConditionMgr:1039 - genDependencies : Invalid condition id : UX DEVICE CLASS RTOS Condition cause : null
2025-06-10 22:37:15,851 [WARN] ConditionMgr:1039 - genDependencies : Invalid condition id : UX DEVICE CLASS RTOS Condition cause : null
2025-06-10 22:37:15,895 [WARN] PackLoader:240 - Cannot read IP mode file for STMicroelectronics.X-CUBE-GNSS1.7.0.1
2025-06-10 22:37:15,944 [WARN] PackLoader:240 - Cannot read IP mode file for STMicroelectronics.X-CUBE-TOUCHGFX.4.25.0
2025-06-10 22:37:15,988 [WARN] PackLoader:240 - Cannot read IP mode file for STMicroelectronics.FP-SNS-STBOX1.2.0.0
2025-06-10 22:37:16,053 [WARN] PackLoader:240 - Cannot read IP mode file for STMicroelectronics.X-CUBE-SUBG2.5.0.0
2025-06-10 22:37:16,147 [WARN] PackLoader:240 - Cannot read IP mode file for STMicroelectronics.X-CUBE-AZRTOS-H7RS.1.1.0
2025-06-10 22:37:16,194 [WARN] PackLoader:240 - Cannot read IP mode file for Cesanta.I-CUBE-Mongoose.7.13.0
2025-06-10 22:37:16,260 [WARN] PackLoader:240 - Cannot read IP mode file for STMicroelectronics.X-CUBE-AZRTOS-G4.2.0.0
2025-06-10 22:37:16,302 [WARN] PackLoader:240 - Cannot read IP mode file for STMicroelectronics.X-CUBE-NFC7.2.0.0
2025-06-10 22:37:16,349 [ERROR] Engine:466 - C:\Users\kjeya\.stm32cubemx\thirdparties\pdsc\STMicroelectronics.X-CUBE-IPS.3.1.0.pdsc: PDSC version is not supported
2025-06-10 22:37:16,389 [WARN] PackLoader:240 - Cannot read IP mode file for STMicroelectronics.X-CUBE-ALS.1.0.2
2025-06-10 22:37:16,434 [WARN] PackLoader:240 - Cannot read IP mode file for STMicroelectronics.X-CUBE-TOUCHGFX.4.24.0
2025-06-10 22:37:16,700 [WARN] PackLoader:240 - Cannot read IP mode file for STMicroelectronics.X-CUBE-TOUCHGFX.4.24.2
2025-06-10 22:37:16,897 [WARN] PackLoader:240 - Cannot read IP mode file for STMicroelectronics.X-CUBE-TOUCHGFX.4.24.1
2025-06-10 22:37:16,936 [WARN] PackLoader:240 - Cannot read IP mode file for wolfSSL.I-CUBE-wolfTPM.3.4.0
2025-06-10 22:37:16,984 [WARN] PackLoader:240 - Cannot read IP mode file for portGmbH.I-Cube-SoM-uGOAL.1.1.0
2025-06-10 22:37:17,116 [WARN] PackLoader:240 - Cannot read IP mode file for STMicroelectronics.X-CUBE-AZRTOS-H7RS.1.0.0
2025-06-10 22:37:17,175 [WARN] PackLoader:240 - Cannot read IP mode file for STMicroelectronics.X-CUBE-TOF1.3.4.2
2025-06-10 22:37:17,233 [ERROR] Engine:466 - C:\Users\kjeya\.stm32cubemx\thirdparties\pdsc\STMicroelectronics.X-CUBE-TOF1.3.4.3.pdsc: PDSC version is not supported
2025-06-10 22:37:17,270 [WARN] PackLoader:240 - Cannot read IP mode file for wolfSSL.I-CUBE-wolfSSH.1.4.17
2025-06-10 22:37:17,272 [INFO] ThirdParty:978 - Integrity check success = true
2025-06-10 22:37:17,273 [INFO] IntegrityCheckThread:100 - exiting critical section [integrity check]
2025-06-10 22:37:17,273 [INFO] IntegrityCheckThread:103 - End integrity checks thread
2025-06-10 23:23:49,632 [ERROR] LogOutputStream:75 - [STDERR_REDIRECT] 
