2025-05-28 14:28:25,727 [INFO] Activator:176 - 


2025-05-28 14:28:25,734 [INFO] Activator:177 - !SESSION log4j initialized
2025-05-28 14:28:34,076 [INFO] LogOutputStream:77 - [STDOUT_REDIRECT] 
2025-05-28 14:28:36,726 [INFO] ApplicationProperties:184 - Using Application install path: C:\ST\STM32CubeIDE_1.16.1\STM32CubeIDE\plugins\com.st.stm32cube.common.mx_6.12.1.202409122256
2025-05-28 14:28:36,754 [INFO] DbMcusXml:78 - Set database path to: C:\ST\STM32CubeIDE_1.16.1\STM32CubeIDE\plugins\com.st.stm32cube.common.mx_6.12.1.202409122256\\db\/mcu/
2025-05-28 14:28:36,755 [INFO] ApiDb:274 - Set plugin database path to: C:\ST\STM32CubeIDE_1.16.1\STM32CubeIDE\plugins\com.st.stm32cube.common.mx_6.12.1.202409122256\\db\/plugins/boardmanager/
2025-05-28 14:28:36,756 [WARN] ApiDb:259 - Overriding images path with different value:  => C:\ST\STM32CubeIDE_1.16.1\STM32CubeIDE\plugins\com.st.stm32cube.common.mx_6.12.1.202409122256\\db\/plugins/mcufinder/images/
2025-05-28 14:28:36,780 [INFO] ApiDb:250 - Set database path to: C:\Users\kjeya\.stmcufinder\plugins\mcufinder//mcu/
2025-05-28 14:28:36,782 [INFO] DbMcusAds:125 - Set database path to: C:\Users\kjeya\.stmcufinder\plugins\mcufinder//mcu/
2025-05-28 14:28:36,785 [INFO] CrossReferenceDbSqlite:203 - Set database path to: C:\Users\kjeya\.stmcufinder\plugins\mcufinder//mcu/cs/
2025-05-28 14:28:36,964 [INFO] RulesReader:64 - Compatibility file has been processed (297 Rules)
2025-05-28 14:28:37,083 [INFO] DbMcusXml:78 - Set database path to: C:\ST\STM32CubeIDE_1.16.1\STM32CubeIDE\plugins\com.st.stm32cube.common.mx_6.12.1.202409122256\\db\/mcu/
2025-05-28 14:28:37,083 [INFO] ApiDb:274 - Set plugin database path to: C:\ST\STM32CubeIDE_1.16.1\STM32CubeIDE\plugins\com.st.stm32cube.common.mx_6.12.1.202409122256\\db\/plugins/boardmanager/
2025-05-28 14:28:37,083 [INFO] ApiDb:261 - Set plugin images path to: C:\ST\STM32CubeIDE_1.16.1\STM32CubeIDE\plugins\com.st.stm32cube.common.mx_6.12.1.202409122256\\db\/plugins/mcufinder/images/
2025-05-28 14:28:37,084 [WARN] DbFile:41 - Overriding database path with different value: C:\Users\kjeya\.stmcufinder\plugins\mcufinder/ => C:\Users\kjeya\.stmcufinder\plugins\mcufinder
2025-05-28 14:28:37,084 [INFO] ApiDb:250 - Set database path to: C:\Users\kjeya\.stmcufinder\plugins\mcufinder//mcu/
2025-05-28 14:28:37,084 [WARN] DbFile:41 - Overriding database path with different value: C:\Users\kjeya\.stmcufinder\plugins\mcufinder/ => C:\Users\kjeya\.stmcufinder\plugins\mcufinder
2025-05-28 14:28:37,084 [INFO] DbMcusAds:125 - Set database path to: C:\Users\kjeya\.stmcufinder\plugins\mcufinder//mcu/
2025-05-28 14:28:37,084 [WARN] DbFile:41 - Overriding database path with different value: C:\Users\kjeya\.stmcufinder\plugins\mcufinder/ => C:\Users\kjeya\.stmcufinder\plugins\mcufinder
2025-05-28 14:28:37,084 [WARN] DbFile:41 - Overriding database path with different value: C:\Users\kjeya\.stmcufinder\plugins\mcufinder/ => C:\Users\kjeya\.stmcufinder\plugins\mcufinder
2025-05-28 14:28:37,084 [INFO] CrossReferenceDbSqlite:203 - Set database path to: C:\Users\kjeya\.stmcufinder\plugins\mcufinder//mcu/cs/
2025-05-28 14:28:37,214 [INFO] MainPanel:268 - HeapMemory: 268435456
2025-05-28 14:28:37,374 [INFO] DbMcusXml:78 - Set database path to: C:\ST\STM32CubeIDE_1.16.1\STM32CubeIDE\plugins\com.st.stm32cube.common.mx_6.12.1.202409122256\\db\/mcu/
2025-05-28 14:28:37,375 [INFO] ApiDb:274 - Set plugin database path to: C:\ST\STM32CubeIDE_1.16.1\STM32CubeIDE\plugins\com.st.stm32cube.common.mx_6.12.1.202409122256\\db\/plugins/boardmanager/
2025-05-28 14:28:37,375 [INFO] ApiDb:261 - Set plugin images path to: C:\ST\STM32CubeIDE_1.16.1\STM32CubeIDE\plugins\com.st.stm32cube.common.mx_6.12.1.202409122256\\db\/plugins/mcufinder/images/
2025-05-28 14:28:37,375 [WARN] DbFile:41 - Overriding database path with different value: C:\Users\kjeya\.stmcufinder\plugins\mcufinder/ => C:\Users\kjeya\.stmcufinder\plugins\mcufinder
2025-05-28 14:28:37,376 [INFO] ApiDb:250 - Set database path to: C:\Users\kjeya\.stmcufinder\plugins\mcufinder//mcu/
2025-05-28 14:28:37,376 [WARN] DbFile:41 - Overriding database path with different value: C:\Users\kjeya\.stmcufinder\plugins\mcufinder/ => C:\Users\kjeya\.stmcufinder\plugins\mcufinder
2025-05-28 14:28:37,376 [INFO] DbMcusAds:125 - Set database path to: C:\Users\kjeya\.stmcufinder\plugins\mcufinder//mcu/
2025-05-28 14:28:37,376 [WARN] DbFile:41 - Overriding database path with different value: C:\Users\kjeya\.stmcufinder\plugins\mcufinder/ => C:\Users\kjeya\.stmcufinder\plugins\mcufinder
2025-05-28 14:28:37,376 [WARN] DbFile:41 - Overriding database path with different value: C:\Users\kjeya\.stmcufinder\plugins\mcufinder/ => C:\Users\kjeya\.stmcufinder\plugins\mcufinder
2025-05-28 14:28:37,377 [INFO] CrossReferenceDbSqlite:203 - Set database path to: C:\Users\kjeya\.stmcufinder\plugins\mcufinder//mcu/cs/
2025-05-28 14:28:37,408 [INFO] ApplicationProperties:184 - Using Application install path: C:\ST\STM32CubeIDE_1.16.1\STM32CubeIDE\plugins\com.st.stm32cube.common.mx_6.12.1.202409122256
2025-05-28 14:28:37,410 [INFO] PluginManage:196 - Search for loadable plugins [exclusion list=, ]
2025-05-28 14:28:37,413 [INFO] PluginManage:310 - Check plugin analytics
2025-05-28 14:28:37,735 [INFO] AnalyticsPlugin:253 - Accepted Software Licenses: STM32CubeMX.6.11.1,STM32CubeMX.6.13.0
2025-05-28 14:28:37,736 [INFO] AnalyticsPlugin:255 - Accepted CMSIS Pack Licenses: STMicroelectronics.X-CUBE-TOUCHGFX.4.24.0,WES.I-CUBE-Cesium.1.3.0,STMicroelectronics.X-CUBE-TOUCHGFX.4.24.2
2025-05-28 14:28:37,736 [INFO] AnalyticsPlugin:257 - Accepted Firmware Licenses: FW.F4.1.28.0,FW.L4.1.18.0,FW.WL.1.3.0,FW.H7.1.11.0,FW.H7.1.12.0
2025-05-28 14:28:37,743 [INFO] PluginManage:359 - Loaded plugin analytics (category:tool,tabindex:-1)
2025-05-28 14:28:37,743 [INFO] PluginManage:310 - Check plugin cadmodel
2025-05-28 14:28:37,771 [INFO] CADModel:105 - Init CAD model plugin
2025-05-28 14:28:37,773 [INFO] PluginManage:359 - Loaded plugin cadmodel (category:power,tabindex:5)
2025-05-28 14:28:37,773 [INFO] PluginManage:310 - Check plugin clock
2025-05-28 14:28:37,805 [INFO] PluginManage:359 - Loaded plugin clock (category:base,tabindex:2)
2025-05-28 14:28:37,805 [INFO] PluginManage:310 - Check plugin ddr
2025-05-28 14:28:37,809 [INFO] PluginManage:359 - Loaded plugin ddr (category:tool,tabindex:6)
2025-05-28 14:28:37,809 [INFO] PluginManage:310 - Check plugin filemanager
2025-05-28 14:28:38,027 [INFO] PluginManage:359 - Loaded plugin filemanager (category:base,tabindex:10)
2025-05-28 14:28:38,028 [INFO] PluginManage:310 - Check plugin ipmanager
2025-05-28 14:28:38,040 [INFO] PluginManage:359 - Loaded plugin ipmanager (category:base,tabindex:5)
2025-05-28 14:28:38,040 [INFO] PluginManage:310 - Check plugin lpbam
2025-05-28 14:28:38,074 [INFO] PluginManage:359 - Loaded plugin lpbam (category:base,tabindex:0)
2025-05-28 14:28:38,074 [INFO] PluginManage:310 - Check plugin memorymap
2025-05-28 14:28:38,109 [INFO] PluginManage:359 - Loaded plugin memorymap (category:base,tabindex:4)
2025-05-28 14:28:38,109 [INFO] PluginManage:310 - Check plugin pinoutandconfiguration
2025-05-28 14:28:38,133 [INFO] PluginManage:359 - Loaded plugin pinoutandconfiguration (category:base,tabindex:1)
2025-05-28 14:28:38,133 [INFO] PluginManage:310 - Check plugin pinoutconfig
2025-05-28 14:28:38,262 [WARN] SupportedApi:132 - Cannot load RTOS API schema: s4s-elt-must-match.1: The content of 'definitions' must match (annotation?, (simpleType | complexType)?, (unique | key | keyref)*)). A problem was found starting at: attribute.
2025-05-28 14:28:38,508 [INFO] PluginManage:359 - Loaded plugin pinoutconfig (category:base,tabindex:0)
2025-05-28 14:28:38,509 [INFO] PluginManage:310 - Check plugin power
2025-05-28 14:28:38,568 [INFO] PluginManage:359 - Loaded plugin power (category:power,tabindex:4)
2025-05-28 14:28:38,569 [INFO] PluginManage:310 - Check plugin projectmanager
2025-05-28 14:28:38,610 [INFO] PluginManage:359 - Loaded plugin projectmanager (category:projectmanager,tabindex:4)
2025-05-28 14:28:38,612 [INFO] PluginManage:310 - Check plugin rif
2025-05-28 14:28:38,648 [INFO] PluginManage:359 - Loaded plugin rif (category:base,tabindex:3)
2025-05-28 14:28:38,649 [INFO] PluginManage:310 - Check plugin thirdparty
2025-05-28 14:28:39,202 [INFO] PluginManage:359 - Loaded plugin thirdparty (category:base,tabindex:-1)
2025-05-28 14:28:39,201 [WARN] IntegrityCheckThread:84 - waiting for thirdparty lock release [integrity check]
2025-05-28 14:28:39,202 [INFO] IntegrityCheckThread:86 - entering critical section [integrity check]
2025-05-28 14:28:39,202 [INFO] PluginManage:310 - Check plugin tools
2025-05-28 14:28:39,202 [INFO] ThirdPartyUpdaterWithRetryManager:70 - Updater plugin not ready yet. [1/15]
2025-05-28 14:28:39,268 [INFO] PluginManage:359 - Loaded plugin tools (category:base,tabindex:7)
2025-05-28 14:28:39,268 [INFO] PluginManage:310 - Check plugin tutovideos
2025-05-28 14:28:39,506 [INFO] PluginManage:359 - Loaded plugin tutovideos (category:base,tabindex:-1)
2025-05-28 14:28:39,507 [INFO] PluginManage:310 - Check plugin updater
2025-05-28 14:28:39,528 [INFO] PluginManage:359 - Loaded plugin updater (category:base,tabindex:12)
2025-05-28 14:28:39,528 [INFO] PluginManage:310 - Check plugin userauth
2025-05-28 14:28:39,536 [INFO] UserAuth:113 - Init User Auth plugin
2025-05-28 14:28:39,536 [INFO] PluginManage:359 - Loaded plugin userauth (category:base,tabindex:14)
2025-05-28 14:28:39,538 [INFO] PluginManage:283 - PluginManage : Loaded plugins [18]
2025-05-28 14:28:39,837 [INFO] PinOutPanel:1561 - setPackage(No Configuration,No Configuration)
2025-05-28 14:28:39,965 [INFO] CADModel:165 - CPN selected for project level
2025-05-28 14:28:39,965 [INFO] CADModel:114 - Register for checkConnection events
2025-05-28 14:28:40,016 [INFO] IPUIPlugin:80 - create IPUIPlugin
2025-05-28 14:28:40,017 [INFO] PluginManager:220 - loadIPPluginJar : add adc
2025-05-28 14:28:40,092 [INFO] IPUIPlugin:80 - create IPUIPlugin
2025-05-28 14:28:40,092 [INFO] PluginManager:220 - loadIPPluginJar : add aes
2025-05-28 14:28:40,179 [INFO] IPUIPlugin:80 - create IPUIPlugin
2025-05-28 14:28:40,179 [INFO] PluginManager:220 - loadIPPluginJar : add can
2025-05-28 14:28:40,225 [INFO] IPUIPlugin:80 - create IPUIPlugin
2025-05-28 14:28:40,226 [INFO] PluginManager:220 - loadIPPluginJar : add comp
2025-05-28 14:28:40,286 [INFO] IPUIPlugin:80 - create IPUIPlugin
2025-05-28 14:28:40,286 [INFO] PluginManager:220 - loadIPPluginJar : add cryp
2025-05-28 14:28:40,307 [INFO] IPUIPlugin:80 - create IPUIPlugin
2025-05-28 14:28:40,308 [INFO] PluginManager:220 - loadIPPluginJar : add ddr_ctrl_phy
2025-05-28 14:28:40,369 [INFO] IPUIPlugin:80 - create IPUIPlugin
2025-05-28 14:28:40,369 [INFO] PluginManager:220 - loadIPPluginJar : add dfsdm
2025-05-28 14:28:40,392 [INFO] IPUIPlugin:80 - create IPUIPlugin
2025-05-28 14:28:40,392 [INFO] PluginManager:220 - loadIPPluginJar : add dma
2025-05-28 14:28:40,465 [INFO] IPUIPlugin:80 - create IPUIPlugin
2025-05-28 14:28:40,466 [INFO] PluginManager:220 - loadIPPluginJar : add dma3
2025-05-28 14:28:40,543 [INFO] IPUIPlugin:80 - create IPUIPlugin
2025-05-28 14:28:40,543 [INFO] PluginManager:220 - loadIPPluginJar : add extmemmanager
2025-05-28 14:28:40,579 [INFO] IPUIPlugin:80 - create IPUIPlugin
2025-05-28 14:28:40,579 [INFO] PluginManager:220 - loadIPPluginJar : add fatfs
2025-05-28 14:28:40,663 [INFO] IPUIPlugin:80 - create IPUIPlugin
2025-05-28 14:28:40,663 [INFO] PluginManager:220 - loadIPPluginJar : add fmc
2025-05-28 14:28:40,690 [INFO] IPUIPlugin:80 - create IPUIPlugin
2025-05-28 14:28:40,690 [INFO] PluginManager:220 - loadIPPluginJar : add freertos
2025-05-28 14:28:40,727 [INFO] IPUIPlugin:80 - create IPUIPlugin
2025-05-28 14:28:40,727 [INFO] PluginManager:220 - loadIPPluginJar : add genericplugin
2025-05-28 14:28:40,896 [INFO] IPUIPlugin:80 - create IPUIPlugin
2025-05-28 14:28:40,896 [INFO] PluginManager:220 - loadIPPluginJar : add gfxmmu
2025-05-28 14:28:41,131 [INFO] IPUIPlugin:80 - create IPUIPlugin
2025-05-28 14:28:41,131 [INFO] PluginManager:220 - loadIPPluginJar : add gic
2025-05-28 14:28:41,149 [INFO] IPUIPlugin:80 - create IPUIPlugin
2025-05-28 14:28:41,149 [INFO] PluginManager:220 - loadIPPluginJar : add gpio
2025-05-28 14:28:41,282 [INFO] IPUIPlugin:80 - create IPUIPlugin
2025-05-28 14:28:41,282 [INFO] PluginManager:220 - loadIPPluginJar : add gtzc
2025-05-28 14:28:41,331 [INFO] IPUIPlugin:80 - create IPUIPlugin
2025-05-28 14:28:41,332 [INFO] PluginManager:220 - loadIPPluginJar : add hash
2025-05-28 14:28:41,418 [INFO] IPUIPlugin:80 - create IPUIPlugin
2025-05-28 14:28:41,418 [INFO] PluginManager:220 - loadIPPluginJar : add i2c
2025-05-28 14:28:41,498 [INFO] IPUIPlugin:80 - create IPUIPlugin
2025-05-28 14:28:41,498 [INFO] PluginManager:220 - loadIPPluginJar : add i2s
2025-05-28 14:28:41,562 [INFO] IPUIPlugin:80 - create IPUIPlugin
2025-05-28 14:28:41,562 [INFO] PluginManager:220 - loadIPPluginJar : add i3c
2025-05-28 14:28:41,728 [INFO] IPUIPlugin:80 - create IPUIPlugin
2025-05-28 14:28:41,729 [INFO] PluginManager:220 - loadIPPluginJar : add ipddr
2025-05-28 14:28:41,894 [INFO] IPUIPlugin:80 - create IPUIPlugin
2025-05-28 14:28:41,894 [INFO] PluginManager:220 - loadIPPluginJar : add linkedlist
2025-05-28 14:28:41,953 [INFO] IPUIPlugin:80 - create IPUIPlugin
2025-05-28 14:28:41,954 [INFO] PluginManager:220 - loadIPPluginJar : add lorawan
2025-05-28 14:28:42,015 [INFO] IPUIPlugin:80 - create IPUIPlugin
2025-05-28 14:28:42,015 [INFO] PluginManager:220 - loadIPPluginJar : add ltdc
2025-05-28 14:28:42,045 [INFO] IPUIPlugin:80 - create IPUIPlugin
2025-05-28 14:28:42,045 [INFO] PluginManager:220 - loadIPPluginJar : add mdma
2025-05-28 14:28:42,062 [INFO] IPUIPlugin:80 - create IPUIPlugin
2025-05-28 14:28:42,062 [INFO] PluginManager:220 - loadIPPluginJar : add nvic
2025-05-28 14:28:42,124 [INFO] IPUIPlugin:80 - create IPUIPlugin
2025-05-28 14:28:42,124 [INFO] PluginManager:220 - loadIPPluginJar : add opamp
2025-05-28 14:28:42,203 [INFO] ThirdPartyUpdaterWithRetryManager:70 - Updater plugin not ready yet. [2/15]
2025-05-28 14:28:42,229 [INFO] IPUIPlugin:80 - create IPUIPlugin
2025-05-28 14:28:42,229 [INFO] PluginManager:220 - loadIPPluginJar : add openamp
2025-05-28 14:28:42,307 [INFO] IPUIPlugin:80 - create IPUIPlugin
2025-05-28 14:28:42,307 [INFO] PluginManager:220 - loadIPPluginJar : add pdm2pcm
2025-05-28 14:28:42,328 [INFO] IPUIPlugin:80 - create IPUIPlugin
2025-05-28 14:28:42,330 [INFO] PluginManager:220 - loadIPPluginJar : add plateformsettings
2025-05-28 14:28:42,367 [INFO] IPUIPlugin:80 - create IPUIPlugin
2025-05-28 14:28:42,367 [INFO] PluginManager:220 - loadIPPluginJar : add quadspi
2025-05-28 14:28:42,412 [INFO] IPUIPlugin:80 - create IPUIPlugin
2025-05-28 14:28:42,413 [INFO] PluginManager:220 - loadIPPluginJar : add radio
2025-05-28 14:28:42,432 [INFO] IPUIPlugin:80 - create IPUIPlugin
2025-05-28 14:28:42,432 [INFO] PluginManager:220 - loadIPPluginJar : add resmgrutility
2025-05-28 14:28:42,511 [INFO] IPUIPlugin:80 - create IPUIPlugin
2025-05-28 14:28:42,511 [INFO] PluginManager:220 - loadIPPluginJar : add sai
2025-05-28 14:28:42,575 [INFO] IPUIPlugin:80 - create IPUIPlugin
2025-05-28 14:28:42,575 [INFO] PluginManager:220 - loadIPPluginJar : add spi
2025-05-28 14:28:42,690 [INFO] IPUIPlugin:80 - create IPUIPlugin
2025-05-28 14:28:42,690 [INFO] PluginManager:220 - loadIPPluginJar : add stm32_wpan
2025-05-28 14:28:42,729 [INFO] IPUIPlugin:80 - create IPUIPlugin
2025-05-28 14:28:42,729 [INFO] PluginManager:220 - loadIPPluginJar : add tim
2025-05-28 14:28:42,831 [INFO] IPUIPlugin:80 - create IPUIPlugin
2025-05-28 14:28:42,831 [INFO] PluginManager:220 - loadIPPluginJar : add touchsensing
2025-05-28 14:28:42,874 [INFO] IPUIPlugin:80 - create IPUIPlugin
2025-05-28 14:28:42,874 [INFO] PluginManager:220 - loadIPPluginJar : add tracer_emb
2025-05-28 14:28:42,913 [INFO] IPUIPlugin:80 - create IPUIPlugin
2025-05-28 14:28:42,913 [INFO] PluginManager:220 - loadIPPluginJar : add ts
2025-05-28 14:28:42,950 [INFO] IPUIPlugin:80 - create IPUIPlugin
2025-05-28 14:28:42,951 [INFO] PluginManager:220 - loadIPPluginJar : add tsc
2025-05-28 14:28:42,988 [INFO] IPUIPlugin:80 - create IPUIPlugin
2025-05-28 14:28:42,988 [INFO] PluginManager:220 - loadIPPluginJar : add ucpd
2025-05-28 14:28:43,060 [INFO] IPUIPlugin:80 - create IPUIPlugin
2025-05-28 14:28:43,060 [INFO] PluginManager:220 - loadIPPluginJar : add usart
2025-05-28 14:28:43,135 [INFO] IPUIPlugin:80 - create IPUIPlugin
2025-05-28 14:28:43,135 [INFO] PluginManager:220 - loadIPPluginJar : add usbx
2025-05-28 14:28:43,269 [INFO] CADModel:165 - CPN selected for project level
2025-05-28 14:28:43,270 [INFO] CADModel:114 - Register for checkConnection events
2025-05-28 14:28:43,270 [FATAL] Updater:334 - Updater called before beeing initialized
2025-05-28 14:28:43,270 [ERROR] CADModel:125 - Updater not yet initialized, retry later 
2025-05-28 14:28:43,467 [INFO] CADModel:165 - CPN selected for project level
2025-05-28 14:28:43,467 [INFO] CADModel:114 - Register for checkConnection events
2025-05-28 14:28:43,467 [FATAL] Updater:334 - Updater called before beeing initialized
2025-05-28 14:28:43,467 [ERROR] CADModel:125 - Updater not yet initialized, retry later 
2025-05-28 14:28:43,472 [FATAL] Updater:334 - Updater called before beeing initialized
2025-05-28 14:28:43,617 [FATAL] Updater:334 - Updater called before beeing initialized
2025-05-28 14:28:43,633 [INFO] DbMcusAds:53 - JSON generation date=Wed May 07 14:37:55 IST 2025 (1746608875638)
2025-05-28 14:28:43,634 [FATAL] Updater:334 - Updater called before beeing initialized
2025-05-28 14:28:43,680 [WARN] DetailPanel:346 - Failed to get advertising image, set to default
2025-05-28 14:28:43,781 [FATAL] Updater:334 - Updater called before beeing initialized
2025-05-28 14:28:43,783 [FATAL] Updater:334 - Updater called before beeing initialized
2025-05-28 14:28:43,784 [FATAL] Updater:334 - Updater called before beeing initialized
2025-05-28 14:28:43,784 [WARN] DetailPanel:346 - Failed to get advertising image, set to default
2025-05-28 14:28:43,784 [FATAL] Updater:334 - Updater called before beeing initialized
2025-05-28 14:28:43,871 [ERROR] Updater:1164 - MainUpdater not yet initialized. External WinMGr cannot be set.
2025-05-28 14:28:43,890 [INFO] Updater:1100 - Updater Version found : 6.12.1
2025-05-28 14:28:43,922 [INFO] ApplicationProperties:184 - Using Application install path: C:\ST\STM32CubeIDE_1.16.1\STM32CubeIDE\plugins\com.st.stm32cube.common.mx_6.12.1.202409122256
2025-05-28 14:28:45,205 [INFO] ThirdPartyUpdaterWithRetryManager:70 - Updater plugin not ready yet. [3/15]
2025-05-28 14:28:45,521 [ERROR] LogOutputStream:75 - [STDERR_REDIRECT] May 28, 2025 2:28:45 PM java.util.prefs.WindowsPreferences <init>
2025-05-28 14:28:45,524 [ERROR] LogOutputStream:75 - [STDERR_REDIRECT] WARNING: Could not open/create prefs root node Software\JavaSoft\Prefs at root 0xffffffff80000002. Windows RegCreateKeyEx(...) returned error code 5.
2025-05-28 14:28:45,524 [ERROR] LogOutputStream:75 - [STDERR_REDIRECT] 
2025-05-28 14:28:46,204 [INFO] MainUpdater:2873 - connection check result : 10
2025-05-28 14:28:46,206 [INFO] MainUpdater:290 - Updater Check For Update Now.
2025-05-28 14:28:46,206 [INFO] MicroXplorer:498 - Change Database Version : DB.6.0.121
2025-05-28 14:28:46,245 [INFO] McuFinderGlobals:63 - Set McuFinder mode to 2 (CubeIDE integrated)
2025-05-28 14:28:46,260 [INFO] UserAuth:417 - Internet connection configuration mode: 1
2025-05-28 14:28:46,330 [INFO] JxBrowserEngine:152 - Initiate JxBrowser Engine with user profile folder
2025-05-28 14:28:46,513 [INFO] CheckServerUpdateThread:120 - End of CheckServer Thread
2025-05-28 14:28:48,539 [WARN] PackLoader:240 - Cannot read IP mode file for STMicroelectronics.FP-SNS-MOTENVWB1.1.4.0
2025-05-28 14:28:48,571 [WARN] PackLoader:240 - Cannot read IP mode file for STMicroelectronics.FP-ATR-ASTRA1.2.0.2
2025-05-28 14:28:48,593 [WARN] PackLoader:240 - Cannot read IP mode file for STMicroelectronics.FP-ATR-ASTRA1.2.0.1
2025-05-28 14:28:48,619 [WARN] PackLoader:240 - Cannot read IP mode file for STMicroelectronics.X-CUBE-SMBUS.2.1.0
2025-05-28 14:28:48,642 [WARN] PackLoader:240 - Cannot read IP mode file for STMicroelectronics.X-CUBE-WB05N.1.1.0
2025-05-28 14:28:48,663 [ERROR] Engine:466 - C:\Users\kjeya\.stm32cubemx\thirdparties\pdsc\STMicroelectronics.X-CUBE-ST60.1.0.0.pdsc: PDSC version is not supported
2025-05-28 14:28:48,719 [WARN] PackLoader:240 - Cannot read IP mode file for STMicroelectronics.X-CUBE-AZRTOS-F7.1.1.0
2025-05-28 14:28:48,758 [WARN] PackLoader:240 - Cannot read IP mode file for STMicroelectronics.FP-SNS-FLIGHT1.5.0.2
2025-05-28 14:28:48,831 [WARN] PackLoader:240 - Cannot read IP mode file for Infineon.AIROC-Wi-Fi-Bluetooth-STM32.1.7.0
2025-05-28 14:28:48,889 [WARN] PackLoader:240 - Cannot read IP mode file for STMicroelectronics.X-CUBE-DISPLAY.3.0.0
2025-05-28 14:28:48,924 [WARN] PackLoader:240 - Cannot read IP mode file for STMicroelectronics.X-CUBE-BLE1.7.0.0
2025-05-28 14:28:48,952 [WARN] PackLoader:240 - Cannot read IP mode file for STMicroelectronics.X-CUBE-NFC10.1.0.0
2025-05-28 14:28:48,985 [WARN] PackLoader:240 - Cannot read IP mode file for STMicroelectronics.X-CUBE-BLEMGR.4.0.0
2025-05-28 14:28:49,019 [WARN] PackLoader:240 - Cannot read IP mode file for emotas.I-CUBE-CANOPEN.1.3.0
2025-05-28 14:28:49,041 [WARN] PackLoader:240 - Cannot read IP mode file for STMicroelectronics.X-CUBE-AI.10.0.0
2025-05-28 14:28:49,062 [WARN] PackLoader:240 - Cannot read IP mode file for STMicroelectronics.FP-SNS-SMARTAG2.1.2.0
2025-05-28 14:28:49,083 [ERROR] Engine:466 - C:\Users\kjeya\.stm32cubemx\thirdparties\pdsc\STMicroelectronics.FP-SNS-FLIGHT1.5.1.0.pdsc: PDSC version is not supported
2025-05-28 14:28:49,184 [WARN] PackLoader:240 - Cannot read IP mode file for STMicroelectronics.X-CUBE-MEMS1.11.1.0
2025-05-28 14:28:49,486 [INFO] LogOutputStream:77 - [STDOUT_REDIRECT] 1 : Invalid condition id : UX_CORESTACK_Condition cause : null
2025-05-28 14:28:49,488 [INFO] LogOutputStream:77 - [STDOUT_REDIRECT] 1 : Invalid condition id : UX_CORESTACK_Condition cause : null
2025-05-28 14:28:49,490 [INFO] LogOutputStream:77 - [STDOUT_REDIRECT] 1 : Invalid condition id : UX_CORESTACK_Condition cause : null
2025-05-28 14:28:49,493 [INFO] LogOutputStream:77 - [STDOUT_REDIRECT] 1 : Invalid condition id : UX_CORESTACK_Condition cause : null
2025-05-28 14:28:49,495 [INFO] LogOutputStream:77 - [STDOUT_REDIRECT] 1 : Invalid condition id : UX_CORESTACK_Condition cause : null
2025-05-28 14:28:49,500 [WARN] PackLoader:240 - Cannot read IP mode file for STMicroelectronics.X-CUBE-AZRTOS-WL.2.0.0
2025-05-28 14:28:49,549 [WARN] PackLoader:240 - Cannot read IP mode file for STMicroelectronics.FP-SNS-MOTENV1.5.0.0
2025-05-28 14:28:49,658 [WARN] PackLoader:240 - Cannot read IP mode file for wolfSSL.I-CUBE-wolfMQTT.1.19.0
2025-05-28 14:28:49,751 [WARN] PackLoader:240 - Cannot read IP mode file for WES.I-CUBE-Cesium.1.3.0
2025-05-28 14:28:49,961 [WARN] PackLoader:240 - Cannot read IP mode file for STMicroelectronics.X-CUBE-BLE2.3.3.0
2025-05-28 14:28:50,000 [WARN] PackLoader:240 - Cannot read IP mode file for STMicroelectronics.X-CUBE-NFC9.1.0.0
2025-05-28 14:28:50,040 [WARN] PackLoader:240 - Cannot read IP mode file for STMicroelectronics.X-CUBE-BLE1.7.1.0
2025-05-28 14:28:50,193 [WARN] PackLoader:240 - Cannot read IP mode file for STMicroelectronics.X-CUBE-MEMS1.11.2.0
2025-05-28 14:28:50,661 [WARN] PackLoader:240 - Cannot read IP mode file for STMicroelectronics.X-CUBE-AZRTOS-G0.1.1.0
2025-05-28 14:28:50,711 [WARN] PackLoader:240 - Cannot read IP mode file for STMicroelectronics.X-CUBE-SAFEA1.1.2.2
2025-05-28 14:28:50,755 [WARN] PackLoader:240 - Cannot read IP mode file for STMicroelectronics.X-CUBE-NFC4.3.0.0
2025-05-28 14:28:50,806 [WARN] PackLoader:240 - Cannot read IP mode file for EmbeddedOffice.I-CUBE-FS-RTOS.1.0.1
2025-05-28 14:28:50,807 [ERROR] ConditionMgr:805 - Attr not supported : Dmpu
2025-05-28 14:28:50,807 [ERROR] ConditionMgr:805 - Attr not supported : Dmpu
2025-05-28 14:28:50,808 [ERROR] ConditionMgr:805 - Attr not supported : Dmpu
2025-05-28 14:28:50,809 [ERROR] ConditionMgr:805 - Attr not supported : Dmpu
2025-05-28 14:28:50,809 [ERROR] ConditionMgr:805 - Attr not supported : Dmpu
2025-05-28 14:28:50,809 [ERROR] ConditionMgr:805 - Attr not supported : Dmpu
2025-05-28 14:28:50,810 [ERROR] ConditionMgr:805 - Attr not supported : Dmpu
2025-05-28 14:28:50,810 [ERROR] ConditionMgr:805 - Attr not supported : Dmpu
2025-05-28 14:28:50,810 [ERROR] ConditionMgr:805 - Attr not supported : Dmpu
2025-05-28 14:28:50,810 [ERROR] ConditionMgr:805 - Attr not supported : Dmpu
2025-05-28 14:28:50,811 [ERROR] ConditionMgr:805 - Attr not supported : Dmpu
2025-05-28 14:28:50,811 [ERROR] ConditionMgr:805 - Attr not supported : Dmpu
2025-05-28 14:28:50,811 [ERROR] ConditionMgr:805 - Attr not supported : Dmpu
2025-05-28 14:28:50,812 [ERROR] ConditionMgr:805 - Attr not supported : Dmpu
2025-05-28 14:28:50,812 [ERROR] ConditionMgr:805 - Attr not supported : Dmpu
2025-05-28 14:28:50,812 [ERROR] ConditionMgr:805 - Attr not supported : Dmpu
2025-05-28 14:28:50,813 [ERROR] ConditionMgr:805 - Attr not supported : Dmpu
2025-05-28 14:28:50,813 [ERROR] ConditionMgr:805 - Attr not supported : Dmpu
2025-05-28 14:28:50,813 [ERROR] ConditionMgr:805 - Attr not supported : Dmpu
2025-05-28 14:28:50,813 [ERROR] ConditionMgr:805 - Attr not supported : Dmpu
2025-05-28 14:28:50,813 [ERROR] ConditionMgr:805 - Attr not supported : Dmpu
2025-05-28 14:28:50,814 [ERROR] ConditionMgr:805 - Attr not supported : Dmpu
2025-05-28 14:28:50,814 [ERROR] ConditionMgr:805 - Attr not supported : Dmpu
2025-05-28 14:28:50,815 [ERROR] ConditionMgr:805 - Attr not supported : Dmpu
2025-05-28 14:28:50,815 [ERROR] ConditionMgr:805 - Attr not supported : Dmpu
2025-05-28 14:28:50,815 [ERROR] ConditionMgr:805 - Attr not supported : Dmpu
2025-05-28 14:28:50,815 [ERROR] ConditionMgr:805 - Attr not supported : Dmpu
2025-05-28 14:28:50,816 [ERROR] ConditionMgr:805 - Attr not supported : Dmpu
2025-05-28 14:28:50,816 [ERROR] ConditionMgr:805 - Attr not supported : Dmpu
2025-05-28 14:28:50,816 [ERROR] ConditionMgr:805 - Attr not supported : Dmpu
2025-05-28 14:28:50,816 [ERROR] ConditionMgr:805 - Attr not supported : Dmpu
2025-05-28 14:28:50,816 [ERROR] ConditionMgr:805 - Attr not supported : Dmpu
2025-05-28 14:28:50,816 [ERROR] ConditionMgr:805 - Attr not supported : Dmpu
2025-05-28 14:28:50,816 [ERROR] ConditionMgr:805 - Attr not supported : Dmpu
2025-05-28 14:28:50,817 [ERROR] ConditionMgr:805 - Attr not supported : Dmpu
2025-05-28 14:28:50,817 [ERROR] ConditionMgr:805 - Attr not supported : Dmpu
2025-05-28 14:28:50,817 [ERROR] ConditionMgr:805 - Attr not supported : Dmpu
2025-05-28 14:28:50,818 [ERROR] ConditionMgr:805 - Attr not supported : Dmpu
2025-05-28 14:28:50,818 [ERROR] ConditionMgr:805 - Attr not supported : Dmpu
2025-05-28 14:28:50,818 [ERROR] ConditionMgr:805 - Attr not supported : Dmpu
2025-05-28 14:28:50,819 [ERROR] ConditionMgr:805 - Attr not supported : Dmpu
2025-05-28 14:28:50,819 [ERROR] ConditionMgr:805 - Attr not supported : Dmpu
2025-05-28 14:28:50,819 [ERROR] ConditionMgr:805 - Attr not supported : Dmpu
2025-05-28 14:28:50,819 [ERROR] ConditionMgr:805 - Attr not supported : Dmpu
2025-05-28 14:28:50,820 [ERROR] ConditionMgr:805 - Attr not supported : Dmpu
2025-05-28 14:28:50,820 [ERROR] ConditionMgr:805 - Attr not supported : Dmpu
2025-05-28 14:28:50,820 [ERROR] ConditionMgr:805 - Attr not supported : Dmpu
2025-05-28 14:28:50,821 [ERROR] ConditionMgr:805 - Attr not supported : Dmpu
2025-05-28 14:28:50,821 [ERROR] ConditionMgr:805 - Attr not supported : Dmpu
2025-05-28 14:28:50,821 [ERROR] ConditionMgr:805 - Attr not supported : Dmpu
2025-05-28 14:28:50,821 [ERROR] ConditionMgr:805 - Attr not supported : Dmpu
2025-05-28 14:28:50,833 [ERROR] ConditionMgr:805 - Attr not supported : Dmpu
2025-05-28 14:28:50,833 [ERROR] ConditionMgr:805 - Attr not supported : Dmpu
2025-05-28 14:28:50,834 [ERROR] ConditionMgr:805 - Attr not supported : Dmpu
2025-05-28 14:28:50,834 [ERROR] ConditionMgr:805 - Attr not supported : Dmpu
2025-05-28 14:28:50,834 [ERROR] ConditionMgr:805 - Attr not supported : Dmpu
2025-05-28 14:28:50,835 [ERROR] ConditionMgr:805 - Attr not supported : Dmpu
2025-05-28 14:28:50,835 [ERROR] ConditionMgr:805 - Attr not supported : Dmpu
2025-05-28 14:28:50,836 [ERROR] ConditionMgr:805 - Attr not supported : Dmpu
2025-05-28 14:28:50,837 [ERROR] ConditionMgr:805 - Attr not supported : Dmpu
2025-05-28 14:28:50,837 [ERROR] ConditionMgr:805 - Attr not supported : Dmpu
2025-05-28 14:28:50,838 [ERROR] ConditionMgr:805 - Attr not supported : Dmpu
2025-05-28 14:28:50,838 [ERROR] ConditionMgr:805 - Attr not supported : Dmpu
2025-05-28 14:28:50,839 [ERROR] ConditionMgr:805 - Attr not supported : Dmpu
2025-05-28 14:28:50,891 [WARN] PackLoader:240 - Cannot read IP mode file for STMicroelectronics.X-CUBE-WB05N.2.0.0
2025-05-28 14:28:50,933 [INFO] WebApp:167 - Instantiating new browser for Auth
2025-05-28 14:28:50,939 [ERROR] Engine:466 - C:\Users\kjeya\.stm32cubemx\thirdparties\pdsc\STMicroelectronics.X-CUBE-TCPP.4.2.0.pdsc: PDSC version is not supported
2025-05-28 14:28:50,986 [WARN] PackLoader:240 - Cannot read IP mode file for RealThread.X-CUBE-RT-Thread_Nano.4.1.1
2025-05-28 14:28:51,045 [WARN] PackLoader:240 - Cannot read IP mode file for STMicroelectronics.FP-ATR-SIGFOX1.3.2.0
2025-05-28 14:28:51,084 [WARN] ConditionMgr:438 - getConditionDescription Invalid condition id : Cortex-A Device cause : null
2025-05-28 14:28:51,131 [WARN] ConditionMgr:1039 - genDependencies : Invalid condition id : Cortex-A Device cause : null
2025-05-28 14:28:51,131 [WARN] ConditionMgr:1039 - genDependencies : Invalid condition id : Cortex-A Device cause : null
2025-05-28 14:28:51,132 [WARN] ConditionMgr:1039 - genDependencies : Invalid condition id : Cortex-A Device cause : null
2025-05-28 14:28:51,169 [WARN] PackLoader:240 - Cannot read IP mode file for STMicroelectronics.X-CUBE-EEPRMA1.5.1.0
2025-05-28 14:28:51,204 [WARN] PackLoader:240 - Cannot read IP mode file for wolfSSL.I-CUBE-wolfSSL.5.7.4
2025-05-28 14:28:51,244 [WARN] PackLoader:240 - Cannot read IP mode file for ITTIA_DB.I-CUBE-ITTIADB.8.9.0
2025-05-28 14:28:51,340 [WARN] PackLoader:240 - Cannot read IP mode file for SEGGER.I-CUBE-embOS.1.3.1
2025-05-28 14:28:51,451 [WARN] PackLoader:240 - Cannot read IP mode file for STMicroelectronics.X-CUBE-ALGOBUILD.1.4.0
2025-05-28 14:28:51,490 [WARN] PackLoader:240 - Cannot read IP mode file for STMicroelectronics.X-CUBE-AI.9.1.0
2025-05-28 14:28:51,564 [WARN] PackLoader:240 - Cannot read IP mode file for STMicroelectronics.X-CUBE-AZRTOS-F4.1.1.0
2025-05-28 14:28:51,603 [ERROR] Engine:466 - C:\Users\kjeya\.stm32cubemx\thirdparties\pdsc\Avnet-IotConnect.X-CUBE-IoTC-DA16k-PMOD.1.0.0.pdsc: PDSC version is not supported
2025-05-28 14:28:51,647 [WARN] PackLoader:240 - Cannot read IP mode file for STMicroelectronics.X-CUBE-ISPU.2.1.0
2025-05-28 14:28:51,710 [WARN] PackLoader:240 - Cannot read IP mode file for STMicroelectronics.X-CUBE-AZRTOS-L5.2.0.0
2025-05-28 14:28:51,749 [WARN] PackLoader:240 - Cannot read IP mode file for STMicroelectronics.X-CUBE-NFC6.3.1.0
2025-05-28 14:28:51,788 [WARN] PackLoader:240 - Cannot read IP mode file for STMicroelectronics.X-CUBE-DPower.1.2.0
2025-05-28 14:28:51,819 [WARN] PackLoader:240 - Cannot read IP mode file for STMicroelectronics.X-CUBE-FREERTOS.1.3.1
2025-05-28 14:28:51,851 [WARN] PackLoader:240 - Cannot read IP mode file for STMicroelectronics.X-CUBE-FREERTOS.1.3.0
2025-05-28 14:28:51,886 [WARN] PackLoader:240 - Cannot read IP mode file for STMicroelectronics.X-CUBE-NFC7.1.0.1
2025-05-28 14:28:51,919 [WARN] PackLoader:240 - Cannot read IP mode file for STMicroelectronics.X-CUBE-DPower.1.3.0
2025-05-28 14:28:51,981 [WARN] ConditionMgr:438 - getConditionDescription Invalid condition id : LAN8742 Phy interface Condition cause : null
2025-05-28 14:28:51,981 [WARN] PackLoader:240 - Cannot read IP mode file for STMicroelectronics.X-CUBE-AZRTOS-L4.2.0.0
2025-05-28 14:28:51,983 [WARN] ConditionMgr:1039 - genDependencies : Invalid condition id : LAN8742 Phy interface Condition cause : null
2025-05-28 14:28:51,984 [WARN] ConditionMgr:1039 - genDependencies : Invalid condition id : LAN8742 Phy interface Condition cause : null
2025-05-28 14:28:51,984 [WARN] ConditionMgr:1039 - genDependencies : Invalid condition id : LAN8742 Phy interface Condition cause : null
2025-05-28 14:28:52,018 [WARN] PackLoader:240 - Cannot read IP mode file for STMicroelectronics.X-CUBE-SFXS2LP1.4.0.0
2025-05-28 14:28:52,095 [WARN] PackLoader:240 - Cannot read IP mode file for STMicroelectronics.X-CUBE-AZRTOS-H7.3.3.0
2025-05-28 14:28:52,151 [WARN] PackLoader:240 - Cannot read IP mode file for STMicroelectronics.X-CUBE-IPS.3.0.0
2025-05-28 14:28:52,222 [WARN] ConditionMgr:438 - getConditionDescription Invalid condition id : UX DEVICE CLASS RTOS Condition cause : null
2025-05-28 14:28:52,222 [WARN] ConditionMgr:438 - getConditionDescription Invalid condition id : UX DEVICE CLASS RTOS Condition cause : null
2025-05-28 14:28:52,227 [WARN] PackLoader:240 - Cannot read IP mode file for STMicroelectronics.X-CUBE-AZRTOS-WB.2.0.0
2025-05-28 14:28:52,229 [WARN] ConditionMgr:1039 - genDependencies : Invalid condition id : UX DEVICE CLASS RTOS Condition cause : null
2025-05-28 14:28:52,229 [WARN] ConditionMgr:1039 - genDependencies : Invalid condition id : UX DEVICE CLASS RTOS Condition cause : null
2025-05-28 14:28:52,230 [WARN] ConditionMgr:1039 - genDependencies : Invalid condition id : UX DEVICE CLASS RTOS Condition cause : null
2025-05-28 14:28:52,231 [WARN] ConditionMgr:1039 - genDependencies : Invalid condition id : UX DEVICE CLASS RTOS Condition cause : null
2025-05-28 14:28:52,231 [WARN] ConditionMgr:1039 - genDependencies : Invalid condition id : UX DEVICE CLASS RTOS Condition cause : null
2025-05-28 14:28:52,274 [WARN] PackLoader:240 - Cannot read IP mode file for STMicroelectronics.X-CUBE-GNSS1.7.0.1
2025-05-28 14:28:52,320 [WARN] PackLoader:240 - Cannot read IP mode file for STMicroelectronics.X-CUBE-TOUCHGFX.4.25.0
2025-05-28 14:28:52,364 [WARN] PackLoader:240 - Cannot read IP mode file for STMicroelectronics.FP-SNS-STBOX1.2.0.0
2025-05-28 14:28:52,416 [WARN] PackLoader:240 - Cannot read IP mode file for STMicroelectronics.X-CUBE-SUBG2.5.0.0
2025-05-28 14:28:52,499 [WARN] PackLoader:240 - Cannot read IP mode file for STMicroelectronics.X-CUBE-AZRTOS-H7RS.1.1.0
2025-05-28 14:28:52,540 [WARN] PackLoader:240 - Cannot read IP mode file for Cesanta.I-CUBE-Mongoose.7.13.0
2025-05-28 14:28:52,597 [WARN] PackLoader:240 - Cannot read IP mode file for STMicroelectronics.X-CUBE-AZRTOS-G4.2.0.0
2025-05-28 14:28:52,631 [WARN] PackLoader:240 - Cannot read IP mode file for STMicroelectronics.X-CUBE-NFC7.2.0.0
2025-05-28 14:28:52,669 [ERROR] Engine:466 - C:\Users\kjeya\.stm32cubemx\thirdparties\pdsc\STMicroelectronics.X-CUBE-IPS.3.1.0.pdsc: PDSC version is not supported
2025-05-28 14:28:52,703 [WARN] PackLoader:240 - Cannot read IP mode file for STMicroelectronics.X-CUBE-ALS.1.0.2
2025-05-28 14:28:52,746 [WARN] PackLoader:240 - Cannot read IP mode file for STMicroelectronics.X-CUBE-TOUCHGFX.4.24.0
2025-05-28 14:28:53,026 [WARN] PackLoader:240 - Cannot read IP mode file for STMicroelectronics.X-CUBE-TOUCHGFX.4.24.2
2025-05-28 14:28:53,157 [INFO] McuFinderGlobals:63 - Set McuFinder mode to 2 (CubeIDE integrated)
2025-05-28 14:28:53,159 [INFO] UserAuth:417 - Internet connection configuration mode: 1
2025-05-28 14:28:53,202 [WARN] PackLoader:240 - Cannot read IP mode file for STMicroelectronics.X-CUBE-TOUCHGFX.4.24.1
2025-05-28 14:28:53,234 [WARN] PackLoader:240 - Cannot read IP mode file for wolfSSL.I-CUBE-wolfTPM.3.4.0
2025-05-28 14:28:53,277 [WARN] PackLoader:240 - Cannot read IP mode file for portGmbH.I-Cube-SoM-uGOAL.1.1.0
2025-05-28 14:28:53,362 [WARN] PackLoader:240 - Cannot read IP mode file for STMicroelectronics.X-CUBE-AZRTOS-H7RS.1.0.0
2025-05-28 14:28:53,412 [INFO] WebApp:448 - Apply proxy settings
2025-05-28 14:28:53,413 [INFO] WebApp:533 - Chromium requires no authentication
2025-05-28 14:28:53,426 [WARN] PackLoader:240 - Cannot read IP mode file for STMicroelectronics.X-CUBE-TOF1.3.4.2
2025-05-28 14:28:53,441 [INFO] WebApp:476 - Direct internet connection detected
2025-05-28 14:28:53,488 [ERROR] Engine:466 - C:\Users\kjeya\.stm32cubemx\thirdparties\pdsc\STMicroelectronics.X-CUBE-TOF1.3.4.3.pdsc: PDSC version is not supported
2025-05-28 14:28:53,512 [INFO] WebApp:869 - Register for checkConnection events
2025-05-28 14:28:53,513 [INFO] WebApp:448 - Apply proxy settings
2025-05-28 14:28:53,513 [INFO] WebApp:533 - Chromium requires no authentication
2025-05-28 14:28:53,515 [INFO] WebApp:476 - Direct internet connection detected
2025-05-28 14:28:53,526 [WARN] PackLoader:240 - Cannot read IP mode file for wolfSSL.I-CUBE-wolfSSH.1.4.17
2025-05-28 14:28:53,527 [INFO] ThirdParty:978 - Integrity check success = true
2025-05-28 14:28:53,527 [INFO] IntegrityCheckThread:100 - exiting critical section [integrity check]
2025-05-28 14:28:53,527 [INFO] IntegrityCheckThread:103 - End integrity checks thread
2025-05-28 14:28:53,789 [INFO] WebApp:186 - Connection restablished
2025-05-28 14:28:54,020 [INFO] WebApp:220 - Starting web application
2025-05-28 14:28:54,021 [INFO] WebApp:578 - Web application path used C:\ST\STM32CubeIDE_1.16.1\STM32CubeIDE\plugins\com.st.stm32cube.common.mx_6.12.1.202409122256\db\plugins\mcufinder\reactClient1\index.html
2025-05-28 14:28:54,456 [INFO] UserAuth:417 - Internet connection configuration mode: 1
2025-05-28 14:28:54,456 [INFO] UserAuth:417 - Internet connection configuration mode: 1
2025-05-28 14:32:03,281 [INFO] WebApp:189 - Connection lost
2025-05-28 14:32:03,555 [INFO] WebApp:186 - Connection restablished
2025-05-28 14:32:33,256 [INFO] WebApp:189 - Connection lost
2025-05-28 14:32:49,561 [INFO] WebApp:186 - Connection restablished
2025-05-28 14:40:27,079 [INFO] WebApp:189 - Connection lost
2025-05-28 14:40:30,929 [INFO] WebApp:186 - Connection restablished
2025-05-28 14:40:33,786 [INFO] WebApp:189 - Connection lost
2025-05-28 14:40:34,016 [INFO] WebApp:186 - Connection restablished
2025-05-28 14:57:08,128 [INFO] WebApp:189 - Connection lost
2025-05-28 14:57:10,857 [INFO] WebApp:186 - Connection restablished
2025-05-28 14:57:13,274 [INFO] WebApp:189 - Connection lost
2025-05-28 14:57:13,458 [INFO] WebApp:186 - Connection restablished
2025-05-28 15:09:05,863 [INFO] WebApp:189 - Connection lost
2025-05-28 15:09:22,615 [INFO] WebApp:186 - Connection restablished
2025-05-28 15:09:41,275 [INFO] WebApp:189 - Connection lost
2025-05-28 15:09:48,334 [INFO] WebApp:186 - Connection restablished
2025-05-28 15:55:47,794 [INFO] WebApp:189 - Connection lost
2025-05-28 15:55:48,128 [INFO] WebApp:186 - Connection restablished
2025-05-28 15:56:00,797 [INFO] WebApp:189 - Connection lost
2025-05-28 15:56:03,415 [INFO] WebApp:186 - Connection restablished
2025-05-28 16:01:31,783 [INFO] WebApp:189 - Connection lost
2025-05-28 16:01:32,027 [INFO] WebApp:186 - Connection restablished
2025-05-28 17:12:15,305 [INFO] WebApp:189 - Connection lost
2025-05-28 17:12:15,517 [INFO] WebApp:186 - Connection restablished
2025-05-28 17:13:15,343 [INFO] WebApp:189 - Connection lost
2025-05-28 17:13:16,236 [INFO] WebApp:186 - Connection restablished
2025-05-28 17:14:36,293 [INFO] WebApp:189 - Connection lost
2025-05-28 17:14:36,525 [INFO] WebApp:186 - Connection restablished
2025-05-28 17:15:22,774 [INFO] WebApp:189 - Connection lost
2025-05-28 17:15:22,996 [INFO] WebApp:186 - Connection restablished
2025-05-28 17:15:34,285 [INFO] WebApp:189 - Connection lost
2025-05-28 17:15:34,541 [INFO] WebApp:186 - Connection restablished
2025-05-28 17:16:46,262 [INFO] WebApp:189 - Connection lost
2025-05-28 17:16:46,536 [INFO] WebApp:186 - Connection restablished
2025-05-28 17:17:35,283 [INFO] WebApp:189 - Connection lost
2025-05-28 17:17:35,579 [INFO] WebApp:186 - Connection restablished
2025-05-28 17:18:27,757 [INFO] WebApp:189 - Connection lost
2025-05-28 17:18:27,977 [INFO] WebApp:186 - Connection restablished
2025-05-28 17:35:30,275 [INFO] WebApp:189 - Connection lost
2025-05-28 17:35:30,485 [INFO] WebApp:186 - Connection restablished
2025-05-28 17:43:03,783 [INFO] WebApp:189 - Connection lost
2025-05-28 17:43:04,108 [INFO] WebApp:186 - Connection restablished
2025-05-28 17:43:39,796 [INFO] WebApp:189 - Connection lost
2025-05-28 17:43:42,383 [INFO] WebApp:186 - Connection restablished
2025-05-28 17:43:44,784 [INFO] WebApp:189 - Connection lost
2025-05-28 17:43:46,877 [INFO] WebApp:186 - Connection restablished
2025-05-28 17:44:11,787 [INFO] WebApp:189 - Connection lost
2025-05-28 17:44:12,033 [INFO] WebApp:186 - Connection restablished
2025-05-28 17:45:15,781 [INFO] WebApp:189 - Connection lost
2025-05-28 17:45:16,040 [INFO] WebApp:186 - Connection restablished
2025-05-28 17:45:39,284 [INFO] WebApp:189 - Connection lost
2025-05-28 17:45:39,509 [INFO] WebApp:186 - Connection restablished
2025-05-28 17:45:54,310 [INFO] WebApp:189 - Connection lost
2025-05-28 17:45:54,553 [INFO] WebApp:186 - Connection restablished
2025-05-28 17:47:08,775 [INFO] WebApp:189 - Connection lost
2025-05-28 17:47:09,028 [INFO] WebApp:186 - Connection restablished
2025-05-28 17:47:24,782 [INFO] WebApp:189 - Connection lost
2025-05-28 17:47:25,039 [INFO] WebApp:186 - Connection restablished
2025-05-28 17:47:52,797 [INFO] WebApp:189 - Connection lost
2025-05-28 17:47:53,005 [INFO] WebApp:186 - Connection restablished
2025-05-28 17:49:44,303 [INFO] WebApp:189 - Connection lost
2025-05-28 17:50:00,543 [INFO] WebApp:186 - Connection restablished
2025-05-28 17:52:10,257 [INFO] WebApp:189 - Connection lost
2025-05-28 17:52:10,536 [INFO] WebApp:186 - Connection restablished
2025-05-28 17:53:09,794 [INFO] WebApp:189 - Connection lost
2025-05-28 17:53:24,936 [INFO] WebApp:186 - Connection restablished
2025-05-28 17:53:25,896 [INFO] WebApp:189 - Connection lost
2025-05-28 17:53:26,108 [INFO] WebApp:186 - Connection restablished
2025-05-28 17:53:29,283 [INFO] WebApp:189 - Connection lost
2025-05-28 17:53:29,489 [INFO] WebApp:186 - Connection restablished
2025-05-28 18:20:29,179 [ERROR] LogOutputStream:75 - [STDERR_REDIRECT] 
