2025-04-27 21:51:40,626 [INFO] Activator:176 - 


2025-04-27 21:51:40,631 [INFO] Activator:177 - !SESSION log4j initialized
2025-04-27 21:51:50,385 [INFO] LogOutputStream:77 - [STDOUT_REDIRECT] 
2025-04-27 21:51:52,021 [INFO] ApplicationProperties:184 - Using Application install path: C:\ST\STM32CubeIDE_1.16.1\STM32CubeIDE\plugins\com.st.stm32cube.common.mx_6.12.1.202409122256
2025-04-27 21:51:52,045 [INFO] DbMcusXml:78 - Set database path to: C:\ST\STM32CubeIDE_1.16.1\STM32CubeIDE\plugins\com.st.stm32cube.common.mx_6.12.1.202409122256\\db\/mcu/
2025-04-27 21:51:52,046 [INFO] ApiDb:274 - Set plugin database path to: C:\ST\STM32CubeIDE_1.16.1\STM32CubeIDE\plugins\com.st.stm32cube.common.mx_6.12.1.202409122256\\db\/plugins/boardmanager/
2025-04-27 21:51:52,046 [WARN] ApiDb:259 - Overriding images path with different value:  => C:\ST\STM32CubeIDE_1.16.1\STM32CubeIDE\plugins\com.st.stm32cube.common.mx_6.12.1.202409122256\\db\/plugins/mcufinder/images/
2025-04-27 21:51:52,070 [INFO] ApiDb:250 - Set database path to: C:\Users\kjeya\.stmcufinder\plugins\mcufinder//mcu/
2025-04-27 21:51:52,072 [INFO] DbMcusAds:125 - Set database path to: C:\Users\kjeya\.stmcufinder\plugins\mcufinder//mcu/
2025-04-27 21:51:52,075 [INFO] CrossReferenceDbSqlite:203 - Set database path to: C:\Users\kjeya\.stmcufinder\plugins\mcufinder//mcu/cs/
2025-04-27 21:51:52,240 [INFO] RulesReader:64 - Compatibility file has been processed (297 Rules)
2025-04-27 21:51:52,344 [INFO] DbMcusXml:78 - Set database path to: C:\ST\STM32CubeIDE_1.16.1\STM32CubeIDE\plugins\com.st.stm32cube.common.mx_6.12.1.202409122256\\db\/mcu/
2025-04-27 21:51:52,344 [INFO] ApiDb:274 - Set plugin database path to: C:\ST\STM32CubeIDE_1.16.1\STM32CubeIDE\plugins\com.st.stm32cube.common.mx_6.12.1.202409122256\\db\/plugins/boardmanager/
2025-04-27 21:51:52,344 [INFO] ApiDb:261 - Set plugin images path to: C:\ST\STM32CubeIDE_1.16.1\STM32CubeIDE\plugins\com.st.stm32cube.common.mx_6.12.1.202409122256\\db\/plugins/mcufinder/images/
2025-04-27 21:51:52,344 [WARN] DbFile:41 - Overriding database path with different value: C:\Users\kjeya\.stmcufinder\plugins\mcufinder/ => C:\Users\kjeya\.stmcufinder\plugins\mcufinder
2025-04-27 21:51:52,345 [INFO] ApiDb:250 - Set database path to: C:\Users\kjeya\.stmcufinder\plugins\mcufinder//mcu/
2025-04-27 21:51:52,345 [WARN] DbFile:41 - Overriding database path with different value: C:\Users\kjeya\.stmcufinder\plugins\mcufinder/ => C:\Users\kjeya\.stmcufinder\plugins\mcufinder
2025-04-27 21:51:52,345 [INFO] DbMcusAds:125 - Set database path to: C:\Users\kjeya\.stmcufinder\plugins\mcufinder//mcu/
2025-04-27 21:51:52,345 [WARN] DbFile:41 - Overriding database path with different value: C:\Users\kjeya\.stmcufinder\plugins\mcufinder/ => C:\Users\kjeya\.stmcufinder\plugins\mcufinder
2025-04-27 21:51:52,345 [WARN] DbFile:41 - Overriding database path with different value: C:\Users\kjeya\.stmcufinder\plugins\mcufinder/ => C:\Users\kjeya\.stmcufinder\plugins\mcufinder
2025-04-27 21:51:52,345 [INFO] CrossReferenceDbSqlite:203 - Set database path to: C:\Users\kjeya\.stmcufinder\plugins\mcufinder//mcu/cs/
2025-04-27 21:51:52,457 [INFO] MainPanel:268 - HeapMemory: 268435456
2025-04-27 21:51:52,613 [INFO] DbMcusXml:78 - Set database path to: C:\ST\STM32CubeIDE_1.16.1\STM32CubeIDE\plugins\com.st.stm32cube.common.mx_6.12.1.202409122256\\db\/mcu/
2025-04-27 21:51:52,613 [INFO] ApiDb:274 - Set plugin database path to: C:\ST\STM32CubeIDE_1.16.1\STM32CubeIDE\plugins\com.st.stm32cube.common.mx_6.12.1.202409122256\\db\/plugins/boardmanager/
2025-04-27 21:51:52,613 [INFO] ApiDb:261 - Set plugin images path to: C:\ST\STM32CubeIDE_1.16.1\STM32CubeIDE\plugins\com.st.stm32cube.common.mx_6.12.1.202409122256\\db\/plugins/mcufinder/images/
2025-04-27 21:51:52,613 [WARN] DbFile:41 - Overriding database path with different value: C:\Users\kjeya\.stmcufinder\plugins\mcufinder/ => C:\Users\kjeya\.stmcufinder\plugins\mcufinder
2025-04-27 21:51:52,613 [INFO] ApiDb:250 - Set database path to: C:\Users\kjeya\.stmcufinder\plugins\mcufinder//mcu/
2025-04-27 21:51:52,613 [WARN] DbFile:41 - Overriding database path with different value: C:\Users\kjeya\.stmcufinder\plugins\mcufinder/ => C:\Users\kjeya\.stmcufinder\plugins\mcufinder
2025-04-27 21:51:52,614 [INFO] DbMcusAds:125 - Set database path to: C:\Users\kjeya\.stmcufinder\plugins\mcufinder//mcu/
2025-04-27 21:51:52,614 [WARN] DbFile:41 - Overriding database path with different value: C:\Users\kjeya\.stmcufinder\plugins\mcufinder/ => C:\Users\kjeya\.stmcufinder\plugins\mcufinder
2025-04-27 21:51:52,614 [WARN] DbFile:41 - Overriding database path with different value: C:\Users\kjeya\.stmcufinder\plugins\mcufinder/ => C:\Users\kjeya\.stmcufinder\plugins\mcufinder
2025-04-27 21:51:52,614 [INFO] CrossReferenceDbSqlite:203 - Set database path to: C:\Users\kjeya\.stmcufinder\plugins\mcufinder//mcu/cs/
2025-04-27 21:51:52,642 [INFO] ApplicationProperties:184 - Using Application install path: C:\ST\STM32CubeIDE_1.16.1\STM32CubeIDE\plugins\com.st.stm32cube.common.mx_6.12.1.202409122256
2025-04-27 21:51:52,644 [INFO] PluginManage:196 - Search for loadable plugins [exclusion list=, ]
2025-04-27 21:51:52,646 [INFO] PluginManage:310 - Check plugin analytics
2025-04-27 21:51:52,942 [INFO] AnalyticsPlugin:253 - Accepted Software Licenses: STM32CubeMX.6.11.1,STM32CubeMX.6.13.0
2025-04-27 21:51:52,943 [INFO] AnalyticsPlugin:255 - Accepted CMSIS Pack Licenses: STMicroelectronics.X-CUBE-TOUCHGFX.4.24.0,WES.I-CUBE-Cesium.1.3.0,STMicroelectronics.X-CUBE-TOUCHGFX.4.24.2
2025-04-27 21:51:52,943 [INFO] AnalyticsPlugin:257 - Accepted Firmware Licenses: FW.F4.1.28.0,FW.L4.1.18.0,FW.WL.1.3.0,FW.H7.1.11.0,FW.H7.1.12.0
2025-04-27 21:51:52,949 [INFO] PluginManage:359 - Loaded plugin analytics (category:tool,tabindex:-1)
2025-04-27 21:51:52,950 [INFO] PluginManage:310 - Check plugin cadmodel
2025-04-27 21:51:52,978 [INFO] CADModel:105 - Init CAD model plugin
2025-04-27 21:51:52,978 [INFO] PluginManage:359 - Loaded plugin cadmodel (category:power,tabindex:5)
2025-04-27 21:51:52,978 [INFO] PluginManage:310 - Check plugin clock
2025-04-27 21:51:53,013 [INFO] PluginManage:359 - Loaded plugin clock (category:base,tabindex:2)
2025-04-27 21:51:53,014 [INFO] PluginManage:310 - Check plugin ddr
2025-04-27 21:51:53,019 [INFO] PluginManage:359 - Loaded plugin ddr (category:tool,tabindex:6)
2025-04-27 21:51:53,020 [INFO] PluginManage:310 - Check plugin filemanager
2025-04-27 21:51:53,255 [INFO] PluginManage:359 - Loaded plugin filemanager (category:base,tabindex:10)
2025-04-27 21:51:53,255 [INFO] PluginManage:310 - Check plugin ipmanager
2025-04-27 21:51:53,265 [INFO] PluginManage:359 - Loaded plugin ipmanager (category:base,tabindex:5)
2025-04-27 21:51:53,266 [INFO] PluginManage:310 - Check plugin lpbam
2025-04-27 21:51:53,289 [INFO] PluginManage:359 - Loaded plugin lpbam (category:base,tabindex:0)
2025-04-27 21:51:53,289 [INFO] PluginManage:310 - Check plugin memorymap
2025-04-27 21:51:53,316 [INFO] PluginManage:359 - Loaded plugin memorymap (category:base,tabindex:4)
2025-04-27 21:51:53,316 [INFO] PluginManage:310 - Check plugin pinoutandconfiguration
2025-04-27 21:51:53,340 [INFO] PluginManage:359 - Loaded plugin pinoutandconfiguration (category:base,tabindex:1)
2025-04-27 21:51:53,340 [INFO] PluginManage:310 - Check plugin pinoutconfig
2025-04-27 21:51:53,468 [WARN] SupportedApi:132 - Cannot load RTOS API schema: s4s-elt-must-match.1: The content of 'definitions' must match (annotation?, (simpleType | complexType)?, (unique | key | keyref)*)). A problem was found starting at: attribute.
2025-04-27 21:51:53,644 [INFO] PluginManage:359 - Loaded plugin pinoutconfig (category:base,tabindex:0)
2025-04-27 21:51:53,644 [INFO] PluginManage:310 - Check plugin power
2025-04-27 21:51:53,699 [INFO] PluginManage:359 - Loaded plugin power (category:power,tabindex:4)
2025-04-27 21:51:53,699 [INFO] PluginManage:310 - Check plugin projectmanager
2025-04-27 21:51:53,729 [INFO] PluginManage:359 - Loaded plugin projectmanager (category:projectmanager,tabindex:4)
2025-04-27 21:51:53,729 [INFO] PluginManage:310 - Check plugin rif
2025-04-27 21:51:53,760 [INFO] PluginManage:359 - Loaded plugin rif (category:base,tabindex:3)
2025-04-27 21:51:53,760 [INFO] PluginManage:310 - Check plugin thirdparty
2025-04-27 21:51:54,140 [INFO] PluginManage:359 - Loaded plugin thirdparty (category:base,tabindex:-1)
2025-04-27 21:51:54,140 [WARN] IntegrityCheckThread:84 - waiting for thirdparty lock release [integrity check]
2025-04-27 21:51:54,140 [INFO] PluginManage:310 - Check plugin tools
2025-04-27 21:51:54,140 [INFO] IntegrityCheckThread:86 - entering critical section [integrity check]
2025-04-27 21:51:54,141 [INFO] ThirdPartyUpdaterWithRetryManager:70 - Updater plugin not ready yet. [1/15]
2025-04-27 21:51:54,211 [INFO] PluginManage:359 - Loaded plugin tools (category:base,tabindex:7)
2025-04-27 21:51:54,211 [INFO] PluginManage:310 - Check plugin tutovideos
2025-04-27 21:51:54,474 [INFO] PluginManage:359 - Loaded plugin tutovideos (category:base,tabindex:-1)
2025-04-27 21:51:54,475 [INFO] PluginManage:310 - Check plugin updater
2025-04-27 21:51:54,497 [INFO] PluginManage:359 - Loaded plugin updater (category:base,tabindex:12)
2025-04-27 21:51:54,497 [INFO] PluginManage:310 - Check plugin userauth
2025-04-27 21:51:54,503 [INFO] UserAuth:113 - Init User Auth plugin
2025-04-27 21:51:54,503 [INFO] PluginManage:359 - Loaded plugin userauth (category:base,tabindex:14)
2025-04-27 21:51:54,504 [INFO] PluginManage:283 - PluginManage : Loaded plugins [18]
2025-04-27 21:51:54,783 [INFO] PinOutPanel:1561 - setPackage(No Configuration,No Configuration)
2025-04-27 21:51:54,918 [INFO] CADModel:165 - CPN selected for project level
2025-04-27 21:51:54,919 [INFO] CADModel:114 - Register for checkConnection events
2025-04-27 21:51:54,962 [INFO] IPUIPlugin:80 - create IPUIPlugin
2025-04-27 21:51:54,962 [INFO] PluginManager:220 - loadIPPluginJar : add adc
2025-04-27 21:51:55,029 [INFO] IPUIPlugin:80 - create IPUIPlugin
2025-04-27 21:51:55,029 [INFO] PluginManager:220 - loadIPPluginJar : add aes
2025-04-27 21:51:55,099 [INFO] IPUIPlugin:80 - create IPUIPlugin
2025-04-27 21:51:55,099 [INFO] PluginManager:220 - loadIPPluginJar : add can
2025-04-27 21:51:55,142 [INFO] IPUIPlugin:80 - create IPUIPlugin
2025-04-27 21:51:55,142 [INFO] PluginManager:220 - loadIPPluginJar : add comp
2025-04-27 21:51:55,188 [INFO] IPUIPlugin:80 - create IPUIPlugin
2025-04-27 21:51:55,188 [INFO] PluginManager:220 - loadIPPluginJar : add cryp
2025-04-27 21:51:55,203 [INFO] IPUIPlugin:80 - create IPUIPlugin
2025-04-27 21:51:55,203 [INFO] PluginManager:220 - loadIPPluginJar : add ddr_ctrl_phy
2025-04-27 21:51:55,255 [INFO] IPUIPlugin:80 - create IPUIPlugin
2025-04-27 21:51:55,255 [INFO] PluginManager:220 - loadIPPluginJar : add dfsdm
2025-04-27 21:51:55,275 [INFO] IPUIPlugin:80 - create IPUIPlugin
2025-04-27 21:51:55,276 [INFO] PluginManager:220 - loadIPPluginJar : add dma
2025-04-27 21:51:55,353 [INFO] IPUIPlugin:80 - create IPUIPlugin
2025-04-27 21:51:55,355 [INFO] PluginManager:220 - loadIPPluginJar : add dma3
2025-04-27 21:51:55,431 [INFO] IPUIPlugin:80 - create IPUIPlugin
2025-04-27 21:51:55,431 [INFO] PluginManager:220 - loadIPPluginJar : add extmemmanager
2025-04-27 21:51:55,465 [INFO] IPUIPlugin:80 - create IPUIPlugin
2025-04-27 21:51:55,465 [INFO] PluginManager:220 - loadIPPluginJar : add fatfs
2025-04-27 21:51:55,521 [INFO] IPUIPlugin:80 - create IPUIPlugin
2025-04-27 21:51:55,522 [INFO] PluginManager:220 - loadIPPluginJar : add fmc
2025-04-27 21:51:55,540 [INFO] IPUIPlugin:80 - create IPUIPlugin
2025-04-27 21:51:55,541 [INFO] PluginManager:220 - loadIPPluginJar : add freertos
2025-04-27 21:51:55,573 [INFO] IPUIPlugin:80 - create IPUIPlugin
2025-04-27 21:51:55,573 [INFO] PluginManager:220 - loadIPPluginJar : add genericplugin
2025-04-27 21:51:55,725 [INFO] IPUIPlugin:80 - create IPUIPlugin
2025-04-27 21:51:55,725 [INFO] PluginManager:220 - loadIPPluginJar : add gfxmmu
2025-04-27 21:51:55,953 [INFO] IPUIPlugin:80 - create IPUIPlugin
2025-04-27 21:51:55,953 [INFO] PluginManager:220 - loadIPPluginJar : add gic
2025-04-27 21:51:55,972 [INFO] IPUIPlugin:80 - create IPUIPlugin
2025-04-27 21:51:55,972 [INFO] PluginManager:220 - loadIPPluginJar : add gpio
2025-04-27 21:51:56,119 [INFO] IPUIPlugin:80 - create IPUIPlugin
2025-04-27 21:51:56,119 [INFO] PluginManager:220 - loadIPPluginJar : add gtzc
2025-04-27 21:51:56,171 [INFO] IPUIPlugin:80 - create IPUIPlugin
2025-04-27 21:51:56,171 [INFO] PluginManager:220 - loadIPPluginJar : add hash
2025-04-27 21:51:56,256 [INFO] IPUIPlugin:80 - create IPUIPlugin
2025-04-27 21:51:56,256 [INFO] PluginManager:220 - loadIPPluginJar : add i2c
2025-04-27 21:51:56,319 [INFO] IPUIPlugin:80 - create IPUIPlugin
2025-04-27 21:51:56,319 [INFO] PluginManager:220 - loadIPPluginJar : add i2s
2025-04-27 21:51:56,374 [INFO] IPUIPlugin:80 - create IPUIPlugin
2025-04-27 21:51:56,374 [INFO] PluginManager:220 - loadIPPluginJar : add i3c
2025-04-27 21:51:56,502 [INFO] IPUIPlugin:80 - create IPUIPlugin
2025-04-27 21:51:56,502 [INFO] PluginManager:220 - loadIPPluginJar : add ipddr
2025-04-27 21:51:56,622 [INFO] IPUIPlugin:80 - create IPUIPlugin
2025-04-27 21:51:56,622 [INFO] PluginManager:220 - loadIPPluginJar : add linkedlist
2025-04-27 21:51:56,672 [INFO] IPUIPlugin:80 - create IPUIPlugin
2025-04-27 21:51:56,672 [INFO] PluginManager:220 - loadIPPluginJar : add lorawan
2025-04-27 21:51:56,734 [INFO] IPUIPlugin:80 - create IPUIPlugin
2025-04-27 21:51:56,734 [INFO] PluginManager:220 - loadIPPluginJar : add ltdc
2025-04-27 21:51:56,756 [INFO] IPUIPlugin:80 - create IPUIPlugin
2025-04-27 21:51:56,756 [INFO] PluginManager:220 - loadIPPluginJar : add mdma
2025-04-27 21:51:56,773 [INFO] IPUIPlugin:80 - create IPUIPlugin
2025-04-27 21:51:56,773 [INFO] PluginManager:220 - loadIPPluginJar : add nvic
2025-04-27 21:51:56,833 [INFO] IPUIPlugin:80 - create IPUIPlugin
2025-04-27 21:51:56,833 [INFO] PluginManager:220 - loadIPPluginJar : add opamp
2025-04-27 21:51:56,946 [INFO] IPUIPlugin:80 - create IPUIPlugin
2025-04-27 21:51:56,946 [INFO] PluginManager:220 - loadIPPluginJar : add openamp
2025-04-27 21:51:57,021 [INFO] IPUIPlugin:80 - create IPUIPlugin
2025-04-27 21:51:57,021 [INFO] PluginManager:220 - loadIPPluginJar : add pdm2pcm
2025-04-27 21:51:57,040 [INFO] IPUIPlugin:80 - create IPUIPlugin
2025-04-27 21:51:57,043 [INFO] PluginManager:220 - loadIPPluginJar : add plateformsettings
2025-04-27 21:51:57,078 [INFO] IPUIPlugin:80 - create IPUIPlugin
2025-04-27 21:51:57,078 [INFO] PluginManager:220 - loadIPPluginJar : add quadspi
2025-04-27 21:51:57,119 [INFO] IPUIPlugin:80 - create IPUIPlugin
2025-04-27 21:51:57,120 [INFO] PluginManager:220 - loadIPPluginJar : add radio
2025-04-27 21:51:57,139 [INFO] IPUIPlugin:80 - create IPUIPlugin
2025-04-27 21:51:57,139 [INFO] PluginManager:220 - loadIPPluginJar : add resmgrutility
2025-04-27 21:51:57,143 [INFO] ThirdPartyUpdaterWithRetryManager:70 - Updater plugin not ready yet. [2/15]
2025-04-27 21:51:57,216 [INFO] IPUIPlugin:80 - create IPUIPlugin
2025-04-27 21:51:57,216 [INFO] PluginManager:220 - loadIPPluginJar : add sai
2025-04-27 21:51:57,274 [INFO] IPUIPlugin:80 - create IPUIPlugin
2025-04-27 21:51:57,274 [INFO] PluginManager:220 - loadIPPluginJar : add spi
2025-04-27 21:51:57,386 [INFO] IPUIPlugin:80 - create IPUIPlugin
2025-04-27 21:51:57,386 [INFO] PluginManager:220 - loadIPPluginJar : add stm32_wpan
2025-04-27 21:51:57,424 [INFO] IPUIPlugin:80 - create IPUIPlugin
2025-04-27 21:51:57,424 [INFO] PluginManager:220 - loadIPPluginJar : add tim
2025-04-27 21:51:57,517 [INFO] IPUIPlugin:80 - create IPUIPlugin
2025-04-27 21:51:57,517 [INFO] PluginManager:220 - loadIPPluginJar : add touchsensing
2025-04-27 21:51:57,558 [INFO] IPUIPlugin:80 - create IPUIPlugin
2025-04-27 21:51:57,559 [INFO] PluginManager:220 - loadIPPluginJar : add tracer_emb
2025-04-27 21:51:57,596 [INFO] IPUIPlugin:80 - create IPUIPlugin
2025-04-27 21:51:57,597 [INFO] PluginManager:220 - loadIPPluginJar : add ts
2025-04-27 21:51:57,628 [INFO] IPUIPlugin:80 - create IPUIPlugin
2025-04-27 21:51:57,629 [INFO] PluginManager:220 - loadIPPluginJar : add tsc
2025-04-27 21:51:57,660 [INFO] IPUIPlugin:80 - create IPUIPlugin
2025-04-27 21:51:57,660 [INFO] PluginManager:220 - loadIPPluginJar : add ucpd
2025-04-27 21:51:57,731 [INFO] IPUIPlugin:80 - create IPUIPlugin
2025-04-27 21:51:57,731 [INFO] PluginManager:220 - loadIPPluginJar : add usart
2025-04-27 21:51:57,801 [INFO] IPUIPlugin:80 - create IPUIPlugin
2025-04-27 21:51:57,801 [INFO] PluginManager:220 - loadIPPluginJar : add usbx
2025-04-27 21:51:57,935 [INFO] CADModel:165 - CPN selected for project level
2025-04-27 21:51:57,935 [INFO] CADModel:114 - Register for checkConnection events
2025-04-27 21:51:57,936 [FATAL] Updater:334 - Updater called before beeing initialized
2025-04-27 21:51:57,936 [ERROR] CADModel:125 - Updater not yet initialized, retry later 
2025-04-27 21:51:58,127 [INFO] CADModel:165 - CPN selected for project level
2025-04-27 21:51:58,127 [INFO] CADModel:114 - Register for checkConnection events
2025-04-27 21:51:58,127 [FATAL] Updater:334 - Updater called before beeing initialized
2025-04-27 21:51:58,127 [ERROR] CADModel:125 - Updater not yet initialized, retry later 
2025-04-27 21:51:58,130 [FATAL] Updater:334 - Updater called before beeing initialized
2025-04-27 21:51:58,273 [FATAL] Updater:334 - Updater called before beeing initialized
2025-04-27 21:51:58,289 [INFO] DbMcusAds:53 - JSON generation date=Thu Mar 06 20:24:21 IST 2025 (1741272861825)
2025-04-27 21:51:58,289 [FATAL] Updater:334 - Updater called before beeing initialized
2025-04-27 21:51:58,335 [WARN] DetailPanel:346 - Failed to get advertising image, set to default
2025-04-27 21:51:58,432 [FATAL] Updater:334 - Updater called before beeing initialized
2025-04-27 21:51:58,434 [FATAL] Updater:334 - Updater called before beeing initialized
2025-04-27 21:51:58,434 [FATAL] Updater:334 - Updater called before beeing initialized
2025-04-27 21:51:58,434 [WARN] DetailPanel:346 - Failed to get advertising image, set to default
2025-04-27 21:51:58,435 [FATAL] Updater:334 - Updater called before beeing initialized
2025-04-27 21:51:58,521 [ERROR] Updater:1164 - MainUpdater not yet initialized. External WinMGr cannot be set.
2025-04-27 21:51:58,540 [INFO] Updater:1100 - Updater Version found : 6.12.1
2025-04-27 21:51:58,573 [INFO] ApplicationProperties:184 - Using Application install path: C:\ST\STM32CubeIDE_1.16.1\STM32CubeIDE\plugins\com.st.stm32cube.common.mx_6.12.1.202409122256
2025-04-27 21:52:00,143 [INFO] ThirdPartyUpdaterWithRetryManager:70 - Updater plugin not ready yet. [3/15]
2025-04-27 21:52:00,163 [ERROR] LogOutputStream:75 - [STDERR_REDIRECT] Apr 27, 2025 9:52:00 PM java.util.prefs.WindowsPreferences <init>
2025-04-27 21:52:00,164 [ERROR] LogOutputStream:75 - [STDERR_REDIRECT] WARNING: Could not open/create prefs root node Software\JavaSoft\Prefs at root 0xffffffff80000002. Windows RegCreateKeyEx(...) returned error code 5.
2025-04-27 21:52:00,165 [ERROR] LogOutputStream:75 - [STDERR_REDIRECT] 
2025-04-27 21:52:00,984 [INFO] MainUpdater:2873 - connection check result : 10
2025-04-27 21:52:00,984 [INFO] MainUpdater:3567 - Updater definition file requires update
2025-04-27 21:52:00,985 [INFO] MainUpdater:290 - Updater Check For Update Now.
2025-04-27 21:52:00,986 [INFO] MicroXplorer:498 - Change Database Version : DB.6.0.121
2025-04-27 21:52:01,009 [INFO] McuFinderGlobals:63 - Set McuFinder mode to 2 (CubeIDE integrated)
2025-04-27 21:52:01,018 [INFO] UserAuth:417 - Internet connection configuration mode: 1
2025-04-27 21:52:01,051 [INFO] JxBrowserEngine:152 - Initiate JxBrowser Engine with user profile folder
2025-04-27 21:52:02,234 [INFO] ServerAccessManage:473 - Download File updaters.zip
2025-04-27 21:52:02,456 [INFO] FileExtend:240 - Unzip File : updaters.zip
2025-04-27 21:52:02,456 [INFO] FileExtend:255 - Standard Zip Deflate
2025-04-27 21:52:03,178 [WARN] MainUpdater:1194 - Updater busy. Cannot search thirdparties
2025-04-27 21:52:03,181 [INFO] ThirdPartyUpdaterWithRetryManager:96 - Updater plugin is busy. [1/15]
2025-04-27 21:52:04,050 [INFO] ServerAccessManage:473 - Download File PacksControlFlags.xml
2025-04-27 21:52:04,804 [INFO] ServerAccessManage:473 - Download File cubemx.pidx
2025-04-27 21:52:05,189 [INFO] LoadServerUpdatesThread:375 - End of LoadServerUpdate Thread
2025-04-27 21:52:05,463 [INFO] CheckServerUpdateThread:120 - End of CheckServer Thread
2025-04-27 21:52:06,843 [WARN] PackLoader:240 - Cannot read IP mode file for STMicroelectronics.FP-SNS-MOTENVWB1.1.4.0
2025-04-27 21:52:06,872 [WARN] PackLoader:240 - Cannot read IP mode file for STMicroelectronics.FP-ATR-ASTRA1.2.0.2
2025-04-27 21:52:06,899 [WARN] PackLoader:240 - Cannot read IP mode file for STMicroelectronics.FP-ATR-ASTRA1.2.0.1
2025-04-27 21:52:06,918 [INFO] WebApp:167 - Instantiating new browser for Auth
2025-04-27 21:52:06,937 [WARN] PackLoader:240 - Cannot read IP mode file for STMicroelectronics.X-CUBE-SMBUS.2.1.0
2025-04-27 21:52:06,991 [WARN] PackLoader:240 - Cannot read IP mode file for STMicroelectronics.X-CUBE-WB05N.1.1.0
2025-04-27 21:52:07,109 [WARN] PackLoader:240 - Cannot read IP mode file for STMicroelectronics.X-CUBE-AZRTOS-F7.1.1.0
2025-04-27 21:52:07,152 [WARN] PackLoader:240 - Cannot read IP mode file for STMicroelectronics.FP-SNS-FLIGHT1.5.0.2
2025-04-27 21:52:07,230 [WARN] PackLoader:240 - Cannot read IP mode file for Infineon.AIROC-Wi-Fi-Bluetooth-STM32.1.7.0
2025-04-27 21:52:07,291 [WARN] PackLoader:240 - Cannot read IP mode file for STMicroelectronics.X-CUBE-DISPLAY.3.0.0
2025-04-27 21:52:07,338 [WARN] PackLoader:240 - Cannot read IP mode file for STMicroelectronics.X-CUBE-BLE1.7.0.0
2025-04-27 21:52:07,380 [WARN] PackLoader:240 - Cannot read IP mode file for STMicroelectronics.X-CUBE-NFC10.1.0.0
2025-04-27 21:52:07,425 [WARN] PackLoader:240 - Cannot read IP mode file for STMicroelectronics.X-CUBE-BLEMGR.4.0.0
2025-04-27 21:52:07,462 [WARN] PackLoader:240 - Cannot read IP mode file for emotas.I-CUBE-CANOPEN.1.3.0
2025-04-27 21:52:07,491 [WARN] PackLoader:240 - Cannot read IP mode file for STMicroelectronics.X-CUBE-AI.10.0.0
2025-04-27 21:52:07,517 [WARN] PackLoader:240 - Cannot read IP mode file for STMicroelectronics.FP-SNS-SMARTAG2.1.2.0
2025-04-27 21:52:07,540 [ERROR] Engine:466 - C:\Users\kjeya\.stm32cubemx\thirdparties\pdsc\STMicroelectronics.FP-SNS-FLIGHT1.5.1.0.pdsc: PDSC version is not supported
2025-04-27 21:52:07,664 [WARN] PackLoader:240 - Cannot read IP mode file for STMicroelectronics.X-CUBE-MEMS1.11.1.0
2025-04-27 21:52:08,006 [INFO] LogOutputStream:77 - [STDOUT_REDIRECT] 1 : Invalid condition id : UX_CORESTACK_Condition cause : null
2025-04-27 21:52:08,007 [INFO] LogOutputStream:77 - [STDOUT_REDIRECT] 1 : Invalid condition id : UX_CORESTACK_Condition cause : null
2025-04-27 21:52:08,011 [INFO] LogOutputStream:77 - [STDOUT_REDIRECT] 1 : Invalid condition id : UX_CORESTACK_Condition cause : null
2025-04-27 21:52:08,014 [INFO] LogOutputStream:77 - [STDOUT_REDIRECT] 1 : Invalid condition id : UX_CORESTACK_Condition cause : null
2025-04-27 21:52:08,016 [INFO] LogOutputStream:77 - [STDOUT_REDIRECT] 1 : Invalid condition id : UX_CORESTACK_Condition cause : null
2025-04-27 21:52:08,024 [WARN] PackLoader:240 - Cannot read IP mode file for STMicroelectronics.X-CUBE-AZRTOS-WL.2.0.0
2025-04-27 21:52:08,063 [WARN] PackLoader:240 - Cannot read IP mode file for STMicroelectronics.FP-SNS-MOTENV1.5.0.0
2025-04-27 21:52:08,098 [WARN] PackLoader:240 - Cannot read IP mode file for wolfSSL.I-CUBE-wolfMQTT.1.19.0
2025-04-27 21:52:08,149 [WARN] PackLoader:240 - Cannot read IP mode file for WES.I-CUBE-Cesium.1.3.0
2025-04-27 21:52:08,382 [WARN] PackLoader:240 - Cannot read IP mode file for STMicroelectronics.X-CUBE-BLE2.3.3.0
2025-04-27 21:52:08,420 [WARN] PackLoader:240 - Cannot read IP mode file for STMicroelectronics.X-CUBE-NFC9.1.0.0
2025-04-27 21:52:08,458 [WARN] PackLoader:240 - Cannot read IP mode file for STMicroelectronics.X-CUBE-BLE1.7.1.0
2025-04-27 21:52:08,625 [WARN] PackLoader:240 - Cannot read IP mode file for STMicroelectronics.X-CUBE-MEMS1.11.2.0
2025-04-27 21:52:08,965 [INFO] WebApp:448 - Apply proxy settings
2025-04-27 21:52:08,966 [INFO] WebApp:533 - Chromium requires no authentication
2025-04-27 21:52:08,993 [INFO] WebApp:476 - Direct internet connection detected
2025-04-27 21:52:08,996 [WARN] PackLoader:240 - Cannot read IP mode file for STMicroelectronics.X-CUBE-AZRTOS-G0.1.1.0
2025-04-27 21:52:09,039 [WARN] PackLoader:240 - Cannot read IP mode file for STMicroelectronics.X-CUBE-SAFEA1.1.2.2
2025-04-27 21:52:09,067 [INFO] WebApp:869 - Register for checkConnection events
2025-04-27 21:52:09,068 [INFO] WebApp:448 - Apply proxy settings
2025-04-27 21:52:09,068 [INFO] WebApp:533 - Chromium requires no authentication
2025-04-27 21:52:09,070 [INFO] WebApp:476 - Direct internet connection detected
2025-04-27 21:52:09,077 [WARN] PackLoader:240 - Cannot read IP mode file for STMicroelectronics.X-CUBE-NFC4.3.0.0
2025-04-27 21:52:09,124 [WARN] PackLoader:240 - Cannot read IP mode file for EmbeddedOffice.I-CUBE-FS-RTOS.1.0.1
2025-04-27 21:52:09,124 [ERROR] ConditionMgr:805 - Attr not supported : Dmpu
2025-04-27 21:52:09,124 [ERROR] ConditionMgr:805 - Attr not supported : Dmpu
2025-04-27 21:52:09,125 [ERROR] ConditionMgr:805 - Attr not supported : Dmpu
2025-04-27 21:52:09,125 [ERROR] ConditionMgr:805 - Attr not supported : Dmpu
2025-04-27 21:52:09,125 [ERROR] ConditionMgr:805 - Attr not supported : Dmpu
2025-04-27 21:52:09,125 [ERROR] ConditionMgr:805 - Attr not supported : Dmpu
2025-04-27 21:52:09,125 [ERROR] ConditionMgr:805 - Attr not supported : Dmpu
2025-04-27 21:52:09,126 [ERROR] ConditionMgr:805 - Attr not supported : Dmpu
2025-04-27 21:52:09,126 [ERROR] ConditionMgr:805 - Attr not supported : Dmpu
2025-04-27 21:52:09,126 [ERROR] ConditionMgr:805 - Attr not supported : Dmpu
2025-04-27 21:52:09,126 [ERROR] ConditionMgr:805 - Attr not supported : Dmpu
2025-04-27 21:52:09,126 [ERROR] ConditionMgr:805 - Attr not supported : Dmpu
2025-04-27 21:52:09,127 [ERROR] ConditionMgr:805 - Attr not supported : Dmpu
2025-04-27 21:52:09,127 [ERROR] ConditionMgr:805 - Attr not supported : Dmpu
2025-04-27 21:52:09,127 [ERROR] ConditionMgr:805 - Attr not supported : Dmpu
2025-04-27 21:52:09,127 [ERROR] ConditionMgr:805 - Attr not supported : Dmpu
2025-04-27 21:52:09,127 [ERROR] ConditionMgr:805 - Attr not supported : Dmpu
2025-04-27 21:52:09,127 [ERROR] ConditionMgr:805 - Attr not supported : Dmpu
2025-04-27 21:52:09,127 [ERROR] ConditionMgr:805 - Attr not supported : Dmpu
2025-04-27 21:52:09,127 [ERROR] ConditionMgr:805 - Attr not supported : Dmpu
2025-04-27 21:52:09,128 [ERROR] ConditionMgr:805 - Attr not supported : Dmpu
2025-04-27 21:52:09,128 [ERROR] ConditionMgr:805 - Attr not supported : Dmpu
2025-04-27 21:52:09,128 [ERROR] ConditionMgr:805 - Attr not supported : Dmpu
2025-04-27 21:52:09,128 [ERROR] ConditionMgr:805 - Attr not supported : Dmpu
2025-04-27 21:52:09,128 [ERROR] ConditionMgr:805 - Attr not supported : Dmpu
2025-04-27 21:52:09,128 [ERROR] ConditionMgr:805 - Attr not supported : Dmpu
2025-04-27 21:52:09,128 [ERROR] ConditionMgr:805 - Attr not supported : Dmpu
2025-04-27 21:52:09,128 [ERROR] ConditionMgr:805 - Attr not supported : Dmpu
2025-04-27 21:52:09,128 [ERROR] ConditionMgr:805 - Attr not supported : Dmpu
2025-04-27 21:52:09,129 [ERROR] ConditionMgr:805 - Attr not supported : Dmpu
2025-04-27 21:52:09,129 [ERROR] ConditionMgr:805 - Attr not supported : Dmpu
2025-04-27 21:52:09,129 [ERROR] ConditionMgr:805 - Attr not supported : Dmpu
2025-04-27 21:52:09,129 [ERROR] ConditionMgr:805 - Attr not supported : Dmpu
2025-04-27 21:52:09,129 [ERROR] ConditionMgr:805 - Attr not supported : Dmpu
2025-04-27 21:52:09,129 [ERROR] ConditionMgr:805 - Attr not supported : Dmpu
2025-04-27 21:52:09,129 [ERROR] ConditionMgr:805 - Attr not supported : Dmpu
2025-04-27 21:52:09,129 [ERROR] ConditionMgr:805 - Attr not supported : Dmpu
2025-04-27 21:52:09,129 [ERROR] ConditionMgr:805 - Attr not supported : Dmpu
2025-04-27 21:52:09,130 [ERROR] ConditionMgr:805 - Attr not supported : Dmpu
2025-04-27 21:52:09,130 [ERROR] ConditionMgr:805 - Attr not supported : Dmpu
2025-04-27 21:52:09,130 [ERROR] ConditionMgr:805 - Attr not supported : Dmpu
2025-04-27 21:52:09,130 [ERROR] ConditionMgr:805 - Attr not supported : Dmpu
2025-04-27 21:52:09,130 [ERROR] ConditionMgr:805 - Attr not supported : Dmpu
2025-04-27 21:52:09,130 [ERROR] ConditionMgr:805 - Attr not supported : Dmpu
2025-04-27 21:52:09,130 [ERROR] ConditionMgr:805 - Attr not supported : Dmpu
2025-04-27 21:52:09,131 [ERROR] ConditionMgr:805 - Attr not supported : Dmpu
2025-04-27 21:52:09,131 [ERROR] ConditionMgr:805 - Attr not supported : Dmpu
2025-04-27 21:52:09,131 [ERROR] ConditionMgr:805 - Attr not supported : Dmpu
2025-04-27 21:52:09,131 [ERROR] ConditionMgr:805 - Attr not supported : Dmpu
2025-04-27 21:52:09,131 [ERROR] ConditionMgr:805 - Attr not supported : Dmpu
2025-04-27 21:52:09,131 [ERROR] ConditionMgr:805 - Attr not supported : Dmpu
2025-04-27 21:52:09,131 [ERROR] ConditionMgr:805 - Attr not supported : Dmpu
2025-04-27 21:52:09,131 [ERROR] ConditionMgr:805 - Attr not supported : Dmpu
2025-04-27 21:52:09,133 [ERROR] ConditionMgr:805 - Attr not supported : Dmpu
2025-04-27 21:52:09,133 [ERROR] ConditionMgr:805 - Attr not supported : Dmpu
2025-04-27 21:52:09,133 [ERROR] ConditionMgr:805 - Attr not supported : Dmpu
2025-04-27 21:52:09,133 [ERROR] ConditionMgr:805 - Attr not supported : Dmpu
2025-04-27 21:52:09,133 [ERROR] ConditionMgr:805 - Attr not supported : Dmpu
2025-04-27 21:52:09,133 [ERROR] ConditionMgr:805 - Attr not supported : Dmpu
2025-04-27 21:52:09,133 [ERROR] ConditionMgr:805 - Attr not supported : Dmpu
2025-04-27 21:52:09,134 [ERROR] ConditionMgr:805 - Attr not supported : Dmpu
2025-04-27 21:52:09,134 [ERROR] ConditionMgr:805 - Attr not supported : Dmpu
2025-04-27 21:52:09,134 [ERROR] ConditionMgr:805 - Attr not supported : Dmpu
2025-04-27 21:52:09,134 [ERROR] ConditionMgr:805 - Attr not supported : Dmpu
2025-04-27 21:52:09,167 [WARN] PackLoader:240 - Cannot read IP mode file for STMicroelectronics.X-CUBE-WB05N.2.0.0
2025-04-27 21:52:09,199 [ERROR] Engine:466 - C:\Users\kjeya\.stm32cubemx\thirdparties\pdsc\STMicroelectronics.X-CUBE-TCPP.4.2.0.pdsc: PDSC version is not supported
2025-04-27 21:52:09,230 [WARN] PackLoader:240 - Cannot read IP mode file for RealThread.X-CUBE-RT-Thread_Nano.4.1.1
2025-04-27 21:52:09,260 [WARN] PackLoader:240 - Cannot read IP mode file for STMicroelectronics.FP-ATR-SIGFOX1.3.2.0
2025-04-27 21:52:09,291 [WARN] ConditionMgr:438 - getConditionDescription Invalid condition id : Cortex-A Device cause : null
2025-04-27 21:52:09,330 [WARN] ConditionMgr:1039 - genDependencies : Invalid condition id : Cortex-A Device cause : null
2025-04-27 21:52:09,331 [WARN] ConditionMgr:1039 - genDependencies : Invalid condition id : Cortex-A Device cause : null
2025-04-27 21:52:09,331 [WARN] ConditionMgr:1039 - genDependencies : Invalid condition id : Cortex-A Device cause : null
2025-04-27 21:52:09,366 [WARN] PackLoader:240 - Cannot read IP mode file for STMicroelectronics.X-CUBE-EEPRMA1.5.1.0
2025-04-27 21:52:09,402 [WARN] PackLoader:240 - Cannot read IP mode file for wolfSSL.I-CUBE-wolfSSL.5.7.4
2025-04-27 21:52:09,444 [WARN] PackLoader:240 - Cannot read IP mode file for ITTIA_DB.I-CUBE-ITTIADB.8.9.0
2025-04-27 21:52:09,463 [INFO] WebApp:186 - Connection restablished
2025-04-27 21:52:09,541 [WARN] PackLoader:240 - Cannot read IP mode file for SEGGER.I-CUBE-embOS.1.3.1
2025-04-27 21:52:09,636 [INFO] WebApp:220 - Starting web application
2025-04-27 21:52:09,637 [INFO] WebApp:578 - Web application path used C:\ST\STM32CubeIDE_1.16.1\STM32CubeIDE\plugins\com.st.stm32cube.common.mx_6.12.1.202409122256\db\plugins\mcufinder\reactClient1\index.html
2025-04-27 21:52:09,642 [WARN] PackLoader:240 - Cannot read IP mode file for STMicroelectronics.X-CUBE-ALGOBUILD.1.4.0
2025-04-27 21:52:09,678 [WARN] PackLoader:240 - Cannot read IP mode file for STMicroelectronics.X-CUBE-AI.9.1.0
2025-04-27 21:52:09,747 [WARN] PackLoader:240 - Cannot read IP mode file for STMicroelectronics.X-CUBE-AZRTOS-F4.1.1.0
2025-04-27 21:52:09,782 [ERROR] Engine:466 - C:\Users\kjeya\.stm32cubemx\thirdparties\pdsc\Avnet-IotConnect.X-CUBE-IoTC-DA16k-PMOD.1.0.0.pdsc: PDSC version is not supported
2025-04-27 21:52:09,817 [WARN] PackLoader:240 - Cannot read IP mode file for STMicroelectronics.X-CUBE-ISPU.2.1.0
2025-04-27 21:52:09,886 [WARN] PackLoader:240 - Cannot read IP mode file for STMicroelectronics.X-CUBE-AZRTOS-L5.2.0.0
2025-04-27 21:52:09,935 [WARN] PackLoader:240 - Cannot read IP mode file for STMicroelectronics.X-CUBE-NFC6.3.1.0
2025-04-27 21:52:09,976 [WARN] PackLoader:240 - Cannot read IP mode file for STMicroelectronics.X-CUBE-DPower.1.2.0
2025-04-27 21:52:10,011 [WARN] PackLoader:240 - Cannot read IP mode file for STMicroelectronics.X-CUBE-FREERTOS.1.3.0
2025-04-27 21:52:10,049 [WARN] PackLoader:240 - Cannot read IP mode file for STMicroelectronics.X-CUBE-NFC7.1.0.1
2025-04-27 21:52:10,087 [WARN] PackLoader:240 - Cannot read IP mode file for STMicroelectronics.X-CUBE-DPower.1.3.0
2025-04-27 21:52:10,160 [WARN] ConditionMgr:438 - getConditionDescription Invalid condition id : LAN8742 Phy interface Condition cause : null
2025-04-27 21:52:10,162 [WARN] PackLoader:240 - Cannot read IP mode file for STMicroelectronics.X-CUBE-AZRTOS-L4.2.0.0
2025-04-27 21:52:10,165 [WARN] ConditionMgr:1039 - genDependencies : Invalid condition id : LAN8742 Phy interface Condition cause : null
2025-04-27 21:52:10,165 [WARN] ConditionMgr:1039 - genDependencies : Invalid condition id : LAN8742 Phy interface Condition cause : null
2025-04-27 21:52:10,167 [WARN] ConditionMgr:1039 - genDependencies : Invalid condition id : LAN8742 Phy interface Condition cause : null
2025-04-27 21:52:10,210 [WARN] PackLoader:240 - Cannot read IP mode file for STMicroelectronics.X-CUBE-SFXS2LP1.4.0.0
2025-04-27 21:52:10,296 [WARN] PackLoader:240 - Cannot read IP mode file for STMicroelectronics.X-CUBE-AZRTOS-H7.3.3.0
2025-04-27 21:52:10,299 [INFO] UserAuth:417 - Internet connection configuration mode: 1
2025-04-27 21:52:10,357 [WARN] PackLoader:240 - Cannot read IP mode file for STMicroelectronics.X-CUBE-IPS.3.0.0
2025-04-27 21:52:10,422 [WARN] ConditionMgr:438 - getConditionDescription Invalid condition id : UX DEVICE CLASS RTOS Condition cause : null
2025-04-27 21:52:10,423 [WARN] ConditionMgr:438 - getConditionDescription Invalid condition id : UX DEVICE CLASS RTOS Condition cause : null
2025-04-27 21:52:10,427 [WARN] PackLoader:240 - Cannot read IP mode file for STMicroelectronics.X-CUBE-AZRTOS-WB.2.0.0
2025-04-27 21:52:10,428 [WARN] ConditionMgr:1039 - genDependencies : Invalid condition id : UX DEVICE CLASS RTOS Condition cause : null
2025-04-27 21:52:10,429 [WARN] ConditionMgr:1039 - genDependencies : Invalid condition id : UX DEVICE CLASS RTOS Condition cause : null
2025-04-27 21:52:10,429 [WARN] ConditionMgr:1039 - genDependencies : Invalid condition id : UX DEVICE CLASS RTOS Condition cause : null
2025-04-27 21:52:10,430 [WARN] ConditionMgr:1039 - genDependencies : Invalid condition id : UX DEVICE CLASS RTOS Condition cause : null
2025-04-27 21:52:10,430 [WARN] ConditionMgr:1039 - genDependencies : Invalid condition id : UX DEVICE CLASS RTOS Condition cause : null
2025-04-27 21:52:10,469 [WARN] PackLoader:240 - Cannot read IP mode file for STMicroelectronics.X-CUBE-GNSS1.7.0.1
2025-04-27 21:52:10,527 [WARN] PackLoader:240 - Cannot read IP mode file for STMicroelectronics.X-CUBE-TOUCHGFX.4.25.0
2025-04-27 21:52:10,572 [WARN] PackLoader:240 - Cannot read IP mode file for STMicroelectronics.FP-SNS-STBOX1.2.0.0
2025-04-27 21:52:10,632 [WARN] PackLoader:240 - Cannot read IP mode file for STMicroelectronics.X-CUBE-SUBG2.5.0.0
2025-04-27 21:52:10,719 [WARN] PackLoader:240 - Cannot read IP mode file for STMicroelectronics.X-CUBE-AZRTOS-H7RS.1.1.0
2025-04-27 21:52:10,759 [WARN] PackLoader:240 - Cannot read IP mode file for Cesanta.I-CUBE-Mongoose.7.13.0
2025-04-27 21:52:10,823 [WARN] PackLoader:240 - Cannot read IP mode file for STMicroelectronics.X-CUBE-AZRTOS-G4.2.0.0
2025-04-27 21:52:10,866 [ERROR] Engine:466 - C:\Users\kjeya\.stm32cubemx\thirdparties\pdsc\STMicroelectronics.X-CUBE-IPS.3.1.0.pdsc: PDSC version is not supported
2025-04-27 21:52:10,901 [WARN] PackLoader:240 - Cannot read IP mode file for STMicroelectronics.X-CUBE-ALS.1.0.2
2025-04-27 21:52:10,937 [WARN] PackLoader:240 - Cannot read IP mode file for STMicroelectronics.X-CUBE-TOUCHGFX.4.24.0
2025-04-27 21:52:11,173 [WARN] PackLoader:240 - Cannot read IP mode file for STMicroelectronics.X-CUBE-TOUCHGFX.4.24.2
2025-04-27 21:52:11,358 [WARN] PackLoader:240 - Cannot read IP mode file for STMicroelectronics.X-CUBE-TOUCHGFX.4.24.1
2025-04-27 21:52:11,392 [WARN] PackLoader:240 - Cannot read IP mode file for wolfSSL.I-CUBE-wolfTPM.3.4.0
2025-04-27 21:52:11,428 [WARN] PackLoader:240 - Cannot read IP mode file for portGmbH.I-Cube-SoM-uGOAL.1.1.0
2025-04-27 21:52:11,500 [WARN] PackLoader:240 - Cannot read IP mode file for STMicroelectronics.X-CUBE-AZRTOS-H7RS.1.0.0
2025-04-27 21:52:11,555 [WARN] PackLoader:240 - Cannot read IP mode file for STMicroelectronics.X-CUBE-TOF1.3.4.2
2025-04-27 21:52:11,613 [ERROR] Engine:466 - C:\Users\kjeya\.stm32cubemx\thirdparties\pdsc\STMicroelectronics.X-CUBE-TOF1.3.4.3.pdsc: PDSC version is not supported
2025-04-27 21:52:11,644 [WARN] PackLoader:240 - Cannot read IP mode file for wolfSSL.I-CUBE-wolfSSH.1.4.17
2025-04-27 21:52:11,645 [INFO] ThirdParty:978 - Integrity check success = true
2025-04-27 21:52:11,646 [INFO] IntegrityCheckThread:100 - exiting critical section [integrity check]
2025-04-27 21:52:11,646 [INFO] IntegrityCheckThread:103 - End integrity checks thread
2025-04-27 23:06:35,094 [ERROR] LogOutputStream:75 - [STDERR_REDIRECT] 
2025-04-27 23:06:35,095 [ERROR] LogOutputStream:75 - [STDERR_REDIRECT] 
