2025-05-13 09:11:29,775 [INFO] Activator:176 - 


2025-05-13 09:11:29,781 [INFO] Activator:177 - !SESSION log4j initialized
2025-05-13 09:11:36,880 [INFO] LogOutputStream:77 - [STDOUT_REDIRECT] 
2025-05-13 09:11:38,383 [INFO] ApplicationProperties:184 - Using Application install path: C:\ST\STM32CubeIDE_1.16.1\STM32CubeIDE\plugins\com.st.stm32cube.common.mx_6.12.1.202409122256
2025-05-13 09:11:38,410 [INFO] DbMcusXml:78 - Set database path to: C:\ST\STM32CubeIDE_1.16.1\STM32CubeIDE\plugins\com.st.stm32cube.common.mx_6.12.1.202409122256\\db\/mcu/
2025-05-13 09:11:38,411 [INFO] ApiDb:274 - Set plugin database path to: C:\ST\STM32CubeIDE_1.16.1\STM32CubeIDE\plugins\com.st.stm32cube.common.mx_6.12.1.202409122256\\db\/plugins/boardmanager/
2025-05-13 09:11:38,411 [WARN] ApiDb:259 - Overriding images path with different value:  => C:\ST\STM32CubeIDE_1.16.1\STM32CubeIDE\plugins\com.st.stm32cube.common.mx_6.12.1.202409122256\\db\/plugins/mcufinder/images/
2025-05-13 09:11:38,424 [INFO] ApiDb:250 - Set database path to: C:\Users\kjeya\.stmcufinder\plugins\mcufinder//mcu/
2025-05-13 09:11:38,425 [INFO] DbMcusAds:125 - Set database path to: C:\Users\kjeya\.stmcufinder\plugins\mcufinder//mcu/
2025-05-13 09:11:38,429 [INFO] CrossReferenceDbSqlite:203 - Set database path to: C:\Users\kjeya\.stmcufinder\plugins\mcufinder//mcu/cs/
2025-05-13 09:11:38,588 [INFO] RulesReader:64 - Compatibility file has been processed (297 Rules)
2025-05-13 09:11:38,719 [INFO] DbMcusXml:78 - Set database path to: C:\ST\STM32CubeIDE_1.16.1\STM32CubeIDE\plugins\com.st.stm32cube.common.mx_6.12.1.202409122256\\db\/mcu/
2025-05-13 09:11:38,719 [INFO] ApiDb:274 - Set plugin database path to: C:\ST\STM32CubeIDE_1.16.1\STM32CubeIDE\plugins\com.st.stm32cube.common.mx_6.12.1.202409122256\\db\/plugins/boardmanager/
2025-05-13 09:11:38,719 [INFO] ApiDb:261 - Set plugin images path to: C:\ST\STM32CubeIDE_1.16.1\STM32CubeIDE\plugins\com.st.stm32cube.common.mx_6.12.1.202409122256\\db\/plugins/mcufinder/images/
2025-05-13 09:11:38,720 [WARN] DbFile:41 - Overriding database path with different value: C:\Users\kjeya\.stmcufinder\plugins\mcufinder/ => C:\Users\kjeya\.stmcufinder\plugins\mcufinder
2025-05-13 09:11:38,720 [INFO] ApiDb:250 - Set database path to: C:\Users\kjeya\.stmcufinder\plugins\mcufinder//mcu/
2025-05-13 09:11:38,721 [WARN] DbFile:41 - Overriding database path with different value: C:\Users\kjeya\.stmcufinder\plugins\mcufinder/ => C:\Users\kjeya\.stmcufinder\plugins\mcufinder
2025-05-13 09:11:38,721 [INFO] DbMcusAds:125 - Set database path to: C:\Users\kjeya\.stmcufinder\plugins\mcufinder//mcu/
2025-05-13 09:11:38,721 [WARN] DbFile:41 - Overriding database path with different value: C:\Users\kjeya\.stmcufinder\plugins\mcufinder/ => C:\Users\kjeya\.stmcufinder\plugins\mcufinder
2025-05-13 09:11:38,721 [WARN] DbFile:41 - Overriding database path with different value: C:\Users\kjeya\.stmcufinder\plugins\mcufinder/ => C:\Users\kjeya\.stmcufinder\plugins\mcufinder
2025-05-13 09:11:38,721 [INFO] CrossReferenceDbSqlite:203 - Set database path to: C:\Users\kjeya\.stmcufinder\plugins\mcufinder//mcu/cs/
2025-05-13 09:11:38,864 [INFO] MainPanel:268 - HeapMemory: 268435456
2025-05-13 09:11:39,015 [INFO] DbMcusXml:78 - Set database path to: C:\ST\STM32CubeIDE_1.16.1\STM32CubeIDE\plugins\com.st.stm32cube.common.mx_6.12.1.202409122256\\db\/mcu/
2025-05-13 09:11:39,015 [INFO] ApiDb:274 - Set plugin database path to: C:\ST\STM32CubeIDE_1.16.1\STM32CubeIDE\plugins\com.st.stm32cube.common.mx_6.12.1.202409122256\\db\/plugins/boardmanager/
2025-05-13 09:11:39,015 [INFO] ApiDb:261 - Set plugin images path to: C:\ST\STM32CubeIDE_1.16.1\STM32CubeIDE\plugins\com.st.stm32cube.common.mx_6.12.1.202409122256\\db\/plugins/mcufinder/images/
2025-05-13 09:11:39,016 [WARN] DbFile:41 - Overriding database path with different value: C:\Users\kjeya\.stmcufinder\plugins\mcufinder/ => C:\Users\kjeya\.stmcufinder\plugins\mcufinder
2025-05-13 09:11:39,016 [INFO] ApiDb:250 - Set database path to: C:\Users\kjeya\.stmcufinder\plugins\mcufinder//mcu/
2025-05-13 09:11:39,016 [WARN] DbFile:41 - Overriding database path with different value: C:\Users\kjeya\.stmcufinder\plugins\mcufinder/ => C:\Users\kjeya\.stmcufinder\plugins\mcufinder
2025-05-13 09:11:39,016 [INFO] DbMcusAds:125 - Set database path to: C:\Users\kjeya\.stmcufinder\plugins\mcufinder//mcu/
2025-05-13 09:11:39,016 [WARN] DbFile:41 - Overriding database path with different value: C:\Users\kjeya\.stmcufinder\plugins\mcufinder/ => C:\Users\kjeya\.stmcufinder\plugins\mcufinder
2025-05-13 09:11:39,016 [WARN] DbFile:41 - Overriding database path with different value: C:\Users\kjeya\.stmcufinder\plugins\mcufinder/ => C:\Users\kjeya\.stmcufinder\plugins\mcufinder
2025-05-13 09:11:39,017 [INFO] CrossReferenceDbSqlite:203 - Set database path to: C:\Users\kjeya\.stmcufinder\plugins\mcufinder//mcu/cs/
2025-05-13 09:11:39,046 [INFO] ApplicationProperties:184 - Using Application install path: C:\ST\STM32CubeIDE_1.16.1\STM32CubeIDE\plugins\com.st.stm32cube.common.mx_6.12.1.202409122256
2025-05-13 09:11:39,048 [INFO] PluginManage:196 - Search for loadable plugins [exclusion list=, ]
2025-05-13 09:11:39,051 [INFO] PluginManage:310 - Check plugin analytics
2025-05-13 09:11:39,373 [INFO] AnalyticsPlugin:253 - Accepted Software Licenses: STM32CubeMX.6.11.1,STM32CubeMX.6.13.0
2025-05-13 09:11:39,373 [INFO] AnalyticsPlugin:255 - Accepted CMSIS Pack Licenses: STMicroelectronics.X-CUBE-TOUCHGFX.4.24.0,WES.I-CUBE-Cesium.1.3.0,STMicroelectronics.X-CUBE-TOUCHGFX.4.24.2
2025-05-13 09:11:39,374 [INFO] AnalyticsPlugin:257 - Accepted Firmware Licenses: FW.F4.1.28.0,FW.L4.1.18.0,FW.WL.1.3.0,FW.H7.1.11.0,FW.H7.1.12.0
2025-05-13 09:11:39,380 [INFO] PluginManage:359 - Loaded plugin analytics (category:tool,tabindex:-1)
2025-05-13 09:11:39,381 [INFO] PluginManage:310 - Check plugin cadmodel
2025-05-13 09:11:39,392 [INFO] CADModel:105 - Init CAD model plugin
2025-05-13 09:11:39,392 [INFO] PluginManage:359 - Loaded plugin cadmodel (category:power,tabindex:5)
2025-05-13 09:11:39,393 [INFO] PluginManage:310 - Check plugin clock
2025-05-13 09:11:39,412 [INFO] PluginManage:359 - Loaded plugin clock (category:base,tabindex:2)
2025-05-13 09:11:39,412 [INFO] PluginManage:310 - Check plugin ddr
2025-05-13 09:11:39,416 [INFO] PluginManage:359 - Loaded plugin ddr (category:tool,tabindex:6)
2025-05-13 09:11:39,416 [INFO] PluginManage:310 - Check plugin filemanager
2025-05-13 09:11:39,641 [INFO] PluginManage:359 - Loaded plugin filemanager (category:base,tabindex:10)
2025-05-13 09:11:39,642 [INFO] PluginManage:310 - Check plugin ipmanager
2025-05-13 09:11:39,656 [INFO] PluginManage:359 - Loaded plugin ipmanager (category:base,tabindex:5)
2025-05-13 09:11:39,657 [INFO] PluginManage:310 - Check plugin lpbam
2025-05-13 09:11:39,669 [INFO] PluginManage:359 - Loaded plugin lpbam (category:base,tabindex:0)
2025-05-13 09:11:39,669 [INFO] PluginManage:310 - Check plugin memorymap
2025-05-13 09:11:39,693 [INFO] PluginManage:359 - Loaded plugin memorymap (category:base,tabindex:4)
2025-05-13 09:11:39,693 [INFO] PluginManage:310 - Check plugin pinoutandconfiguration
2025-05-13 09:11:39,706 [INFO] PluginManage:359 - Loaded plugin pinoutandconfiguration (category:base,tabindex:1)
2025-05-13 09:11:39,706 [INFO] PluginManage:310 - Check plugin pinoutconfig
2025-05-13 09:11:39,838 [WARN] SupportedApi:132 - Cannot load RTOS API schema: s4s-elt-must-match.1: The content of 'definitions' must match (annotation?, (simpleType | complexType)?, (unique | key | keyref)*)). A problem was found starting at: attribute.
2025-05-13 09:11:40,027 [INFO] PluginManage:359 - Loaded plugin pinoutconfig (category:base,tabindex:0)
2025-05-13 09:11:40,027 [INFO] PluginManage:310 - Check plugin power
2025-05-13 09:11:40,046 [INFO] PluginManage:359 - Loaded plugin power (category:power,tabindex:4)
2025-05-13 09:11:40,047 [INFO] PluginManage:310 - Check plugin projectmanager
2025-05-13 09:11:40,081 [INFO] PluginManage:359 - Loaded plugin projectmanager (category:projectmanager,tabindex:4)
2025-05-13 09:11:40,082 [INFO] PluginManage:310 - Check plugin rif
2025-05-13 09:11:40,097 [INFO] PluginManage:359 - Loaded plugin rif (category:base,tabindex:3)
2025-05-13 09:11:40,097 [INFO] PluginManage:310 - Check plugin thirdparty
2025-05-13 09:11:40,338 [WARN] IntegrityCheckThread:84 - waiting for thirdparty lock release [integrity check]
2025-05-13 09:11:40,340 [INFO] IntegrityCheckThread:86 - entering critical section [integrity check]
2025-05-13 09:11:40,340 [INFO] PluginManage:359 - Loaded plugin thirdparty (category:base,tabindex:-1)
2025-05-13 09:11:40,341 [INFO] PluginManage:310 - Check plugin tools
2025-05-13 09:11:40,341 [INFO] ThirdPartyUpdaterWithRetryManager:70 - Updater plugin not ready yet. [1/15]
2025-05-13 09:11:40,345 [INFO] PluginManage:359 - Loaded plugin tools (category:base,tabindex:7)
2025-05-13 09:11:40,346 [INFO] PluginManage:310 - Check plugin tutovideos
2025-05-13 09:11:40,631 [INFO] PluginManage:359 - Loaded plugin tutovideos (category:base,tabindex:-1)
2025-05-13 09:11:40,632 [INFO] PluginManage:310 - Check plugin updater
2025-05-13 09:11:40,655 [INFO] PluginManage:359 - Loaded plugin updater (category:base,tabindex:12)
2025-05-13 09:11:40,655 [INFO] PluginManage:310 - Check plugin userauth
2025-05-13 09:11:40,663 [INFO] UserAuth:113 - Init User Auth plugin
2025-05-13 09:11:40,664 [INFO] PluginManage:359 - Loaded plugin userauth (category:base,tabindex:14)
2025-05-13 09:11:40,665 [INFO] PluginManage:283 - PluginManage : Loaded plugins [18]
2025-05-13 09:11:41,004 [INFO] PinOutPanel:1561 - setPackage(No Configuration,No Configuration)
2025-05-13 09:11:41,137 [INFO] CADModel:165 - CPN selected for project level
2025-05-13 09:11:41,137 [INFO] CADModel:114 - Register for checkConnection events
2025-05-13 09:11:41,160 [INFO] IPUIPlugin:80 - create IPUIPlugin
2025-05-13 09:11:41,161 [INFO] PluginManager:220 - loadIPPluginJar : add adc
2025-05-13 09:11:41,164 [INFO] IPUIPlugin:80 - create IPUIPlugin
2025-05-13 09:11:41,165 [INFO] PluginManager:220 - loadIPPluginJar : add aes
2025-05-13 09:11:41,170 [INFO] IPUIPlugin:80 - create IPUIPlugin
2025-05-13 09:11:41,170 [INFO] PluginManager:220 - loadIPPluginJar : add can
2025-05-13 09:11:41,173 [INFO] IPUIPlugin:80 - create IPUIPlugin
2025-05-13 09:11:41,173 [INFO] PluginManager:220 - loadIPPluginJar : add comp
2025-05-13 09:11:41,177 [INFO] IPUIPlugin:80 - create IPUIPlugin
2025-05-13 09:11:41,177 [INFO] PluginManager:220 - loadIPPluginJar : add cryp
2025-05-13 09:11:41,181 [INFO] IPUIPlugin:80 - create IPUIPlugin
2025-05-13 09:11:41,182 [INFO] PluginManager:220 - loadIPPluginJar : add ddr_ctrl_phy
2025-05-13 09:11:41,185 [INFO] IPUIPlugin:80 - create IPUIPlugin
2025-05-13 09:11:41,185 [INFO] PluginManager:220 - loadIPPluginJar : add dfsdm
2025-05-13 09:11:41,193 [INFO] IPUIPlugin:80 - create IPUIPlugin
2025-05-13 09:11:41,194 [INFO] PluginManager:220 - loadIPPluginJar : add dma
2025-05-13 09:11:41,198 [INFO] IPUIPlugin:80 - create IPUIPlugin
2025-05-13 09:11:41,198 [INFO] PluginManager:220 - loadIPPluginJar : add dma3
2025-05-13 09:11:41,204 [INFO] IPUIPlugin:80 - create IPUIPlugin
2025-05-13 09:11:41,204 [INFO] PluginManager:220 - loadIPPluginJar : add extmemmanager
2025-05-13 09:11:41,206 [INFO] IPUIPlugin:80 - create IPUIPlugin
2025-05-13 09:11:41,206 [INFO] PluginManager:220 - loadIPPluginJar : add fatfs
2025-05-13 09:11:41,213 [INFO] IPUIPlugin:80 - create IPUIPlugin
2025-05-13 09:11:41,213 [INFO] PluginManager:220 - loadIPPluginJar : add fmc
2025-05-13 09:11:41,222 [INFO] IPUIPlugin:80 - create IPUIPlugin
2025-05-13 09:11:41,222 [INFO] PluginManager:220 - loadIPPluginJar : add freertos
2025-05-13 09:11:41,225 [INFO] IPUIPlugin:80 - create IPUIPlugin
2025-05-13 09:11:41,225 [INFO] PluginManager:220 - loadIPPluginJar : add genericplugin
2025-05-13 09:11:41,230 [INFO] IPUIPlugin:80 - create IPUIPlugin
2025-05-13 09:11:41,230 [INFO] PluginManager:220 - loadIPPluginJar : add gfxmmu
2025-05-13 09:11:41,243 [INFO] IPUIPlugin:80 - create IPUIPlugin
2025-05-13 09:11:41,244 [INFO] PluginManager:220 - loadIPPluginJar : add gic
2025-05-13 09:11:41,250 [INFO] IPUIPlugin:80 - create IPUIPlugin
2025-05-13 09:11:41,250 [INFO] PluginManager:220 - loadIPPluginJar : add gpio
2025-05-13 09:11:41,254 [INFO] IPUIPlugin:80 - create IPUIPlugin
2025-05-13 09:11:41,254 [INFO] PluginManager:220 - loadIPPluginJar : add gtzc
2025-05-13 09:11:41,258 [INFO] IPUIPlugin:80 - create IPUIPlugin
2025-05-13 09:11:41,258 [INFO] PluginManager:220 - loadIPPluginJar : add hash
2025-05-13 09:11:41,263 [INFO] IPUIPlugin:80 - create IPUIPlugin
2025-05-13 09:11:41,264 [INFO] PluginManager:220 - loadIPPluginJar : add i2c
2025-05-13 09:11:41,267 [INFO] IPUIPlugin:80 - create IPUIPlugin
2025-05-13 09:11:41,267 [INFO] PluginManager:220 - loadIPPluginJar : add i2s
2025-05-13 09:11:41,271 [INFO] IPUIPlugin:80 - create IPUIPlugin
2025-05-13 09:11:41,272 [INFO] PluginManager:220 - loadIPPluginJar : add i3c
2025-05-13 09:11:41,276 [INFO] IPUIPlugin:80 - create IPUIPlugin
2025-05-13 09:11:41,277 [INFO] PluginManager:220 - loadIPPluginJar : add ipddr
2025-05-13 09:11:41,288 [INFO] IPUIPlugin:80 - create IPUIPlugin
2025-05-13 09:11:41,288 [INFO] PluginManager:220 - loadIPPluginJar : add linkedlist
2025-05-13 09:11:41,292 [INFO] IPUIPlugin:80 - create IPUIPlugin
2025-05-13 09:11:41,292 [INFO] PluginManager:220 - loadIPPluginJar : add lorawan
2025-05-13 09:11:41,295 [INFO] IPUIPlugin:80 - create IPUIPlugin
2025-05-13 09:11:41,296 [INFO] PluginManager:220 - loadIPPluginJar : add ltdc
2025-05-13 09:11:41,306 [INFO] IPUIPlugin:80 - create IPUIPlugin
2025-05-13 09:11:41,306 [INFO] PluginManager:220 - loadIPPluginJar : add mdma
2025-05-13 09:11:41,311 [INFO] IPUIPlugin:80 - create IPUIPlugin
2025-05-13 09:11:41,311 [INFO] PluginManager:220 - loadIPPluginJar : add nvic
2025-05-13 09:11:41,315 [INFO] IPUIPlugin:80 - create IPUIPlugin
2025-05-13 09:11:41,315 [INFO] PluginManager:220 - loadIPPluginJar : add opamp
2025-05-13 09:11:41,318 [INFO] IPUIPlugin:80 - create IPUIPlugin
2025-05-13 09:11:41,318 [INFO] PluginManager:220 - loadIPPluginJar : add openamp
2025-05-13 09:11:41,324 [INFO] IPUIPlugin:80 - create IPUIPlugin
2025-05-13 09:11:41,324 [INFO] PluginManager:220 - loadIPPluginJar : add pdm2pcm
2025-05-13 09:11:41,333 [INFO] IPUIPlugin:80 - create IPUIPlugin
2025-05-13 09:11:41,335 [INFO] PluginManager:220 - loadIPPluginJar : add plateformsettings
2025-05-13 09:11:41,338 [INFO] IPUIPlugin:80 - create IPUIPlugin
2025-05-13 09:11:41,338 [INFO] PluginManager:220 - loadIPPluginJar : add quadspi
2025-05-13 09:11:41,340 [INFO] IPUIPlugin:80 - create IPUIPlugin
2025-05-13 09:11:41,341 [INFO] PluginManager:220 - loadIPPluginJar : add radio
2025-05-13 09:11:41,347 [INFO] IPUIPlugin:80 - create IPUIPlugin
2025-05-13 09:11:41,347 [INFO] PluginManager:220 - loadIPPluginJar : add resmgrutility
2025-05-13 09:11:41,352 [INFO] IPUIPlugin:80 - create IPUIPlugin
2025-05-13 09:11:41,352 [INFO] PluginManager:220 - loadIPPluginJar : add sai
2025-05-13 09:11:41,356 [INFO] IPUIPlugin:80 - create IPUIPlugin
2025-05-13 09:11:41,356 [INFO] PluginManager:220 - loadIPPluginJar : add spi
2025-05-13 09:11:41,363 [INFO] IPUIPlugin:80 - create IPUIPlugin
2025-05-13 09:11:41,363 [INFO] PluginManager:220 - loadIPPluginJar : add stm32_wpan
2025-05-13 09:11:41,365 [INFO] IPUIPlugin:80 - create IPUIPlugin
2025-05-13 09:11:41,365 [INFO] PluginManager:220 - loadIPPluginJar : add tim
2025-05-13 09:11:41,370 [INFO] IPUIPlugin:80 - create IPUIPlugin
2025-05-13 09:11:41,371 [INFO] PluginManager:220 - loadIPPluginJar : add touchsensing
2025-05-13 09:11:41,375 [INFO] IPUIPlugin:80 - create IPUIPlugin
2025-05-13 09:11:41,375 [INFO] PluginManager:220 - loadIPPluginJar : add tracer_emb
2025-05-13 09:11:41,378 [INFO] IPUIPlugin:80 - create IPUIPlugin
2025-05-13 09:11:41,378 [INFO] PluginManager:220 - loadIPPluginJar : add ts
2025-05-13 09:11:41,381 [INFO] IPUIPlugin:80 - create IPUIPlugin
2025-05-13 09:11:41,381 [INFO] PluginManager:220 - loadIPPluginJar : add tsc
2025-05-13 09:11:41,384 [INFO] IPUIPlugin:80 - create IPUIPlugin
2025-05-13 09:11:41,384 [INFO] PluginManager:220 - loadIPPluginJar : add ucpd
2025-05-13 09:11:41,387 [INFO] IPUIPlugin:80 - create IPUIPlugin
2025-05-13 09:11:41,387 [INFO] PluginManager:220 - loadIPPluginJar : add usart
2025-05-13 09:11:41,391 [INFO] IPUIPlugin:80 - create IPUIPlugin
2025-05-13 09:11:41,391 [INFO] PluginManager:220 - loadIPPluginJar : add usbx
2025-05-13 09:11:41,537 [INFO] CADModel:165 - CPN selected for project level
2025-05-13 09:11:41,537 [INFO] CADModel:114 - Register for checkConnection events
2025-05-13 09:11:41,537 [FATAL] Updater:334 - Updater called before beeing initialized
2025-05-13 09:11:41,538 [ERROR] CADModel:125 - Updater not yet initialized, retry later 
2025-05-13 09:11:41,754 [INFO] CADModel:165 - CPN selected for project level
2025-05-13 09:11:41,754 [INFO] CADModel:114 - Register for checkConnection events
2025-05-13 09:11:41,754 [FATAL] Updater:334 - Updater called before beeing initialized
2025-05-13 09:11:41,754 [ERROR] CADModel:125 - Updater not yet initialized, retry later 
2025-05-13 09:11:41,762 [FATAL] Updater:334 - Updater called before beeing initialized
2025-05-13 09:11:41,928 [FATAL] Updater:334 - Updater called before beeing initialized
2025-05-13 09:11:41,934 [INFO] DbMcusAds:53 - JSON generation date=Wed May 07 14:37:55 IST 2025 (1746608875638)
2025-05-13 09:11:41,935 [FATAL] Updater:334 - Updater called before beeing initialized
2025-05-13 09:11:41,983 [WARN] DetailPanel:346 - Failed to get advertising image, set to default
2025-05-13 09:11:42,114 [FATAL] Updater:334 - Updater called before beeing initialized
2025-05-13 09:11:42,117 [FATAL] Updater:334 - Updater called before beeing initialized
2025-05-13 09:11:42,117 [FATAL] Updater:334 - Updater called before beeing initialized
2025-05-13 09:11:42,118 [WARN] DetailPanel:346 - Failed to get advertising image, set to default
2025-05-13 09:11:42,119 [FATAL] Updater:334 - Updater called before beeing initialized
2025-05-13 09:11:42,261 [ERROR] Updater:1164 - MainUpdater not yet initialized. External WinMGr cannot be set.
2025-05-13 09:11:42,266 [INFO] Updater:1100 - Updater Version found : 6.12.1
2025-05-13 09:11:42,294 [INFO] ApplicationProperties:184 - Using Application install path: C:\ST\STM32CubeIDE_1.16.1\STM32CubeIDE\plugins\com.st.stm32cube.common.mx_6.12.1.202409122256
2025-05-13 09:11:43,342 [INFO] ThirdPartyUpdaterWithRetryManager:70 - Updater plugin not ready yet. [2/15]
2025-05-13 09:11:43,892 [ERROR] LogOutputStream:75 - [STDERR_REDIRECT] May 13, 2025 9:11:43 AM java.util.prefs.WindowsPreferences <init>
2025-05-13 09:11:43,896 [ERROR] LogOutputStream:75 - [STDERR_REDIRECT] WARNING: Could not open/create prefs root node Software\JavaSoft\Prefs at root 0xffffffff80000002. Windows RegCreateKeyEx(...) returned error code 5.
2025-05-13 09:11:43,896 [ERROR] LogOutputStream:75 - [STDERR_REDIRECT] 
2025-05-13 09:11:44,332 [INFO] MainUpdater:2873 - connection check result : 10
2025-05-13 09:11:44,334 [INFO] MainUpdater:290 - Updater Check For Update Now.
2025-05-13 09:11:44,335 [INFO] MicroXplorer:498 - Change Database Version : DB.6.0.121
2025-05-13 09:11:44,343 [INFO] McuFinderGlobals:63 - Set McuFinder mode to 2 (CubeIDE integrated)
2025-05-13 09:11:44,344 [INFO] UserAuth:417 - Internet connection configuration mode: 1
2025-05-13 09:11:44,378 [INFO] JxBrowserEngine:152 - Initiate JxBrowser Engine with user profile folder
2025-05-13 09:11:44,581 [INFO] CheckServerUpdateThread:120 - End of CheckServer Thread
2025-05-13 09:11:46,649 [WARN] PackLoader:240 - Cannot read IP mode file for STMicroelectronics.FP-SNS-MOTENVWB1.1.4.0
2025-05-13 09:11:46,755 [WARN] PackLoader:240 - Cannot read IP mode file for STMicroelectronics.FP-ATR-ASTRA1.2.0.2
2025-05-13 09:11:46,759 [WARN] PackLoader:240 - Cannot read IP mode file for STMicroelectronics.FP-ATR-ASTRA1.2.0.1
2025-05-13 09:11:46,782 [WARN] PackLoader:240 - Cannot read IP mode file for STMicroelectronics.X-CUBE-SMBUS.2.1.0
2025-05-13 09:11:46,794 [WARN] PackLoader:240 - Cannot read IP mode file for STMicroelectronics.X-CUBE-WB05N.1.1.0
2025-05-13 09:11:46,851 [WARN] PackLoader:240 - Cannot read IP mode file for STMicroelectronics.X-CUBE-AZRTOS-F7.1.1.0
2025-05-13 09:11:46,952 [WARN] PackLoader:240 - Cannot read IP mode file for STMicroelectronics.FP-SNS-FLIGHT1.5.0.2
2025-05-13 09:11:47,105 [WARN] PackLoader:240 - Cannot read IP mode file for Infineon.AIROC-Wi-Fi-Bluetooth-STM32.1.7.0
2025-05-13 09:11:47,121 [WARN] PackLoader:240 - Cannot read IP mode file for STMicroelectronics.X-CUBE-DISPLAY.3.0.0
2025-05-13 09:11:47,134 [WARN] PackLoader:240 - Cannot read IP mode file for STMicroelectronics.X-CUBE-BLE1.7.0.0
2025-05-13 09:11:47,156 [WARN] PackLoader:240 - Cannot read IP mode file for STMicroelectronics.X-CUBE-NFC10.1.0.0
2025-05-13 09:11:47,186 [WARN] PackLoader:240 - Cannot read IP mode file for STMicroelectronics.X-CUBE-BLEMGR.4.0.0
2025-05-13 09:11:47,203 [WARN] PackLoader:240 - Cannot read IP mode file for emotas.I-CUBE-CANOPEN.1.3.0
2025-05-13 09:11:47,211 [WARN] PackLoader:240 - Cannot read IP mode file for STMicroelectronics.X-CUBE-AI.10.0.0
2025-05-13 09:11:47,219 [WARN] PackLoader:240 - Cannot read IP mode file for STMicroelectronics.FP-SNS-SMARTAG2.1.2.0
2025-05-13 09:11:47,226 [ERROR] Engine:466 - C:\Users\kjeya\.stm32cubemx\thirdparties\pdsc\STMicroelectronics.FP-SNS-FLIGHT1.5.1.0.pdsc: PDSC version is not supported
2025-05-13 09:11:47,344 [WARN] PackLoader:240 - Cannot read IP mode file for STMicroelectronics.X-CUBE-MEMS1.11.1.0
2025-05-13 09:11:47,719 [INFO] LogOutputStream:77 - [STDOUT_REDIRECT] 1 : Invalid condition id : UX_CORESTACK_Condition cause : null
2025-05-13 09:11:47,720 [INFO] LogOutputStream:77 - [STDOUT_REDIRECT] 1 : Invalid condition id : UX_CORESTACK_Condition cause : null
2025-05-13 09:11:47,726 [INFO] LogOutputStream:77 - [STDOUT_REDIRECT] 1 : Invalid condition id : UX_CORESTACK_Condition cause : null
2025-05-13 09:11:47,729 [INFO] LogOutputStream:77 - [STDOUT_REDIRECT] 1 : Invalid condition id : UX_CORESTACK_Condition cause : null
2025-05-13 09:11:47,731 [INFO] LogOutputStream:77 - [STDOUT_REDIRECT] 1 : Invalid condition id : UX_CORESTACK_Condition cause : null
2025-05-13 09:11:47,739 [WARN] PackLoader:240 - Cannot read IP mode file for STMicroelectronics.X-CUBE-AZRTOS-WL.2.0.0
2025-05-13 09:11:47,757 [WARN] PackLoader:240 - Cannot read IP mode file for STMicroelectronics.FP-SNS-MOTENV1.5.0.0
2025-05-13 09:11:47,773 [WARN] PackLoader:240 - Cannot read IP mode file for wolfSSL.I-CUBE-wolfMQTT.1.19.0
2025-05-13 09:11:47,851 [WARN] PackLoader:240 - Cannot read IP mode file for WES.I-CUBE-Cesium.1.3.0
2025-05-13 09:11:48,028 [WARN] PackLoader:240 - Cannot read IP mode file for STMicroelectronics.X-CUBE-BLE2.3.3.0
2025-05-13 09:11:48,042 [WARN] PackLoader:240 - Cannot read IP mode file for STMicroelectronics.X-CUBE-NFC9.1.0.0
2025-05-13 09:11:48,055 [WARN] PackLoader:240 - Cannot read IP mode file for STMicroelectronics.X-CUBE-BLE1.7.1.0
2025-05-13 09:11:48,133 [INFO] WebApp:167 - Instantiating new browser for Auth
2025-05-13 09:11:48,161 [WARN] PackLoader:240 - Cannot read IP mode file for STMicroelectronics.X-CUBE-MEMS1.11.2.0
2025-05-13 09:11:48,466 [WARN] PackLoader:240 - Cannot read IP mode file for STMicroelectronics.X-CUBE-AZRTOS-G0.1.1.0
2025-05-13 09:11:48,486 [WARN] PackLoader:240 - Cannot read IP mode file for STMicroelectronics.X-CUBE-SAFEA1.1.2.2
2025-05-13 09:11:48,498 [WARN] PackLoader:240 - Cannot read IP mode file for STMicroelectronics.X-CUBE-NFC4.3.0.0
2025-05-13 09:11:48,519 [WARN] PackLoader:240 - Cannot read IP mode file for EmbeddedOffice.I-CUBE-FS-RTOS.1.0.1
2025-05-13 09:11:48,520 [ERROR] ConditionMgr:805 - Attr not supported : Dmpu
2025-05-13 09:11:48,520 [ERROR] ConditionMgr:805 - Attr not supported : Dmpu
2025-05-13 09:11:48,520 [ERROR] ConditionMgr:805 - Attr not supported : Dmpu
2025-05-13 09:11:48,520 [ERROR] ConditionMgr:805 - Attr not supported : Dmpu
2025-05-13 09:11:48,522 [ERROR] ConditionMgr:805 - Attr not supported : Dmpu
2025-05-13 09:11:48,522 [ERROR] ConditionMgr:805 - Attr not supported : Dmpu
2025-05-13 09:11:48,523 [ERROR] ConditionMgr:805 - Attr not supported : Dmpu
2025-05-13 09:11:48,523 [ERROR] ConditionMgr:805 - Attr not supported : Dmpu
2025-05-13 09:11:48,523 [ERROR] ConditionMgr:805 - Attr not supported : Dmpu
2025-05-13 09:11:48,523 [ERROR] ConditionMgr:805 - Attr not supported : Dmpu
2025-05-13 09:11:48,523 [ERROR] ConditionMgr:805 - Attr not supported : Dmpu
2025-05-13 09:11:48,524 [ERROR] ConditionMgr:805 - Attr not supported : Dmpu
2025-05-13 09:11:48,524 [ERROR] ConditionMgr:805 - Attr not supported : Dmpu
2025-05-13 09:11:48,524 [ERROR] ConditionMgr:805 - Attr not supported : Dmpu
2025-05-13 09:11:48,525 [ERROR] ConditionMgr:805 - Attr not supported : Dmpu
2025-05-13 09:11:48,525 [ERROR] ConditionMgr:805 - Attr not supported : Dmpu
2025-05-13 09:11:48,526 [ERROR] ConditionMgr:805 - Attr not supported : Dmpu
2025-05-13 09:11:48,526 [ERROR] ConditionMgr:805 - Attr not supported : Dmpu
2025-05-13 09:11:48,526 [ERROR] ConditionMgr:805 - Attr not supported : Dmpu
2025-05-13 09:11:48,526 [ERROR] ConditionMgr:805 - Attr not supported : Dmpu
2025-05-13 09:11:48,527 [ERROR] ConditionMgr:805 - Attr not supported : Dmpu
2025-05-13 09:11:48,527 [ERROR] ConditionMgr:805 - Attr not supported : Dmpu
2025-05-13 09:11:48,527 [ERROR] ConditionMgr:805 - Attr not supported : Dmpu
2025-05-13 09:11:48,528 [ERROR] ConditionMgr:805 - Attr not supported : Dmpu
2025-05-13 09:11:48,528 [ERROR] ConditionMgr:805 - Attr not supported : Dmpu
2025-05-13 09:11:48,529 [ERROR] ConditionMgr:805 - Attr not supported : Dmpu
2025-05-13 09:11:48,529 [ERROR] ConditionMgr:805 - Attr not supported : Dmpu
2025-05-13 09:11:48,529 [ERROR] ConditionMgr:805 - Attr not supported : Dmpu
2025-05-13 09:11:48,529 [ERROR] ConditionMgr:805 - Attr not supported : Dmpu
2025-05-13 09:11:48,537 [ERROR] ConditionMgr:805 - Attr not supported : Dmpu
2025-05-13 09:11:48,538 [ERROR] ConditionMgr:805 - Attr not supported : Dmpu
2025-05-13 09:11:48,539 [ERROR] ConditionMgr:805 - Attr not supported : Dmpu
2025-05-13 09:11:48,539 [ERROR] ConditionMgr:805 - Attr not supported : Dmpu
2025-05-13 09:11:48,540 [ERROR] ConditionMgr:805 - Attr not supported : Dmpu
2025-05-13 09:11:48,540 [ERROR] ConditionMgr:805 - Attr not supported : Dmpu
2025-05-13 09:11:48,540 [ERROR] ConditionMgr:805 - Attr not supported : Dmpu
2025-05-13 09:11:48,541 [ERROR] ConditionMgr:805 - Attr not supported : Dmpu
2025-05-13 09:11:48,542 [ERROR] ConditionMgr:805 - Attr not supported : Dmpu
2025-05-13 09:11:48,543 [ERROR] ConditionMgr:805 - Attr not supported : Dmpu
2025-05-13 09:11:48,543 [ERROR] ConditionMgr:805 - Attr not supported : Dmpu
2025-05-13 09:11:48,543 [ERROR] ConditionMgr:805 - Attr not supported : Dmpu
2025-05-13 09:11:48,543 [ERROR] ConditionMgr:805 - Attr not supported : Dmpu
2025-05-13 09:11:48,544 [ERROR] ConditionMgr:805 - Attr not supported : Dmpu
2025-05-13 09:11:48,546 [ERROR] ConditionMgr:805 - Attr not supported : Dmpu
2025-05-13 09:11:48,548 [ERROR] ConditionMgr:805 - Attr not supported : Dmpu
2025-05-13 09:11:48,548 [ERROR] ConditionMgr:805 - Attr not supported : Dmpu
2025-05-13 09:11:48,548 [ERROR] ConditionMgr:805 - Attr not supported : Dmpu
2025-05-13 09:11:48,548 [ERROR] ConditionMgr:805 - Attr not supported : Dmpu
2025-05-13 09:11:48,548 [ERROR] ConditionMgr:805 - Attr not supported : Dmpu
2025-05-13 09:11:48,549 [ERROR] ConditionMgr:805 - Attr not supported : Dmpu
2025-05-13 09:11:48,549 [ERROR] ConditionMgr:805 - Attr not supported : Dmpu
2025-05-13 09:11:48,549 [ERROR] ConditionMgr:805 - Attr not supported : Dmpu
2025-05-13 09:11:48,549 [ERROR] ConditionMgr:805 - Attr not supported : Dmpu
2025-05-13 09:11:48,549 [ERROR] ConditionMgr:805 - Attr not supported : Dmpu
2025-05-13 09:11:48,550 [ERROR] ConditionMgr:805 - Attr not supported : Dmpu
2025-05-13 09:11:48,550 [ERROR] ConditionMgr:805 - Attr not supported : Dmpu
2025-05-13 09:11:48,550 [ERROR] ConditionMgr:805 - Attr not supported : Dmpu
2025-05-13 09:11:48,550 [ERROR] ConditionMgr:805 - Attr not supported : Dmpu
2025-05-13 09:11:48,550 [ERROR] ConditionMgr:805 - Attr not supported : Dmpu
2025-05-13 09:11:48,551 [ERROR] ConditionMgr:805 - Attr not supported : Dmpu
2025-05-13 09:11:48,551 [ERROR] ConditionMgr:805 - Attr not supported : Dmpu
2025-05-13 09:11:48,552 [ERROR] ConditionMgr:805 - Attr not supported : Dmpu
2025-05-13 09:11:48,553 [ERROR] ConditionMgr:805 - Attr not supported : Dmpu
2025-05-13 09:11:48,553 [ERROR] ConditionMgr:805 - Attr not supported : Dmpu
2025-05-13 09:11:48,565 [WARN] PackLoader:240 - Cannot read IP mode file for STMicroelectronics.X-CUBE-WB05N.2.0.0
2025-05-13 09:11:48,575 [ERROR] Engine:466 - C:\Users\kjeya\.stm32cubemx\thirdparties\pdsc\STMicroelectronics.X-CUBE-TCPP.4.2.0.pdsc: PDSC version is not supported
2025-05-13 09:11:48,588 [WARN] PackLoader:240 - Cannot read IP mode file for RealThread.X-CUBE-RT-Thread_Nano.4.1.1
2025-05-13 09:11:48,597 [WARN] PackLoader:240 - Cannot read IP mode file for STMicroelectronics.FP-ATR-SIGFOX1.3.2.0
2025-05-13 09:11:48,607 [WARN] ConditionMgr:438 - getConditionDescription Invalid condition id : Cortex-A Device cause : null
2025-05-13 09:11:48,654 [WARN] ConditionMgr:1039 - genDependencies : Invalid condition id : Cortex-A Device cause : null
2025-05-13 09:11:48,655 [WARN] ConditionMgr:1039 - genDependencies : Invalid condition id : Cortex-A Device cause : null
2025-05-13 09:11:48,655 [WARN] ConditionMgr:1039 - genDependencies : Invalid condition id : Cortex-A Device cause : null
2025-05-13 09:11:48,682 [WARN] PackLoader:240 - Cannot read IP mode file for STMicroelectronics.X-CUBE-EEPRMA1.5.1.0
2025-05-13 09:11:48,702 [WARN] PackLoader:240 - Cannot read IP mode file for wolfSSL.I-CUBE-wolfSSL.5.7.4
2025-05-13 09:11:48,715 [WARN] PackLoader:240 - Cannot read IP mode file for ITTIA_DB.I-CUBE-ITTIADB.8.9.0
2025-05-13 09:11:48,825 [WARN] PackLoader:240 - Cannot read IP mode file for SEGGER.I-CUBE-embOS.1.3.1
2025-05-13 09:11:48,936 [WARN] PackLoader:240 - Cannot read IP mode file for STMicroelectronics.X-CUBE-ALGOBUILD.1.4.0
2025-05-13 09:11:48,943 [WARN] PackLoader:240 - Cannot read IP mode file for STMicroelectronics.X-CUBE-AI.9.1.0
2025-05-13 09:11:48,981 [WARN] PackLoader:240 - Cannot read IP mode file for STMicroelectronics.X-CUBE-AZRTOS-F4.1.1.0
2025-05-13 09:11:48,990 [ERROR] Engine:466 - C:\Users\kjeya\.stm32cubemx\thirdparties\pdsc\Avnet-IotConnect.X-CUBE-IoTC-DA16k-PMOD.1.0.0.pdsc: PDSC version is not supported
2025-05-13 09:11:48,998 [WARN] PackLoader:240 - Cannot read IP mode file for STMicroelectronics.X-CUBE-ISPU.2.1.0
2025-05-13 09:11:49,035 [WARN] PackLoader:240 - Cannot read IP mode file for STMicroelectronics.X-CUBE-AZRTOS-L5.2.0.0
2025-05-13 09:11:49,051 [WARN] PackLoader:240 - Cannot read IP mode file for STMicroelectronics.X-CUBE-NFC6.3.1.0
2025-05-13 09:11:49,063 [WARN] PackLoader:240 - Cannot read IP mode file for STMicroelectronics.X-CUBE-DPower.1.2.0
2025-05-13 09:11:49,075 [WARN] PackLoader:240 - Cannot read IP mode file for STMicroelectronics.X-CUBE-FREERTOS.1.3.1
2025-05-13 09:11:49,083 [WARN] PackLoader:240 - Cannot read IP mode file for STMicroelectronics.X-CUBE-FREERTOS.1.3.0
2025-05-13 09:11:49,093 [WARN] PackLoader:240 - Cannot read IP mode file for STMicroelectronics.X-CUBE-NFC7.1.0.1
2025-05-13 09:11:49,110 [WARN] PackLoader:240 - Cannot read IP mode file for STMicroelectronics.X-CUBE-DPower.1.3.0
2025-05-13 09:11:49,141 [WARN] ConditionMgr:438 - getConditionDescription Invalid condition id : LAN8742 Phy interface Condition cause : null
2025-05-13 09:11:49,142 [WARN] PackLoader:240 - Cannot read IP mode file for STMicroelectronics.X-CUBE-AZRTOS-L4.2.0.0
2025-05-13 09:11:49,144 [WARN] ConditionMgr:1039 - genDependencies : Invalid condition id : LAN8742 Phy interface Condition cause : null
2025-05-13 09:11:49,145 [WARN] ConditionMgr:1039 - genDependencies : Invalid condition id : LAN8742 Phy interface Condition cause : null
2025-05-13 09:11:49,146 [WARN] ConditionMgr:1039 - genDependencies : Invalid condition id : LAN8742 Phy interface Condition cause : null
2025-05-13 09:11:49,158 [WARN] PackLoader:240 - Cannot read IP mode file for STMicroelectronics.X-CUBE-SFXS2LP1.4.0.0
2025-05-13 09:11:49,202 [WARN] PackLoader:240 - Cannot read IP mode file for STMicroelectronics.X-CUBE-AZRTOS-H7.3.3.0
2025-05-13 09:11:49,220 [WARN] PackLoader:240 - Cannot read IP mode file for STMicroelectronics.X-CUBE-IPS.3.0.0
2025-05-13 09:11:49,244 [WARN] ConditionMgr:438 - getConditionDescription Invalid condition id : UX DEVICE CLASS RTOS Condition cause : null
2025-05-13 09:11:49,244 [WARN] ConditionMgr:438 - getConditionDescription Invalid condition id : UX DEVICE CLASS RTOS Condition cause : null
2025-05-13 09:11:49,248 [WARN] PackLoader:240 - Cannot read IP mode file for STMicroelectronics.X-CUBE-AZRTOS-WB.2.0.0
2025-05-13 09:11:49,248 [WARN] ConditionMgr:1039 - genDependencies : Invalid condition id : UX DEVICE CLASS RTOS Condition cause : null
2025-05-13 09:11:49,249 [WARN] ConditionMgr:1039 - genDependencies : Invalid condition id : UX DEVICE CLASS RTOS Condition cause : null
2025-05-13 09:11:49,249 [WARN] ConditionMgr:1039 - genDependencies : Invalid condition id : UX DEVICE CLASS RTOS Condition cause : null
2025-05-13 09:11:49,249 [WARN] ConditionMgr:1039 - genDependencies : Invalid condition id : UX DEVICE CLASS RTOS Condition cause : null
2025-05-13 09:11:49,249 [WARN] ConditionMgr:1039 - genDependencies : Invalid condition id : UX DEVICE CLASS RTOS Condition cause : null
2025-05-13 09:11:49,257 [WARN] PackLoader:240 - Cannot read IP mode file for STMicroelectronics.X-CUBE-GNSS1.7.0.1
2025-05-13 09:11:49,266 [WARN] PackLoader:240 - Cannot read IP mode file for STMicroelectronics.X-CUBE-TOUCHGFX.4.25.0
2025-05-13 09:11:49,275 [WARN] PackLoader:240 - Cannot read IP mode file for STMicroelectronics.FP-SNS-STBOX1.2.0.0
2025-05-13 09:11:49,294 [WARN] PackLoader:240 - Cannot read IP mode file for STMicroelectronics.X-CUBE-SUBG2.5.0.0
2025-05-13 09:11:49,327 [WARN] PackLoader:240 - Cannot read IP mode file for STMicroelectronics.X-CUBE-AZRTOS-H7RS.1.1.0
2025-05-13 09:11:49,338 [WARN] PackLoader:240 - Cannot read IP mode file for Cesanta.I-CUBE-Mongoose.7.13.0
2025-05-13 09:11:49,357 [WARN] PackLoader:240 - Cannot read IP mode file for STMicroelectronics.X-CUBE-AZRTOS-G4.2.0.0
2025-05-13 09:11:49,367 [WARN] PackLoader:240 - Cannot read IP mode file for STMicroelectronics.X-CUBE-NFC7.2.0.0
2025-05-13 09:11:49,376 [ERROR] Engine:466 - C:\Users\kjeya\.stm32cubemx\thirdparties\pdsc\STMicroelectronics.X-CUBE-IPS.3.1.0.pdsc: PDSC version is not supported
2025-05-13 09:11:49,383 [WARN] PackLoader:240 - Cannot read IP mode file for STMicroelectronics.X-CUBE-ALS.1.0.2
2025-05-13 09:11:49,392 [WARN] PackLoader:240 - Cannot read IP mode file for STMicroelectronics.X-CUBE-TOUCHGFX.4.24.0
2025-05-13 09:11:49,506 [WARN] PackLoader:240 - Cannot read IP mode file for STMicroelectronics.X-CUBE-TOUCHGFX.4.24.2
2025-05-13 09:11:49,592 [WARN] PackLoader:240 - Cannot read IP mode file for STMicroelectronics.X-CUBE-TOUCHGFX.4.24.1
2025-05-13 09:11:49,600 [WARN] PackLoader:240 - Cannot read IP mode file for wolfSSL.I-CUBE-wolfTPM.3.4.0
2025-05-13 09:11:49,611 [WARN] PackLoader:240 - Cannot read IP mode file for portGmbH.I-Cube-SoM-uGOAL.1.1.0
2025-05-13 09:11:49,651 [WARN] PackLoader:240 - Cannot read IP mode file for STMicroelectronics.X-CUBE-AZRTOS-H7RS.1.0.0
2025-05-13 09:11:49,679 [WARN] PackLoader:240 - Cannot read IP mode file for STMicroelectronics.X-CUBE-TOF1.3.4.2
2025-05-13 09:11:49,709 [ERROR] Engine:466 - C:\Users\kjeya\.stm32cubemx\thirdparties\pdsc\STMicroelectronics.X-CUBE-TOF1.3.4.3.pdsc: PDSC version is not supported
2025-05-13 09:11:49,715 [WARN] PackLoader:240 - Cannot read IP mode file for wolfSSL.I-CUBE-wolfSSH.1.4.17
2025-05-13 09:11:49,717 [INFO] ThirdParty:978 - Integrity check success = true
2025-05-13 09:11:49,717 [INFO] IntegrityCheckThread:100 - exiting critical section [integrity check]
2025-05-13 09:11:49,717 [INFO] IntegrityCheckThread:103 - End integrity checks thread
2025-05-13 09:11:50,308 [INFO] WebApp:448 - Apply proxy settings
2025-05-13 09:11:50,310 [INFO] WebApp:533 - Chromium requires no authentication
2025-05-13 09:11:50,328 [INFO] WebApp:476 - Direct internet connection detected
2025-05-13 09:11:50,400 [INFO] WebApp:869 - Register for checkConnection events
2025-05-13 09:11:50,401 [INFO] WebApp:448 - Apply proxy settings
2025-05-13 09:11:50,402 [INFO] WebApp:533 - Chromium requires no authentication
2025-05-13 09:11:50,403 [INFO] WebApp:476 - Direct internet connection detected
2025-05-13 09:11:50,582 [INFO] WebApp:186 - Connection restablished
2025-05-13 09:11:50,792 [INFO] WebApp:220 - Starting web application
2025-05-13 09:11:50,792 [INFO] WebApp:578 - Web application path used C:\ST\STM32CubeIDE_1.16.1\STM32CubeIDE\plugins\com.st.stm32cube.common.mx_6.12.1.202409122256\db\plugins\mcufinder\reactClient1\index.html
2025-05-13 09:11:51,016 [INFO] UserAuth:417 - Internet connection configuration mode: 1
2025-05-13 09:38:34,240 [INFO] WebApp:189 - Connection lost
2025-05-13 09:38:34,591 [INFO] WebApp:186 - Connection restablished
2025-05-13 10:20:07,161 [INFO] WebApp:189 - Connection lost
2025-05-13 10:20:09,136 [INFO] WebApp:186 - Connection restablished
2025-05-13 10:20:09,296 [INFO] WebApp:189 - Connection lost
2025-05-13 10:20:10,229 [INFO] WebApp:186 - Connection restablished
2025-05-13 10:20:12,427 [INFO] WebApp:189 - Connection lost
2025-05-13 10:20:12,690 [INFO] WebApp:186 - Connection restablished
2025-05-13 10:51:59,046 [INFO] WebApp:189 - Connection lost
2025-05-13 10:51:59,560 [INFO] WebApp:186 - Connection restablished
2025-05-13 11:33:52,051 [INFO] WebApp:189 - Connection lost
2025-05-13 11:33:54,880 [INFO] WebApp:186 - Connection restablished
2025-05-13 11:33:56,652 [INFO] WebApp:189 - Connection lost
2025-05-13 11:33:56,891 [INFO] WebApp:186 - Connection restablished
2025-05-13 11:34:00,397 [INFO] WebApp:189 - Connection lost
2025-05-13 11:34:03,078 [INFO] WebApp:186 - Connection restablished
2025-05-13 11:34:07,433 [INFO] WebApp:189 - Connection lost
2025-05-13 11:34:07,733 [INFO] WebApp:186 - Connection restablished
2025-05-13 11:34:10,595 [INFO] WebApp:189 - Connection lost
2025-05-13 11:34:10,878 [INFO] WebApp:186 - Connection restablished
2025-05-13 11:34:13,926 [INFO] WebApp:189 - Connection lost
2025-05-13 11:34:14,166 [INFO] WebApp:186 - Connection restablished
2025-05-13 11:36:00,412 [INFO] WebApp:189 - Connection lost
2025-05-13 11:36:00,619 [INFO] WebApp:186 - Connection restablished
2025-05-13 11:36:55,443 [INFO] WebApp:189 - Connection lost
2025-05-13 11:36:55,776 [INFO] WebApp:186 - Connection restablished
2025-05-13 11:38:02,422 [INFO] WebApp:189 - Connection lost
2025-05-13 11:38:10,329 [INFO] WebApp:186 - Connection restablished
2025-05-13 11:38:14,917 [INFO] WebApp:189 - Connection lost
2025-05-13 11:38:16,600 [INFO] WebApp:186 - Connection restablished
2025-05-13 11:38:41,417 [INFO] WebApp:189 - Connection lost
2025-05-13 11:38:41,647 [INFO] WebApp:186 - Connection restablished
2025-05-13 12:09:59,522 [INFO] WebApp:189 - Connection lost
2025-05-13 12:09:59,788 [INFO] WebApp:186 - Connection restablished
2025-05-13 12:50:02,255 [INFO] WebApp:189 - Connection lost
2025-05-13 12:50:57,701 [INFO] WebApp:186 - Connection restablished
2025-05-13 12:51:21,709 [INFO] WebApp:189 - Connection lost
2025-05-13 12:52:46,903 [INFO] WebApp:186 - Connection restablished
2025-05-13 12:52:53,465 [INFO] WebApp:189 - Connection lost
2025-05-13 12:52:53,698 [INFO] WebApp:186 - Connection restablished
2025-05-13 12:52:55,943 [INFO] WebApp:189 - Connection lost
2025-05-13 12:52:56,156 [INFO] WebApp:186 - Connection restablished
2025-05-13 14:17:29,434 [ERROR] LogOutputStream:75 - [STDERR_REDIRECT] 
