2025-04-28 09:02:33,351 [INFO] Activator:176 - 


2025-04-28 09:02:33,359 [INFO] Activator:177 - !SESSION log4j initialized
2025-04-28 09:02:39,478 [INFO] LogOutputStream:77 - [STDOUT_REDIRECT] 
2025-04-28 09:02:40,126 [ERROR] ConfigurationRetriever:142 - IOException on connection: sw-center.st.com
2025-04-28 09:02:40,126 [ERROR] ConfigurationRetriever:142 - IOException on connection: sw-center.st.com
2025-04-28 09:02:40,128 [ERROR] ConfigurationRetriever:142 - IOException on connection: sw-center.st.com
2025-04-28 09:02:41,247 [INFO] ApplicationProperties:184 - Using Application install path: C:\ST\STM32CubeIDE_1.16.1\STM32CubeIDE\plugins\com.st.stm32cube.common.mx_6.12.1.202409122256
2025-04-28 09:02:41,275 [INFO] DbMcusXml:78 - Set database path to: C:\ST\STM32CubeIDE_1.16.1\STM32CubeIDE\plugins\com.st.stm32cube.common.mx_6.12.1.202409122256\\db\/mcu/
2025-04-28 09:02:41,276 [INFO] ApiDb:274 - Set plugin database path to: C:\ST\STM32CubeIDE_1.16.1\STM32CubeIDE\plugins\com.st.stm32cube.common.mx_6.12.1.202409122256\\db\/plugins/boardmanager/
2025-04-28 09:02:41,276 [WARN] ApiDb:259 - Overriding images path with different value:  => C:\ST\STM32CubeIDE_1.16.1\STM32CubeIDE\plugins\com.st.stm32cube.common.mx_6.12.1.202409122256\\db\/plugins/mcufinder/images/
2025-04-28 09:02:41,293 [INFO] ApiDb:250 - Set database path to: C:\Users\kjeya\.stmcufinder\plugins\mcufinder//mcu/
2025-04-28 09:02:41,295 [INFO] DbMcusAds:125 - Set database path to: C:\Users\kjeya\.stmcufinder\plugins\mcufinder//mcu/
2025-04-28 09:02:41,298 [INFO] CrossReferenceDbSqlite:203 - Set database path to: C:\Users\kjeya\.stmcufinder\plugins\mcufinder//mcu/cs/
2025-04-28 09:02:41,457 [INFO] RulesReader:64 - Compatibility file has been processed (297 Rules)
2025-04-28 09:02:41,604 [INFO] DbMcusXml:78 - Set database path to: C:\ST\STM32CubeIDE_1.16.1\STM32CubeIDE\plugins\com.st.stm32cube.common.mx_6.12.1.202409122256\\db\/mcu/
2025-04-28 09:02:41,604 [INFO] ApiDb:274 - Set plugin database path to: C:\ST\STM32CubeIDE_1.16.1\STM32CubeIDE\plugins\com.st.stm32cube.common.mx_6.12.1.202409122256\\db\/plugins/boardmanager/
2025-04-28 09:02:41,604 [INFO] ApiDb:261 - Set plugin images path to: C:\ST\STM32CubeIDE_1.16.1\STM32CubeIDE\plugins\com.st.stm32cube.common.mx_6.12.1.202409122256\\db\/plugins/mcufinder/images/
2025-04-28 09:02:41,605 [WARN] DbFile:41 - Overriding database path with different value: C:\Users\kjeya\.stmcufinder\plugins\mcufinder/ => C:\Users\kjeya\.stmcufinder\plugins\mcufinder
2025-04-28 09:02:41,605 [INFO] ApiDb:250 - Set database path to: C:\Users\kjeya\.stmcufinder\plugins\mcufinder//mcu/
2025-04-28 09:02:41,605 [WARN] DbFile:41 - Overriding database path with different value: C:\Users\kjeya\.stmcufinder\plugins\mcufinder/ => C:\Users\kjeya\.stmcufinder\plugins\mcufinder
2025-04-28 09:02:41,605 [INFO] DbMcusAds:125 - Set database path to: C:\Users\kjeya\.stmcufinder\plugins\mcufinder//mcu/
2025-04-28 09:02:41,605 [WARN] DbFile:41 - Overriding database path with different value: C:\Users\kjeya\.stmcufinder\plugins\mcufinder/ => C:\Users\kjeya\.stmcufinder\plugins\mcufinder
2025-04-28 09:02:41,606 [WARN] DbFile:41 - Overriding database path with different value: C:\Users\kjeya\.stmcufinder\plugins\mcufinder/ => C:\Users\kjeya\.stmcufinder\plugins\mcufinder
2025-04-28 09:02:41,606 [INFO] CrossReferenceDbSqlite:203 - Set database path to: C:\Users\kjeya\.stmcufinder\plugins\mcufinder//mcu/cs/
2025-04-28 09:02:41,760 [INFO] MainPanel:268 - HeapMemory: 268435456
2025-04-28 09:02:41,921 [INFO] DbMcusXml:78 - Set database path to: C:\ST\STM32CubeIDE_1.16.1\STM32CubeIDE\plugins\com.st.stm32cube.common.mx_6.12.1.202409122256\\db\/mcu/
2025-04-28 09:02:41,921 [INFO] ApiDb:274 - Set plugin database path to: C:\ST\STM32CubeIDE_1.16.1\STM32CubeIDE\plugins\com.st.stm32cube.common.mx_6.12.1.202409122256\\db\/plugins/boardmanager/
2025-04-28 09:02:41,921 [INFO] ApiDb:261 - Set plugin images path to: C:\ST\STM32CubeIDE_1.16.1\STM32CubeIDE\plugins\com.st.stm32cube.common.mx_6.12.1.202409122256\\db\/plugins/mcufinder/images/
2025-04-28 09:02:41,922 [WARN] DbFile:41 - Overriding database path with different value: C:\Users\kjeya\.stmcufinder\plugins\mcufinder/ => C:\Users\kjeya\.stmcufinder\plugins\mcufinder
2025-04-28 09:02:41,922 [INFO] ApiDb:250 - Set database path to: C:\Users\kjeya\.stmcufinder\plugins\mcufinder//mcu/
2025-04-28 09:02:41,922 [WARN] DbFile:41 - Overriding database path with different value: C:\Users\kjeya\.stmcufinder\plugins\mcufinder/ => C:\Users\kjeya\.stmcufinder\plugins\mcufinder
2025-04-28 09:02:41,922 [INFO] DbMcusAds:125 - Set database path to: C:\Users\kjeya\.stmcufinder\plugins\mcufinder//mcu/
2025-04-28 09:02:41,922 [WARN] DbFile:41 - Overriding database path with different value: C:\Users\kjeya\.stmcufinder\plugins\mcufinder/ => C:\Users\kjeya\.stmcufinder\plugins\mcufinder
2025-04-28 09:02:41,922 [WARN] DbFile:41 - Overriding database path with different value: C:\Users\kjeya\.stmcufinder\plugins\mcufinder/ => C:\Users\kjeya\.stmcufinder\plugins\mcufinder
2025-04-28 09:02:41,924 [INFO] CrossReferenceDbSqlite:203 - Set database path to: C:\Users\kjeya\.stmcufinder\plugins\mcufinder//mcu/cs/
2025-04-28 09:02:41,949 [INFO] ApplicationProperties:184 - Using Application install path: C:\ST\STM32CubeIDE_1.16.1\STM32CubeIDE\plugins\com.st.stm32cube.common.mx_6.12.1.202409122256
2025-04-28 09:02:41,951 [INFO] PluginManage:196 - Search for loadable plugins [exclusion list=, ]
2025-04-28 09:02:41,953 [INFO] PluginManage:310 - Check plugin analytics
2025-04-28 09:02:41,987 [ERROR] ConfigurationRetriever:142 - IOException on connection: sw-center.st.com
2025-04-28 09:02:41,988 [ERROR] ConfigurationRetriever:142 - IOException on connection: sw-center.st.com
2025-04-28 09:02:41,989 [ERROR] ConfigurationRetriever:142 - IOException on connection: sw-center.st.com
2025-04-28 09:02:42,311 [INFO] AnalyticsPlugin:253 - Accepted Software Licenses: STM32CubeMX.6.11.1,STM32CubeMX.6.13.0
2025-04-28 09:02:42,311 [INFO] AnalyticsPlugin:255 - Accepted CMSIS Pack Licenses: STMicroelectronics.X-CUBE-TOUCHGFX.4.24.0,WES.I-CUBE-Cesium.1.3.0,STMicroelectronics.X-CUBE-TOUCHGFX.4.24.2
2025-04-28 09:02:42,311 [INFO] AnalyticsPlugin:257 - Accepted Firmware Licenses: FW.F4.1.28.0,FW.L4.1.18.0,FW.WL.1.3.0,FW.H7.1.11.0,FW.H7.1.12.0
2025-04-28 09:02:42,316 [INFO] PluginManage:359 - Loaded plugin analytics (category:tool,tabindex:-1)
2025-04-28 09:02:42,316 [INFO] PluginManage:310 - Check plugin cadmodel
2025-04-28 09:02:42,316 [ERROR] ConfigurationRetriever:142 - IOException on connection: sw-center.st.com
2025-04-28 09:02:42,318 [ERROR] ConfigurationRetriever:142 - IOException on connection: sw-center.st.com
2025-04-28 09:02:42,318 [ERROR] ConfigurationRetriever:142 - IOException on connection: sw-center.st.com
2025-04-28 09:02:42,325 [INFO] CADModel:105 - Init CAD model plugin
2025-04-28 09:02:42,325 [INFO] PluginManage:359 - Loaded plugin cadmodel (category:power,tabindex:5)
2025-04-28 09:02:42,325 [INFO] PluginManage:310 - Check plugin clock
2025-04-28 09:02:42,338 [INFO] PluginManage:359 - Loaded plugin clock (category:base,tabindex:2)
2025-04-28 09:02:42,338 [INFO] PluginManage:310 - Check plugin ddr
2025-04-28 09:02:42,342 [INFO] PluginManage:359 - Loaded plugin ddr (category:tool,tabindex:6)
2025-04-28 09:02:42,342 [INFO] PluginManage:310 - Check plugin filemanager
2025-04-28 09:02:42,571 [INFO] PluginManage:359 - Loaded plugin filemanager (category:base,tabindex:10)
2025-04-28 09:02:42,572 [INFO] PluginManage:310 - Check plugin ipmanager
2025-04-28 09:02:42,584 [INFO] PluginManage:359 - Loaded plugin ipmanager (category:base,tabindex:5)
2025-04-28 09:02:42,584 [INFO] PluginManage:310 - Check plugin lpbam
2025-04-28 09:02:42,596 [INFO] PluginManage:359 - Loaded plugin lpbam (category:base,tabindex:0)
2025-04-28 09:02:42,596 [INFO] PluginManage:310 - Check plugin memorymap
2025-04-28 09:02:42,614 [INFO] PluginManage:359 - Loaded plugin memorymap (category:base,tabindex:4)
2025-04-28 09:02:42,614 [INFO] PluginManage:310 - Check plugin pinoutandconfiguration
2025-04-28 09:02:42,626 [INFO] PluginManage:359 - Loaded plugin pinoutandconfiguration (category:base,tabindex:1)
2025-04-28 09:02:42,626 [INFO] PluginManage:310 - Check plugin pinoutconfig
2025-04-28 09:02:42,794 [WARN] SupportedApi:132 - Cannot load RTOS API schema: s4s-elt-must-match.1: The content of 'definitions' must match (annotation?, (simpleType | complexType)?, (unique | key | keyref)*)). A problem was found starting at: attribute.
2025-04-28 09:02:42,979 [INFO] PluginManage:359 - Loaded plugin pinoutconfig (category:base,tabindex:0)
2025-04-28 09:02:42,979 [INFO] PluginManage:310 - Check plugin power
2025-04-28 09:02:42,993 [INFO] PluginManage:359 - Loaded plugin power (category:power,tabindex:4)
2025-04-28 09:02:42,993 [INFO] PluginManage:310 - Check plugin projectmanager
2025-04-28 09:02:43,019 [INFO] PluginManage:359 - Loaded plugin projectmanager (category:projectmanager,tabindex:4)
2025-04-28 09:02:43,019 [INFO] PluginManage:310 - Check plugin rif
2025-04-28 09:02:43,029 [INFO] PluginManage:359 - Loaded plugin rif (category:base,tabindex:3)
2025-04-28 09:02:43,029 [INFO] PluginManage:310 - Check plugin thirdparty
2025-04-28 09:02:43,210 [WARN] IntegrityCheckThread:84 - waiting for thirdparty lock release [integrity check]
2025-04-28 09:02:43,211 [INFO] PluginManage:359 - Loaded plugin thirdparty (category:base,tabindex:-1)
2025-04-28 09:02:43,211 [INFO] IntegrityCheckThread:86 - entering critical section [integrity check]
2025-04-28 09:02:43,211 [INFO] PluginManage:310 - Check plugin tools
2025-04-28 09:02:43,212 [INFO] ThirdPartyUpdaterWithRetryManager:70 - Updater plugin not ready yet. [1/15]
2025-04-28 09:02:43,215 [INFO] PluginManage:359 - Loaded plugin tools (category:base,tabindex:7)
2025-04-28 09:02:43,215 [INFO] PluginManage:310 - Check plugin tutovideos
2025-04-28 09:02:43,441 [INFO] PluginManage:359 - Loaded plugin tutovideos (category:base,tabindex:-1)
2025-04-28 09:02:43,441 [INFO] PluginManage:310 - Check plugin updater
2025-04-28 09:02:43,462 [INFO] PluginManage:359 - Loaded plugin updater (category:base,tabindex:12)
2025-04-28 09:02:43,463 [INFO] PluginManage:310 - Check plugin userauth
2025-04-28 09:02:43,474 [INFO] UserAuth:113 - Init User Auth plugin
2025-04-28 09:02:43,474 [INFO] PluginManage:359 - Loaded plugin userauth (category:base,tabindex:14)
2025-04-28 09:02:43,474 [INFO] PluginManage:283 - PluginManage : Loaded plugins [18]
2025-04-28 09:02:43,761 [INFO] PinOutPanel:1561 - setPackage(No Configuration,No Configuration)
2025-04-28 09:02:43,873 [INFO] CADModel:165 - CPN selected for project level
2025-04-28 09:02:43,873 [INFO] CADModel:114 - Register for checkConnection events
2025-04-28 09:02:43,894 [INFO] IPUIPlugin:80 - create IPUIPlugin
2025-04-28 09:02:43,894 [INFO] PluginManager:220 - loadIPPluginJar : add adc
2025-04-28 09:02:43,898 [INFO] IPUIPlugin:80 - create IPUIPlugin
2025-04-28 09:02:43,898 [INFO] PluginManager:220 - loadIPPluginJar : add aes
2025-04-28 09:02:43,901 [INFO] IPUIPlugin:80 - create IPUIPlugin
2025-04-28 09:02:43,901 [INFO] PluginManager:220 - loadIPPluginJar : add can
2025-04-28 09:02:43,903 [INFO] IPUIPlugin:80 - create IPUIPlugin
2025-04-28 09:02:43,903 [INFO] PluginManager:220 - loadIPPluginJar : add comp
2025-04-28 09:02:43,907 [INFO] IPUIPlugin:80 - create IPUIPlugin
2025-04-28 09:02:43,907 [INFO] PluginManager:220 - loadIPPluginJar : add cryp
2025-04-28 09:02:43,910 [INFO] IPUIPlugin:80 - create IPUIPlugin
2025-04-28 09:02:43,910 [INFO] PluginManager:220 - loadIPPluginJar : add ddr_ctrl_phy
2025-04-28 09:02:43,913 [INFO] IPUIPlugin:80 - create IPUIPlugin
2025-04-28 09:02:43,913 [INFO] PluginManager:220 - loadIPPluginJar : add dfsdm
2025-04-28 09:02:43,920 [INFO] IPUIPlugin:80 - create IPUIPlugin
2025-04-28 09:02:43,921 [INFO] PluginManager:220 - loadIPPluginJar : add dma
2025-04-28 09:02:43,923 [INFO] IPUIPlugin:80 - create IPUIPlugin
2025-04-28 09:02:43,924 [INFO] PluginManager:220 - loadIPPluginJar : add dma3
2025-04-28 09:02:43,926 [INFO] IPUIPlugin:80 - create IPUIPlugin
2025-04-28 09:02:43,927 [INFO] PluginManager:220 - loadIPPluginJar : add extmemmanager
2025-04-28 09:02:43,929 [INFO] IPUIPlugin:80 - create IPUIPlugin
2025-04-28 09:02:43,929 [INFO] PluginManager:220 - loadIPPluginJar : add fatfs
2025-04-28 09:02:43,934 [INFO] IPUIPlugin:80 - create IPUIPlugin
2025-04-28 09:02:43,934 [INFO] PluginManager:220 - loadIPPluginJar : add fmc
2025-04-28 09:02:43,941 [INFO] IPUIPlugin:80 - create IPUIPlugin
2025-04-28 09:02:43,942 [INFO] PluginManager:220 - loadIPPluginJar : add freertos
2025-04-28 09:02:43,944 [INFO] IPUIPlugin:80 - create IPUIPlugin
2025-04-28 09:02:43,944 [INFO] PluginManager:220 - loadIPPluginJar : add genericplugin
2025-04-28 09:02:43,947 [INFO] IPUIPlugin:80 - create IPUIPlugin
2025-04-28 09:02:43,947 [INFO] PluginManager:220 - loadIPPluginJar : add gfxmmu
2025-04-28 09:02:43,953 [INFO] IPUIPlugin:80 - create IPUIPlugin
2025-04-28 09:02:43,953 [INFO] PluginManager:220 - loadIPPluginJar : add gic
2025-04-28 09:02:43,959 [INFO] IPUIPlugin:80 - create IPUIPlugin
2025-04-28 09:02:43,959 [INFO] PluginManager:220 - loadIPPluginJar : add gpio
2025-04-28 09:02:43,963 [INFO] IPUIPlugin:80 - create IPUIPlugin
2025-04-28 09:02:43,963 [INFO] PluginManager:220 - loadIPPluginJar : add gtzc
2025-04-28 09:02:43,968 [INFO] IPUIPlugin:80 - create IPUIPlugin
2025-04-28 09:02:43,969 [INFO] PluginManager:220 - loadIPPluginJar : add hash
2025-04-28 09:02:43,972 [INFO] IPUIPlugin:80 - create IPUIPlugin
2025-04-28 09:02:43,972 [INFO] PluginManager:220 - loadIPPluginJar : add i2c
2025-04-28 09:02:43,976 [INFO] IPUIPlugin:80 - create IPUIPlugin
2025-04-28 09:02:43,976 [INFO] PluginManager:220 - loadIPPluginJar : add i2s
2025-04-28 09:02:43,981 [INFO] IPUIPlugin:80 - create IPUIPlugin
2025-04-28 09:02:43,981 [INFO] PluginManager:220 - loadIPPluginJar : add i3c
2025-04-28 09:02:43,986 [INFO] IPUIPlugin:80 - create IPUIPlugin
2025-04-28 09:02:43,986 [INFO] PluginManager:220 - loadIPPluginJar : add ipddr
2025-04-28 09:02:44,018 [INFO] IPUIPlugin:80 - create IPUIPlugin
2025-04-28 09:02:44,019 [INFO] PluginManager:220 - loadIPPluginJar : add linkedlist
2025-04-28 09:02:44,024 [INFO] IPUIPlugin:80 - create IPUIPlugin
2025-04-28 09:02:44,024 [INFO] PluginManager:220 - loadIPPluginJar : add lorawan
2025-04-28 09:02:44,027 [INFO] IPUIPlugin:80 - create IPUIPlugin
2025-04-28 09:02:44,027 [INFO] PluginManager:220 - loadIPPluginJar : add ltdc
2025-04-28 09:02:44,037 [INFO] IPUIPlugin:80 - create IPUIPlugin
2025-04-28 09:02:44,038 [INFO] PluginManager:220 - loadIPPluginJar : add mdma
2025-04-28 09:02:44,043 [INFO] IPUIPlugin:80 - create IPUIPlugin
2025-04-28 09:02:44,043 [INFO] PluginManager:220 - loadIPPluginJar : add nvic
2025-04-28 09:02:44,056 [INFO] IPUIPlugin:80 - create IPUIPlugin
2025-04-28 09:02:44,057 [INFO] PluginManager:220 - loadIPPluginJar : add opamp
2025-04-28 09:02:44,062 [INFO] IPUIPlugin:80 - create IPUIPlugin
2025-04-28 09:02:44,063 [INFO] PluginManager:220 - loadIPPluginJar : add openamp
2025-04-28 09:02:44,069 [INFO] IPUIPlugin:80 - create IPUIPlugin
2025-04-28 09:02:44,069 [INFO] PluginManager:220 - loadIPPluginJar : add pdm2pcm
2025-04-28 09:02:44,077 [INFO] IPUIPlugin:80 - create IPUIPlugin
2025-04-28 09:02:44,081 [INFO] PluginManager:220 - loadIPPluginJar : add plateformsettings
2025-04-28 09:02:44,084 [INFO] IPUIPlugin:80 - create IPUIPlugin
2025-04-28 09:02:44,084 [INFO] PluginManager:220 - loadIPPluginJar : add quadspi
2025-04-28 09:02:44,086 [INFO] IPUIPlugin:80 - create IPUIPlugin
2025-04-28 09:02:44,087 [INFO] PluginManager:220 - loadIPPluginJar : add radio
2025-04-28 09:02:44,092 [INFO] IPUIPlugin:80 - create IPUIPlugin
2025-04-28 09:02:44,092 [INFO] PluginManager:220 - loadIPPluginJar : add resmgrutility
2025-04-28 09:02:44,096 [INFO] IPUIPlugin:80 - create IPUIPlugin
2025-04-28 09:02:44,096 [INFO] PluginManager:220 - loadIPPluginJar : add sai
2025-04-28 09:02:44,099 [INFO] IPUIPlugin:80 - create IPUIPlugin
2025-04-28 09:02:44,099 [INFO] PluginManager:220 - loadIPPluginJar : add spi
2025-04-28 09:02:44,105 [INFO] IPUIPlugin:80 - create IPUIPlugin
2025-04-28 09:02:44,105 [INFO] PluginManager:220 - loadIPPluginJar : add stm32_wpan
2025-04-28 09:02:44,108 [INFO] IPUIPlugin:80 - create IPUIPlugin
2025-04-28 09:02:44,108 [INFO] PluginManager:220 - loadIPPluginJar : add tim
2025-04-28 09:02:44,112 [INFO] IPUIPlugin:80 - create IPUIPlugin
2025-04-28 09:02:44,112 [INFO] PluginManager:220 - loadIPPluginJar : add touchsensing
2025-04-28 09:02:44,115 [INFO] IPUIPlugin:80 - create IPUIPlugin
2025-04-28 09:02:44,115 [INFO] PluginManager:220 - loadIPPluginJar : add tracer_emb
2025-04-28 09:02:44,117 [INFO] IPUIPlugin:80 - create IPUIPlugin
2025-04-28 09:02:44,117 [INFO] PluginManager:220 - loadIPPluginJar : add ts
2025-04-28 09:02:44,119 [INFO] IPUIPlugin:80 - create IPUIPlugin
2025-04-28 09:02:44,119 [INFO] PluginManager:220 - loadIPPluginJar : add tsc
2025-04-28 09:02:44,122 [INFO] IPUIPlugin:80 - create IPUIPlugin
2025-04-28 09:02:44,122 [INFO] PluginManager:220 - loadIPPluginJar : add ucpd
2025-04-28 09:02:44,125 [INFO] IPUIPlugin:80 - create IPUIPlugin
2025-04-28 09:02:44,125 [INFO] PluginManager:220 - loadIPPluginJar : add usart
2025-04-28 09:02:44,128 [INFO] IPUIPlugin:80 - create IPUIPlugin
2025-04-28 09:02:44,128 [INFO] PluginManager:220 - loadIPPluginJar : add usbx
2025-04-28 09:02:44,270 [INFO] CADModel:165 - CPN selected for project level
2025-04-28 09:02:44,271 [INFO] CADModel:114 - Register for checkConnection events
2025-04-28 09:02:44,271 [FATAL] Updater:334 - Updater called before beeing initialized
2025-04-28 09:02:44,272 [ERROR] CADModel:125 - Updater not yet initialized, retry later 
2025-04-28 09:02:44,502 [INFO] CADModel:165 - CPN selected for project level
2025-04-28 09:02:44,502 [INFO] CADModel:114 - Register for checkConnection events
2025-04-28 09:02:44,502 [FATAL] Updater:334 - Updater called before beeing initialized
2025-04-28 09:02:44,502 [ERROR] CADModel:125 - Updater not yet initialized, retry later 
2025-04-28 09:02:44,507 [FATAL] Updater:334 - Updater called before beeing initialized
2025-04-28 09:02:44,700 [FATAL] Updater:334 - Updater called before beeing initialized
2025-04-28 09:02:44,706 [INFO] DbMcusAds:53 - JSON generation date=Thu Mar 06 20:24:21 IST 2025 (1741272861825)
2025-04-28 09:02:44,706 [FATAL] Updater:334 - Updater called before beeing initialized
2025-04-28 09:02:44,760 [WARN] DetailPanel:346 - Failed to get advertising image, set to default
2025-04-28 09:02:44,887 [FATAL] Updater:334 - Updater called before beeing initialized
2025-04-28 09:02:44,889 [FATAL] Updater:334 - Updater called before beeing initialized
2025-04-28 09:02:44,889 [FATAL] Updater:334 - Updater called before beeing initialized
2025-04-28 09:02:44,890 [WARN] DetailPanel:346 - Failed to get advertising image, set to default
2025-04-28 09:02:44,891 [FATAL] Updater:334 - Updater called before beeing initialized
2025-04-28 09:02:44,979 [ERROR] Updater:1164 - MainUpdater not yet initialized. External WinMGr cannot be set.
2025-04-28 09:02:44,983 [INFO] Updater:1100 - Updater Version found : 6.12.1
2025-04-28 09:02:45,017 [INFO] ApplicationProperties:184 - Using Application install path: C:\ST\STM32CubeIDE_1.16.1\STM32CubeIDE\plugins\com.st.stm32cube.common.mx_6.12.1.202409122256
2025-04-28 09:02:46,214 [INFO] ThirdPartyUpdaterWithRetryManager:70 - Updater plugin not ready yet. [2/15]
2025-04-28 09:02:46,604 [ERROR] LogOutputStream:75 - [STDERR_REDIRECT] Apr 28, 2025 9:02:46 AM java.util.prefs.WindowsPreferences <init>
2025-04-28 09:02:46,606 [ERROR] LogOutputStream:75 - [STDERR_REDIRECT] WARNING: Could not open/create prefs root node Software\JavaSoft\Prefs at root 0xffffffff80000002. Windows RegCreateKeyEx(...) returned error code 5.
2025-04-28 09:02:46,606 [ERROR] LogOutputStream:75 - [STDERR_REDIRECT] 
2025-04-28 09:02:47,031 [INFO] MainUpdater:2873 - connection check result : 22
2025-04-28 09:02:47,032 [INFO] MainUpdater:290 - Updater Check For Update Now.
2025-04-28 09:02:47,033 [INFO] MicroXplorer:498 - Change Database Version : DB.6.0.121
2025-04-28 09:02:47,048 [INFO] McuFinderGlobals:63 - Set McuFinder mode to 2 (CubeIDE integrated)
2025-04-28 09:02:47,050 [INFO] UserAuth:417 - Internet connection configuration mode: 2
2025-04-28 09:02:47,066 [INFO] UserAuth:417 - Internet connection configuration mode: 2
2025-04-28 09:02:47,349 [INFO] CheckServerUpdateThread:120 - End of CheckServer Thread
2025-04-28 09:02:49,466 [WARN] PackLoader:240 - Cannot read IP mode file for STMicroelectronics.FP-SNS-MOTENVWB1.1.4.0
2025-04-28 09:02:49,477 [WARN] PackLoader:240 - Cannot read IP mode file for STMicroelectronics.FP-ATR-ASTRA1.2.0.2
2025-04-28 09:02:49,482 [WARN] PackLoader:240 - Cannot read IP mode file for STMicroelectronics.FP-ATR-ASTRA1.2.0.1
2025-04-28 09:02:49,494 [WARN] PackLoader:240 - Cannot read IP mode file for STMicroelectronics.X-CUBE-SMBUS.2.1.0
2025-04-28 09:02:49,504 [WARN] PackLoader:240 - Cannot read IP mode file for STMicroelectronics.X-CUBE-WB05N.1.1.0
2025-04-28 09:02:49,556 [WARN] PackLoader:240 - Cannot read IP mode file for STMicroelectronics.X-CUBE-AZRTOS-F7.1.1.0
2025-04-28 09:02:49,572 [WARN] PackLoader:240 - Cannot read IP mode file for STMicroelectronics.FP-SNS-FLIGHT1.5.0.2
2025-04-28 09:02:49,614 [WARN] PackLoader:240 - Cannot read IP mode file for Infineon.AIROC-Wi-Fi-Bluetooth-STM32.1.7.0
2025-04-28 09:02:49,638 [WARN] PackLoader:240 - Cannot read IP mode file for STMicroelectronics.X-CUBE-DISPLAY.3.0.0
2025-04-28 09:02:49,658 [WARN] PackLoader:240 - Cannot read IP mode file for STMicroelectronics.X-CUBE-BLE1.7.0.0
2025-04-28 09:02:49,668 [WARN] PackLoader:240 - Cannot read IP mode file for STMicroelectronics.X-CUBE-NFC10.1.0.0
2025-04-28 09:02:49,690 [WARN] PackLoader:240 - Cannot read IP mode file for STMicroelectronics.X-CUBE-BLEMGR.4.0.0
2025-04-28 09:02:49,704 [WARN] PackLoader:240 - Cannot read IP mode file for emotas.I-CUBE-CANOPEN.1.3.0
2025-04-28 09:02:49,712 [WARN] PackLoader:240 - Cannot read IP mode file for STMicroelectronics.X-CUBE-AI.10.0.0
2025-04-28 09:02:49,725 [WARN] PackLoader:240 - Cannot read IP mode file for STMicroelectronics.FP-SNS-SMARTAG2.1.2.0
2025-04-28 09:02:49,732 [ERROR] Engine:466 - C:\Users\kjeya\.stm32cubemx\thirdparties\pdsc\STMicroelectronics.FP-SNS-FLIGHT1.5.1.0.pdsc: PDSC version is not supported
2025-04-28 09:02:49,808 [WARN] PackLoader:240 - Cannot read IP mode file for STMicroelectronics.X-CUBE-MEMS1.11.1.0
2025-04-28 09:02:50,014 [INFO] LogOutputStream:77 - [STDOUT_REDIRECT] 1 : Invalid condition id : UX_CORESTACK_Condition cause : null
2025-04-28 09:02:50,014 [INFO] LogOutputStream:77 - [STDOUT_REDIRECT] 1 : Invalid condition id : UX_CORESTACK_Condition cause : null
2025-04-28 09:02:50,017 [INFO] LogOutputStream:77 - [STDOUT_REDIRECT] 1 : Invalid condition id : UX_CORESTACK_Condition cause : null
2025-04-28 09:02:50,019 [INFO] LogOutputStream:77 - [STDOUT_REDIRECT] 1 : Invalid condition id : UX_CORESTACK_Condition cause : null
2025-04-28 09:02:50,020 [INFO] LogOutputStream:77 - [STDOUT_REDIRECT] 1 : Invalid condition id : UX_CORESTACK_Condition cause : null
2025-04-28 09:02:50,032 [WARN] PackLoader:240 - Cannot read IP mode file for STMicroelectronics.X-CUBE-AZRTOS-WL.2.0.0
2025-04-28 09:02:50,044 [WARN] PackLoader:240 - Cannot read IP mode file for STMicroelectronics.FP-SNS-MOTENV1.5.0.0
2025-04-28 09:02:50,056 [WARN] PackLoader:240 - Cannot read IP mode file for wolfSSL.I-CUBE-wolfMQTT.1.19.0
2025-04-28 09:02:50,075 [WARN] PackLoader:240 - Cannot read IP mode file for WES.I-CUBE-Cesium.1.3.0
2025-04-28 09:02:50,281 [WARN] PackLoader:240 - Cannot read IP mode file for STMicroelectronics.X-CUBE-BLE2.3.3.0
2025-04-28 09:02:50,293 [WARN] PackLoader:240 - Cannot read IP mode file for STMicroelectronics.X-CUBE-NFC9.1.0.0
2025-04-28 09:02:50,302 [WARN] PackLoader:240 - Cannot read IP mode file for STMicroelectronics.X-CUBE-BLE1.7.1.0
2025-04-28 09:02:50,371 [WARN] PackLoader:240 - Cannot read IP mode file for STMicroelectronics.X-CUBE-MEMS1.11.2.0
2025-04-28 09:02:50,591 [WARN] PackLoader:240 - Cannot read IP mode file for STMicroelectronics.X-CUBE-AZRTOS-G0.1.1.0
2025-04-28 09:02:50,605 [WARN] PackLoader:240 - Cannot read IP mode file for STMicroelectronics.X-CUBE-SAFEA1.1.2.2
2025-04-28 09:02:50,614 [WARN] PackLoader:240 - Cannot read IP mode file for STMicroelectronics.X-CUBE-NFC4.3.0.0
2025-04-28 09:02:50,629 [WARN] PackLoader:240 - Cannot read IP mode file for EmbeddedOffice.I-CUBE-FS-RTOS.1.0.1
2025-04-28 09:02:50,631 [ERROR] ConditionMgr:805 - Attr not supported : Dmpu
2025-04-28 09:02:50,631 [ERROR] ConditionMgr:805 - Attr not supported : Dmpu
2025-04-28 09:02:50,631 [ERROR] ConditionMgr:805 - Attr not supported : Dmpu
2025-04-28 09:02:50,631 [ERROR] ConditionMgr:805 - Attr not supported : Dmpu
2025-04-28 09:02:50,631 [ERROR] ConditionMgr:805 - Attr not supported : Dmpu
2025-04-28 09:02:50,631 [ERROR] ConditionMgr:805 - Attr not supported : Dmpu
2025-04-28 09:02:50,631 [ERROR] ConditionMgr:805 - Attr not supported : Dmpu
2025-04-28 09:02:50,632 [ERROR] ConditionMgr:805 - Attr not supported : Dmpu
2025-04-28 09:02:50,632 [ERROR] ConditionMgr:805 - Attr not supported : Dmpu
2025-04-28 09:02:50,632 [ERROR] ConditionMgr:805 - Attr not supported : Dmpu
2025-04-28 09:02:50,632 [ERROR] ConditionMgr:805 - Attr not supported : Dmpu
2025-04-28 09:02:50,632 [ERROR] ConditionMgr:805 - Attr not supported : Dmpu
2025-04-28 09:02:50,632 [ERROR] ConditionMgr:805 - Attr not supported : Dmpu
2025-04-28 09:02:50,632 [ERROR] ConditionMgr:805 - Attr not supported : Dmpu
2025-04-28 09:02:50,632 [ERROR] ConditionMgr:805 - Attr not supported : Dmpu
2025-04-28 09:02:50,632 [ERROR] ConditionMgr:805 - Attr not supported : Dmpu
2025-04-28 09:02:50,633 [ERROR] ConditionMgr:805 - Attr not supported : Dmpu
2025-04-28 09:02:50,633 [ERROR] ConditionMgr:805 - Attr not supported : Dmpu
2025-04-28 09:02:50,633 [ERROR] ConditionMgr:805 - Attr not supported : Dmpu
2025-04-28 09:02:50,633 [ERROR] ConditionMgr:805 - Attr not supported : Dmpu
2025-04-28 09:02:50,633 [ERROR] ConditionMgr:805 - Attr not supported : Dmpu
2025-04-28 09:02:50,633 [ERROR] ConditionMgr:805 - Attr not supported : Dmpu
2025-04-28 09:02:50,633 [ERROR] ConditionMgr:805 - Attr not supported : Dmpu
2025-04-28 09:02:50,633 [ERROR] ConditionMgr:805 - Attr not supported : Dmpu
2025-04-28 09:02:50,634 [ERROR] ConditionMgr:805 - Attr not supported : Dmpu
2025-04-28 09:02:50,634 [ERROR] ConditionMgr:805 - Attr not supported : Dmpu
2025-04-28 09:02:50,634 [ERROR] ConditionMgr:805 - Attr not supported : Dmpu
2025-04-28 09:02:50,634 [ERROR] ConditionMgr:805 - Attr not supported : Dmpu
2025-04-28 09:02:50,634 [ERROR] ConditionMgr:805 - Attr not supported : Dmpu
2025-04-28 09:02:50,634 [ERROR] ConditionMgr:805 - Attr not supported : Dmpu
2025-04-28 09:02:50,634 [ERROR] ConditionMgr:805 - Attr not supported : Dmpu
2025-04-28 09:02:50,634 [ERROR] ConditionMgr:805 - Attr not supported : Dmpu
2025-04-28 09:02:50,634 [ERROR] ConditionMgr:805 - Attr not supported : Dmpu
2025-04-28 09:02:50,634 [ERROR] ConditionMgr:805 - Attr not supported : Dmpu
2025-04-28 09:02:50,635 [ERROR] ConditionMgr:805 - Attr not supported : Dmpu
2025-04-28 09:02:50,635 [ERROR] ConditionMgr:805 - Attr not supported : Dmpu
2025-04-28 09:02:50,635 [ERROR] ConditionMgr:805 - Attr not supported : Dmpu
2025-04-28 09:02:50,635 [ERROR] ConditionMgr:805 - Attr not supported : Dmpu
2025-04-28 09:02:50,635 [ERROR] ConditionMgr:805 - Attr not supported : Dmpu
2025-04-28 09:02:50,635 [ERROR] ConditionMgr:805 - Attr not supported : Dmpu
2025-04-28 09:02:50,635 [ERROR] ConditionMgr:805 - Attr not supported : Dmpu
2025-04-28 09:02:50,635 [ERROR] ConditionMgr:805 - Attr not supported : Dmpu
2025-04-28 09:02:50,635 [ERROR] ConditionMgr:805 - Attr not supported : Dmpu
2025-04-28 09:02:50,635 [ERROR] ConditionMgr:805 - Attr not supported : Dmpu
2025-04-28 09:02:50,636 [ERROR] ConditionMgr:805 - Attr not supported : Dmpu
2025-04-28 09:02:50,636 [ERROR] ConditionMgr:805 - Attr not supported : Dmpu
2025-04-28 09:02:50,636 [ERROR] ConditionMgr:805 - Attr not supported : Dmpu
2025-04-28 09:02:50,636 [ERROR] ConditionMgr:805 - Attr not supported : Dmpu
2025-04-28 09:02:50,636 [ERROR] ConditionMgr:805 - Attr not supported : Dmpu
2025-04-28 09:02:50,636 [ERROR] ConditionMgr:805 - Attr not supported : Dmpu
2025-04-28 09:02:50,636 [ERROR] ConditionMgr:805 - Attr not supported : Dmpu
2025-04-28 09:02:50,636 [ERROR] ConditionMgr:805 - Attr not supported : Dmpu
2025-04-28 09:02:50,636 [ERROR] ConditionMgr:805 - Attr not supported : Dmpu
2025-04-28 09:02:50,636 [ERROR] ConditionMgr:805 - Attr not supported : Dmpu
2025-04-28 09:02:50,637 [ERROR] ConditionMgr:805 - Attr not supported : Dmpu
2025-04-28 09:02:50,637 [ERROR] ConditionMgr:805 - Attr not supported : Dmpu
2025-04-28 09:02:50,637 [ERROR] ConditionMgr:805 - Attr not supported : Dmpu
2025-04-28 09:02:50,637 [ERROR] ConditionMgr:805 - Attr not supported : Dmpu
2025-04-28 09:02:50,637 [ERROR] ConditionMgr:805 - Attr not supported : Dmpu
2025-04-28 09:02:50,637 [ERROR] ConditionMgr:805 - Attr not supported : Dmpu
2025-04-28 09:02:50,637 [ERROR] ConditionMgr:805 - Attr not supported : Dmpu
2025-04-28 09:02:50,637 [ERROR] ConditionMgr:805 - Attr not supported : Dmpu
2025-04-28 09:02:50,637 [ERROR] ConditionMgr:805 - Attr not supported : Dmpu
2025-04-28 09:02:50,637 [ERROR] ConditionMgr:805 - Attr not supported : Dmpu
2025-04-28 09:02:50,643 [WARN] PackLoader:240 - Cannot read IP mode file for STMicroelectronics.X-CUBE-WB05N.2.0.0
2025-04-28 09:02:50,649 [ERROR] Engine:466 - C:\Users\kjeya\.stm32cubemx\thirdparties\pdsc\STMicroelectronics.X-CUBE-TCPP.4.2.0.pdsc: PDSC version is not supported
2025-04-28 09:02:50,655 [WARN] PackLoader:240 - Cannot read IP mode file for RealThread.X-CUBE-RT-Thread_Nano.4.1.1
2025-04-28 09:02:50,661 [WARN] PackLoader:240 - Cannot read IP mode file for STMicroelectronics.FP-ATR-SIGFOX1.3.2.0
2025-04-28 09:02:50,667 [WARN] ConditionMgr:438 - getConditionDescription Invalid condition id : Cortex-A Device cause : null
2025-04-28 09:02:50,682 [WARN] ConditionMgr:1039 - genDependencies : Invalid condition id : Cortex-A Device cause : null
2025-04-28 09:02:50,682 [WARN] ConditionMgr:1039 - genDependencies : Invalid condition id : Cortex-A Device cause : null
2025-04-28 09:02:50,682 [WARN] ConditionMgr:1039 - genDependencies : Invalid condition id : Cortex-A Device cause : null
2025-04-28 09:02:50,692 [WARN] PackLoader:240 - Cannot read IP mode file for STMicroelectronics.X-CUBE-EEPRMA1.5.1.0
2025-04-28 09:02:50,701 [WARN] PackLoader:240 - Cannot read IP mode file for wolfSSL.I-CUBE-wolfSSL.5.7.4
2025-04-28 09:02:50,710 [WARN] PackLoader:240 - Cannot read IP mode file for ITTIA_DB.I-CUBE-ITTIADB.8.9.0
2025-04-28 09:02:50,754 [WARN] PackLoader:240 - Cannot read IP mode file for SEGGER.I-CUBE-embOS.1.3.1
2025-04-28 09:02:50,819 [WARN] PackLoader:240 - Cannot read IP mode file for STMicroelectronics.X-CUBE-ALGOBUILD.1.4.0
2025-04-28 09:02:50,827 [WARN] PackLoader:240 - Cannot read IP mode file for STMicroelectronics.X-CUBE-AI.9.1.0
2025-04-28 09:02:50,860 [WARN] PackLoader:240 - Cannot read IP mode file for STMicroelectronics.X-CUBE-AZRTOS-F4.1.1.0
2025-04-28 09:02:50,867 [ERROR] Engine:466 - C:\Users\kjeya\.stm32cubemx\thirdparties\pdsc\Avnet-IotConnect.X-CUBE-IoTC-DA16k-PMOD.1.0.0.pdsc: PDSC version is not supported
2025-04-28 09:02:50,875 [WARN] PackLoader:240 - Cannot read IP mode file for STMicroelectronics.X-CUBE-ISPU.2.1.0
2025-04-28 09:02:50,907 [WARN] PackLoader:240 - Cannot read IP mode file for STMicroelectronics.X-CUBE-AZRTOS-L5.2.0.0
2025-04-28 09:02:50,926 [WARN] PackLoader:240 - Cannot read IP mode file for STMicroelectronics.X-CUBE-NFC6.3.1.0
2025-04-28 09:02:50,938 [WARN] PackLoader:240 - Cannot read IP mode file for STMicroelectronics.X-CUBE-DPower.1.2.0
2025-04-28 09:02:50,947 [WARN] PackLoader:240 - Cannot read IP mode file for STMicroelectronics.X-CUBE-FREERTOS.1.3.0
2025-04-28 09:02:50,953 [WARN] PackLoader:240 - Cannot read IP mode file for STMicroelectronics.X-CUBE-NFC7.1.0.1
2025-04-28 09:02:50,960 [WARN] PackLoader:240 - Cannot read IP mode file for STMicroelectronics.X-CUBE-DPower.1.3.0
2025-04-28 09:02:51,006 [WARN] ConditionMgr:438 - getConditionDescription Invalid condition id : LAN8742 Phy interface Condition cause : null
2025-04-28 09:02:51,007 [WARN] PackLoader:240 - Cannot read IP mode file for STMicroelectronics.X-CUBE-AZRTOS-L4.2.0.0
2025-04-28 09:02:51,010 [WARN] ConditionMgr:1039 - genDependencies : Invalid condition id : LAN8742 Phy interface Condition cause : null
2025-04-28 09:02:51,010 [WARN] ConditionMgr:1039 - genDependencies : Invalid condition id : LAN8742 Phy interface Condition cause : null
2025-04-28 09:02:51,011 [WARN] ConditionMgr:1039 - genDependencies : Invalid condition id : LAN8742 Phy interface Condition cause : null
2025-04-28 09:02:51,023 [WARN] PackLoader:240 - Cannot read IP mode file for STMicroelectronics.X-CUBE-SFXS2LP1.4.0.0
2025-04-28 09:02:51,050 [WARN] PackLoader:240 - Cannot read IP mode file for STMicroelectronics.X-CUBE-AZRTOS-H7.3.3.0
2025-04-28 09:02:51,071 [WARN] PackLoader:240 - Cannot read IP mode file for STMicroelectronics.X-CUBE-IPS.3.0.0
2025-04-28 09:02:51,088 [WARN] ConditionMgr:438 - getConditionDescription Invalid condition id : UX DEVICE CLASS RTOS Condition cause : null
2025-04-28 09:02:51,088 [WARN] ConditionMgr:438 - getConditionDescription Invalid condition id : UX DEVICE CLASS RTOS Condition cause : null
2025-04-28 09:02:51,091 [WARN] PackLoader:240 - Cannot read IP mode file for STMicroelectronics.X-CUBE-AZRTOS-WB.2.0.0
2025-04-28 09:02:51,091 [WARN] ConditionMgr:1039 - genDependencies : Invalid condition id : UX DEVICE CLASS RTOS Condition cause : null
2025-04-28 09:02:51,091 [WARN] ConditionMgr:1039 - genDependencies : Invalid condition id : UX DEVICE CLASS RTOS Condition cause : null
2025-04-28 09:02:51,093 [WARN] ConditionMgr:1039 - genDependencies : Invalid condition id : UX DEVICE CLASS RTOS Condition cause : null
2025-04-28 09:02:51,093 [WARN] ConditionMgr:1039 - genDependencies : Invalid condition id : UX DEVICE CLASS RTOS Condition cause : null
2025-04-28 09:02:51,093 [WARN] ConditionMgr:1039 - genDependencies : Invalid condition id : UX DEVICE CLASS RTOS Condition cause : null
2025-04-28 09:02:51,100 [WARN] PackLoader:240 - Cannot read IP mode file for STMicroelectronics.X-CUBE-GNSS1.7.0.1
2025-04-28 09:02:51,108 [WARN] PackLoader:240 - Cannot read IP mode file for STMicroelectronics.X-CUBE-TOUCHGFX.4.25.0
2025-04-28 09:02:51,115 [WARN] PackLoader:240 - Cannot read IP mode file for STMicroelectronics.FP-SNS-STBOX1.2.0.0
2025-04-28 09:02:51,128 [WARN] PackLoader:240 - Cannot read IP mode file for STMicroelectronics.X-CUBE-SUBG2.5.0.0
2025-04-28 09:02:51,164 [WARN] PackLoader:240 - Cannot read IP mode file for STMicroelectronics.X-CUBE-AZRTOS-H7RS.1.1.0
2025-04-28 09:02:51,173 [WARN] PackLoader:240 - Cannot read IP mode file for Cesanta.I-CUBE-Mongoose.7.13.0
2025-04-28 09:02:51,191 [WARN] PackLoader:240 - Cannot read IP mode file for STMicroelectronics.X-CUBE-AZRTOS-G4.2.0.0
2025-04-28 09:02:51,201 [ERROR] Engine:466 - C:\Users\kjeya\.stm32cubemx\thirdparties\pdsc\STMicroelectronics.X-CUBE-IPS.3.1.0.pdsc: PDSC version is not supported
2025-04-28 09:02:51,208 [WARN] PackLoader:240 - Cannot read IP mode file for STMicroelectronics.X-CUBE-ALS.1.0.2
2025-04-28 09:02:51,217 [WARN] PackLoader:240 - Cannot read IP mode file for STMicroelectronics.X-CUBE-TOUCHGFX.4.24.0
2025-04-28 09:02:51,295 [WARN] PackLoader:240 - Cannot read IP mode file for STMicroelectronics.X-CUBE-TOUCHGFX.4.24.2
2025-04-28 09:02:51,348 [WARN] PackLoader:240 - Cannot read IP mode file for STMicroelectronics.X-CUBE-TOUCHGFX.4.24.1
2025-04-28 09:02:51,354 [WARN] PackLoader:240 - Cannot read IP mode file for wolfSSL.I-CUBE-wolfTPM.3.4.0
2025-04-28 09:02:51,362 [WARN] PackLoader:240 - Cannot read IP mode file for portGmbH.I-Cube-SoM-uGOAL.1.1.0
2025-04-28 09:02:51,387 [WARN] PackLoader:240 - Cannot read IP mode file for STMicroelectronics.X-CUBE-AZRTOS-H7RS.1.0.0
2025-04-28 09:02:51,402 [WARN] PackLoader:240 - Cannot read IP mode file for STMicroelectronics.X-CUBE-TOF1.3.4.2
2025-04-28 09:02:51,422 [ERROR] Engine:466 - C:\Users\kjeya\.stm32cubemx\thirdparties\pdsc\STMicroelectronics.X-CUBE-TOF1.3.4.3.pdsc: PDSC version is not supported
2025-04-28 09:02:51,428 [WARN] PackLoader:240 - Cannot read IP mode file for wolfSSL.I-CUBE-wolfSSH.1.4.17
2025-04-28 09:02:51,430 [INFO] ThirdParty:978 - Integrity check success = true
2025-04-28 09:02:51,430 [INFO] IntegrityCheckThread:100 - exiting critical section [integrity check]
2025-04-28 09:02:51,430 [INFO] IntegrityCheckThread:103 - End integrity checks thread
2025-04-28 14:20:20,417 [ERROR] LogOutputStream:75 - [STDERR_REDIRECT] 
