2025-04-22 23:10:07,766 [INFO] Activator:176 - 


2025-04-22 23:10:07,781 [INFO] Activator:177 - !SESSION log4j initialized
2025-04-22 23:10:17,960 [INFO] LogOutputStream:77 - [STDOUT_REDIRECT] 
2025-04-22 23:10:20,305 [INFO] ApplicationProperties:184 - Using Application install path: C:\ST\STM32CubeIDE_1.16.1\STM32CubeIDE\plugins\com.st.stm32cube.common.mx_6.12.1.202409122256
2025-04-22 23:10:20,332 [INFO] DbMcusXml:78 - Set database path to: C:\ST\STM32CubeIDE_1.16.1\STM32CubeIDE\plugins\com.st.stm32cube.common.mx_6.12.1.202409122256\\db\/mcu/
2025-04-22 23:10:20,333 [INFO] ApiDb:274 - Set plugin database path to: C:\ST\STM32CubeIDE_1.16.1\STM32CubeIDE\plugins\com.st.stm32cube.common.mx_6.12.1.202409122256\\db\/plugins/boardmanager/
2025-04-22 23:10:20,333 [WARN] ApiDb:259 - Overriding images path with different value:  => C:\ST\STM32CubeIDE_1.16.1\STM32CubeIDE\plugins\com.st.stm32cube.common.mx_6.12.1.202409122256\\db\/plugins/mcufinder/images/
2025-04-22 23:10:20,355 [INFO] ApiDb:250 - Set database path to: C:\Users\kjeya\.stmcufinder\plugins\mcufinder//mcu/
2025-04-22 23:10:20,357 [INFO] DbMcusAds:125 - Set database path to: C:\Users\kjeya\.stmcufinder\plugins\mcufinder//mcu/
2025-04-22 23:10:20,361 [INFO] CrossReferenceDbSqlite:203 - Set database path to: C:\Users\kjeya\.stmcufinder\plugins\mcufinder//mcu/cs/
2025-04-22 23:10:20,567 [INFO] RulesReader:64 - Compatibility file has been processed (297 Rules)
2025-04-22 23:10:20,717 [INFO] DbMcusXml:78 - Set database path to: C:\ST\STM32CubeIDE_1.16.1\STM32CubeIDE\plugins\com.st.stm32cube.common.mx_6.12.1.202409122256\\db\/mcu/
2025-04-22 23:10:20,717 [INFO] ApiDb:274 - Set plugin database path to: C:\ST\STM32CubeIDE_1.16.1\STM32CubeIDE\plugins\com.st.stm32cube.common.mx_6.12.1.202409122256\\db\/plugins/boardmanager/
2025-04-22 23:10:20,718 [INFO] ApiDb:261 - Set plugin images path to: C:\ST\STM32CubeIDE_1.16.1\STM32CubeIDE\plugins\com.st.stm32cube.common.mx_6.12.1.202409122256\\db\/plugins/mcufinder/images/
2025-04-22 23:10:20,718 [WARN] DbFile:41 - Overriding database path with different value: C:\Users\kjeya\.stmcufinder\plugins\mcufinder/ => C:\Users\kjeya\.stmcufinder\plugins\mcufinder
2025-04-22 23:10:20,718 [INFO] ApiDb:250 - Set database path to: C:\Users\kjeya\.stmcufinder\plugins\mcufinder//mcu/
2025-04-22 23:10:20,718 [WARN] DbFile:41 - Overriding database path with different value: C:\Users\kjeya\.stmcufinder\plugins\mcufinder/ => C:\Users\kjeya\.stmcufinder\plugins\mcufinder
2025-04-22 23:10:20,719 [INFO] DbMcusAds:125 - Set database path to: C:\Users\kjeya\.stmcufinder\plugins\mcufinder//mcu/
2025-04-22 23:10:20,719 [WARN] DbFile:41 - Overriding database path with different value: C:\Users\kjeya\.stmcufinder\plugins\mcufinder/ => C:\Users\kjeya\.stmcufinder\plugins\mcufinder
2025-04-22 23:10:20,719 [WARN] DbFile:41 - Overriding database path with different value: C:\Users\kjeya\.stmcufinder\plugins\mcufinder/ => C:\Users\kjeya\.stmcufinder\plugins\mcufinder
2025-04-22 23:10:20,719 [INFO] CrossReferenceDbSqlite:203 - Set database path to: C:\Users\kjeya\.stmcufinder\plugins\mcufinder//mcu/cs/
2025-04-22 23:10:20,862 [INFO] MainPanel:268 - HeapMemory: 268435456
2025-04-22 23:10:21,021 [INFO] DbMcusXml:78 - Set database path to: C:\ST\STM32CubeIDE_1.16.1\STM32CubeIDE\plugins\com.st.stm32cube.common.mx_6.12.1.202409122256\\db\/mcu/
2025-04-22 23:10:21,022 [INFO] ApiDb:274 - Set plugin database path to: C:\ST\STM32CubeIDE_1.16.1\STM32CubeIDE\plugins\com.st.stm32cube.common.mx_6.12.1.202409122256\\db\/plugins/boardmanager/
2025-04-22 23:10:21,022 [INFO] ApiDb:261 - Set plugin images path to: C:\ST\STM32CubeIDE_1.16.1\STM32CubeIDE\plugins\com.st.stm32cube.common.mx_6.12.1.202409122256\\db\/plugins/mcufinder/images/
2025-04-22 23:10:21,024 [WARN] DbFile:41 - Overriding database path with different value: C:\Users\kjeya\.stmcufinder\plugins\mcufinder/ => C:\Users\kjeya\.stmcufinder\plugins\mcufinder
2025-04-22 23:10:21,024 [INFO] ApiDb:250 - Set database path to: C:\Users\kjeya\.stmcufinder\plugins\mcufinder//mcu/
2025-04-22 23:10:21,024 [WARN] DbFile:41 - Overriding database path with different value: C:\Users\kjeya\.stmcufinder\plugins\mcufinder/ => C:\Users\kjeya\.stmcufinder\plugins\mcufinder
2025-04-22 23:10:21,025 [INFO] DbMcusAds:125 - Set database path to: C:\Users\kjeya\.stmcufinder\plugins\mcufinder//mcu/
2025-04-22 23:10:21,025 [WARN] DbFile:41 - Overriding database path with different value: C:\Users\kjeya\.stmcufinder\plugins\mcufinder/ => C:\Users\kjeya\.stmcufinder\plugins\mcufinder
2025-04-22 23:10:21,025 [WARN] DbFile:41 - Overriding database path with different value: C:\Users\kjeya\.stmcufinder\plugins\mcufinder/ => C:\Users\kjeya\.stmcufinder\plugins\mcufinder
2025-04-22 23:10:21,025 [INFO] CrossReferenceDbSqlite:203 - Set database path to: C:\Users\kjeya\.stmcufinder\plugins\mcufinder//mcu/cs/
2025-04-22 23:10:21,055 [INFO] ApplicationProperties:184 - Using Application install path: C:\ST\STM32CubeIDE_1.16.1\STM32CubeIDE\plugins\com.st.stm32cube.common.mx_6.12.1.202409122256
2025-04-22 23:10:21,059 [INFO] PluginManage:196 - Search for loadable plugins [exclusion list=, ]
2025-04-22 23:10:21,061 [INFO] PluginManage:310 - Check plugin analytics
2025-04-22 23:10:21,418 [INFO] AnalyticsPlugin:253 - Accepted Software Licenses: STM32CubeMX.6.11.1,STM32CubeMX.6.13.0
2025-04-22 23:10:21,419 [INFO] AnalyticsPlugin:255 - Accepted CMSIS Pack Licenses: STMicroelectronics.X-CUBE-TOUCHGFX.4.24.0,WES.I-CUBE-Cesium.1.3.0,STMicroelectronics.X-CUBE-TOUCHGFX.4.24.2
2025-04-22 23:10:21,419 [INFO] AnalyticsPlugin:257 - Accepted Firmware Licenses: FW.F4.1.28.0,FW.L4.1.18.0,FW.WL.1.3.0,FW.H7.1.11.0,FW.H7.1.12.0
2025-04-22 23:10:21,429 [INFO] PluginManage:359 - Loaded plugin analytics (category:tool,tabindex:-1)
2025-04-22 23:10:21,430 [INFO] PluginManage:310 - Check plugin cadmodel
2025-04-22 23:10:21,460 [INFO] CADModel:105 - Init CAD model plugin
2025-04-22 23:10:21,460 [INFO] PluginManage:359 - Loaded plugin cadmodel (category:power,tabindex:5)
2025-04-22 23:10:21,460 [INFO] PluginManage:310 - Check plugin clock
2025-04-22 23:10:21,493 [INFO] PluginManage:359 - Loaded plugin clock (category:base,tabindex:2)
2025-04-22 23:10:21,494 [INFO] PluginManage:310 - Check plugin ddr
2025-04-22 23:10:21,497 [INFO] PluginManage:359 - Loaded plugin ddr (category:tool,tabindex:6)
2025-04-22 23:10:21,498 [INFO] PluginManage:310 - Check plugin filemanager
2025-04-22 23:10:21,710 [INFO] PluginManage:359 - Loaded plugin filemanager (category:base,tabindex:10)
2025-04-22 23:10:21,710 [INFO] PluginManage:310 - Check plugin ipmanager
2025-04-22 23:10:21,724 [INFO] PluginManage:359 - Loaded plugin ipmanager (category:base,tabindex:5)
2025-04-22 23:10:21,724 [INFO] PluginManage:310 - Check plugin lpbam
2025-04-22 23:10:21,747 [INFO] PluginManage:359 - Loaded plugin lpbam (category:base,tabindex:0)
2025-04-22 23:10:21,747 [INFO] PluginManage:310 - Check plugin memorymap
2025-04-22 23:10:21,781 [INFO] PluginManage:359 - Loaded plugin memorymap (category:base,tabindex:4)
2025-04-22 23:10:21,781 [INFO] PluginManage:310 - Check plugin pinoutandconfiguration
2025-04-22 23:10:21,810 [INFO] PluginManage:359 - Loaded plugin pinoutandconfiguration (category:base,tabindex:1)
2025-04-22 23:10:21,810 [INFO] PluginManage:310 - Check plugin pinoutconfig
2025-04-22 23:10:21,949 [WARN] SupportedApi:132 - Cannot load RTOS API schema: s4s-elt-must-match.1: The content of 'definitions' must match (annotation?, (simpleType | complexType)?, (unique | key | keyref)*)). A problem was found starting at: attribute.
2025-04-22 23:10:22,192 [INFO] PluginManage:359 - Loaded plugin pinoutconfig (category:base,tabindex:0)
2025-04-22 23:10:22,192 [INFO] PluginManage:310 - Check plugin power
2025-04-22 23:10:22,229 [INFO] PluginManage:359 - Loaded plugin power (category:power,tabindex:4)
2025-04-22 23:10:22,229 [INFO] PluginManage:310 - Check plugin projectmanager
2025-04-22 23:10:22,257 [INFO] PluginManage:359 - Loaded plugin projectmanager (category:projectmanager,tabindex:4)
2025-04-22 23:10:22,257 [INFO] PluginManage:310 - Check plugin rif
2025-04-22 23:10:22,284 [INFO] PluginManage:359 - Loaded plugin rif (category:base,tabindex:3)
2025-04-22 23:10:22,284 [INFO] PluginManage:310 - Check plugin thirdparty
2025-04-22 23:10:22,776 [INFO] PluginManage:359 - Loaded plugin thirdparty (category:base,tabindex:-1)
2025-04-22 23:10:22,776 [WARN] IntegrityCheckThread:84 - waiting for thirdparty lock release [integrity check]
2025-04-22 23:10:22,778 [INFO] PluginManage:310 - Check plugin tools
2025-04-22 23:10:22,778 [INFO] IntegrityCheckThread:86 - entering critical section [integrity check]
2025-04-22 23:10:22,779 [INFO] ThirdPartyUpdaterWithRetryManager:70 - Updater plugin not ready yet. [1/15]
2025-04-22 23:10:22,848 [INFO] PluginManage:359 - Loaded plugin tools (category:base,tabindex:7)
2025-04-22 23:10:22,848 [INFO] PluginManage:310 - Check plugin tutovideos
2025-04-22 23:10:23,114 [INFO] PluginManage:359 - Loaded plugin tutovideos (category:base,tabindex:-1)
2025-04-22 23:10:23,114 [INFO] PluginManage:310 - Check plugin updater
2025-04-22 23:10:23,138 [INFO] PluginManage:359 - Loaded plugin updater (category:base,tabindex:12)
2025-04-22 23:10:23,138 [INFO] PluginManage:310 - Check plugin userauth
2025-04-22 23:10:23,147 [INFO] UserAuth:113 - Init User Auth plugin
2025-04-22 23:10:23,147 [INFO] PluginManage:359 - Loaded plugin userauth (category:base,tabindex:14)
2025-04-22 23:10:23,148 [INFO] PluginManage:283 - PluginManage : Loaded plugins [18]
2025-04-22 23:10:23,479 [INFO] PinOutPanel:1561 - setPackage(No Configuration,No Configuration)
2025-04-22 23:10:23,615 [INFO] CADModel:165 - CPN selected for project level
2025-04-22 23:10:23,615 [INFO] CADModel:114 - Register for checkConnection events
2025-04-22 23:10:23,652 [INFO] IPUIPlugin:80 - create IPUIPlugin
2025-04-22 23:10:23,652 [INFO] PluginManager:220 - loadIPPluginJar : add adc
2025-04-22 23:10:23,706 [INFO] IPUIPlugin:80 - create IPUIPlugin
2025-04-22 23:10:23,706 [INFO] PluginManager:220 - loadIPPluginJar : add aes
2025-04-22 23:10:23,772 [INFO] IPUIPlugin:80 - create IPUIPlugin
2025-04-22 23:10:23,772 [INFO] PluginManager:220 - loadIPPluginJar : add can
2025-04-22 23:10:23,812 [INFO] IPUIPlugin:80 - create IPUIPlugin
2025-04-22 23:10:23,812 [INFO] PluginManager:220 - loadIPPluginJar : add comp
2025-04-22 23:10:23,865 [INFO] IPUIPlugin:80 - create IPUIPlugin
2025-04-22 23:10:23,865 [INFO] PluginManager:220 - loadIPPluginJar : add cryp
2025-04-22 23:10:23,888 [INFO] IPUIPlugin:80 - create IPUIPlugin
2025-04-22 23:10:23,889 [INFO] PluginManager:220 - loadIPPluginJar : add ddr_ctrl_phy
2025-04-22 23:10:23,944 [INFO] IPUIPlugin:80 - create IPUIPlugin
2025-04-22 23:10:23,944 [INFO] PluginManager:220 - loadIPPluginJar : add dfsdm
2025-04-22 23:10:23,966 [INFO] IPUIPlugin:80 - create IPUIPlugin
2025-04-22 23:10:23,967 [INFO] PluginManager:220 - loadIPPluginJar : add dma
2025-04-22 23:10:24,035 [INFO] IPUIPlugin:80 - create IPUIPlugin
2025-04-22 23:10:24,035 [INFO] PluginManager:220 - loadIPPluginJar : add dma3
2025-04-22 23:10:24,106 [INFO] IPUIPlugin:80 - create IPUIPlugin
2025-04-22 23:10:24,106 [INFO] PluginManager:220 - loadIPPluginJar : add extmemmanager
2025-04-22 23:10:24,137 [INFO] IPUIPlugin:80 - create IPUIPlugin
2025-04-22 23:10:24,137 [INFO] PluginManager:220 - loadIPPluginJar : add fatfs
2025-04-22 23:10:24,208 [INFO] IPUIPlugin:80 - create IPUIPlugin
2025-04-22 23:10:24,208 [INFO] PluginManager:220 - loadIPPluginJar : add fmc
2025-04-22 23:10:24,234 [INFO] IPUIPlugin:80 - create IPUIPlugin
2025-04-22 23:10:24,235 [INFO] PluginManager:220 - loadIPPluginJar : add freertos
2025-04-22 23:10:24,271 [INFO] IPUIPlugin:80 - create IPUIPlugin
2025-04-22 23:10:24,271 [INFO] PluginManager:220 - loadIPPluginJar : add genericplugin
2025-04-22 23:10:24,418 [INFO] IPUIPlugin:80 - create IPUIPlugin
2025-04-22 23:10:24,418 [INFO] PluginManager:220 - loadIPPluginJar : add gfxmmu
2025-04-22 23:10:24,657 [INFO] IPUIPlugin:80 - create IPUIPlugin
2025-04-22 23:10:24,657 [INFO] PluginManager:220 - loadIPPluginJar : add gic
2025-04-22 23:10:24,677 [INFO] IPUIPlugin:80 - create IPUIPlugin
2025-04-22 23:10:24,677 [INFO] PluginManager:220 - loadIPPluginJar : add gpio
2025-04-22 23:10:24,812 [INFO] IPUIPlugin:80 - create IPUIPlugin
2025-04-22 23:10:24,812 [INFO] PluginManager:220 - loadIPPluginJar : add gtzc
2025-04-22 23:10:24,859 [INFO] IPUIPlugin:80 - create IPUIPlugin
2025-04-22 23:10:24,859 [INFO] PluginManager:220 - loadIPPluginJar : add hash
2025-04-22 23:10:24,941 [INFO] IPUIPlugin:80 - create IPUIPlugin
2025-04-22 23:10:24,941 [INFO] PluginManager:220 - loadIPPluginJar : add i2c
2025-04-22 23:10:25,002 [INFO] IPUIPlugin:80 - create IPUIPlugin
2025-04-22 23:10:25,003 [INFO] PluginManager:220 - loadIPPluginJar : add i2s
2025-04-22 23:10:25,093 [INFO] IPUIPlugin:80 - create IPUIPlugin
2025-04-22 23:10:25,094 [INFO] PluginManager:220 - loadIPPluginJar : add i3c
2025-04-22 23:10:25,254 [INFO] IPUIPlugin:80 - create IPUIPlugin
2025-04-22 23:10:25,255 [INFO] PluginManager:220 - loadIPPluginJar : add ipddr
2025-04-22 23:10:25,399 [INFO] IPUIPlugin:80 - create IPUIPlugin
2025-04-22 23:10:25,400 [INFO] PluginManager:220 - loadIPPluginJar : add linkedlist
2025-04-22 23:10:25,454 [INFO] IPUIPlugin:80 - create IPUIPlugin
2025-04-22 23:10:25,455 [INFO] PluginManager:220 - loadIPPluginJar : add lorawan
2025-04-22 23:10:25,511 [INFO] IPUIPlugin:80 - create IPUIPlugin
2025-04-22 23:10:25,511 [INFO] PluginManager:220 - loadIPPluginJar : add ltdc
2025-04-22 23:10:25,531 [INFO] IPUIPlugin:80 - create IPUIPlugin
2025-04-22 23:10:25,532 [INFO] PluginManager:220 - loadIPPluginJar : add mdma
2025-04-22 23:10:25,549 [INFO] IPUIPlugin:80 - create IPUIPlugin
2025-04-22 23:10:25,549 [INFO] PluginManager:220 - loadIPPluginJar : add nvic
2025-04-22 23:10:25,607 [INFO] IPUIPlugin:80 - create IPUIPlugin
2025-04-22 23:10:25,607 [INFO] PluginManager:220 - loadIPPluginJar : add opamp
2025-04-22 23:10:25,700 [INFO] IPUIPlugin:80 - create IPUIPlugin
2025-04-22 23:10:25,700 [INFO] PluginManager:220 - loadIPPluginJar : add openamp
2025-04-22 23:10:25,779 [INFO] IPUIPlugin:80 - create IPUIPlugin
2025-04-22 23:10:25,780 [INFO] PluginManager:220 - loadIPPluginJar : add pdm2pcm
2025-04-22 23:10:25,781 [INFO] ThirdPartyUpdaterWithRetryManager:70 - Updater plugin not ready yet. [2/15]
2025-04-22 23:10:25,802 [INFO] IPUIPlugin:80 - create IPUIPlugin
2025-04-22 23:10:25,806 [INFO] PluginManager:220 - loadIPPluginJar : add plateformsettings
2025-04-22 23:10:25,851 [INFO] IPUIPlugin:80 - create IPUIPlugin
2025-04-22 23:10:25,851 [INFO] PluginManager:220 - loadIPPluginJar : add quadspi
2025-04-22 23:10:25,905 [INFO] IPUIPlugin:80 - create IPUIPlugin
2025-04-22 23:10:25,905 [INFO] PluginManager:220 - loadIPPluginJar : add radio
2025-04-22 23:10:25,929 [INFO] IPUIPlugin:80 - create IPUIPlugin
2025-04-22 23:10:25,929 [INFO] PluginManager:220 - loadIPPluginJar : add resmgrutility
2025-04-22 23:10:26,009 [INFO] IPUIPlugin:80 - create IPUIPlugin
2025-04-22 23:10:26,009 [INFO] PluginManager:220 - loadIPPluginJar : add sai
2025-04-22 23:10:26,073 [INFO] IPUIPlugin:80 - create IPUIPlugin
2025-04-22 23:10:26,073 [INFO] PluginManager:220 - loadIPPluginJar : add spi
2025-04-22 23:10:26,175 [INFO] IPUIPlugin:80 - create IPUIPlugin
2025-04-22 23:10:26,175 [INFO] PluginManager:220 - loadIPPluginJar : add stm32_wpan
2025-04-22 23:10:26,215 [INFO] IPUIPlugin:80 - create IPUIPlugin
2025-04-22 23:10:26,215 [INFO] PluginManager:220 - loadIPPluginJar : add tim
2025-04-22 23:10:26,318 [INFO] IPUIPlugin:80 - create IPUIPlugin
2025-04-22 23:10:26,318 [INFO] PluginManager:220 - loadIPPluginJar : add touchsensing
2025-04-22 23:10:26,356 [INFO] IPUIPlugin:80 - create IPUIPlugin
2025-04-22 23:10:26,356 [INFO] PluginManager:220 - loadIPPluginJar : add tracer_emb
2025-04-22 23:10:26,394 [INFO] IPUIPlugin:80 - create IPUIPlugin
2025-04-22 23:10:26,395 [INFO] PluginManager:220 - loadIPPluginJar : add ts
2025-04-22 23:10:26,428 [INFO] IPUIPlugin:80 - create IPUIPlugin
2025-04-22 23:10:26,429 [INFO] PluginManager:220 - loadIPPluginJar : add tsc
2025-04-22 23:10:26,464 [INFO] IPUIPlugin:80 - create IPUIPlugin
2025-04-22 23:10:26,464 [INFO] PluginManager:220 - loadIPPluginJar : add ucpd
2025-04-22 23:10:26,531 [INFO] IPUIPlugin:80 - create IPUIPlugin
2025-04-22 23:10:26,531 [INFO] PluginManager:220 - loadIPPluginJar : add usart
2025-04-22 23:10:26,598 [INFO] IPUIPlugin:80 - create IPUIPlugin
2025-04-22 23:10:26,598 [INFO] PluginManager:220 - loadIPPluginJar : add usbx
2025-04-22 23:10:26,756 [INFO] CADModel:165 - CPN selected for project level
2025-04-22 23:10:26,756 [INFO] CADModel:114 - Register for checkConnection events
2025-04-22 23:10:26,756 [FATAL] Updater:334 - Updater called before beeing initialized
2025-04-22 23:10:26,757 [ERROR] CADModel:125 - Updater not yet initialized, retry later 
2025-04-22 23:10:27,071 [INFO] CADModel:165 - CPN selected for project level
2025-04-22 23:10:27,071 [INFO] CADModel:114 - Register for checkConnection events
2025-04-22 23:10:27,071 [FATAL] Updater:334 - Updater called before beeing initialized
2025-04-22 23:10:27,071 [ERROR] CADModel:125 - Updater not yet initialized, retry later 
2025-04-22 23:10:27,077 [FATAL] Updater:334 - Updater called before beeing initialized
2025-04-22 23:10:27,259 [FATAL] Updater:334 - Updater called before beeing initialized
2025-04-22 23:10:27,277 [INFO] DbMcusAds:53 - JSON generation date=Thu Mar 06 20:24:21 IST 2025 (1741272861825)
2025-04-22 23:10:27,277 [FATAL] Updater:334 - Updater called before beeing initialized
2025-04-22 23:10:27,324 [WARN] DetailPanel:346 - Failed to get advertising image, set to default
2025-04-22 23:10:27,452 [FATAL] Updater:334 - Updater called before beeing initialized
2025-04-22 23:10:27,455 [FATAL] Updater:334 - Updater called before beeing initialized
2025-04-22 23:10:27,456 [FATAL] Updater:334 - Updater called before beeing initialized
2025-04-22 23:10:27,456 [WARN] DetailPanel:346 - Failed to get advertising image, set to default
2025-04-22 23:10:27,457 [FATAL] Updater:334 - Updater called before beeing initialized
2025-04-22 23:10:27,604 [ERROR] Updater:1164 - MainUpdater not yet initialized. External WinMGr cannot be set.
2025-04-22 23:10:27,629 [INFO] Updater:1100 - Updater Version found : 6.12.1
2025-04-22 23:10:27,657 [INFO] ApplicationProperties:184 - Using Application install path: C:\ST\STM32CubeIDE_1.16.1\STM32CubeIDE\plugins\com.st.stm32cube.common.mx_6.12.1.202409122256
2025-04-22 23:10:28,782 [INFO] ThirdPartyUpdaterWithRetryManager:70 - Updater plugin not ready yet. [3/15]
2025-04-22 23:10:29,258 [ERROR] LogOutputStream:75 - [STDERR_REDIRECT] Apr 22, 2025 11:10:29 PM java.util.prefs.WindowsPreferences <init>
2025-04-22 23:10:29,261 [ERROR] LogOutputStream:75 - [STDERR_REDIRECT] WARNING: Could not open/create prefs root node Software\JavaSoft\Prefs at root 0xffffffff80000002. Windows RegCreateKeyEx(...) returned error code 5.
2025-04-22 23:10:29,261 [ERROR] LogOutputStream:75 - [STDERR_REDIRECT] 
2025-04-22 23:10:30,345 [INFO] MainUpdater:2873 - connection check result : 10
2025-04-22 23:10:30,347 [INFO] MainUpdater:290 - Updater Check For Update Now.
2025-04-22 23:10:30,348 [INFO] MicroXplorer:498 - Change Database Version : DB.6.0.121
2025-04-22 23:10:30,397 [INFO] McuFinderGlobals:63 - Set McuFinder mode to 2 (CubeIDE integrated)
2025-04-22 23:10:30,413 [INFO] UserAuth:417 - Internet connection configuration mode: 1
2025-04-22 23:10:30,485 [INFO] JxBrowserEngine:152 - Initiate JxBrowser Engine with user profile folder
2025-04-22 23:10:30,718 [INFO] CheckServerUpdateThread:120 - End of CheckServer Thread
2025-04-22 23:10:32,284 [WARN] PackLoader:240 - Cannot read IP mode file for STMicroelectronics.FP-SNS-MOTENVWB1.1.4.0
2025-04-22 23:10:32,318 [WARN] PackLoader:240 - Cannot read IP mode file for STMicroelectronics.FP-ATR-ASTRA1.2.0.2
2025-04-22 23:10:32,342 [WARN] PackLoader:240 - Cannot read IP mode file for STMicroelectronics.FP-ATR-ASTRA1.2.0.1
2025-04-22 23:10:32,395 [WARN] PackLoader:240 - Cannot read IP mode file for STMicroelectronics.X-CUBE-SMBUS.2.1.0
2025-04-22 23:10:32,429 [WARN] PackLoader:240 - Cannot read IP mode file for STMicroelectronics.X-CUBE-WB05N.1.1.0
2025-04-22 23:10:32,515 [WARN] PackLoader:240 - Cannot read IP mode file for STMicroelectronics.X-CUBE-AZRTOS-F7.1.1.0
2025-04-22 23:10:32,551 [WARN] PackLoader:240 - Cannot read IP mode file for STMicroelectronics.FP-SNS-FLIGHT1.5.0.2
2025-04-22 23:10:32,627 [WARN] PackLoader:240 - Cannot read IP mode file for Infineon.AIROC-Wi-Fi-Bluetooth-STM32.1.7.0
2025-04-22 23:10:32,682 [WARN] PackLoader:240 - Cannot read IP mode file for STMicroelectronics.X-CUBE-DISPLAY.3.0.0
2025-04-22 23:10:32,727 [WARN] PackLoader:240 - Cannot read IP mode file for STMicroelectronics.X-CUBE-BLE1.7.0.0
2025-04-22 23:10:32,772 [WARN] PackLoader:240 - Cannot read IP mode file for STMicroelectronics.X-CUBE-NFC10.1.0.0
2025-04-22 23:10:32,823 [WARN] PackLoader:240 - Cannot read IP mode file for STMicroelectronics.X-CUBE-BLEMGR.4.0.0
2025-04-22 23:10:32,869 [WARN] PackLoader:240 - Cannot read IP mode file for emotas.I-CUBE-CANOPEN.1.3.0
2025-04-22 23:10:32,894 [WARN] PackLoader:240 - Cannot read IP mode file for STMicroelectronics.X-CUBE-AI.10.0.0
2025-04-22 23:10:32,919 [WARN] PackLoader:240 - Cannot read IP mode file for STMicroelectronics.FP-SNS-SMARTAG2.1.2.0
2025-04-22 23:10:32,945 [ERROR] Engine:466 - C:\Users\kjeya\.stm32cubemx\thirdparties\pdsc\STMicroelectronics.FP-SNS-FLIGHT1.5.1.0.pdsc: PDSC version is not supported
2025-04-22 23:10:33,078 [WARN] PackLoader:240 - Cannot read IP mode file for STMicroelectronics.X-CUBE-MEMS1.11.1.0
2025-04-22 23:10:33,375 [INFO] LogOutputStream:77 - [STDOUT_REDIRECT] 1 : Invalid condition id : UX_CORESTACK_Condition cause : null
2025-04-22 23:10:33,375 [INFO] LogOutputStream:77 - [STDOUT_REDIRECT] 1 : Invalid condition id : UX_CORESTACK_Condition cause : null
2025-04-22 23:10:33,378 [INFO] LogOutputStream:77 - [STDOUT_REDIRECT] 1 : Invalid condition id : UX_CORESTACK_Condition cause : null
2025-04-22 23:10:33,380 [INFO] LogOutputStream:77 - [STDOUT_REDIRECT] 1 : Invalid condition id : UX_CORESTACK_Condition cause : null
2025-04-22 23:10:33,383 [INFO] LogOutputStream:77 - [STDOUT_REDIRECT] 1 : Invalid condition id : UX_CORESTACK_Condition cause : null
2025-04-22 23:10:33,389 [WARN] PackLoader:240 - Cannot read IP mode file for STMicroelectronics.X-CUBE-AZRTOS-WL.2.0.0
2025-04-22 23:10:33,428 [WARN] PackLoader:240 - Cannot read IP mode file for STMicroelectronics.FP-SNS-MOTENV1.5.0.0
2025-04-22 23:10:33,458 [WARN] PackLoader:240 - Cannot read IP mode file for wolfSSL.I-CUBE-wolfMQTT.1.19.0
2025-04-22 23:10:33,511 [WARN] PackLoader:240 - Cannot read IP mode file for WES.I-CUBE-Cesium.1.3.0
2025-04-22 23:10:33,711 [WARN] PackLoader:240 - Cannot read IP mode file for STMicroelectronics.X-CUBE-BLE2.3.3.0
2025-04-22 23:10:33,742 [WARN] PackLoader:240 - Cannot read IP mode file for STMicroelectronics.X-CUBE-NFC9.1.0.0
2025-04-22 23:10:33,772 [WARN] PackLoader:240 - Cannot read IP mode file for STMicroelectronics.X-CUBE-BLE1.7.1.0
2025-04-22 23:10:33,905 [WARN] PackLoader:240 - Cannot read IP mode file for STMicroelectronics.X-CUBE-MEMS1.11.2.0
2025-04-22 23:10:34,168 [WARN] PackLoader:240 - Cannot read IP mode file for STMicroelectronics.X-CUBE-AZRTOS-G0.1.1.0
2025-04-22 23:10:34,200 [WARN] PackLoader:240 - Cannot read IP mode file for STMicroelectronics.X-CUBE-SAFEA1.1.2.2
2025-04-22 23:10:34,230 [WARN] PackLoader:240 - Cannot read IP mode file for STMicroelectronics.X-CUBE-NFC4.3.0.0
2025-04-22 23:10:34,267 [WARN] PackLoader:240 - Cannot read IP mode file for EmbeddedOffice.I-CUBE-FS-RTOS.1.0.1
2025-04-22 23:10:34,268 [ERROR] ConditionMgr:805 - Attr not supported : Dmpu
2025-04-22 23:10:34,268 [ERROR] ConditionMgr:805 - Attr not supported : Dmpu
2025-04-22 23:10:34,268 [ERROR] ConditionMgr:805 - Attr not supported : Dmpu
2025-04-22 23:10:34,268 [ERROR] ConditionMgr:805 - Attr not supported : Dmpu
2025-04-22 23:10:34,268 [ERROR] ConditionMgr:805 - Attr not supported : Dmpu
2025-04-22 23:10:34,268 [ERROR] ConditionMgr:805 - Attr not supported : Dmpu
2025-04-22 23:10:34,269 [ERROR] ConditionMgr:805 - Attr not supported : Dmpu
2025-04-22 23:10:34,269 [ERROR] ConditionMgr:805 - Attr not supported : Dmpu
2025-04-22 23:10:34,269 [ERROR] ConditionMgr:805 - Attr not supported : Dmpu
2025-04-22 23:10:34,269 [ERROR] ConditionMgr:805 - Attr not supported : Dmpu
2025-04-22 23:10:34,270 [ERROR] ConditionMgr:805 - Attr not supported : Dmpu
2025-04-22 23:10:34,270 [ERROR] ConditionMgr:805 - Attr not supported : Dmpu
2025-04-22 23:10:34,270 [ERROR] ConditionMgr:805 - Attr not supported : Dmpu
2025-04-22 23:10:34,270 [ERROR] ConditionMgr:805 - Attr not supported : Dmpu
2025-04-22 23:10:34,270 [ERROR] ConditionMgr:805 - Attr not supported : Dmpu
2025-04-22 23:10:34,270 [ERROR] ConditionMgr:805 - Attr not supported : Dmpu
2025-04-22 23:10:34,270 [ERROR] ConditionMgr:805 - Attr not supported : Dmpu
2025-04-22 23:10:34,270 [ERROR] ConditionMgr:805 - Attr not supported : Dmpu
2025-04-22 23:10:34,270 [ERROR] ConditionMgr:805 - Attr not supported : Dmpu
2025-04-22 23:10:34,271 [ERROR] ConditionMgr:805 - Attr not supported : Dmpu
2025-04-22 23:10:34,271 [ERROR] ConditionMgr:805 - Attr not supported : Dmpu
2025-04-22 23:10:34,271 [ERROR] ConditionMgr:805 - Attr not supported : Dmpu
2025-04-22 23:10:34,271 [ERROR] ConditionMgr:805 - Attr not supported : Dmpu
2025-04-22 23:10:34,271 [ERROR] ConditionMgr:805 - Attr not supported : Dmpu
2025-04-22 23:10:34,271 [ERROR] ConditionMgr:805 - Attr not supported : Dmpu
2025-04-22 23:10:34,271 [ERROR] ConditionMgr:805 - Attr not supported : Dmpu
2025-04-22 23:10:34,271 [ERROR] ConditionMgr:805 - Attr not supported : Dmpu
2025-04-22 23:10:34,271 [ERROR] ConditionMgr:805 - Attr not supported : Dmpu
2025-04-22 23:10:34,271 [ERROR] ConditionMgr:805 - Attr not supported : Dmpu
2025-04-22 23:10:34,271 [ERROR] ConditionMgr:805 - Attr not supported : Dmpu
2025-04-22 23:10:34,271 [ERROR] ConditionMgr:805 - Attr not supported : Dmpu
2025-04-22 23:10:34,271 [ERROR] ConditionMgr:805 - Attr not supported : Dmpu
2025-04-22 23:10:34,272 [ERROR] ConditionMgr:805 - Attr not supported : Dmpu
2025-04-22 23:10:34,272 [ERROR] ConditionMgr:805 - Attr not supported : Dmpu
2025-04-22 23:10:34,272 [ERROR] ConditionMgr:805 - Attr not supported : Dmpu
2025-04-22 23:10:34,272 [ERROR] ConditionMgr:805 - Attr not supported : Dmpu
2025-04-22 23:10:34,272 [ERROR] ConditionMgr:805 - Attr not supported : Dmpu
2025-04-22 23:10:34,272 [ERROR] ConditionMgr:805 - Attr not supported : Dmpu
2025-04-22 23:10:34,272 [ERROR] ConditionMgr:805 - Attr not supported : Dmpu
2025-04-22 23:10:34,272 [ERROR] ConditionMgr:805 - Attr not supported : Dmpu
2025-04-22 23:10:34,272 [ERROR] ConditionMgr:805 - Attr not supported : Dmpu
2025-04-22 23:10:34,272 [ERROR] ConditionMgr:805 - Attr not supported : Dmpu
2025-04-22 23:10:34,272 [ERROR] ConditionMgr:805 - Attr not supported : Dmpu
2025-04-22 23:10:34,273 [ERROR] ConditionMgr:805 - Attr not supported : Dmpu
2025-04-22 23:10:34,273 [ERROR] ConditionMgr:805 - Attr not supported : Dmpu
2025-04-22 23:10:34,273 [ERROR] ConditionMgr:805 - Attr not supported : Dmpu
2025-04-22 23:10:34,273 [ERROR] ConditionMgr:805 - Attr not supported : Dmpu
2025-04-22 23:10:34,273 [ERROR] ConditionMgr:805 - Attr not supported : Dmpu
2025-04-22 23:10:34,273 [ERROR] ConditionMgr:805 - Attr not supported : Dmpu
2025-04-22 23:10:34,273 [ERROR] ConditionMgr:805 - Attr not supported : Dmpu
2025-04-22 23:10:34,273 [ERROR] ConditionMgr:805 - Attr not supported : Dmpu
2025-04-22 23:10:34,273 [ERROR] ConditionMgr:805 - Attr not supported : Dmpu
2025-04-22 23:10:34,273 [ERROR] ConditionMgr:805 - Attr not supported : Dmpu
2025-04-22 23:10:34,274 [ERROR] ConditionMgr:805 - Attr not supported : Dmpu
2025-04-22 23:10:34,274 [ERROR] ConditionMgr:805 - Attr not supported : Dmpu
2025-04-22 23:10:34,274 [ERROR] ConditionMgr:805 - Attr not supported : Dmpu
2025-04-22 23:10:34,274 [ERROR] ConditionMgr:805 - Attr not supported : Dmpu
2025-04-22 23:10:34,274 [ERROR] ConditionMgr:805 - Attr not supported : Dmpu
2025-04-22 23:10:34,274 [ERROR] ConditionMgr:805 - Attr not supported : Dmpu
2025-04-22 23:10:34,274 [ERROR] ConditionMgr:805 - Attr not supported : Dmpu
2025-04-22 23:10:34,274 [ERROR] ConditionMgr:805 - Attr not supported : Dmpu
2025-04-22 23:10:34,275 [ERROR] ConditionMgr:805 - Attr not supported : Dmpu
2025-04-22 23:10:34,275 [ERROR] ConditionMgr:805 - Attr not supported : Dmpu
2025-04-22 23:10:34,275 [ERROR] ConditionMgr:805 - Attr not supported : Dmpu
2025-04-22 23:10:34,305 [WARN] PackLoader:240 - Cannot read IP mode file for STMicroelectronics.X-CUBE-WB05N.2.0.0
2025-04-22 23:10:34,334 [ERROR] Engine:466 - C:\Users\kjeya\.stm32cubemx\thirdparties\pdsc\STMicroelectronics.X-CUBE-TCPP.4.2.0.pdsc: PDSC version is not supported
2025-04-22 23:10:34,363 [WARN] PackLoader:240 - Cannot read IP mode file for RealThread.X-CUBE-RT-Thread_Nano.4.1.1
2025-04-22 23:10:34,389 [WARN] PackLoader:240 - Cannot read IP mode file for STMicroelectronics.FP-ATR-SIGFOX1.3.2.0
2025-04-22 23:10:34,419 [WARN] ConditionMgr:438 - getConditionDescription Invalid condition id : Cortex-A Device cause : null
2025-04-22 23:10:34,458 [WARN] ConditionMgr:1039 - genDependencies : Invalid condition id : Cortex-A Device cause : null
2025-04-22 23:10:34,458 [WARN] ConditionMgr:1039 - genDependencies : Invalid condition id : Cortex-A Device cause : null
2025-04-22 23:10:34,458 [WARN] ConditionMgr:1039 - genDependencies : Invalid condition id : Cortex-A Device cause : null
2025-04-22 23:10:34,487 [WARN] PackLoader:240 - Cannot read IP mode file for STMicroelectronics.X-CUBE-EEPRMA1.5.1.0
2025-04-22 23:10:34,517 [WARN] PackLoader:240 - Cannot read IP mode file for wolfSSL.I-CUBE-wolfSSL.5.7.4
2025-04-22 23:10:34,551 [WARN] PackLoader:240 - Cannot read IP mode file for ITTIA_DB.I-CUBE-ITTIADB.8.9.0
2025-04-22 23:10:34,646 [WARN] PackLoader:240 - Cannot read IP mode file for SEGGER.I-CUBE-embOS.1.3.1
2025-04-22 23:10:34,748 [WARN] PackLoader:240 - Cannot read IP mode file for STMicroelectronics.X-CUBE-ALGOBUILD.1.4.0
2025-04-22 23:10:34,782 [WARN] PackLoader:240 - Cannot read IP mode file for STMicroelectronics.X-CUBE-AI.9.1.0
2025-04-22 23:10:34,844 [WARN] PackLoader:240 - Cannot read IP mode file for STMicroelectronics.X-CUBE-AZRTOS-F4.1.1.0
2025-04-22 23:10:34,869 [ERROR] Engine:466 - C:\Users\kjeya\.stm32cubemx\thirdparties\pdsc\Avnet-IotConnect.X-CUBE-IoTC-DA16k-PMOD.1.0.0.pdsc: PDSC version is not supported
2025-04-22 23:10:34,898 [WARN] PackLoader:240 - Cannot read IP mode file for STMicroelectronics.X-CUBE-ISPU.2.1.0
2025-04-22 23:10:34,965 [WARN] PackLoader:240 - Cannot read IP mode file for STMicroelectronics.X-CUBE-AZRTOS-L5.2.0.0
2025-04-22 23:10:35,004 [WARN] PackLoader:240 - Cannot read IP mode file for STMicroelectronics.X-CUBE-NFC6.3.1.0
2025-04-22 23:10:35,039 [WARN] PackLoader:240 - Cannot read IP mode file for STMicroelectronics.X-CUBE-DPower.1.2.0
2025-04-22 23:10:35,065 [WARN] PackLoader:240 - Cannot read IP mode file for STMicroelectronics.X-CUBE-FREERTOS.1.3.0
2025-04-22 23:10:35,097 [WARN] PackLoader:240 - Cannot read IP mode file for STMicroelectronics.X-CUBE-NFC7.1.0.1
2025-04-22 23:10:35,125 [WARN] PackLoader:240 - Cannot read IP mode file for STMicroelectronics.X-CUBE-DPower.1.3.0
2025-04-22 23:10:35,198 [WARN] ConditionMgr:438 - getConditionDescription Invalid condition id : LAN8742 Phy interface Condition cause : null
2025-04-22 23:10:35,201 [WARN] PackLoader:240 - Cannot read IP mode file for STMicroelectronics.X-CUBE-AZRTOS-L4.2.0.0
2025-04-22 23:10:35,203 [WARN] ConditionMgr:1039 - genDependencies : Invalid condition id : LAN8742 Phy interface Condition cause : null
2025-04-22 23:10:35,203 [WARN] ConditionMgr:1039 - genDependencies : Invalid condition id : LAN8742 Phy interface Condition cause : null
2025-04-22 23:10:35,204 [WARN] ConditionMgr:1039 - genDependencies : Invalid condition id : LAN8742 Phy interface Condition cause : null
2025-04-22 23:10:35,236 [WARN] PackLoader:240 - Cannot read IP mode file for STMicroelectronics.X-CUBE-SFXS2LP1.4.0.0
2025-04-22 23:10:35,325 [WARN] PackLoader:240 - Cannot read IP mode file for STMicroelectronics.X-CUBE-AZRTOS-H7.3.3.0
2025-04-22 23:10:35,545 [WARN] PackLoader:240 - Cannot read IP mode file for STMicroelectronics.X-CUBE-IPS.3.0.0
2025-04-22 23:10:35,604 [WARN] ConditionMgr:438 - getConditionDescription Invalid condition id : UX DEVICE CLASS RTOS Condition cause : null
2025-04-22 23:10:35,605 [WARN] ConditionMgr:438 - getConditionDescription Invalid condition id : UX DEVICE CLASS RTOS Condition cause : null
2025-04-22 23:10:35,608 [WARN] PackLoader:240 - Cannot read IP mode file for STMicroelectronics.X-CUBE-AZRTOS-WB.2.0.0
2025-04-22 23:10:35,610 [WARN] ConditionMgr:1039 - genDependencies : Invalid condition id : UX DEVICE CLASS RTOS Condition cause : null
2025-04-22 23:10:35,610 [WARN] ConditionMgr:1039 - genDependencies : Invalid condition id : UX DEVICE CLASS RTOS Condition cause : null
2025-04-22 23:10:35,611 [WARN] ConditionMgr:1039 - genDependencies : Invalid condition id : UX DEVICE CLASS RTOS Condition cause : null
2025-04-22 23:10:35,611 [WARN] ConditionMgr:1039 - genDependencies : Invalid condition id : UX DEVICE CLASS RTOS Condition cause : null
2025-04-22 23:10:35,612 [WARN] ConditionMgr:1039 - genDependencies : Invalid condition id : UX DEVICE CLASS RTOS Condition cause : null
2025-04-22 23:10:35,641 [WARN] PackLoader:240 - Cannot read IP mode file for STMicroelectronics.X-CUBE-GNSS1.7.0.1
2025-04-22 23:10:35,671 [WARN] PackLoader:240 - Cannot read IP mode file for STMicroelectronics.X-CUBE-TOUCHGFX.4.25.0
2025-04-22 23:10:35,702 [WARN] PackLoader:240 - Cannot read IP mode file for STMicroelectronics.FP-SNS-STBOX1.2.0.0
2025-04-22 23:10:35,744 [WARN] PackLoader:240 - Cannot read IP mode file for STMicroelectronics.X-CUBE-SUBG2.5.0.0
2025-04-22 23:10:35,821 [WARN] PackLoader:240 - Cannot read IP mode file for STMicroelectronics.X-CUBE-AZRTOS-H7RS.1.1.0
2025-04-22 23:10:35,859 [WARN] PackLoader:240 - Cannot read IP mode file for Cesanta.I-CUBE-Mongoose.7.13.0
2025-04-22 23:10:35,919 [WARN] PackLoader:240 - Cannot read IP mode file for STMicroelectronics.X-CUBE-AZRTOS-G4.2.0.0
2025-04-22 23:10:35,961 [ERROR] Engine:466 - C:\Users\kjeya\.stm32cubemx\thirdparties\pdsc\STMicroelectronics.X-CUBE-IPS.3.1.0.pdsc: PDSC version is not supported
2025-04-22 23:10:36,182 [WARN] PackLoader:240 - Cannot read IP mode file for STMicroelectronics.X-CUBE-ALS.1.0.2
2025-04-22 23:10:36,221 [WARN] PackLoader:240 - Cannot read IP mode file for STMicroelectronics.X-CUBE-TOUCHGFX.4.24.0
2025-04-22 23:10:36,333 [INFO] WebApp:167 - Instantiating new browser for Auth
2025-04-22 23:10:36,452 [WARN] PackLoader:240 - Cannot read IP mode file for STMicroelectronics.X-CUBE-TOUCHGFX.4.24.2
2025-04-22 23:10:36,694 [WARN] PackLoader:240 - Cannot read IP mode file for STMicroelectronics.X-CUBE-TOUCHGFX.4.24.1
2025-04-22 23:10:36,728 [WARN] PackLoader:240 - Cannot read IP mode file for wolfSSL.I-CUBE-wolfTPM.3.4.0
2025-04-22 23:10:36,767 [WARN] PackLoader:240 - Cannot read IP mode file for portGmbH.I-Cube-SoM-uGOAL.1.1.0
2025-04-22 23:10:36,840 [WARN] PackLoader:240 - Cannot read IP mode file for STMicroelectronics.X-CUBE-AZRTOS-H7RS.1.0.0
2025-04-22 23:10:36,894 [WARN] PackLoader:240 - Cannot read IP mode file for STMicroelectronics.X-CUBE-TOF1.3.4.2
2025-04-22 23:10:36,971 [ERROR] Engine:466 - C:\Users\kjeya\.stm32cubemx\thirdparties\pdsc\STMicroelectronics.X-CUBE-TOF1.3.4.3.pdsc: PDSC version is not supported
2025-04-22 23:10:37,008 [WARN] PackLoader:240 - Cannot read IP mode file for wolfSSL.I-CUBE-wolfSSH.1.4.17
2025-04-22 23:10:37,009 [INFO] ThirdParty:978 - Integrity check success = true
2025-04-22 23:10:37,010 [INFO] IntegrityCheckThread:100 - exiting critical section [integrity check]
2025-04-22 23:10:37,010 [INFO] IntegrityCheckThread:103 - End integrity checks thread
2025-04-22 23:10:38,198 [INFO] WebApp:448 - Apply proxy settings
2025-04-22 23:10:38,198 [INFO] WebApp:533 - Chromium requires no authentication
2025-04-22 23:10:38,216 [INFO] WebApp:476 - Direct internet connection detected
2025-04-22 23:10:38,270 [INFO] WebApp:869 - Register for checkConnection events
2025-04-22 23:10:38,270 [INFO] WebApp:448 - Apply proxy settings
2025-04-22 23:10:38,271 [INFO] WebApp:533 - Chromium requires no authentication
2025-04-22 23:10:38,271 [INFO] WebApp:476 - Direct internet connection detected
2025-04-22 23:10:38,603 [INFO] WebApp:220 - Starting web application
2025-04-22 23:10:38,603 [INFO] WebApp:578 - Web application path used C:\ST\STM32CubeIDE_1.16.1\STM32CubeIDE\plugins\com.st.stm32cube.common.mx_6.12.1.202409122256\db\plugins\mcufinder\reactClient1\index.html
2025-04-22 23:10:38,899 [INFO] WebApp:186 - Connection restablished
2025-04-22 23:10:38,953 [INFO] UserAuth:417 - Internet connection configuration mode: 1
2025-04-22 23:49:16,185 [ERROR] LogOutputStream:75 - [STDERR_REDIRECT] 
