2025-04-15 15:28:30,953 [INFO] Activator:176 - 


2025-04-15 15:28:30,964 [INFO] Activator:177 - !SESSION log4j initialized
2025-04-15 15:28:39,843 [INFO] LogOutputStream:77 - [STDOUT_REDIRECT] 
2025-04-15 15:28:41,832 [INFO] ApplicationProperties:184 - Using Application install path: C:\ST\STM32CubeIDE_1.16.1\STM32CubeIDE\plugins\com.st.stm32cube.common.mx_6.12.1.202409122256
2025-04-15 15:28:41,867 [INFO] DbMcusXml:78 - Set database path to: C:\ST\STM32CubeIDE_1.16.1\STM32CubeIDE\plugins\com.st.stm32cube.common.mx_6.12.1.202409122256\\db\/mcu/
2025-04-15 15:28:41,867 [INFO] ApiDb:274 - Set plugin database path to: C:\ST\STM32CubeIDE_1.16.1\STM32CubeIDE\plugins\com.st.stm32cube.common.mx_6.12.1.202409122256\\db\/plugins/boardmanager/
2025-04-15 15:28:41,869 [WARN] ApiDb:259 - Overriding images path with different value:  => C:\ST\STM32CubeIDE_1.16.1\STM32CubeIDE\plugins\com.st.stm32cube.common.mx_6.12.1.202409122256\\db\/plugins/mcufinder/images/
2025-04-15 15:28:41,901 [INFO] ApiDb:250 - Set database path to: C:\Users\kjeya\.stmcufinder\plugins\mcufinder//mcu/
2025-04-15 15:28:41,903 [INFO] DbMcusAds:125 - Set database path to: C:\Users\kjeya\.stmcufinder\plugins\mcufinder//mcu/
2025-04-15 15:28:41,907 [INFO] CrossReferenceDbSqlite:203 - Set database path to: C:\Users\kjeya\.stmcufinder\plugins\mcufinder//mcu/cs/
2025-04-15 15:28:42,127 [INFO] RulesReader:64 - Compatibility file has been processed (297 Rules)
2025-04-15 15:28:42,305 [INFO] DbMcusXml:78 - Set database path to: C:\ST\STM32CubeIDE_1.16.1\STM32CubeIDE\plugins\com.st.stm32cube.common.mx_6.12.1.202409122256\\db\/mcu/
2025-04-15 15:28:42,305 [INFO] ApiDb:274 - Set plugin database path to: C:\ST\STM32CubeIDE_1.16.1\STM32CubeIDE\plugins\com.st.stm32cube.common.mx_6.12.1.202409122256\\db\/plugins/boardmanager/
2025-04-15 15:28:42,305 [INFO] ApiDb:261 - Set plugin images path to: C:\ST\STM32CubeIDE_1.16.1\STM32CubeIDE\plugins\com.st.stm32cube.common.mx_6.12.1.202409122256\\db\/plugins/mcufinder/images/
2025-04-15 15:28:42,306 [WARN] DbFile:41 - Overriding database path with different value: C:\Users\kjeya\.stmcufinder\plugins\mcufinder/ => C:\Users\kjeya\.stmcufinder\plugins\mcufinder
2025-04-15 15:28:42,306 [INFO] ApiDb:250 - Set database path to: C:\Users\kjeya\.stmcufinder\plugins\mcufinder//mcu/
2025-04-15 15:28:42,306 [WARN] DbFile:41 - Overriding database path with different value: C:\Users\kjeya\.stmcufinder\plugins\mcufinder/ => C:\Users\kjeya\.stmcufinder\plugins\mcufinder
2025-04-15 15:28:42,306 [INFO] DbMcusAds:125 - Set database path to: C:\Users\kjeya\.stmcufinder\plugins\mcufinder//mcu/
2025-04-15 15:28:42,306 [WARN] DbFile:41 - Overriding database path with different value: C:\Users\kjeya\.stmcufinder\plugins\mcufinder/ => C:\Users\kjeya\.stmcufinder\plugins\mcufinder
2025-04-15 15:28:42,307 [WARN] DbFile:41 - Overriding database path with different value: C:\Users\kjeya\.stmcufinder\plugins\mcufinder/ => C:\Users\kjeya\.stmcufinder\plugins\mcufinder
2025-04-15 15:28:42,307 [INFO] CrossReferenceDbSqlite:203 - Set database path to: C:\Users\kjeya\.stmcufinder\plugins\mcufinder//mcu/cs/
2025-04-15 15:28:42,468 [INFO] MainPanel:268 - HeapMemory: 268435456
2025-04-15 15:28:42,652 [INFO] DbMcusXml:78 - Set database path to: C:\ST\STM32CubeIDE_1.16.1\STM32CubeIDE\plugins\com.st.stm32cube.common.mx_6.12.1.202409122256\\db\/mcu/
2025-04-15 15:28:42,652 [INFO] ApiDb:274 - Set plugin database path to: C:\ST\STM32CubeIDE_1.16.1\STM32CubeIDE\plugins\com.st.stm32cube.common.mx_6.12.1.202409122256\\db\/plugins/boardmanager/
2025-04-15 15:28:42,652 [INFO] ApiDb:261 - Set plugin images path to: C:\ST\STM32CubeIDE_1.16.1\STM32CubeIDE\plugins\com.st.stm32cube.common.mx_6.12.1.202409122256\\db\/plugins/mcufinder/images/
2025-04-15 15:28:42,653 [WARN] DbFile:41 - Overriding database path with different value: C:\Users\kjeya\.stmcufinder\plugins\mcufinder/ => C:\Users\kjeya\.stmcufinder\plugins\mcufinder
2025-04-15 15:28:42,653 [INFO] ApiDb:250 - Set database path to: C:\Users\kjeya\.stmcufinder\plugins\mcufinder//mcu/
2025-04-15 15:28:42,653 [WARN] DbFile:41 - Overriding database path with different value: C:\Users\kjeya\.stmcufinder\plugins\mcufinder/ => C:\Users\kjeya\.stmcufinder\plugins\mcufinder
2025-04-15 15:28:42,653 [INFO] DbMcusAds:125 - Set database path to: C:\Users\kjeya\.stmcufinder\plugins\mcufinder//mcu/
2025-04-15 15:28:42,653 [WARN] DbFile:41 - Overriding database path with different value: C:\Users\kjeya\.stmcufinder\plugins\mcufinder/ => C:\Users\kjeya\.stmcufinder\plugins\mcufinder
2025-04-15 15:28:42,653 [WARN] DbFile:41 - Overriding database path with different value: C:\Users\kjeya\.stmcufinder\plugins\mcufinder/ => C:\Users\kjeya\.stmcufinder\plugins\mcufinder
2025-04-15 15:28:42,653 [INFO] CrossReferenceDbSqlite:203 - Set database path to: C:\Users\kjeya\.stmcufinder\plugins\mcufinder//mcu/cs/
2025-04-15 15:28:42,683 [INFO] ApplicationProperties:184 - Using Application install path: C:\ST\STM32CubeIDE_1.16.1\STM32CubeIDE\plugins\com.st.stm32cube.common.mx_6.12.1.202409122256
2025-04-15 15:28:42,685 [INFO] PluginManage:196 - Search for loadable plugins [exclusion list=, ]
2025-04-15 15:28:42,688 [INFO] PluginManage:310 - Check plugin analytics
2025-04-15 15:28:42,995 [INFO] AnalyticsPlugin:253 - Accepted Software Licenses: STM32CubeMX.6.11.1,STM32CubeMX.6.13.0
2025-04-15 15:28:42,995 [INFO] AnalyticsPlugin:255 - Accepted CMSIS Pack Licenses: STMicroelectronics.X-CUBE-TOUCHGFX.4.24.0,WES.I-CUBE-Cesium.1.3.0,STMicroelectronics.X-CUBE-TOUCHGFX.4.24.2
2025-04-15 15:28:42,996 [INFO] AnalyticsPlugin:257 - Accepted Firmware Licenses: FW.F4.1.28.0,FW.L4.1.18.0,FW.WL.1.3.0,FW.H7.1.11.0,FW.H7.1.12.0
2025-04-15 15:28:43,000 [INFO] PluginManage:359 - Loaded plugin analytics (category:tool,tabindex:-1)
2025-04-15 15:28:43,000 [INFO] PluginManage:310 - Check plugin cadmodel
2025-04-15 15:28:43,030 [INFO] CADModel:105 - Init CAD model plugin
2025-04-15 15:28:43,030 [INFO] PluginManage:359 - Loaded plugin cadmodel (category:power,tabindex:5)
2025-04-15 15:28:43,030 [INFO] PluginManage:310 - Check plugin clock
2025-04-15 15:28:43,063 [INFO] PluginManage:359 - Loaded plugin clock (category:base,tabindex:2)
2025-04-15 15:28:43,063 [INFO] PluginManage:310 - Check plugin ddr
2025-04-15 15:28:43,067 [INFO] PluginManage:359 - Loaded plugin ddr (category:tool,tabindex:6)
2025-04-15 15:28:43,067 [INFO] PluginManage:310 - Check plugin filemanager
2025-04-15 15:28:43,294 [INFO] PluginManage:359 - Loaded plugin filemanager (category:base,tabindex:10)
2025-04-15 15:28:43,294 [INFO] PluginManage:310 - Check plugin ipmanager
2025-04-15 15:28:43,305 [INFO] PluginManage:359 - Loaded plugin ipmanager (category:base,tabindex:5)
2025-04-15 15:28:43,305 [INFO] PluginManage:310 - Check plugin lpbam
2025-04-15 15:28:43,329 [INFO] PluginManage:359 - Loaded plugin lpbam (category:base,tabindex:0)
2025-04-15 15:28:43,330 [INFO] PluginManage:310 - Check plugin memorymap
2025-04-15 15:28:43,360 [INFO] PluginManage:359 - Loaded plugin memorymap (category:base,tabindex:4)
2025-04-15 15:28:43,361 [INFO] PluginManage:310 - Check plugin pinoutandconfiguration
2025-04-15 15:28:43,385 [INFO] PluginManage:359 - Loaded plugin pinoutandconfiguration (category:base,tabindex:1)
2025-04-15 15:28:43,385 [INFO] PluginManage:310 - Check plugin pinoutconfig
2025-04-15 15:28:43,558 [WARN] SupportedApi:132 - Cannot load RTOS API schema: s4s-elt-must-match.1: The content of 'definitions' must match (annotation?, (simpleType | complexType)?, (unique | key | keyref)*)). A problem was found starting at: attribute.
2025-04-15 15:28:43,828 [INFO] PluginManage:359 - Loaded plugin pinoutconfig (category:base,tabindex:0)
2025-04-15 15:28:43,828 [INFO] PluginManage:310 - Check plugin power
2025-04-15 15:28:43,878 [INFO] PluginManage:359 - Loaded plugin power (category:power,tabindex:4)
2025-04-15 15:28:43,879 [INFO] PluginManage:310 - Check plugin projectmanager
2025-04-15 15:28:43,915 [INFO] PluginManage:359 - Loaded plugin projectmanager (category:projectmanager,tabindex:4)
2025-04-15 15:28:43,916 [INFO] PluginManage:310 - Check plugin rif
2025-04-15 15:28:43,950 [INFO] PluginManage:359 - Loaded plugin rif (category:base,tabindex:3)
2025-04-15 15:28:43,951 [INFO] PluginManage:310 - Check plugin thirdparty
2025-04-15 15:28:44,553 [INFO] PluginManage:359 - Loaded plugin thirdparty (category:base,tabindex:-1)
2025-04-15 15:28:44,553 [WARN] IntegrityCheckThread:84 - waiting for thirdparty lock release [integrity check]
2025-04-15 15:28:44,554 [INFO] PluginManage:310 - Check plugin tools
2025-04-15 15:28:44,554 [INFO] IntegrityCheckThread:86 - entering critical section [integrity check]
2025-04-15 15:28:44,555 [INFO] ThirdPartyUpdaterWithRetryManager:70 - Updater plugin not ready yet. [1/15]
2025-04-15 15:28:44,632 [INFO] PluginManage:359 - Loaded plugin tools (category:base,tabindex:7)
2025-04-15 15:28:44,632 [INFO] PluginManage:310 - Check plugin tutovideos
2025-04-15 15:28:44,910 [INFO] PluginManage:359 - Loaded plugin tutovideos (category:base,tabindex:-1)
2025-04-15 15:28:44,910 [INFO] PluginManage:310 - Check plugin updater
2025-04-15 15:28:44,937 [INFO] PluginManage:359 - Loaded plugin updater (category:base,tabindex:12)
2025-04-15 15:28:44,938 [INFO] PluginManage:310 - Check plugin userauth
2025-04-15 15:28:44,946 [INFO] UserAuth:113 - Init User Auth plugin
2025-04-15 15:28:44,946 [INFO] PluginManage:359 - Loaded plugin userauth (category:base,tabindex:14)
2025-04-15 15:28:44,947 [INFO] PluginManage:283 - PluginManage : Loaded plugins [18]
2025-04-15 15:28:45,265 [INFO] PinOutPanel:1561 - setPackage(No Configuration,No Configuration)
2025-04-15 15:28:45,399 [INFO] CADModel:165 - CPN selected for project level
2025-04-15 15:28:45,399 [INFO] CADModel:114 - Register for checkConnection events
2025-04-15 15:28:45,435 [INFO] IPUIPlugin:80 - create IPUIPlugin
2025-04-15 15:28:45,435 [INFO] PluginManager:220 - loadIPPluginJar : add adc
2025-04-15 15:28:45,493 [INFO] IPUIPlugin:80 - create IPUIPlugin
2025-04-15 15:28:45,493 [INFO] PluginManager:220 - loadIPPluginJar : add aes
2025-04-15 15:28:45,553 [INFO] IPUIPlugin:80 - create IPUIPlugin
2025-04-15 15:28:45,553 [INFO] PluginManager:220 - loadIPPluginJar : add can
2025-04-15 15:28:45,585 [INFO] IPUIPlugin:80 - create IPUIPlugin
2025-04-15 15:28:45,585 [INFO] PluginManager:220 - loadIPPluginJar : add comp
2025-04-15 15:28:45,630 [INFO] IPUIPlugin:80 - create IPUIPlugin
2025-04-15 15:28:45,630 [INFO] PluginManager:220 - loadIPPluginJar : add cryp
2025-04-15 15:28:45,644 [INFO] IPUIPlugin:80 - create IPUIPlugin
2025-04-15 15:28:45,644 [INFO] PluginManager:220 - loadIPPluginJar : add ddr_ctrl_phy
2025-04-15 15:28:45,714 [INFO] IPUIPlugin:80 - create IPUIPlugin
2025-04-15 15:28:45,714 [INFO] PluginManager:220 - loadIPPluginJar : add dfsdm
2025-04-15 15:28:45,738 [INFO] IPUIPlugin:80 - create IPUIPlugin
2025-04-15 15:28:45,739 [INFO] PluginManager:220 - loadIPPluginJar : add dma
2025-04-15 15:28:45,832 [INFO] IPUIPlugin:80 - create IPUIPlugin
2025-04-15 15:28:45,833 [INFO] PluginManager:220 - loadIPPluginJar : add dma3
2025-04-15 15:28:45,910 [INFO] IPUIPlugin:80 - create IPUIPlugin
2025-04-15 15:28:45,910 [INFO] PluginManager:220 - loadIPPluginJar : add extmemmanager
2025-04-15 15:28:45,955 [INFO] IPUIPlugin:80 - create IPUIPlugin
2025-04-15 15:28:45,955 [INFO] PluginManager:220 - loadIPPluginJar : add fatfs
2025-04-15 15:28:46,059 [INFO] IPUIPlugin:80 - create IPUIPlugin
2025-04-15 15:28:46,059 [INFO] PluginManager:220 - loadIPPluginJar : add fmc
2025-04-15 15:28:46,082 [INFO] IPUIPlugin:80 - create IPUIPlugin
2025-04-15 15:28:46,083 [INFO] PluginManager:220 - loadIPPluginJar : add freertos
2025-04-15 15:28:46,120 [INFO] IPUIPlugin:80 - create IPUIPlugin
2025-04-15 15:28:46,120 [INFO] PluginManager:220 - loadIPPluginJar : add genericplugin
2025-04-15 15:28:46,282 [INFO] IPUIPlugin:80 - create IPUIPlugin
2025-04-15 15:28:46,282 [INFO] PluginManager:220 - loadIPPluginJar : add gfxmmu
2025-04-15 15:28:46,505 [INFO] IPUIPlugin:80 - create IPUIPlugin
2025-04-15 15:28:46,505 [INFO] PluginManager:220 - loadIPPluginJar : add gic
2025-04-15 15:28:46,528 [INFO] IPUIPlugin:80 - create IPUIPlugin
2025-04-15 15:28:46,529 [INFO] PluginManager:220 - loadIPPluginJar : add gpio
2025-04-15 15:28:46,651 [INFO] IPUIPlugin:80 - create IPUIPlugin
2025-04-15 15:28:46,651 [INFO] PluginManager:220 - loadIPPluginJar : add gtzc
2025-04-15 15:28:46,693 [INFO] IPUIPlugin:80 - create IPUIPlugin
2025-04-15 15:28:46,693 [INFO] PluginManager:220 - loadIPPluginJar : add hash
2025-04-15 15:28:46,761 [INFO] IPUIPlugin:80 - create IPUIPlugin
2025-04-15 15:28:46,761 [INFO] PluginManager:220 - loadIPPluginJar : add i2c
2025-04-15 15:28:46,821 [INFO] IPUIPlugin:80 - create IPUIPlugin
2025-04-15 15:28:46,822 [INFO] PluginManager:220 - loadIPPluginJar : add i2s
2025-04-15 15:28:46,886 [INFO] IPUIPlugin:80 - create IPUIPlugin
2025-04-15 15:28:46,886 [INFO] PluginManager:220 - loadIPPluginJar : add i3c
2025-04-15 15:28:47,019 [INFO] IPUIPlugin:80 - create IPUIPlugin
2025-04-15 15:28:47,020 [INFO] PluginManager:220 - loadIPPluginJar : add ipddr
2025-04-15 15:28:47,147 [INFO] IPUIPlugin:80 - create IPUIPlugin
2025-04-15 15:28:47,148 [INFO] PluginManager:220 - loadIPPluginJar : add linkedlist
2025-04-15 15:28:47,206 [INFO] IPUIPlugin:80 - create IPUIPlugin
2025-04-15 15:28:47,206 [INFO] PluginManager:220 - loadIPPluginJar : add lorawan
2025-04-15 15:28:47,268 [INFO] IPUIPlugin:80 - create IPUIPlugin
2025-04-15 15:28:47,268 [INFO] PluginManager:220 - loadIPPluginJar : add ltdc
2025-04-15 15:28:47,291 [INFO] IPUIPlugin:80 - create IPUIPlugin
2025-04-15 15:28:47,292 [INFO] PluginManager:220 - loadIPPluginJar : add mdma
2025-04-15 15:28:47,308 [INFO] IPUIPlugin:80 - create IPUIPlugin
2025-04-15 15:28:47,308 [INFO] PluginManager:220 - loadIPPluginJar : add nvic
2025-04-15 15:28:47,358 [INFO] IPUIPlugin:80 - create IPUIPlugin
2025-04-15 15:28:47,358 [INFO] PluginManager:220 - loadIPPluginJar : add opamp
2025-04-15 15:28:47,464 [INFO] IPUIPlugin:80 - create IPUIPlugin
2025-04-15 15:28:47,464 [INFO] PluginManager:220 - loadIPPluginJar : add openamp
2025-04-15 15:28:47,526 [INFO] IPUIPlugin:80 - create IPUIPlugin
2025-04-15 15:28:47,526 [INFO] PluginManager:220 - loadIPPluginJar : add pdm2pcm
2025-04-15 15:28:47,542 [INFO] IPUIPlugin:80 - create IPUIPlugin
2025-04-15 15:28:47,544 [INFO] PluginManager:220 - loadIPPluginJar : add plateformsettings
2025-04-15 15:28:47,557 [INFO] ThirdPartyUpdaterWithRetryManager:70 - Updater plugin not ready yet. [2/15]
2025-04-15 15:28:47,574 [INFO] IPUIPlugin:80 - create IPUIPlugin
2025-04-15 15:28:47,574 [INFO] PluginManager:220 - loadIPPluginJar : add quadspi
2025-04-15 15:28:47,623 [INFO] IPUIPlugin:80 - create IPUIPlugin
2025-04-15 15:28:47,625 [INFO] PluginManager:220 - loadIPPluginJar : add radio
2025-04-15 15:28:47,649 [INFO] IPUIPlugin:80 - create IPUIPlugin
2025-04-15 15:28:47,649 [INFO] PluginManager:220 - loadIPPluginJar : add resmgrutility
2025-04-15 15:28:47,737 [INFO] IPUIPlugin:80 - create IPUIPlugin
2025-04-15 15:28:47,737 [INFO] PluginManager:220 - loadIPPluginJar : add sai
2025-04-15 15:28:47,789 [INFO] IPUIPlugin:80 - create IPUIPlugin
2025-04-15 15:28:47,789 [INFO] PluginManager:220 - loadIPPluginJar : add spi
2025-04-15 15:28:47,879 [INFO] IPUIPlugin:80 - create IPUIPlugin
2025-04-15 15:28:47,879 [INFO] PluginManager:220 - loadIPPluginJar : add stm32_wpan
2025-04-15 15:28:47,910 [INFO] IPUIPlugin:80 - create IPUIPlugin
2025-04-15 15:28:47,911 [INFO] PluginManager:220 - loadIPPluginJar : add tim
2025-04-15 15:28:48,006 [INFO] IPUIPlugin:80 - create IPUIPlugin
2025-04-15 15:28:48,006 [INFO] PluginManager:220 - loadIPPluginJar : add touchsensing
2025-04-15 15:28:48,049 [INFO] IPUIPlugin:80 - create IPUIPlugin
2025-04-15 15:28:48,050 [INFO] PluginManager:220 - loadIPPluginJar : add tracer_emb
2025-04-15 15:28:48,089 [INFO] IPUIPlugin:80 - create IPUIPlugin
2025-04-15 15:28:48,089 [INFO] PluginManager:220 - loadIPPluginJar : add ts
2025-04-15 15:28:48,134 [INFO] IPUIPlugin:80 - create IPUIPlugin
2025-04-15 15:28:48,134 [INFO] PluginManager:220 - loadIPPluginJar : add tsc
2025-04-15 15:28:48,166 [INFO] IPUIPlugin:80 - create IPUIPlugin
2025-04-15 15:28:48,166 [INFO] PluginManager:220 - loadIPPluginJar : add ucpd
2025-04-15 15:28:48,242 [INFO] IPUIPlugin:80 - create IPUIPlugin
2025-04-15 15:28:48,242 [INFO] PluginManager:220 - loadIPPluginJar : add usart
2025-04-15 15:28:48,299 [INFO] IPUIPlugin:80 - create IPUIPlugin
2025-04-15 15:28:48,299 [INFO] PluginManager:220 - loadIPPluginJar : add usbx
2025-04-15 15:28:48,456 [INFO] CADModel:165 - CPN selected for project level
2025-04-15 15:28:48,457 [INFO] CADModel:114 - Register for checkConnection events
2025-04-15 15:28:48,457 [FATAL] Updater:334 - Updater called before beeing initialized
2025-04-15 15:28:48,457 [ERROR] CADModel:125 - Updater not yet initialized, retry later 
2025-04-15 15:28:48,644 [INFO] CADModel:165 - CPN selected for project level
2025-04-15 15:28:48,645 [INFO] CADModel:114 - Register for checkConnection events
2025-04-15 15:28:48,645 [FATAL] Updater:334 - Updater called before beeing initialized
2025-04-15 15:28:48,645 [ERROR] CADModel:125 - Updater not yet initialized, retry later 
2025-04-15 15:28:48,652 [FATAL] Updater:334 - Updater called before beeing initialized
2025-04-15 15:28:48,835 [FATAL] Updater:334 - Updater called before beeing initialized
2025-04-15 15:28:48,852 [INFO] DbMcusAds:53 - JSON generation date=Thu Mar 06 20:24:21 IST 2025 (1741272861825)
2025-04-15 15:28:48,852 [FATAL] Updater:334 - Updater called before beeing initialized
2025-04-15 15:28:48,904 [WARN] DetailPanel:346 - Failed to get advertising image, set to default
2025-04-15 15:28:49,046 [FATAL] Updater:334 - Updater called before beeing initialized
2025-04-15 15:28:49,048 [FATAL] Updater:334 - Updater called before beeing initialized
2025-04-15 15:28:49,048 [FATAL] Updater:334 - Updater called before beeing initialized
2025-04-15 15:28:49,048 [WARN] DetailPanel:346 - Failed to get advertising image, set to default
2025-04-15 15:28:49,049 [FATAL] Updater:334 - Updater called before beeing initialized
2025-04-15 15:28:49,145 [ERROR] Updater:1164 - MainUpdater not yet initialized. External WinMGr cannot be set.
2025-04-15 15:28:49,162 [INFO] Updater:1100 - Updater Version found : 6.12.1
2025-04-15 15:28:49,190 [INFO] ApplicationProperties:184 - Using Application install path: C:\ST\STM32CubeIDE_1.16.1\STM32CubeIDE\plugins\com.st.stm32cube.common.mx_6.12.1.202409122256
2025-04-15 15:28:50,558 [INFO] ThirdPartyUpdaterWithRetryManager:70 - Updater plugin not ready yet. [3/15]
2025-04-15 15:28:50,792 [ERROR] LogOutputStream:75 - [STDERR_REDIRECT] Apr 15, 2025 3:28:50 PM java.util.prefs.WindowsPreferences <init>
2025-04-15 15:28:50,797 [ERROR] LogOutputStream:75 - [STDERR_REDIRECT] WARNING: Could not open/create prefs root node Software\JavaSoft\Prefs at root 0xffffffff80000002. Windows RegCreateKeyEx(...) returned error code 5.
2025-04-15 15:28:50,797 [ERROR] LogOutputStream:75 - [STDERR_REDIRECT] 
2025-04-15 15:28:51,768 [INFO] MainUpdater:2873 - connection check result : 10
2025-04-15 15:28:51,769 [INFO] MainUpdater:3567 - Updater definition file requires update
2025-04-15 15:28:51,773 [INFO] MainUpdater:290 - Updater Check For Update Now.
2025-04-15 15:28:51,773 [INFO] MicroXplorer:498 - Change Database Version : DB.6.0.121
2025-04-15 15:28:51,805 [INFO] McuFinderGlobals:63 - Set McuFinder mode to 2 (CubeIDE integrated)
2025-04-15 15:28:51,815 [INFO] UserAuth:417 - Internet connection configuration mode: 1
2025-04-15 15:28:51,848 [INFO] JxBrowserEngine:152 - Initiate JxBrowser Engine with user profile folder
2025-04-15 15:28:51,944 [INFO] ServerAccessManage:473 - Download File updaters.zip
2025-04-15 15:28:52,236 [INFO] FileExtend:240 - Unzip File : updaters.zip
2025-04-15 15:28:52,237 [INFO] FileExtend:255 - Standard Zip Deflate
2025-04-15 15:28:53,502 [INFO] ServerAccessManage:473 - Download File PacksControlFlags.xml
2025-04-15 15:28:53,561 [WARN] MainUpdater:1194 - Updater busy. Cannot search thirdparties
2025-04-15 15:28:53,562 [INFO] ThirdPartyUpdaterWithRetryManager:96 - Updater plugin is busy. [1/15]
2025-04-15 15:28:54,040 [INFO] ServerAccessManage:473 - Download File cubemx.pidx
2025-04-15 15:28:54,462 [INFO] LoadServerUpdatesThread:375 - End of LoadServerUpdate Thread
2025-04-15 15:28:54,854 [INFO] CheckServerUpdateThread:120 - End of CheckServer Thread
2025-04-15 15:28:57,588 [WARN] PackLoader:240 - Cannot read IP mode file for STMicroelectronics.FP-SNS-MOTENVWB1.1.4.0
2025-04-15 15:28:57,590 [INFO] WebApp:167 - Instantiating new browser for Auth
2025-04-15 15:28:57,633 [WARN] PackLoader:240 - Cannot read IP mode file for STMicroelectronics.FP-ATR-ASTRA1.2.0.2
2025-04-15 15:28:57,670 [WARN] PackLoader:240 - Cannot read IP mode file for STMicroelectronics.FP-ATR-ASTRA1.2.0.1
2025-04-15 15:28:57,731 [WARN] PackLoader:240 - Cannot read IP mode file for STMicroelectronics.X-CUBE-SMBUS.2.1.0
2025-04-15 15:28:57,785 [WARN] PackLoader:240 - Cannot read IP mode file for STMicroelectronics.X-CUBE-WB05N.1.1.0
2025-04-15 15:28:57,894 [WARN] PackLoader:240 - Cannot read IP mode file for STMicroelectronics.X-CUBE-AZRTOS-F7.1.1.0
2025-04-15 15:28:57,951 [WARN] PackLoader:240 - Cannot read IP mode file for STMicroelectronics.FP-SNS-FLIGHT1.5.0.2
2025-04-15 15:28:58,059 [WARN] PackLoader:240 - Cannot read IP mode file for Infineon.AIROC-Wi-Fi-Bluetooth-STM32.1.7.0
2025-04-15 15:28:58,134 [WARN] PackLoader:240 - Cannot read IP mode file for STMicroelectronics.X-CUBE-DISPLAY.3.0.0
2025-04-15 15:28:58,210 [WARN] PackLoader:240 - Cannot read IP mode file for STMicroelectronics.X-CUBE-BLE1.7.0.0
2025-04-15 15:28:58,260 [WARN] PackLoader:240 - Cannot read IP mode file for STMicroelectronics.X-CUBE-NFC10.1.0.0
2025-04-15 15:28:58,321 [WARN] PackLoader:240 - Cannot read IP mode file for STMicroelectronics.X-CUBE-BLEMGR.4.0.0
2025-04-15 15:28:58,360 [WARN] PackLoader:240 - Cannot read IP mode file for emotas.I-CUBE-CANOPEN.1.3.0
2025-04-15 15:28:58,388 [WARN] PackLoader:240 - Cannot read IP mode file for STMicroelectronics.X-CUBE-AI.10.0.0
2025-04-15 15:28:58,416 [WARN] PackLoader:240 - Cannot read IP mode file for STMicroelectronics.FP-SNS-SMARTAG2.1.2.0
2025-04-15 15:28:58,443 [ERROR] Engine:466 - C:\Users\kjeya\.stm32cubemx\thirdparties\pdsc\STMicroelectronics.FP-SNS-FLIGHT1.5.1.0.pdsc: PDSC version is not supported
2025-04-15 15:28:58,603 [WARN] PackLoader:240 - Cannot read IP mode file for STMicroelectronics.X-CUBE-MEMS1.11.1.0
2025-04-15 15:28:59,016 [INFO] LogOutputStream:77 - [STDOUT_REDIRECT] 1 : Invalid condition id : UX_CORESTACK_Condition cause : null
2025-04-15 15:28:59,017 [INFO] LogOutputStream:77 - [STDOUT_REDIRECT] 1 : Invalid condition id : UX_CORESTACK_Condition cause : null
2025-04-15 15:28:59,022 [INFO] LogOutputStream:77 - [STDOUT_REDIRECT] 1 : Invalid condition id : UX_CORESTACK_Condition cause : null
2025-04-15 15:28:59,030 [INFO] LogOutputStream:77 - [STDOUT_REDIRECT] 1 : Invalid condition id : UX_CORESTACK_Condition cause : null
2025-04-15 15:28:59,035 [INFO] LogOutputStream:77 - [STDOUT_REDIRECT] 1 : Invalid condition id : UX_CORESTACK_Condition cause : null
2025-04-15 15:28:59,044 [WARN] PackLoader:240 - Cannot read IP mode file for STMicroelectronics.X-CUBE-AZRTOS-WL.2.0.0
2025-04-15 15:28:59,090 [WARN] PackLoader:240 - Cannot read IP mode file for STMicroelectronics.FP-SNS-MOTENV1.5.0.0
2025-04-15 15:28:59,132 [WARN] PackLoader:240 - Cannot read IP mode file for wolfSSL.I-CUBE-wolfMQTT.1.19.0
2025-04-15 15:28:59,192 [WARN] PackLoader:240 - Cannot read IP mode file for WES.I-CUBE-Cesium.1.3.0
2025-04-15 15:28:59,436 [WARN] PackLoader:240 - Cannot read IP mode file for STMicroelectronics.X-CUBE-BLE2.3.3.0
2025-04-15 15:28:59,476 [WARN] PackLoader:240 - Cannot read IP mode file for STMicroelectronics.X-CUBE-NFC9.1.0.0
2025-04-15 15:28:59,529 [WARN] PackLoader:240 - Cannot read IP mode file for STMicroelectronics.X-CUBE-BLE1.7.1.0
2025-04-15 15:28:59,634 [WARN] PackLoader:240 - Cannot read IP mode file for STMicroelectronics.X-CUBE-AZRTOS-G0.1.1.0
2025-04-15 15:28:59,735 [WARN] PackLoader:240 - Cannot read IP mode file for STMicroelectronics.X-CUBE-SAFEA1.1.2.2
2025-04-15 15:28:59,795 [WARN] PackLoader:240 - Cannot read IP mode file for STMicroelectronics.X-CUBE-NFC4.3.0.0
2025-04-15 15:28:59,848 [WARN] PackLoader:240 - Cannot read IP mode file for EmbeddedOffice.I-CUBE-FS-RTOS.1.0.1
2025-04-15 15:28:59,849 [ERROR] ConditionMgr:805 - Attr not supported : Dmpu
2025-04-15 15:28:59,849 [ERROR] ConditionMgr:805 - Attr not supported : Dmpu
2025-04-15 15:28:59,850 [ERROR] ConditionMgr:805 - Attr not supported : Dmpu
2025-04-15 15:28:59,850 [ERROR] ConditionMgr:805 - Attr not supported : Dmpu
2025-04-15 15:28:59,852 [ERROR] ConditionMgr:805 - Attr not supported : Dmpu
2025-04-15 15:28:59,853 [ERROR] ConditionMgr:805 - Attr not supported : Dmpu
2025-04-15 15:28:59,854 [ERROR] ConditionMgr:805 - Attr not supported : Dmpu
2025-04-15 15:28:59,854 [ERROR] ConditionMgr:805 - Attr not supported : Dmpu
2025-04-15 15:28:59,854 [ERROR] ConditionMgr:805 - Attr not supported : Dmpu
2025-04-15 15:28:59,854 [ERROR] ConditionMgr:805 - Attr not supported : Dmpu
2025-04-15 15:28:59,854 [ERROR] ConditionMgr:805 - Attr not supported : Dmpu
2025-04-15 15:28:59,856 [ERROR] ConditionMgr:805 - Attr not supported : Dmpu
2025-04-15 15:28:59,858 [ERROR] ConditionMgr:805 - Attr not supported : Dmpu
2025-04-15 15:28:59,859 [ERROR] ConditionMgr:805 - Attr not supported : Dmpu
2025-04-15 15:28:59,875 [ERROR] ConditionMgr:805 - Attr not supported : Dmpu
2025-04-15 15:28:59,876 [ERROR] ConditionMgr:805 - Attr not supported : Dmpu
2025-04-15 15:28:59,881 [ERROR] ConditionMgr:805 - Attr not supported : Dmpu
2025-04-15 15:28:59,883 [ERROR] ConditionMgr:805 - Attr not supported : Dmpu
2025-04-15 15:28:59,884 [ERROR] ConditionMgr:805 - Attr not supported : Dmpu
2025-04-15 15:28:59,884 [ERROR] ConditionMgr:805 - Attr not supported : Dmpu
2025-04-15 15:28:59,886 [ERROR] ConditionMgr:805 - Attr not supported : Dmpu
2025-04-15 15:28:59,887 [ERROR] ConditionMgr:805 - Attr not supported : Dmpu
2025-04-15 15:28:59,906 [ERROR] ConditionMgr:805 - Attr not supported : Dmpu
2025-04-15 15:28:59,907 [ERROR] ConditionMgr:805 - Attr not supported : Dmpu
2025-04-15 15:28:59,907 [ERROR] ConditionMgr:805 - Attr not supported : Dmpu
2025-04-15 15:28:59,909 [ERROR] ConditionMgr:805 - Attr not supported : Dmpu
2025-04-15 15:28:59,910 [ERROR] ConditionMgr:805 - Attr not supported : Dmpu
2025-04-15 15:28:59,910 [ERROR] ConditionMgr:805 - Attr not supported : Dmpu
2025-04-15 15:28:59,910 [ERROR] ConditionMgr:805 - Attr not supported : Dmpu
2025-04-15 15:28:59,910 [ERROR] ConditionMgr:805 - Attr not supported : Dmpu
2025-04-15 15:28:59,910 [ERROR] ConditionMgr:805 - Attr not supported : Dmpu
2025-04-15 15:28:59,911 [ERROR] ConditionMgr:805 - Attr not supported : Dmpu
2025-04-15 15:28:59,911 [ERROR] ConditionMgr:805 - Attr not supported : Dmpu
2025-04-15 15:28:59,911 [ERROR] ConditionMgr:805 - Attr not supported : Dmpu
2025-04-15 15:28:59,911 [ERROR] ConditionMgr:805 - Attr not supported : Dmpu
2025-04-15 15:28:59,911 [ERROR] ConditionMgr:805 - Attr not supported : Dmpu
2025-04-15 15:28:59,911 [ERROR] ConditionMgr:805 - Attr not supported : Dmpu
2025-04-15 15:28:59,912 [ERROR] ConditionMgr:805 - Attr not supported : Dmpu
2025-04-15 15:28:59,912 [ERROR] ConditionMgr:805 - Attr not supported : Dmpu
2025-04-15 15:28:59,912 [ERROR] ConditionMgr:805 - Attr not supported : Dmpu
2025-04-15 15:28:59,912 [ERROR] ConditionMgr:805 - Attr not supported : Dmpu
2025-04-15 15:28:59,912 [ERROR] ConditionMgr:805 - Attr not supported : Dmpu
2025-04-15 15:28:59,912 [ERROR] ConditionMgr:805 - Attr not supported : Dmpu
2025-04-15 15:28:59,913 [ERROR] ConditionMgr:805 - Attr not supported : Dmpu
2025-04-15 15:28:59,913 [ERROR] ConditionMgr:805 - Attr not supported : Dmpu
2025-04-15 15:28:59,913 [ERROR] ConditionMgr:805 - Attr not supported : Dmpu
2025-04-15 15:28:59,913 [ERROR] ConditionMgr:805 - Attr not supported : Dmpu
2025-04-15 15:28:59,913 [ERROR] ConditionMgr:805 - Attr not supported : Dmpu
2025-04-15 15:28:59,913 [ERROR] ConditionMgr:805 - Attr not supported : Dmpu
2025-04-15 15:28:59,913 [ERROR] ConditionMgr:805 - Attr not supported : Dmpu
2025-04-15 15:28:59,914 [ERROR] ConditionMgr:805 - Attr not supported : Dmpu
2025-04-15 15:28:59,914 [ERROR] ConditionMgr:805 - Attr not supported : Dmpu
2025-04-15 15:28:59,914 [ERROR] ConditionMgr:805 - Attr not supported : Dmpu
2025-04-15 15:28:59,914 [ERROR] ConditionMgr:805 - Attr not supported : Dmpu
2025-04-15 15:28:59,914 [ERROR] ConditionMgr:805 - Attr not supported : Dmpu
2025-04-15 15:28:59,914 [ERROR] ConditionMgr:805 - Attr not supported : Dmpu
2025-04-15 15:28:59,914 [ERROR] ConditionMgr:805 - Attr not supported : Dmpu
2025-04-15 15:28:59,915 [ERROR] ConditionMgr:805 - Attr not supported : Dmpu
2025-04-15 15:28:59,915 [ERROR] ConditionMgr:805 - Attr not supported : Dmpu
2025-04-15 15:28:59,916 [ERROR] ConditionMgr:805 - Attr not supported : Dmpu
2025-04-15 15:28:59,916 [ERROR] ConditionMgr:805 - Attr not supported : Dmpu
2025-04-15 15:28:59,916 [ERROR] ConditionMgr:805 - Attr not supported : Dmpu
2025-04-15 15:28:59,916 [ERROR] ConditionMgr:805 - Attr not supported : Dmpu
2025-04-15 15:28:59,917 [ERROR] ConditionMgr:805 - Attr not supported : Dmpu
2025-04-15 15:28:59,955 [ERROR] Engine:466 - C:\Users\kjeya\.stm32cubemx\thirdparties\pdsc\STMicroelectronics.X-CUBE-TCPP.4.2.0.pdsc: PDSC version is not supported
2025-04-15 15:29:00,003 [WARN] PackLoader:240 - Cannot read IP mode file for RealThread.X-CUBE-RT-Thread_Nano.4.1.1
2025-04-15 15:29:00,051 [WARN] PackLoader:240 - Cannot read IP mode file for STMicroelectronics.FP-ATR-SIGFOX1.3.2.0
2025-04-15 15:29:00,108 [WARN] ConditionMgr:438 - getConditionDescription Invalid condition id : Cortex-A Device cause : null
2025-04-15 15:29:00,136 [INFO] WebApp:448 - Apply proxy settings
2025-04-15 15:29:00,137 [INFO] WebApp:533 - Chromium requires no authentication
2025-04-15 15:29:00,168 [INFO] WebApp:476 - Direct internet connection detected
2025-04-15 15:29:00,179 [WARN] ConditionMgr:1039 - genDependencies : Invalid condition id : Cortex-A Device cause : null
2025-04-15 15:29:00,180 [WARN] ConditionMgr:1039 - genDependencies : Invalid condition id : Cortex-A Device cause : null
2025-04-15 15:29:00,181 [WARN] ConditionMgr:1039 - genDependencies : Invalid condition id : Cortex-A Device cause : null
2025-04-15 15:29:00,219 [WARN] PackLoader:240 - Cannot read IP mode file for STMicroelectronics.X-CUBE-EEPRMA1.5.1.0
2025-04-15 15:29:00,243 [INFO] WebApp:869 - Register for checkConnection events
2025-04-15 15:29:00,244 [INFO] WebApp:448 - Apply proxy settings
2025-04-15 15:29:00,244 [INFO] WebApp:533 - Chromium requires no authentication
2025-04-15 15:29:00,246 [INFO] WebApp:476 - Direct internet connection detected
2025-04-15 15:29:00,256 [WARN] PackLoader:240 - Cannot read IP mode file for wolfSSL.I-CUBE-wolfSSL.5.7.4
2025-04-15 15:29:00,300 [WARN] PackLoader:240 - Cannot read IP mode file for ITTIA_DB.I-CUBE-ITTIADB.8.9.0
2025-04-15 15:29:00,398 [WARN] PackLoader:240 - Cannot read IP mode file for SEGGER.I-CUBE-embOS.1.3.1
2025-04-15 15:29:00,526 [WARN] PackLoader:240 - Cannot read IP mode file for STMicroelectronics.X-CUBE-ALGOBUILD.1.4.0
2025-04-15 15:29:00,564 [WARN] PackLoader:240 - Cannot read IP mode file for STMicroelectronics.X-CUBE-AI.9.1.0
2025-04-15 15:29:00,597 [INFO] WebApp:186 - Connection restablished
2025-04-15 15:29:00,649 [WARN] PackLoader:240 - Cannot read IP mode file for STMicroelectronics.X-CUBE-AZRTOS-F4.1.1.0
2025-04-15 15:29:00,697 [WARN] PackLoader:240 - Cannot read IP mode file for STMicroelectronics.X-CUBE-ISPU.2.1.0
2025-04-15 15:29:00,802 [WARN] PackLoader:240 - Cannot read IP mode file for STMicroelectronics.X-CUBE-AZRTOS-L5.2.0.0
2025-04-15 15:29:00,859 [WARN] PackLoader:240 - Cannot read IP mode file for STMicroelectronics.X-CUBE-NFC6.3.1.0
2025-04-15 15:29:00,902 [WARN] PackLoader:240 - Cannot read IP mode file for STMicroelectronics.X-CUBE-DPower.1.2.0
2025-04-15 15:29:00,963 [WARN] PackLoader:240 - Cannot read IP mode file for STMicroelectronics.X-CUBE-FREERTOS.1.3.0
2025-04-15 15:29:01,007 [WARN] PackLoader:240 - Cannot read IP mode file for STMicroelectronics.X-CUBE-NFC7.1.0.1
2025-04-15 15:29:01,051 [WARN] PackLoader:240 - Cannot read IP mode file for STMicroelectronics.X-CUBE-DPower.1.3.0
2025-04-15 15:29:01,146 [WARN] ConditionMgr:438 - getConditionDescription Invalid condition id : LAN8742 Phy interface Condition cause : null
2025-04-15 15:29:01,147 [WARN] PackLoader:240 - Cannot read IP mode file for STMicroelectronics.X-CUBE-AZRTOS-L4.2.0.0
2025-04-15 15:29:01,151 [WARN] ConditionMgr:1039 - genDependencies : Invalid condition id : LAN8742 Phy interface Condition cause : null
2025-04-15 15:29:01,151 [WARN] ConditionMgr:1039 - genDependencies : Invalid condition id : LAN8742 Phy interface Condition cause : null
2025-04-15 15:29:01,153 [WARN] ConditionMgr:1039 - genDependencies : Invalid condition id : LAN8742 Phy interface Condition cause : null
2025-04-15 15:29:01,217 [WARN] PackLoader:240 - Cannot read IP mode file for STMicroelectronics.X-CUBE-SFXS2LP1.4.0.0
2025-04-15 15:29:01,293 [INFO] WebApp:220 - Starting web application
2025-04-15 15:29:01,293 [INFO] WebApp:578 - Web application path used C:\ST\STM32CubeIDE_1.16.1\STM32CubeIDE\plugins\com.st.stm32cube.common.mx_6.12.1.202409122256\db\plugins\mcufinder\reactClient1\index.html
2025-04-15 15:29:01,297 [WARN] PackLoader:240 - Cannot read IP mode file for STMicroelectronics.X-CUBE-AZRTOS-H7.3.3.0
2025-04-15 15:29:01,357 [WARN] PackLoader:240 - Cannot read IP mode file for STMicroelectronics.X-CUBE-IPS.3.0.0
2025-04-15 15:29:01,433 [WARN] ConditionMgr:438 - getConditionDescription Invalid condition id : UX DEVICE CLASS RTOS Condition cause : null
2025-04-15 15:29:01,434 [WARN] ConditionMgr:438 - getConditionDescription Invalid condition id : UX DEVICE CLASS RTOS Condition cause : null
2025-04-15 15:29:01,438 [WARN] PackLoader:240 - Cannot read IP mode file for STMicroelectronics.X-CUBE-AZRTOS-WB.2.0.0
2025-04-15 15:29:01,439 [WARN] ConditionMgr:1039 - genDependencies : Invalid condition id : UX DEVICE CLASS RTOS Condition cause : null
2025-04-15 15:29:01,440 [WARN] ConditionMgr:1039 - genDependencies : Invalid condition id : UX DEVICE CLASS RTOS Condition cause : null
2025-04-15 15:29:01,441 [WARN] ConditionMgr:1039 - genDependencies : Invalid condition id : UX DEVICE CLASS RTOS Condition cause : null
2025-04-15 15:29:01,442 [WARN] ConditionMgr:1039 - genDependencies : Invalid condition id : UX DEVICE CLASS RTOS Condition cause : null
2025-04-15 15:29:01,442 [WARN] ConditionMgr:1039 - genDependencies : Invalid condition id : UX DEVICE CLASS RTOS Condition cause : null
2025-04-15 15:29:01,480 [WARN] PackLoader:240 - Cannot read IP mode file for STMicroelectronics.X-CUBE-GNSS1.7.0.1
2025-04-15 15:29:01,520 [WARN] PackLoader:240 - Cannot read IP mode file for STMicroelectronics.X-CUBE-TOUCHGFX.4.25.0
2025-04-15 15:29:01,554 [WARN] PackLoader:240 - Cannot read IP mode file for STMicroelectronics.FP-SNS-STBOX1.2.0.0
2025-04-15 15:29:01,602 [WARN] PackLoader:240 - Cannot read IP mode file for STMicroelectronics.X-CUBE-SUBG2.5.0.0
2025-04-15 15:29:01,669 [WARN] PackLoader:240 - Cannot read IP mode file for STMicroelectronics.X-CUBE-AZRTOS-H7RS.1.1.0
2025-04-15 15:29:01,706 [WARN] PackLoader:240 - Cannot read IP mode file for Cesanta.I-CUBE-Mongoose.7.13.0
2025-04-15 15:29:01,724 [INFO] UserAuth:417 - Internet connection configuration mode: 1
2025-04-15 15:29:01,772 [WARN] PackLoader:240 - Cannot read IP mode file for STMicroelectronics.X-CUBE-AZRTOS-G4.2.0.0
2025-04-15 15:29:01,819 [ERROR] Engine:466 - C:\Users\kjeya\.stm32cubemx\thirdparties\pdsc\STMicroelectronics.X-CUBE-IPS.3.1.0.pdsc: PDSC version is not supported
2025-04-15 15:29:01,851 [WARN] PackLoader:240 - Cannot read IP mode file for STMicroelectronics.X-CUBE-ALS.1.0.2
2025-04-15 15:29:01,893 [WARN] PackLoader:240 - Cannot read IP mode file for STMicroelectronics.X-CUBE-TOUCHGFX.4.24.0
2025-04-15 15:29:02,165 [WARN] PackLoader:240 - Cannot read IP mode file for STMicroelectronics.X-CUBE-TOUCHGFX.4.24.2
2025-04-15 15:29:02,332 [WARN] PackLoader:240 - Cannot read IP mode file for STMicroelectronics.X-CUBE-TOUCHGFX.4.24.1
2025-04-15 15:29:02,363 [WARN] PackLoader:240 - Cannot read IP mode file for wolfSSL.I-CUBE-wolfTPM.3.4.0
2025-04-15 15:29:02,395 [WARN] PackLoader:240 - Cannot read IP mode file for portGmbH.I-Cube-SoM-uGOAL.1.1.0
2025-04-15 15:29:02,462 [WARN] PackLoader:240 - Cannot read IP mode file for STMicroelectronics.X-CUBE-AZRTOS-H7RS.1.0.0
2025-04-15 15:29:02,509 [WARN] PackLoader:240 - Cannot read IP mode file for STMicroelectronics.X-CUBE-TOF1.3.4.2
2025-04-15 15:29:02,550 [WARN] PackLoader:240 - Cannot read IP mode file for wolfSSL.I-CUBE-wolfSSH.1.4.17
2025-04-15 15:29:02,551 [INFO] ThirdParty:978 - Integrity check success = true
2025-04-15 15:29:02,552 [INFO] IntegrityCheckThread:100 - exiting critical section [integrity check]
2025-04-15 15:29:02,552 [INFO] IntegrityCheckThread:103 - End integrity checks thread
2025-04-15 15:44:52,257 [ERROR] LogOutputStream:75 - [STDERR_REDIRECT] 
2025-04-15 15:45:14,302 [INFO] Activator:176 - 


2025-04-15 15:45:14,306 [INFO] Activator:177 - !SESSION log4j initialized
2025-04-15 15:45:23,559 [INFO] LogOutputStream:77 - [STDOUT_REDIRECT] 
2025-04-15 15:45:25,355 [INFO] ApplicationProperties:184 - Using Application install path: C:\ST\STM32CubeIDE_1.16.1\STM32CubeIDE\plugins\com.st.stm32cube.common.mx_6.12.1.202409122256
2025-04-15 15:45:25,399 [INFO] DbMcusXml:78 - Set database path to: C:\ST\STM32CubeIDE_1.16.1\STM32CubeIDE\plugins\com.st.stm32cube.common.mx_6.12.1.202409122256\\db\/mcu/
2025-04-15 15:45:25,399 [INFO] ApiDb:274 - Set plugin database path to: C:\ST\STM32CubeIDE_1.16.1\STM32CubeIDE\plugins\com.st.stm32cube.common.mx_6.12.1.202409122256\\db\/plugins/boardmanager/
2025-04-15 15:45:25,401 [WARN] ApiDb:259 - Overriding images path with different value:  => C:\ST\STM32CubeIDE_1.16.1\STM32CubeIDE\plugins\com.st.stm32cube.common.mx_6.12.1.202409122256\\db\/plugins/mcufinder/images/
2025-04-15 15:45:25,415 [INFO] ApiDb:250 - Set database path to: C:\Users\kjeya\.stmcufinder\plugins\mcufinder//mcu/
2025-04-15 15:45:25,417 [INFO] DbMcusAds:125 - Set database path to: C:\Users\kjeya\.stmcufinder\plugins\mcufinder//mcu/
2025-04-15 15:45:25,421 [INFO] CrossReferenceDbSqlite:203 - Set database path to: C:\Users\kjeya\.stmcufinder\plugins\mcufinder//mcu/cs/
2025-04-15 15:45:25,645 [INFO] RulesReader:64 - Compatibility file has been processed (297 Rules)
2025-04-15 15:45:25,821 [INFO] DbMcusXml:78 - Set database path to: C:\ST\STM32CubeIDE_1.16.1\STM32CubeIDE\plugins\com.st.stm32cube.common.mx_6.12.1.202409122256\\db\/mcu/
2025-04-15 15:45:25,822 [INFO] ApiDb:274 - Set plugin database path to: C:\ST\STM32CubeIDE_1.16.1\STM32CubeIDE\plugins\com.st.stm32cube.common.mx_6.12.1.202409122256\\db\/plugins/boardmanager/
2025-04-15 15:45:25,822 [INFO] ApiDb:261 - Set plugin images path to: C:\ST\STM32CubeIDE_1.16.1\STM32CubeIDE\plugins\com.st.stm32cube.common.mx_6.12.1.202409122256\\db\/plugins/mcufinder/images/
2025-04-15 15:45:25,823 [WARN] DbFile:41 - Overriding database path with different value: C:\Users\kjeya\.stmcufinder\plugins\mcufinder/ => C:\Users\kjeya\.stmcufinder\plugins\mcufinder
2025-04-15 15:45:25,823 [INFO] ApiDb:250 - Set database path to: C:\Users\kjeya\.stmcufinder\plugins\mcufinder//mcu/
2025-04-15 15:45:25,824 [WARN] DbFile:41 - Overriding database path with different value: C:\Users\kjeya\.stmcufinder\plugins\mcufinder/ => C:\Users\kjeya\.stmcufinder\plugins\mcufinder
2025-04-15 15:45:25,824 [INFO] DbMcusAds:125 - Set database path to: C:\Users\kjeya\.stmcufinder\plugins\mcufinder//mcu/
2025-04-15 15:45:25,824 [WARN] DbFile:41 - Overriding database path with different value: C:\Users\kjeya\.stmcufinder\plugins\mcufinder/ => C:\Users\kjeya\.stmcufinder\plugins\mcufinder
2025-04-15 15:45:25,824 [WARN] DbFile:41 - Overriding database path with different value: C:\Users\kjeya\.stmcufinder\plugins\mcufinder/ => C:\Users\kjeya\.stmcufinder\plugins\mcufinder
2025-04-15 15:45:25,825 [INFO] CrossReferenceDbSqlite:203 - Set database path to: C:\Users\kjeya\.stmcufinder\plugins\mcufinder//mcu/cs/
2025-04-15 15:45:26,007 [INFO] MainPanel:268 - HeapMemory: 268435456
2025-04-15 15:45:26,220 [INFO] DbMcusXml:78 - Set database path to: C:\ST\STM32CubeIDE_1.16.1\STM32CubeIDE\plugins\com.st.stm32cube.common.mx_6.12.1.202409122256\\db\/mcu/
2025-04-15 15:45:26,220 [INFO] ApiDb:274 - Set plugin database path to: C:\ST\STM32CubeIDE_1.16.1\STM32CubeIDE\plugins\com.st.stm32cube.common.mx_6.12.1.202409122256\\db\/plugins/boardmanager/
2025-04-15 15:45:26,222 [INFO] ApiDb:261 - Set plugin images path to: C:\ST\STM32CubeIDE_1.16.1\STM32CubeIDE\plugins\com.st.stm32cube.common.mx_6.12.1.202409122256\\db\/plugins/mcufinder/images/
2025-04-15 15:45:26,223 [WARN] DbFile:41 - Overriding database path with different value: C:\Users\kjeya\.stmcufinder\plugins\mcufinder/ => C:\Users\kjeya\.stmcufinder\plugins\mcufinder
2025-04-15 15:45:26,224 [INFO] ApiDb:250 - Set database path to: C:\Users\kjeya\.stmcufinder\plugins\mcufinder//mcu/
2025-04-15 15:45:26,224 [WARN] DbFile:41 - Overriding database path with different value: C:\Users\kjeya\.stmcufinder\plugins\mcufinder/ => C:\Users\kjeya\.stmcufinder\plugins\mcufinder
2025-04-15 15:45:26,224 [INFO] DbMcusAds:125 - Set database path to: C:\Users\kjeya\.stmcufinder\plugins\mcufinder//mcu/
2025-04-15 15:45:26,224 [WARN] DbFile:41 - Overriding database path with different value: C:\Users\kjeya\.stmcufinder\plugins\mcufinder/ => C:\Users\kjeya\.stmcufinder\plugins\mcufinder
2025-04-15 15:45:26,224 [WARN] DbFile:41 - Overriding database path with different value: C:\Users\kjeya\.stmcufinder\plugins\mcufinder/ => C:\Users\kjeya\.stmcufinder\plugins\mcufinder
2025-04-15 15:45:26,225 [INFO] CrossReferenceDbSqlite:203 - Set database path to: C:\Users\kjeya\.stmcufinder\plugins\mcufinder//mcu/cs/
2025-04-15 15:45:26,266 [INFO] ApplicationProperties:184 - Using Application install path: C:\ST\STM32CubeIDE_1.16.1\STM32CubeIDE\plugins\com.st.stm32cube.common.mx_6.12.1.202409122256
2025-04-15 15:45:26,269 [INFO] PluginManage:196 - Search for loadable plugins [exclusion list=, ]
2025-04-15 15:45:26,272 [INFO] PluginManage:310 - Check plugin analytics
2025-04-15 15:45:26,681 [INFO] AnalyticsPlugin:253 - Accepted Software Licenses: STM32CubeMX.6.11.1,STM32CubeMX.6.13.0
2025-04-15 15:45:26,682 [INFO] AnalyticsPlugin:255 - Accepted CMSIS Pack Licenses: STMicroelectronics.X-CUBE-TOUCHGFX.4.24.0,WES.I-CUBE-Cesium.1.3.0,STMicroelectronics.X-CUBE-TOUCHGFX.4.24.2
2025-04-15 15:45:26,683 [INFO] AnalyticsPlugin:257 - Accepted Firmware Licenses: FW.F4.1.28.0,FW.L4.1.18.0,FW.WL.1.3.0,FW.H7.1.11.0,FW.H7.1.12.0
2025-04-15 15:45:26,690 [INFO] PluginManage:359 - Loaded plugin analytics (category:tool,tabindex:-1)
2025-04-15 15:45:26,691 [INFO] PluginManage:310 - Check plugin cadmodel
2025-04-15 15:45:26,706 [INFO] CADModel:105 - Init CAD model plugin
2025-04-15 15:45:26,706 [INFO] PluginManage:359 - Loaded plugin cadmodel (category:power,tabindex:5)
2025-04-15 15:45:26,708 [INFO] PluginManage:310 - Check plugin clock
2025-04-15 15:45:26,733 [INFO] PluginManage:359 - Loaded plugin clock (category:base,tabindex:2)
2025-04-15 15:45:26,734 [INFO] PluginManage:310 - Check plugin ddr
2025-04-15 15:45:26,740 [INFO] PluginManage:359 - Loaded plugin ddr (category:tool,tabindex:6)
2025-04-15 15:45:26,740 [INFO] PluginManage:310 - Check plugin filemanager
2025-04-15 15:45:27,081 [INFO] PluginManage:359 - Loaded plugin filemanager (category:base,tabindex:10)
2025-04-15 15:45:27,081 [INFO] PluginManage:310 - Check plugin ipmanager
2025-04-15 15:45:27,099 [INFO] PluginManage:359 - Loaded plugin ipmanager (category:base,tabindex:5)
2025-04-15 15:45:27,099 [INFO] PluginManage:310 - Check plugin lpbam
2025-04-15 15:45:27,119 [INFO] PluginManage:359 - Loaded plugin lpbam (category:base,tabindex:0)
2025-04-15 15:45:27,120 [INFO] PluginManage:310 - Check plugin memorymap
2025-04-15 15:45:27,147 [INFO] PluginManage:359 - Loaded plugin memorymap (category:base,tabindex:4)
2025-04-15 15:45:27,147 [INFO] PluginManage:310 - Check plugin pinoutandconfiguration
2025-04-15 15:45:27,160 [INFO] PluginManage:359 - Loaded plugin pinoutandconfiguration (category:base,tabindex:1)
2025-04-15 15:45:27,161 [INFO] PluginManage:310 - Check plugin pinoutconfig
2025-04-15 15:45:27,347 [WARN] SupportedApi:132 - Cannot load RTOS API schema: s4s-elt-must-match.1: The content of 'definitions' must match (annotation?, (simpleType | complexType)?, (unique | key | keyref)*)). A problem was found starting at: attribute.
2025-04-15 15:45:27,612 [INFO] PluginManage:359 - Loaded plugin pinoutconfig (category:base,tabindex:0)
2025-04-15 15:45:27,612 [INFO] PluginManage:310 - Check plugin power
2025-04-15 15:45:27,629 [INFO] PluginManage:359 - Loaded plugin power (category:power,tabindex:4)
2025-04-15 15:45:27,629 [INFO] PluginManage:310 - Check plugin projectmanager
2025-04-15 15:45:27,662 [INFO] PluginManage:359 - Loaded plugin projectmanager (category:projectmanager,tabindex:4)
2025-04-15 15:45:27,663 [INFO] PluginManage:310 - Check plugin rif
2025-04-15 15:45:27,672 [INFO] PluginManage:359 - Loaded plugin rif (category:base,tabindex:3)
2025-04-15 15:45:27,673 [INFO] PluginManage:310 - Check plugin thirdparty
2025-04-15 15:45:27,893 [INFO] PluginManage:359 - Loaded plugin thirdparty (category:base,tabindex:-1)
2025-04-15 15:45:27,892 [WARN] IntegrityCheckThread:84 - waiting for thirdparty lock release [integrity check]
2025-04-15 15:45:27,893 [INFO] PluginManage:310 - Check plugin tools
2025-04-15 15:45:27,893 [INFO] IntegrityCheckThread:86 - entering critical section [integrity check]
2025-04-15 15:45:27,894 [INFO] ThirdPartyUpdaterWithRetryManager:70 - Updater plugin not ready yet. [1/15]
2025-04-15 15:45:27,898 [INFO] PluginManage:359 - Loaded plugin tools (category:base,tabindex:7)
2025-04-15 15:45:27,898 [INFO] PluginManage:310 - Check plugin tutovideos
2025-04-15 15:45:28,188 [INFO] PluginManage:359 - Loaded plugin tutovideos (category:base,tabindex:-1)
2025-04-15 15:45:28,188 [INFO] PluginManage:310 - Check plugin updater
2025-04-15 15:45:28,217 [INFO] PluginManage:359 - Loaded plugin updater (category:base,tabindex:12)
2025-04-15 15:45:28,217 [INFO] PluginManage:310 - Check plugin userauth
2025-04-15 15:45:28,229 [INFO] UserAuth:113 - Init User Auth plugin
2025-04-15 15:45:28,230 [INFO] PluginManage:359 - Loaded plugin userauth (category:base,tabindex:14)
2025-04-15 15:45:28,230 [INFO] PluginManage:283 - PluginManage : Loaded plugins [18]
2025-04-15 15:45:28,582 [INFO] PinOutPanel:1561 - setPackage(No Configuration,No Configuration)
2025-04-15 15:45:28,723 [INFO] CADModel:165 - CPN selected for project level
2025-04-15 15:45:28,723 [INFO] CADModel:114 - Register for checkConnection events
2025-04-15 15:45:28,749 [INFO] IPUIPlugin:80 - create IPUIPlugin
2025-04-15 15:45:28,750 [INFO] PluginManager:220 - loadIPPluginJar : add adc
2025-04-15 15:45:28,754 [INFO] IPUIPlugin:80 - create IPUIPlugin
2025-04-15 15:45:28,754 [INFO] PluginManager:220 - loadIPPluginJar : add aes
2025-04-15 15:45:28,759 [INFO] IPUIPlugin:80 - create IPUIPlugin
2025-04-15 15:45:28,759 [INFO] PluginManager:220 - loadIPPluginJar : add can
2025-04-15 15:45:28,761 [INFO] IPUIPlugin:80 - create IPUIPlugin
2025-04-15 15:45:28,762 [INFO] PluginManager:220 - loadIPPluginJar : add comp
2025-04-15 15:45:28,765 [INFO] IPUIPlugin:80 - create IPUIPlugin
2025-04-15 15:45:28,765 [INFO] PluginManager:220 - loadIPPluginJar : add cryp
2025-04-15 15:45:28,770 [INFO] IPUIPlugin:80 - create IPUIPlugin
2025-04-15 15:45:28,770 [INFO] PluginManager:220 - loadIPPluginJar : add ddr_ctrl_phy
2025-04-15 15:45:28,773 [INFO] IPUIPlugin:80 - create IPUIPlugin
2025-04-15 15:45:28,774 [INFO] PluginManager:220 - loadIPPluginJar : add dfsdm
2025-04-15 15:45:28,781 [INFO] IPUIPlugin:80 - create IPUIPlugin
2025-04-15 15:45:28,782 [INFO] PluginManager:220 - loadIPPluginJar : add dma
2025-04-15 15:45:28,785 [INFO] IPUIPlugin:80 - create IPUIPlugin
2025-04-15 15:45:28,786 [INFO] PluginManager:220 - loadIPPluginJar : add dma3
2025-04-15 15:45:28,790 [INFO] IPUIPlugin:80 - create IPUIPlugin
2025-04-15 15:45:28,790 [INFO] PluginManager:220 - loadIPPluginJar : add extmemmanager
2025-04-15 15:45:28,792 [INFO] IPUIPlugin:80 - create IPUIPlugin
2025-04-15 15:45:28,792 [INFO] PluginManager:220 - loadIPPluginJar : add fatfs
2025-04-15 15:45:28,798 [INFO] IPUIPlugin:80 - create IPUIPlugin
2025-04-15 15:45:28,798 [INFO] PluginManager:220 - loadIPPluginJar : add fmc
2025-04-15 15:45:28,804 [INFO] IPUIPlugin:80 - create IPUIPlugin
2025-04-15 15:45:28,804 [INFO] PluginManager:220 - loadIPPluginJar : add freertos
2025-04-15 15:45:28,807 [INFO] IPUIPlugin:80 - create IPUIPlugin
2025-04-15 15:45:28,807 [INFO] PluginManager:220 - loadIPPluginJar : add genericplugin
2025-04-15 15:45:28,810 [INFO] IPUIPlugin:80 - create IPUIPlugin
2025-04-15 15:45:28,810 [INFO] PluginManager:220 - loadIPPluginJar : add gfxmmu
2025-04-15 15:45:28,816 [INFO] IPUIPlugin:80 - create IPUIPlugin
2025-04-15 15:45:28,816 [INFO] PluginManager:220 - loadIPPluginJar : add gic
2025-04-15 15:45:28,821 [INFO] IPUIPlugin:80 - create IPUIPlugin
2025-04-15 15:45:28,821 [INFO] PluginManager:220 - loadIPPluginJar : add gpio
2025-04-15 15:45:28,825 [INFO] IPUIPlugin:80 - create IPUIPlugin
2025-04-15 15:45:28,825 [INFO] PluginManager:220 - loadIPPluginJar : add gtzc
2025-04-15 15:45:28,828 [INFO] IPUIPlugin:80 - create IPUIPlugin
2025-04-15 15:45:28,829 [INFO] PluginManager:220 - loadIPPluginJar : add hash
2025-04-15 15:45:28,832 [INFO] IPUIPlugin:80 - create IPUIPlugin
2025-04-15 15:45:28,833 [INFO] PluginManager:220 - loadIPPluginJar : add i2c
2025-04-15 15:45:28,838 [INFO] IPUIPlugin:80 - create IPUIPlugin
2025-04-15 15:45:28,838 [INFO] PluginManager:220 - loadIPPluginJar : add i2s
2025-04-15 15:45:28,842 [INFO] IPUIPlugin:80 - create IPUIPlugin
2025-04-15 15:45:28,842 [INFO] PluginManager:220 - loadIPPluginJar : add i3c
2025-04-15 15:45:28,847 [INFO] IPUIPlugin:80 - create IPUIPlugin
2025-04-15 15:45:28,847 [INFO] PluginManager:220 - loadIPPluginJar : add ipddr
2025-04-15 15:45:28,856 [INFO] IPUIPlugin:80 - create IPUIPlugin
2025-04-15 15:45:28,857 [INFO] PluginManager:220 - loadIPPluginJar : add linkedlist
2025-04-15 15:45:28,860 [INFO] IPUIPlugin:80 - create IPUIPlugin
2025-04-15 15:45:28,860 [INFO] PluginManager:220 - loadIPPluginJar : add lorawan
2025-04-15 15:45:28,862 [INFO] IPUIPlugin:80 - create IPUIPlugin
2025-04-15 15:45:28,863 [INFO] PluginManager:220 - loadIPPluginJar : add ltdc
2025-04-15 15:45:28,871 [INFO] IPUIPlugin:80 - create IPUIPlugin
2025-04-15 15:45:28,871 [INFO] PluginManager:220 - loadIPPluginJar : add mdma
2025-04-15 15:45:28,876 [INFO] IPUIPlugin:80 - create IPUIPlugin
2025-04-15 15:45:28,876 [INFO] PluginManager:220 - loadIPPluginJar : add nvic
2025-04-15 15:45:28,881 [INFO] IPUIPlugin:80 - create IPUIPlugin
2025-04-15 15:45:28,881 [INFO] PluginManager:220 - loadIPPluginJar : add opamp
2025-04-15 15:45:28,887 [INFO] IPUIPlugin:80 - create IPUIPlugin
2025-04-15 15:45:28,887 [INFO] PluginManager:220 - loadIPPluginJar : add openamp
2025-04-15 15:45:28,892 [INFO] IPUIPlugin:80 - create IPUIPlugin
2025-04-15 15:45:28,892 [INFO] PluginManager:220 - loadIPPluginJar : add pdm2pcm
2025-04-15 15:45:28,902 [INFO] IPUIPlugin:80 - create IPUIPlugin
2025-04-15 15:45:28,908 [INFO] PluginManager:220 - loadIPPluginJar : add plateformsettings
2025-04-15 15:45:28,911 [INFO] IPUIPlugin:80 - create IPUIPlugin
2025-04-15 15:45:28,911 [INFO] PluginManager:220 - loadIPPluginJar : add quadspi
2025-04-15 15:45:28,915 [INFO] IPUIPlugin:80 - create IPUIPlugin
2025-04-15 15:45:28,916 [INFO] PluginManager:220 - loadIPPluginJar : add radio
2025-04-15 15:45:28,924 [INFO] IPUIPlugin:80 - create IPUIPlugin
2025-04-15 15:45:28,924 [INFO] PluginManager:220 - loadIPPluginJar : add resmgrutility
2025-04-15 15:45:28,932 [INFO] IPUIPlugin:80 - create IPUIPlugin
2025-04-15 15:45:28,932 [INFO] PluginManager:220 - loadIPPluginJar : add sai
2025-04-15 15:45:28,939 [INFO] IPUIPlugin:80 - create IPUIPlugin
2025-04-15 15:45:28,939 [INFO] PluginManager:220 - loadIPPluginJar : add spi
2025-04-15 15:45:28,949 [INFO] IPUIPlugin:80 - create IPUIPlugin
2025-04-15 15:45:28,950 [INFO] PluginManager:220 - loadIPPluginJar : add stm32_wpan
2025-04-15 15:45:28,953 [INFO] IPUIPlugin:80 - create IPUIPlugin
2025-04-15 15:45:28,954 [INFO] PluginManager:220 - loadIPPluginJar : add tim
2025-04-15 15:45:28,963 [INFO] IPUIPlugin:80 - create IPUIPlugin
2025-04-15 15:45:28,964 [INFO] PluginManager:220 - loadIPPluginJar : add touchsensing
2025-04-15 15:45:28,968 [INFO] IPUIPlugin:80 - create IPUIPlugin
2025-04-15 15:45:28,968 [INFO] PluginManager:220 - loadIPPluginJar : add tracer_emb
2025-04-15 15:45:28,972 [INFO] IPUIPlugin:80 - create IPUIPlugin
2025-04-15 15:45:28,972 [INFO] PluginManager:220 - loadIPPluginJar : add ts
2025-04-15 15:45:28,977 [INFO] IPUIPlugin:80 - create IPUIPlugin
2025-04-15 15:45:28,978 [INFO] PluginManager:220 - loadIPPluginJar : add tsc
2025-04-15 15:45:28,981 [INFO] IPUIPlugin:80 - create IPUIPlugin
2025-04-15 15:45:28,981 [INFO] PluginManager:220 - loadIPPluginJar : add ucpd
2025-04-15 15:45:28,987 [INFO] IPUIPlugin:80 - create IPUIPlugin
2025-04-15 15:45:28,987 [INFO] PluginManager:220 - loadIPPluginJar : add usart
2025-04-15 15:45:28,993 [INFO] IPUIPlugin:80 - create IPUIPlugin
2025-04-15 15:45:28,993 [INFO] PluginManager:220 - loadIPPluginJar : add usbx
2025-04-15 15:45:29,160 [INFO] CADModel:165 - CPN selected for project level
2025-04-15 15:45:29,160 [INFO] CADModel:114 - Register for checkConnection events
2025-04-15 15:45:29,161 [FATAL] Updater:334 - Updater called before beeing initialized
2025-04-15 15:45:29,161 [ERROR] CADModel:125 - Updater not yet initialized, retry later 
2025-04-15 15:45:29,392 [INFO] CADModel:165 - CPN selected for project level
2025-04-15 15:45:29,392 [INFO] CADModel:114 - Register for checkConnection events
2025-04-15 15:45:29,393 [FATAL] Updater:334 - Updater called before beeing initialized
2025-04-15 15:45:29,393 [ERROR] CADModel:125 - Updater not yet initialized, retry later 
2025-04-15 15:45:29,400 [FATAL] Updater:334 - Updater called before beeing initialized
2025-04-15 15:45:29,618 [FATAL] Updater:334 - Updater called before beeing initialized
2025-04-15 15:45:29,624 [INFO] DbMcusAds:53 - JSON generation date=Thu Mar 06 20:24:21 IST 2025 (1741272861825)
2025-04-15 15:45:29,624 [FATAL] Updater:334 - Updater called before beeing initialized
2025-04-15 15:45:29,676 [WARN] DetailPanel:346 - Failed to get advertising image, set to default
2025-04-15 15:45:29,821 [FATAL] Updater:334 - Updater called before beeing initialized
2025-04-15 15:45:29,823 [FATAL] Updater:334 - Updater called before beeing initialized
2025-04-15 15:45:29,823 [FATAL] Updater:334 - Updater called before beeing initialized
2025-04-15 15:45:29,823 [WARN] DetailPanel:346 - Failed to get advertising image, set to default
2025-04-15 15:45:29,824 [FATAL] Updater:334 - Updater called before beeing initialized
2025-04-15 15:45:29,893 [ERROR] Updater:1164 - MainUpdater not yet initialized. External WinMGr cannot be set.
2025-04-15 15:45:29,897 [INFO] Updater:1100 - Updater Version found : 6.12.1
2025-04-15 15:45:29,934 [INFO] ApplicationProperties:184 - Using Application install path: C:\ST\STM32CubeIDE_1.16.1\STM32CubeIDE\plugins\com.st.stm32cube.common.mx_6.12.1.202409122256
2025-04-15 15:45:30,896 [INFO] ThirdPartyUpdaterWithRetryManager:70 - Updater plugin not ready yet. [2/15]
2025-04-15 15:45:31,526 [ERROR] LogOutputStream:75 - [STDERR_REDIRECT] Apr 15, 2025 3:45:31 PM java.util.prefs.WindowsPreferences <init>
2025-04-15 15:45:31,529 [ERROR] LogOutputStream:75 - [STDERR_REDIRECT] WARNING: Could not open/create prefs root node Software\JavaSoft\Prefs at root 0xffffffff80000002. Windows RegCreateKeyEx(...) returned error code 5.
2025-04-15 15:45:31,530 [ERROR] LogOutputStream:75 - [STDERR_REDIRECT] 
2025-04-15 15:45:32,033 [INFO] MainUpdater:2873 - connection check result : 10
2025-04-15 15:45:32,034 [INFO] MainUpdater:290 - Updater Check For Update Now.
2025-04-15 15:45:32,036 [INFO] MicroXplorer:498 - Change Database Version : DB.6.0.121
2025-04-15 15:45:32,049 [INFO] McuFinderGlobals:63 - Set McuFinder mode to 2 (CubeIDE integrated)
2025-04-15 15:45:32,050 [INFO] UserAuth:417 - Internet connection configuration mode: 1
2025-04-15 15:45:32,102 [INFO] JxBrowserEngine:152 - Initiate JxBrowser Engine with user profile folder
2025-04-15 15:45:32,317 [INFO] CheckServerUpdateThread:120 - End of CheckServer Thread
2025-04-15 15:45:33,280 [INFO] WebApp:167 - Instantiating new browser for Auth
2025-04-15 15:45:34,515 [WARN] PackLoader:240 - Cannot read IP mode file for STMicroelectronics.FP-SNS-MOTENVWB1.1.4.0
2025-04-15 15:45:34,564 [WARN] PackLoader:240 - Cannot read IP mode file for STMicroelectronics.FP-ATR-ASTRA1.2.0.2
2025-04-15 15:45:34,591 [WARN] PackLoader:240 - Cannot read IP mode file for STMicroelectronics.FP-ATR-ASTRA1.2.0.1
2025-04-15 15:45:34,637 [WARN] PackLoader:240 - Cannot read IP mode file for STMicroelectronics.X-CUBE-SMBUS.2.1.0
2025-04-15 15:45:34,710 [WARN] PackLoader:240 - Cannot read IP mode file for STMicroelectronics.X-CUBE-WB05N.1.1.0
2025-04-15 15:45:34,846 [WARN] PackLoader:240 - Cannot read IP mode file for STMicroelectronics.X-CUBE-AZRTOS-F7.1.1.0
2025-04-15 15:45:34,874 [WARN] PackLoader:240 - Cannot read IP mode file for STMicroelectronics.FP-SNS-FLIGHT1.5.0.2
2025-04-15 15:45:34,965 [WARN] PackLoader:240 - Cannot read IP mode file for Infineon.AIROC-Wi-Fi-Bluetooth-STM32.1.7.0
2025-04-15 15:45:35,004 [WARN] PackLoader:240 - Cannot read IP mode file for STMicroelectronics.X-CUBE-DISPLAY.3.0.0
2025-04-15 15:45:35,031 [WARN] PackLoader:240 - Cannot read IP mode file for STMicroelectronics.X-CUBE-BLE1.7.0.0
2025-04-15 15:45:35,048 [WARN] PackLoader:240 - Cannot read IP mode file for STMicroelectronics.X-CUBE-NFC10.1.0.0
2025-04-15 15:45:35,080 [WARN] PackLoader:240 - Cannot read IP mode file for STMicroelectronics.X-CUBE-BLEMGR.4.0.0
2025-04-15 15:45:35,105 [WARN] PackLoader:240 - Cannot read IP mode file for emotas.I-CUBE-CANOPEN.1.3.0
2025-04-15 15:45:35,180 [WARN] PackLoader:240 - Cannot read IP mode file for STMicroelectronics.X-CUBE-AI.10.0.0
2025-04-15 15:45:35,192 [WARN] PackLoader:240 - Cannot read IP mode file for STMicroelectronics.FP-SNS-SMARTAG2.1.2.0
2025-04-15 15:45:35,203 [ERROR] Engine:466 - C:\Users\kjeya\.stm32cubemx\thirdparties\pdsc\STMicroelectronics.FP-SNS-FLIGHT1.5.1.0.pdsc: PDSC version is not supported
2025-04-15 15:45:35,239 [INFO] WebApp:448 - Apply proxy settings
2025-04-15 15:45:35,240 [INFO] WebApp:533 - Chromium requires no authentication
2025-04-15 15:45:35,269 [INFO] WebApp:476 - Direct internet connection detected
2025-04-15 15:45:35,336 [INFO] WebApp:869 - Register for checkConnection events
2025-04-15 15:45:35,337 [INFO] WebApp:448 - Apply proxy settings
2025-04-15 15:45:35,337 [INFO] WebApp:533 - Chromium requires no authentication
2025-04-15 15:45:35,339 [INFO] WebApp:476 - Direct internet connection detected
2025-04-15 15:45:35,382 [WARN] PackLoader:240 - Cannot read IP mode file for STMicroelectronics.X-CUBE-MEMS1.11.1.0
2025-04-15 15:45:35,725 [INFO] WebApp:186 - Connection restablished
2025-04-15 15:45:36,096 [INFO] LogOutputStream:77 - [STDOUT_REDIRECT] 1 : Invalid condition id : UX_CORESTACK_Condition cause : null
2025-04-15 15:45:36,098 [INFO] LogOutputStream:77 - [STDOUT_REDIRECT] 1 : Invalid condition id : UX_CORESTACK_Condition cause : null
2025-04-15 15:45:36,108 [INFO] LogOutputStream:77 - [STDOUT_REDIRECT] 1 : Invalid condition id : UX_CORESTACK_Condition cause : null
2025-04-15 15:45:36,123 [INFO] LogOutputStream:77 - [STDOUT_REDIRECT] 1 : Invalid condition id : UX_CORESTACK_Condition cause : null
2025-04-15 15:45:36,126 [INFO] LogOutputStream:77 - [STDOUT_REDIRECT] 1 : Invalid condition id : UX_CORESTACK_Condition cause : null
2025-04-15 15:45:36,136 [WARN] PackLoader:240 - Cannot read IP mode file for STMicroelectronics.X-CUBE-AZRTOS-WL.2.0.0
2025-04-15 15:45:36,150 [WARN] PackLoader:240 - Cannot read IP mode file for STMicroelectronics.FP-SNS-MOTENV1.5.0.0
2025-04-15 15:45:36,159 [INFO] WebApp:220 - Starting web application
2025-04-15 15:45:36,160 [INFO] WebApp:578 - Web application path used C:\ST\STM32CubeIDE_1.16.1\STM32CubeIDE\plugins\com.st.stm32cube.common.mx_6.12.1.202409122256\db\plugins\mcufinder\reactClient1\index.html
2025-04-15 15:45:36,165 [WARN] PackLoader:240 - Cannot read IP mode file for wolfSSL.I-CUBE-wolfMQTT.1.19.0
2025-04-15 15:45:36,193 [WARN] PackLoader:240 - Cannot read IP mode file for WES.I-CUBE-Cesium.1.3.0
2025-04-15 15:45:36,579 [INFO] UserAuth:417 - Internet connection configuration mode: 1
2025-04-15 15:45:36,807 [WARN] PackLoader:240 - Cannot read IP mode file for STMicroelectronics.X-CUBE-BLE2.3.3.0
2025-04-15 15:45:36,827 [WARN] PackLoader:240 - Cannot read IP mode file for STMicroelectronics.X-CUBE-NFC9.1.0.0
2025-04-15 15:45:36,880 [WARN] PackLoader:240 - Cannot read IP mode file for STMicroelectronics.X-CUBE-BLE1.7.1.0
2025-04-15 15:45:37,129 [WARN] PackLoader:240 - Cannot read IP mode file for STMicroelectronics.X-CUBE-AZRTOS-G0.1.1.0
2025-04-15 15:45:37,344 [WARN] PackLoader:240 - Cannot read IP mode file for STMicroelectronics.X-CUBE-SAFEA1.1.2.2
2025-04-15 15:45:37,387 [WARN] PackLoader:240 - Cannot read IP mode file for STMicroelectronics.X-CUBE-NFC4.3.0.0
2025-04-15 15:45:37,443 [WARN] PackLoader:240 - Cannot read IP mode file for EmbeddedOffice.I-CUBE-FS-RTOS.1.0.1
2025-04-15 15:45:37,444 [ERROR] ConditionMgr:805 - Attr not supported : Dmpu
2025-04-15 15:45:37,444 [ERROR] ConditionMgr:805 - Attr not supported : Dmpu
2025-04-15 15:45:37,444 [ERROR] ConditionMgr:805 - Attr not supported : Dmpu
2025-04-15 15:45:37,445 [ERROR] ConditionMgr:805 - Attr not supported : Dmpu
2025-04-15 15:45:37,445 [ERROR] ConditionMgr:805 - Attr not supported : Dmpu
2025-04-15 15:45:37,445 [ERROR] ConditionMgr:805 - Attr not supported : Dmpu
2025-04-15 15:45:37,445 [ERROR] ConditionMgr:805 - Attr not supported : Dmpu
2025-04-15 15:45:37,445 [ERROR] ConditionMgr:805 - Attr not supported : Dmpu
2025-04-15 15:45:37,446 [ERROR] ConditionMgr:805 - Attr not supported : Dmpu
2025-04-15 15:45:37,446 [ERROR] ConditionMgr:805 - Attr not supported : Dmpu
2025-04-15 15:45:37,446 [ERROR] ConditionMgr:805 - Attr not supported : Dmpu
2025-04-15 15:45:37,446 [ERROR] ConditionMgr:805 - Attr not supported : Dmpu
2025-04-15 15:45:37,447 [ERROR] ConditionMgr:805 - Attr not supported : Dmpu
2025-04-15 15:45:37,447 [ERROR] ConditionMgr:805 - Attr not supported : Dmpu
2025-04-15 15:45:37,447 [ERROR] ConditionMgr:805 - Attr not supported : Dmpu
2025-04-15 15:45:37,447 [ERROR] ConditionMgr:805 - Attr not supported : Dmpu
2025-04-15 15:45:37,448 [ERROR] ConditionMgr:805 - Attr not supported : Dmpu
2025-04-15 15:45:37,455 [ERROR] ConditionMgr:805 - Attr not supported : Dmpu
2025-04-15 15:45:37,455 [ERROR] ConditionMgr:805 - Attr not supported : Dmpu
2025-04-15 15:45:37,456 [ERROR] ConditionMgr:805 - Attr not supported : Dmpu
2025-04-15 15:45:37,456 [ERROR] ConditionMgr:805 - Attr not supported : Dmpu
2025-04-15 15:45:37,456 [ERROR] ConditionMgr:805 - Attr not supported : Dmpu
2025-04-15 15:45:37,456 [ERROR] ConditionMgr:805 - Attr not supported : Dmpu
2025-04-15 15:45:37,457 [ERROR] ConditionMgr:805 - Attr not supported : Dmpu
2025-04-15 15:45:37,457 [ERROR] ConditionMgr:805 - Attr not supported : Dmpu
2025-04-15 15:45:37,457 [ERROR] ConditionMgr:805 - Attr not supported : Dmpu
2025-04-15 15:45:37,457 [ERROR] ConditionMgr:805 - Attr not supported : Dmpu
2025-04-15 15:45:37,457 [ERROR] ConditionMgr:805 - Attr not supported : Dmpu
2025-04-15 15:45:37,458 [ERROR] ConditionMgr:805 - Attr not supported : Dmpu
2025-04-15 15:45:37,458 [ERROR] ConditionMgr:805 - Attr not supported : Dmpu
2025-04-15 15:45:37,458 [ERROR] ConditionMgr:805 - Attr not supported : Dmpu
2025-04-15 15:45:37,458 [ERROR] ConditionMgr:805 - Attr not supported : Dmpu
2025-04-15 15:45:37,459 [ERROR] ConditionMgr:805 - Attr not supported : Dmpu
2025-04-15 15:45:37,460 [ERROR] ConditionMgr:805 - Attr not supported : Dmpu
2025-04-15 15:45:37,460 [ERROR] ConditionMgr:805 - Attr not supported : Dmpu
2025-04-15 15:45:37,460 [ERROR] ConditionMgr:805 - Attr not supported : Dmpu
2025-04-15 15:45:37,461 [ERROR] ConditionMgr:805 - Attr not supported : Dmpu
2025-04-15 15:45:37,461 [ERROR] ConditionMgr:805 - Attr not supported : Dmpu
2025-04-15 15:45:37,464 [ERROR] ConditionMgr:805 - Attr not supported : Dmpu
2025-04-15 15:45:37,468 [ERROR] ConditionMgr:805 - Attr not supported : Dmpu
2025-04-15 15:45:37,469 [ERROR] ConditionMgr:805 - Attr not supported : Dmpu
2025-04-15 15:45:37,469 [ERROR] ConditionMgr:805 - Attr not supported : Dmpu
2025-04-15 15:45:37,469 [ERROR] ConditionMgr:805 - Attr not supported : Dmpu
2025-04-15 15:45:37,470 [ERROR] ConditionMgr:805 - Attr not supported : Dmpu
2025-04-15 15:45:37,470 [ERROR] ConditionMgr:805 - Attr not supported : Dmpu
2025-04-15 15:45:37,470 [ERROR] ConditionMgr:805 - Attr not supported : Dmpu
2025-04-15 15:45:37,470 [ERROR] ConditionMgr:805 - Attr not supported : Dmpu
2025-04-15 15:45:37,471 [ERROR] ConditionMgr:805 - Attr not supported : Dmpu
2025-04-15 15:45:37,471 [ERROR] ConditionMgr:805 - Attr not supported : Dmpu
2025-04-15 15:45:37,471 [ERROR] ConditionMgr:805 - Attr not supported : Dmpu
2025-04-15 15:45:37,471 [ERROR] ConditionMgr:805 - Attr not supported : Dmpu
2025-04-15 15:45:37,471 [ERROR] ConditionMgr:805 - Attr not supported : Dmpu
2025-04-15 15:45:37,472 [ERROR] ConditionMgr:805 - Attr not supported : Dmpu
2025-04-15 15:45:37,472 [ERROR] ConditionMgr:805 - Attr not supported : Dmpu
2025-04-15 15:45:37,473 [ERROR] ConditionMgr:805 - Attr not supported : Dmpu
2025-04-15 15:45:37,473 [ERROR] ConditionMgr:805 - Attr not supported : Dmpu
2025-04-15 15:45:37,473 [ERROR] ConditionMgr:805 - Attr not supported : Dmpu
2025-04-15 15:45:37,474 [ERROR] ConditionMgr:805 - Attr not supported : Dmpu
2025-04-15 15:45:37,474 [ERROR] ConditionMgr:805 - Attr not supported : Dmpu
2025-04-15 15:45:37,474 [ERROR] ConditionMgr:805 - Attr not supported : Dmpu
2025-04-15 15:45:37,474 [ERROR] ConditionMgr:805 - Attr not supported : Dmpu
2025-04-15 15:45:37,474 [ERROR] ConditionMgr:805 - Attr not supported : Dmpu
2025-04-15 15:45:37,475 [ERROR] ConditionMgr:805 - Attr not supported : Dmpu
2025-04-15 15:45:37,475 [ERROR] ConditionMgr:805 - Attr not supported : Dmpu
2025-04-15 15:45:37,491 [ERROR] Engine:466 - C:\Users\kjeya\.stm32cubemx\thirdparties\pdsc\STMicroelectronics.X-CUBE-TCPP.4.2.0.pdsc: PDSC version is not supported
2025-04-15 15:45:37,514 [WARN] PackLoader:240 - Cannot read IP mode file for RealThread.X-CUBE-RT-Thread_Nano.4.1.1
2025-04-15 15:45:37,538 [WARN] PackLoader:240 - Cannot read IP mode file for STMicroelectronics.FP-ATR-SIGFOX1.3.2.0
2025-04-15 15:45:37,556 [WARN] ConditionMgr:438 - getConditionDescription Invalid condition id : Cortex-A Device cause : null
2025-04-15 15:45:37,610 [WARN] ConditionMgr:1039 - genDependencies : Invalid condition id : Cortex-A Device cause : null
2025-04-15 15:45:37,611 [WARN] ConditionMgr:1039 - genDependencies : Invalid condition id : Cortex-A Device cause : null
2025-04-15 15:45:37,612 [WARN] ConditionMgr:1039 - genDependencies : Invalid condition id : Cortex-A Device cause : null
2025-04-15 15:45:37,633 [WARN] PackLoader:240 - Cannot read IP mode file for STMicroelectronics.X-CUBE-EEPRMA1.5.1.0
2025-04-15 15:45:37,647 [WARN] PackLoader:240 - Cannot read IP mode file for wolfSSL.I-CUBE-wolfSSL.5.7.4
2025-04-15 15:45:37,665 [WARN] PackLoader:240 - Cannot read IP mode file for ITTIA_DB.I-CUBE-ITTIADB.8.9.0
2025-04-15 15:45:37,794 [WARN] PackLoader:240 - Cannot read IP mode file for SEGGER.I-CUBE-embOS.1.3.1
2025-04-15 15:45:37,997 [WARN] PackLoader:240 - Cannot read IP mode file for STMicroelectronics.X-CUBE-ALGOBUILD.1.4.0
2025-04-15 15:45:38,013 [WARN] PackLoader:240 - Cannot read IP mode file for STMicroelectronics.X-CUBE-AI.9.1.0
2025-04-15 15:45:38,063 [WARN] PackLoader:240 - Cannot read IP mode file for STMicroelectronics.X-CUBE-AZRTOS-F4.1.1.0
2025-04-15 15:45:38,089 [WARN] PackLoader:240 - Cannot read IP mode file for STMicroelectronics.X-CUBE-ISPU.2.1.0
2025-04-15 15:45:38,159 [WARN] PackLoader:240 - Cannot read IP mode file for STMicroelectronics.X-CUBE-AZRTOS-L5.2.0.0
2025-04-15 15:45:38,207 [WARN] PackLoader:240 - Cannot read IP mode file for STMicroelectronics.X-CUBE-NFC6.3.1.0
2025-04-15 15:45:38,225 [WARN] PackLoader:240 - Cannot read IP mode file for STMicroelectronics.X-CUBE-DPower.1.2.0
2025-04-15 15:45:38,242 [WARN] PackLoader:240 - Cannot read IP mode file for STMicroelectronics.X-CUBE-FREERTOS.1.3.0
2025-04-15 15:45:38,259 [WARN] PackLoader:240 - Cannot read IP mode file for STMicroelectronics.X-CUBE-NFC7.1.0.1
2025-04-15 15:45:38,272 [WARN] PackLoader:240 - Cannot read IP mode file for STMicroelectronics.X-CUBE-DPower.1.3.0
2025-04-15 15:45:38,312 [WARN] ConditionMgr:438 - getConditionDescription Invalid condition id : LAN8742 Phy interface Condition cause : null
2025-04-15 15:45:38,314 [WARN] PackLoader:240 - Cannot read IP mode file for STMicroelectronics.X-CUBE-AZRTOS-L4.2.0.0
2025-04-15 15:45:38,320 [WARN] ConditionMgr:1039 - genDependencies : Invalid condition id : LAN8742 Phy interface Condition cause : null
2025-04-15 15:45:38,320 [WARN] ConditionMgr:1039 - genDependencies : Invalid condition id : LAN8742 Phy interface Condition cause : null
2025-04-15 15:45:38,322 [WARN] ConditionMgr:1039 - genDependencies : Invalid condition id : LAN8742 Phy interface Condition cause : null
2025-04-15 15:45:38,339 [WARN] PackLoader:240 - Cannot read IP mode file for STMicroelectronics.X-CUBE-SFXS2LP1.4.0.0
2025-04-15 15:45:38,398 [WARN] PackLoader:240 - Cannot read IP mode file for STMicroelectronics.X-CUBE-AZRTOS-H7.3.3.0
2025-04-15 15:45:38,436 [WARN] PackLoader:240 - Cannot read IP mode file for STMicroelectronics.X-CUBE-IPS.3.0.0
2025-04-15 15:45:38,476 [WARN] ConditionMgr:438 - getConditionDescription Invalid condition id : UX DEVICE CLASS RTOS Condition cause : null
2025-04-15 15:45:38,477 [WARN] ConditionMgr:438 - getConditionDescription Invalid condition id : UX DEVICE CLASS RTOS Condition cause : null
2025-04-15 15:45:38,486 [WARN] PackLoader:240 - Cannot read IP mode file for STMicroelectronics.X-CUBE-AZRTOS-WB.2.0.0
2025-04-15 15:45:38,487 [WARN] ConditionMgr:1039 - genDependencies : Invalid condition id : UX DEVICE CLASS RTOS Condition cause : null
2025-04-15 15:45:38,488 [WARN] ConditionMgr:1039 - genDependencies : Invalid condition id : UX DEVICE CLASS RTOS Condition cause : null
2025-04-15 15:45:38,489 [WARN] ConditionMgr:1039 - genDependencies : Invalid condition id : UX DEVICE CLASS RTOS Condition cause : null
2025-04-15 15:45:38,490 [WARN] ConditionMgr:1039 - genDependencies : Invalid condition id : UX DEVICE CLASS RTOS Condition cause : null
2025-04-15 15:45:38,491 [WARN] ConditionMgr:1039 - genDependencies : Invalid condition id : UX DEVICE CLASS RTOS Condition cause : null
2025-04-15 15:45:38,507 [WARN] PackLoader:240 - Cannot read IP mode file for STMicroelectronics.X-CUBE-GNSS1.7.0.1
2025-04-15 15:45:38,522 [WARN] PackLoader:240 - Cannot read IP mode file for STMicroelectronics.X-CUBE-TOUCHGFX.4.25.0
2025-04-15 15:45:38,536 [WARN] PackLoader:240 - Cannot read IP mode file for STMicroelectronics.FP-SNS-STBOX1.2.0.0
2025-04-15 15:45:38,572 [WARN] PackLoader:240 - Cannot read IP mode file for STMicroelectronics.X-CUBE-SUBG2.5.0.0
2025-04-15 15:45:38,627 [WARN] PackLoader:240 - Cannot read IP mode file for STMicroelectronics.X-CUBE-AZRTOS-H7RS.1.1.0
2025-04-15 15:45:38,645 [WARN] PackLoader:240 - Cannot read IP mode file for Cesanta.I-CUBE-Mongoose.7.13.0
2025-04-15 15:45:38,676 [WARN] PackLoader:240 - Cannot read IP mode file for STMicroelectronics.X-CUBE-AZRTOS-G4.2.0.0
2025-04-15 15:45:38,692 [ERROR] Engine:466 - C:\Users\kjeya\.stm32cubemx\thirdparties\pdsc\STMicroelectronics.X-CUBE-IPS.3.1.0.pdsc: PDSC version is not supported
2025-04-15 15:45:38,702 [WARN] PackLoader:240 - Cannot read IP mode file for STMicroelectronics.X-CUBE-ALS.1.0.2
2025-04-15 15:45:38,714 [WARN] PackLoader:240 - Cannot read IP mode file for STMicroelectronics.X-CUBE-TOUCHGFX.4.24.0
2025-04-15 15:45:38,862 [WARN] PackLoader:240 - Cannot read IP mode file for STMicroelectronics.X-CUBE-TOUCHGFX.4.24.2
2025-04-15 15:45:38,942 [WARN] PackLoader:240 - Cannot read IP mode file for STMicroelectronics.X-CUBE-TOUCHGFX.4.24.1
2025-04-15 15:45:38,952 [WARN] PackLoader:240 - Cannot read IP mode file for wolfSSL.I-CUBE-wolfTPM.3.4.0
2025-04-15 15:45:38,965 [WARN] PackLoader:240 - Cannot read IP mode file for portGmbH.I-Cube-SoM-uGOAL.1.1.0
2025-04-15 15:45:39,004 [WARN] PackLoader:240 - Cannot read IP mode file for STMicroelectronics.X-CUBE-AZRTOS-H7RS.1.0.0
2025-04-15 15:45:39,034 [WARN] PackLoader:240 - Cannot read IP mode file for STMicroelectronics.X-CUBE-TOF1.3.4.2
2025-04-15 15:45:39,062 [WARN] PackLoader:240 - Cannot read IP mode file for wolfSSL.I-CUBE-wolfSSH.1.4.17
2025-04-15 15:45:39,063 [INFO] ThirdParty:978 - Integrity check success = true
2025-04-15 15:45:39,066 [INFO] IntegrityCheckThread:100 - exiting critical section [integrity check]
2025-04-15 15:45:39,066 [INFO] IntegrityCheckThread:103 - End integrity checks thread
2025-04-15 17:11:57,700 [INFO] WebApp:189 - Connection lost
2025-04-15 17:11:58,048 [INFO] WebApp:186 - Connection restablished
2025-04-15 17:33:13,132 [INFO] WebApp:189 - Connection lost
2025-04-15 17:33:13,386 [INFO] WebApp:186 - Connection restablished
2025-04-15 17:54:54,157 [INFO] WebApp:189 - Connection lost
2025-04-15 17:54:54,476 [INFO] WebApp:186 - Connection restablished
2025-04-15 18:22:04,609 [INFO] WebApp:189 - Connection lost
2025-04-15 18:22:05,233 [INFO] WebApp:186 - Connection restablished
2025-04-15 18:22:12,125 [INFO] WebApp:189 - Connection lost
2025-04-15 18:22:12,620 [INFO] WebApp:186 - Connection restablished
2025-04-15 18:23:17,649 [INFO] WebApp:189 - Connection lost
2025-04-15 18:23:17,854 [INFO] WebApp:186 - Connection restablished
2025-04-15 18:23:32,360 [ERROR] LogOutputStream:75 - [STDERR_REDIRECT] 
