2025-04-17 21:41:49,988 [INFO] Activator:176 - 


2025-04-17 21:41:49,999 [INFO] Activator:177 - !SESSION log4j initialized
2025-04-17 21:42:00,977 [INFO] LogOutputStream:77 - [STDOUT_REDIRECT] 
2025-04-17 21:42:03,525 [INFO] ApplicationProperties:184 - Using Application install path: C:\ST\STM32CubeIDE_1.16.1\STM32CubeIDE\plugins\com.st.stm32cube.common.mx_6.12.1.202409122256
2025-04-17 21:42:03,554 [INFO] DbMcusXml:78 - Set database path to: C:\ST\STM32CubeIDE_1.16.1\STM32CubeIDE\plugins\com.st.stm32cube.common.mx_6.12.1.202409122256\\db\/mcu/
2025-04-17 21:42:03,555 [INFO] ApiDb:274 - Set plugin database path to: C:\ST\STM32CubeIDE_1.16.1\STM32CubeIDE\plugins\com.st.stm32cube.common.mx_6.12.1.202409122256\\db\/plugins/boardmanager/
2025-04-17 21:42:03,556 [WARN] ApiDb:259 - Overriding images path with different value:  => C:\ST\STM32CubeIDE_1.16.1\STM32CubeIDE\plugins\com.st.stm32cube.common.mx_6.12.1.202409122256\\db\/plugins/mcufinder/images/
2025-04-17 21:42:03,579 [INFO] ApiDb:250 - Set database path to: C:\Users\kjeya\.stmcufinder\plugins\mcufinder//mcu/
2025-04-17 21:42:03,581 [INFO] DbMcusAds:125 - Set database path to: C:\Users\kjeya\.stmcufinder\plugins\mcufinder//mcu/
2025-04-17 21:42:03,584 [INFO] CrossReferenceDbSqlite:203 - Set database path to: C:\Users\kjeya\.stmcufinder\plugins\mcufinder//mcu/cs/
2025-04-17 21:42:03,743 [INFO] RulesReader:64 - Compatibility file has been processed (297 Rules)
2025-04-17 21:42:03,884 [INFO] DbMcusXml:78 - Set database path to: C:\ST\STM32CubeIDE_1.16.1\STM32CubeIDE\plugins\com.st.stm32cube.common.mx_6.12.1.202409122256\\db\/mcu/
2025-04-17 21:42:03,884 [INFO] ApiDb:274 - Set plugin database path to: C:\ST\STM32CubeIDE_1.16.1\STM32CubeIDE\plugins\com.st.stm32cube.common.mx_6.12.1.202409122256\\db\/plugins/boardmanager/
2025-04-17 21:42:03,884 [INFO] ApiDb:261 - Set plugin images path to: C:\ST\STM32CubeIDE_1.16.1\STM32CubeIDE\plugins\com.st.stm32cube.common.mx_6.12.1.202409122256\\db\/plugins/mcufinder/images/
2025-04-17 21:42:03,885 [WARN] DbFile:41 - Overriding database path with different value: C:\Users\kjeya\.stmcufinder\plugins\mcufinder/ => C:\Users\kjeya\.stmcufinder\plugins\mcufinder
2025-04-17 21:42:03,885 [INFO] ApiDb:250 - Set database path to: C:\Users\kjeya\.stmcufinder\plugins\mcufinder//mcu/
2025-04-17 21:42:03,885 [WARN] DbFile:41 - Overriding database path with different value: C:\Users\kjeya\.stmcufinder\plugins\mcufinder/ => C:\Users\kjeya\.stmcufinder\plugins\mcufinder
2025-04-17 21:42:03,885 [INFO] DbMcusAds:125 - Set database path to: C:\Users\kjeya\.stmcufinder\plugins\mcufinder//mcu/
2025-04-17 21:42:03,885 [WARN] DbFile:41 - Overriding database path with different value: C:\Users\kjeya\.stmcufinder\plugins\mcufinder/ => C:\Users\kjeya\.stmcufinder\plugins\mcufinder
2025-04-17 21:42:03,886 [WARN] DbFile:41 - Overriding database path with different value: C:\Users\kjeya\.stmcufinder\plugins\mcufinder/ => C:\Users\kjeya\.stmcufinder\plugins\mcufinder
2025-04-17 21:42:03,886 [INFO] CrossReferenceDbSqlite:203 - Set database path to: C:\Users\kjeya\.stmcufinder\plugins\mcufinder//mcu/cs/
2025-04-17 21:42:04,074 [INFO] MainPanel:268 - HeapMemory: 268435456
2025-04-17 21:42:04,349 [INFO] DbMcusXml:78 - Set database path to: C:\ST\STM32CubeIDE_1.16.1\STM32CubeIDE\plugins\com.st.stm32cube.common.mx_6.12.1.202409122256\\db\/mcu/
2025-04-17 21:42:04,350 [INFO] ApiDb:274 - Set plugin database path to: C:\ST\STM32CubeIDE_1.16.1\STM32CubeIDE\plugins\com.st.stm32cube.common.mx_6.12.1.202409122256\\db\/plugins/boardmanager/
2025-04-17 21:42:04,350 [INFO] ApiDb:261 - Set plugin images path to: C:\ST\STM32CubeIDE_1.16.1\STM32CubeIDE\plugins\com.st.stm32cube.common.mx_6.12.1.202409122256\\db\/plugins/mcufinder/images/
2025-04-17 21:42:04,350 [WARN] DbFile:41 - Overriding database path with different value: C:\Users\kjeya\.stmcufinder\plugins\mcufinder/ => C:\Users\kjeya\.stmcufinder\plugins\mcufinder
2025-04-17 21:42:04,350 [INFO] ApiDb:250 - Set database path to: C:\Users\kjeya\.stmcufinder\plugins\mcufinder//mcu/
2025-04-17 21:42:04,351 [WARN] DbFile:41 - Overriding database path with different value: C:\Users\kjeya\.stmcufinder\plugins\mcufinder/ => C:\Users\kjeya\.stmcufinder\plugins\mcufinder
2025-04-17 21:42:04,351 [INFO] DbMcusAds:125 - Set database path to: C:\Users\kjeya\.stmcufinder\plugins\mcufinder//mcu/
2025-04-17 21:42:04,351 [WARN] DbFile:41 - Overriding database path with different value: C:\Users\kjeya\.stmcufinder\plugins\mcufinder/ => C:\Users\kjeya\.stmcufinder\plugins\mcufinder
2025-04-17 21:42:04,351 [WARN] DbFile:41 - Overriding database path with different value: C:\Users\kjeya\.stmcufinder\plugins\mcufinder/ => C:\Users\kjeya\.stmcufinder\plugins\mcufinder
2025-04-17 21:42:04,351 [INFO] CrossReferenceDbSqlite:203 - Set database path to: C:\Users\kjeya\.stmcufinder\plugins\mcufinder//mcu/cs/
2025-04-17 21:42:04,377 [INFO] ApplicationProperties:184 - Using Application install path: C:\ST\STM32CubeIDE_1.16.1\STM32CubeIDE\plugins\com.st.stm32cube.common.mx_6.12.1.202409122256
2025-04-17 21:42:04,379 [INFO] PluginManage:196 - Search for loadable plugins [exclusion list=, ]
2025-04-17 21:42:04,382 [INFO] PluginManage:310 - Check plugin analytics
2025-04-17 21:42:04,726 [INFO] AnalyticsPlugin:253 - Accepted Software Licenses: STM32CubeMX.6.11.1,STM32CubeMX.6.13.0
2025-04-17 21:42:04,727 [INFO] AnalyticsPlugin:255 - Accepted CMSIS Pack Licenses: STMicroelectronics.X-CUBE-TOUCHGFX.4.24.0,WES.I-CUBE-Cesium.1.3.0,STMicroelectronics.X-CUBE-TOUCHGFX.4.24.2
2025-04-17 21:42:04,727 [INFO] AnalyticsPlugin:257 - Accepted Firmware Licenses: FW.F4.1.28.0,FW.L4.1.18.0,FW.WL.1.3.0,FW.H7.1.11.0,FW.H7.1.12.0
2025-04-17 21:42:04,732 [INFO] PluginManage:359 - Loaded plugin analytics (category:tool,tabindex:-1)
2025-04-17 21:42:04,733 [INFO] PluginManage:310 - Check plugin cadmodel
2025-04-17 21:42:04,768 [INFO] CADModel:105 - Init CAD model plugin
2025-04-17 21:42:04,768 [INFO] PluginManage:359 - Loaded plugin cadmodel (category:power,tabindex:5)
2025-04-17 21:42:04,769 [INFO] PluginManage:310 - Check plugin clock
2025-04-17 21:42:04,819 [INFO] PluginManage:359 - Loaded plugin clock (category:base,tabindex:2)
2025-04-17 21:42:04,820 [INFO] PluginManage:310 - Check plugin ddr
2025-04-17 21:42:04,824 [INFO] PluginManage:359 - Loaded plugin ddr (category:tool,tabindex:6)
2025-04-17 21:42:04,825 [INFO] PluginManage:310 - Check plugin filemanager
2025-04-17 21:42:05,048 [INFO] PluginManage:359 - Loaded plugin filemanager (category:base,tabindex:10)
2025-04-17 21:42:05,049 [INFO] PluginManage:310 - Check plugin ipmanager
2025-04-17 21:42:05,064 [INFO] PluginManage:359 - Loaded plugin ipmanager (category:base,tabindex:5)
2025-04-17 21:42:05,065 [INFO] PluginManage:310 - Check plugin lpbam
2025-04-17 21:42:05,095 [INFO] PluginManage:359 - Loaded plugin lpbam (category:base,tabindex:0)
2025-04-17 21:42:05,096 [INFO] PluginManage:310 - Check plugin memorymap
2025-04-17 21:42:05,136 [INFO] PluginManage:359 - Loaded plugin memorymap (category:base,tabindex:4)
2025-04-17 21:42:05,137 [INFO] PluginManage:310 - Check plugin pinoutandconfiguration
2025-04-17 21:42:05,162 [INFO] PluginManage:359 - Loaded plugin pinoutandconfiguration (category:base,tabindex:1)
2025-04-17 21:42:05,162 [INFO] PluginManage:310 - Check plugin pinoutconfig
2025-04-17 21:42:05,324 [WARN] SupportedApi:132 - Cannot load RTOS API schema: s4s-elt-must-match.1: The content of 'definitions' must match (annotation?, (simpleType | complexType)?, (unique | key | keyref)*)). A problem was found starting at: attribute.
2025-04-17 21:42:05,630 [INFO] PluginManage:359 - Loaded plugin pinoutconfig (category:base,tabindex:0)
2025-04-17 21:42:05,631 [INFO] PluginManage:310 - Check plugin power
2025-04-17 21:42:05,669 [INFO] PluginManage:359 - Loaded plugin power (category:power,tabindex:4)
2025-04-17 21:42:05,669 [INFO] PluginManage:310 - Check plugin projectmanager
2025-04-17 21:42:05,703 [INFO] PluginManage:359 - Loaded plugin projectmanager (category:projectmanager,tabindex:4)
2025-04-17 21:42:05,703 [INFO] PluginManage:310 - Check plugin rif
2025-04-17 21:42:05,741 [INFO] PluginManage:359 - Loaded plugin rif (category:base,tabindex:3)
2025-04-17 21:42:05,741 [INFO] PluginManage:310 - Check plugin thirdparty
2025-04-17 21:42:06,411 [INFO] PluginManage:359 - Loaded plugin thirdparty (category:base,tabindex:-1)
2025-04-17 21:42:06,411 [WARN] IntegrityCheckThread:84 - waiting for thirdparty lock release [integrity check]
2025-04-17 21:42:06,412 [INFO] PluginManage:310 - Check plugin tools
2025-04-17 21:42:06,412 [INFO] IntegrityCheckThread:86 - entering critical section [integrity check]
2025-04-17 21:42:06,412 [INFO] ThirdPartyUpdaterWithRetryManager:70 - Updater plugin not ready yet. [1/15]
2025-04-17 21:42:06,472 [INFO] PluginManage:359 - Loaded plugin tools (category:base,tabindex:7)
2025-04-17 21:42:06,472 [INFO] PluginManage:310 - Check plugin tutovideos
2025-04-17 21:42:06,749 [INFO] PluginManage:359 - Loaded plugin tutovideos (category:base,tabindex:-1)
2025-04-17 21:42:06,749 [INFO] PluginManage:310 - Check plugin updater
2025-04-17 21:42:06,773 [INFO] PluginManage:359 - Loaded plugin updater (category:base,tabindex:12)
2025-04-17 21:42:06,773 [INFO] PluginManage:310 - Check plugin userauth
2025-04-17 21:42:06,782 [INFO] UserAuth:113 - Init User Auth plugin
2025-04-17 21:42:06,782 [INFO] PluginManage:359 - Loaded plugin userauth (category:base,tabindex:14)
2025-04-17 21:42:06,783 [INFO] PluginManage:283 - PluginManage : Loaded plugins [18]
2025-04-17 21:42:07,083 [INFO] PinOutPanel:1561 - setPackage(No Configuration,No Configuration)
2025-04-17 21:42:07,213 [INFO] CADModel:165 - CPN selected for project level
2025-04-17 21:42:07,214 [INFO] CADModel:114 - Register for checkConnection events
2025-04-17 21:42:07,255 [INFO] IPUIPlugin:80 - create IPUIPlugin
2025-04-17 21:42:07,255 [INFO] PluginManager:220 - loadIPPluginJar : add adc
2025-04-17 21:42:07,310 [INFO] IPUIPlugin:80 - create IPUIPlugin
2025-04-17 21:42:07,310 [INFO] PluginManager:220 - loadIPPluginJar : add aes
2025-04-17 21:42:07,387 [INFO] IPUIPlugin:80 - create IPUIPlugin
2025-04-17 21:42:07,387 [INFO] PluginManager:220 - loadIPPluginJar : add can
2025-04-17 21:42:07,434 [INFO] IPUIPlugin:80 - create IPUIPlugin
2025-04-17 21:42:07,434 [INFO] PluginManager:220 - loadIPPluginJar : add comp
2025-04-17 21:42:07,488 [INFO] IPUIPlugin:80 - create IPUIPlugin
2025-04-17 21:42:07,488 [INFO] PluginManager:220 - loadIPPluginJar : add cryp
2025-04-17 21:42:07,509 [INFO] IPUIPlugin:80 - create IPUIPlugin
2025-04-17 21:42:07,509 [INFO] PluginManager:220 - loadIPPluginJar : add ddr_ctrl_phy
2025-04-17 21:42:07,568 [INFO] IPUIPlugin:80 - create IPUIPlugin
2025-04-17 21:42:07,569 [INFO] PluginManager:220 - loadIPPluginJar : add dfsdm
2025-04-17 21:42:07,589 [INFO] IPUIPlugin:80 - create IPUIPlugin
2025-04-17 21:42:07,590 [INFO] PluginManager:220 - loadIPPluginJar : add dma
2025-04-17 21:42:07,660 [INFO] IPUIPlugin:80 - create IPUIPlugin
2025-04-17 21:42:07,660 [INFO] PluginManager:220 - loadIPPluginJar : add dma3
2025-04-17 21:42:07,721 [INFO] IPUIPlugin:80 - create IPUIPlugin
2025-04-17 21:42:07,721 [INFO] PluginManager:220 - loadIPPluginJar : add extmemmanager
2025-04-17 21:42:07,751 [INFO] IPUIPlugin:80 - create IPUIPlugin
2025-04-17 21:42:07,751 [INFO] PluginManager:220 - loadIPPluginJar : add fatfs
2025-04-17 21:42:07,815 [INFO] IPUIPlugin:80 - create IPUIPlugin
2025-04-17 21:42:07,815 [INFO] PluginManager:220 - loadIPPluginJar : add fmc
2025-04-17 21:42:07,836 [INFO] IPUIPlugin:80 - create IPUIPlugin
2025-04-17 21:42:07,836 [INFO] PluginManager:220 - loadIPPluginJar : add freertos
2025-04-17 21:42:07,866 [INFO] IPUIPlugin:80 - create IPUIPlugin
2025-04-17 21:42:07,866 [INFO] PluginManager:220 - loadIPPluginJar : add genericplugin
2025-04-17 21:42:08,010 [INFO] IPUIPlugin:80 - create IPUIPlugin
2025-04-17 21:42:08,011 [INFO] PluginManager:220 - loadIPPluginJar : add gfxmmu
2025-04-17 21:42:08,221 [INFO] IPUIPlugin:80 - create IPUIPlugin
2025-04-17 21:42:08,221 [INFO] PluginManager:220 - loadIPPluginJar : add gic
2025-04-17 21:42:08,245 [INFO] IPUIPlugin:80 - create IPUIPlugin
2025-04-17 21:42:08,245 [INFO] PluginManager:220 - loadIPPluginJar : add gpio
2025-04-17 21:42:08,366 [INFO] IPUIPlugin:80 - create IPUIPlugin
2025-04-17 21:42:08,367 [INFO] PluginManager:220 - loadIPPluginJar : add gtzc
2025-04-17 21:42:08,423 [INFO] IPUIPlugin:80 - create IPUIPlugin
2025-04-17 21:42:08,423 [INFO] PluginManager:220 - loadIPPluginJar : add hash
2025-04-17 21:42:08,516 [INFO] IPUIPlugin:80 - create IPUIPlugin
2025-04-17 21:42:08,516 [INFO] PluginManager:220 - loadIPPluginJar : add i2c
2025-04-17 21:42:08,584 [INFO] IPUIPlugin:80 - create IPUIPlugin
2025-04-17 21:42:08,584 [INFO] PluginManager:220 - loadIPPluginJar : add i2s
2025-04-17 21:42:08,658 [INFO] IPUIPlugin:80 - create IPUIPlugin
2025-04-17 21:42:08,658 [INFO] PluginManager:220 - loadIPPluginJar : add i3c
2025-04-17 21:42:08,817 [INFO] IPUIPlugin:80 - create IPUIPlugin
2025-04-17 21:42:08,817 [INFO] PluginManager:220 - loadIPPluginJar : add ipddr
2025-04-17 21:42:08,961 [INFO] IPUIPlugin:80 - create IPUIPlugin
2025-04-17 21:42:08,961 [INFO] PluginManager:220 - loadIPPluginJar : add linkedlist
2025-04-17 21:42:09,020 [INFO] IPUIPlugin:80 - create IPUIPlugin
2025-04-17 21:42:09,020 [INFO] PluginManager:220 - loadIPPluginJar : add lorawan
2025-04-17 21:42:09,082 [INFO] IPUIPlugin:80 - create IPUIPlugin
2025-04-17 21:42:09,083 [INFO] PluginManager:220 - loadIPPluginJar : add ltdc
2025-04-17 21:42:09,105 [INFO] IPUIPlugin:80 - create IPUIPlugin
2025-04-17 21:42:09,106 [INFO] PluginManager:220 - loadIPPluginJar : add mdma
2025-04-17 21:42:09,127 [INFO] IPUIPlugin:80 - create IPUIPlugin
2025-04-17 21:42:09,127 [INFO] PluginManager:220 - loadIPPluginJar : add nvic
2025-04-17 21:42:09,192 [INFO] IPUIPlugin:80 - create IPUIPlugin
2025-04-17 21:42:09,193 [INFO] PluginManager:220 - loadIPPluginJar : add opamp
2025-04-17 21:42:09,278 [INFO] IPUIPlugin:80 - create IPUIPlugin
2025-04-17 21:42:09,278 [INFO] PluginManager:220 - loadIPPluginJar : add openamp
2025-04-17 21:42:09,351 [INFO] IPUIPlugin:80 - create IPUIPlugin
2025-04-17 21:42:09,351 [INFO] PluginManager:220 - loadIPPluginJar : add pdm2pcm
2025-04-17 21:42:09,373 [INFO] IPUIPlugin:80 - create IPUIPlugin
2025-04-17 21:42:09,375 [INFO] PluginManager:220 - loadIPPluginJar : add plateformsettings
2025-04-17 21:42:09,410 [INFO] IPUIPlugin:80 - create IPUIPlugin
2025-04-17 21:42:09,411 [INFO] PluginManager:220 - loadIPPluginJar : add quadspi
2025-04-17 21:42:09,414 [INFO] ThirdPartyUpdaterWithRetryManager:70 - Updater plugin not ready yet. [2/15]
2025-04-17 21:42:09,453 [INFO] IPUIPlugin:80 - create IPUIPlugin
2025-04-17 21:42:09,453 [INFO] PluginManager:220 - loadIPPluginJar : add radio
2025-04-17 21:42:09,476 [INFO] IPUIPlugin:80 - create IPUIPlugin
2025-04-17 21:42:09,476 [INFO] PluginManager:220 - loadIPPluginJar : add resmgrutility
2025-04-17 21:42:09,574 [INFO] IPUIPlugin:80 - create IPUIPlugin
2025-04-17 21:42:09,574 [INFO] PluginManager:220 - loadIPPluginJar : add sai
2025-04-17 21:42:09,643 [INFO] IPUIPlugin:80 - create IPUIPlugin
2025-04-17 21:42:09,643 [INFO] PluginManager:220 - loadIPPluginJar : add spi
2025-04-17 21:42:09,749 [INFO] IPUIPlugin:80 - create IPUIPlugin
2025-04-17 21:42:09,749 [INFO] PluginManager:220 - loadIPPluginJar : add stm32_wpan
2025-04-17 21:42:09,790 [INFO] IPUIPlugin:80 - create IPUIPlugin
2025-04-17 21:42:09,790 [INFO] PluginManager:220 - loadIPPluginJar : add tim
2025-04-17 21:42:09,889 [INFO] IPUIPlugin:80 - create IPUIPlugin
2025-04-17 21:42:09,890 [INFO] PluginManager:220 - loadIPPluginJar : add touchsensing
2025-04-17 21:42:09,927 [INFO] IPUIPlugin:80 - create IPUIPlugin
2025-04-17 21:42:09,928 [INFO] PluginManager:220 - loadIPPluginJar : add tracer_emb
2025-04-17 21:42:09,968 [INFO] IPUIPlugin:80 - create IPUIPlugin
2025-04-17 21:42:09,968 [INFO] PluginManager:220 - loadIPPluginJar : add ts
2025-04-17 21:42:10,007 [INFO] IPUIPlugin:80 - create IPUIPlugin
2025-04-17 21:42:10,007 [INFO] PluginManager:220 - loadIPPluginJar : add tsc
2025-04-17 21:42:10,041 [INFO] IPUIPlugin:80 - create IPUIPlugin
2025-04-17 21:42:10,041 [INFO] PluginManager:220 - loadIPPluginJar : add ucpd
2025-04-17 21:42:10,102 [INFO] IPUIPlugin:80 - create IPUIPlugin
2025-04-17 21:42:10,102 [INFO] PluginManager:220 - loadIPPluginJar : add usart
2025-04-17 21:42:10,165 [INFO] IPUIPlugin:80 - create IPUIPlugin
2025-04-17 21:42:10,165 [INFO] PluginManager:220 - loadIPPluginJar : add usbx
2025-04-17 21:42:10,330 [INFO] CADModel:165 - CPN selected for project level
2025-04-17 21:42:10,330 [INFO] CADModel:114 - Register for checkConnection events
2025-04-17 21:42:10,330 [FATAL] Updater:334 - Updater called before beeing initialized
2025-04-17 21:42:10,331 [ERROR] CADModel:125 - Updater not yet initialized, retry later 
2025-04-17 21:42:10,647 [INFO] CADModel:165 - CPN selected for project level
2025-04-17 21:42:10,647 [INFO] CADModel:114 - Register for checkConnection events
2025-04-17 21:42:10,647 [FATAL] Updater:334 - Updater called before beeing initialized
2025-04-17 21:42:10,647 [ERROR] CADModel:125 - Updater not yet initialized, retry later 
2025-04-17 21:42:10,653 [FATAL] Updater:334 - Updater called before beeing initialized
2025-04-17 21:42:10,823 [FATAL] Updater:334 - Updater called before beeing initialized
2025-04-17 21:42:10,858 [INFO] DbMcusAds:53 - JSON generation date=Thu Mar 06 20:24:21 IST 2025 (1741272861825)
2025-04-17 21:42:10,858 [FATAL] Updater:334 - Updater called before beeing initialized
2025-04-17 21:42:10,922 [WARN] DetailPanel:346 - Failed to get advertising image, set to default
2025-04-17 21:42:11,044 [FATAL] Updater:334 - Updater called before beeing initialized
2025-04-17 21:42:11,048 [FATAL] Updater:334 - Updater called before beeing initialized
2025-04-17 21:42:11,048 [FATAL] Updater:334 - Updater called before beeing initialized
2025-04-17 21:42:11,048 [WARN] DetailPanel:346 - Failed to get advertising image, set to default
2025-04-17 21:42:11,050 [FATAL] Updater:334 - Updater called before beeing initialized
2025-04-17 21:42:11,195 [ERROR] Updater:1164 - MainUpdater not yet initialized. External WinMGr cannot be set.
2025-04-17 21:42:11,220 [INFO] Updater:1100 - Updater Version found : 6.12.1
2025-04-17 21:42:11,262 [INFO] ApplicationProperties:184 - Using Application install path: C:\ST\STM32CubeIDE_1.16.1\STM32CubeIDE\plugins\com.st.stm32cube.common.mx_6.12.1.202409122256
2025-04-17 21:42:12,415 [INFO] ThirdPartyUpdaterWithRetryManager:70 - Updater plugin not ready yet. [3/15]
2025-04-17 21:42:12,872 [ERROR] LogOutputStream:75 - [STDERR_REDIRECT] Apr 17, 2025 9:42:12 PM java.util.prefs.WindowsPreferences <init>
2025-04-17 21:42:12,876 [ERROR] LogOutputStream:75 - [STDERR_REDIRECT] WARNING: Could not open/create prefs root node Software\JavaSoft\Prefs at root 0xffffffff80000002. Windows RegCreateKeyEx(...) returned error code 5.
2025-04-17 21:42:12,876 [ERROR] LogOutputStream:75 - [STDERR_REDIRECT] 
2025-04-17 21:42:15,058 [INFO] MainUpdater:2873 - connection check result : 10
2025-04-17 21:42:15,060 [INFO] MainUpdater:290 - Updater Check For Update Now.
2025-04-17 21:42:15,060 [INFO] MicroXplorer:498 - Change Database Version : DB.6.0.121
2025-04-17 21:42:15,124 [INFO] McuFinderGlobals:63 - Set McuFinder mode to 2 (CubeIDE integrated)
2025-04-17 21:42:15,162 [INFO] UserAuth:417 - Internet connection configuration mode: 1
2025-04-17 21:42:15,264 [INFO] JxBrowserEngine:152 - Initiate JxBrowser Engine with user profile folder
2025-04-17 21:42:15,416 [WARN] MainUpdater:1194 - Updater busy. Cannot search thirdparties
2025-04-17 21:42:15,417 [INFO] ThirdPartyUpdaterWithRetryManager:96 - Updater plugin is busy. [1/15]
2025-04-17 21:42:15,468 [INFO] CheckServerUpdateThread:120 - End of CheckServer Thread
2025-04-17 21:42:19,310 [WARN] PackLoader:240 - Cannot read IP mode file for STMicroelectronics.FP-SNS-MOTENVWB1.1.4.0
2025-04-17 21:42:19,360 [WARN] PackLoader:240 - Cannot read IP mode file for STMicroelectronics.FP-ATR-ASTRA1.2.0.2
2025-04-17 21:42:19,393 [WARN] PackLoader:240 - Cannot read IP mode file for STMicroelectronics.FP-ATR-ASTRA1.2.0.1
2025-04-17 21:42:19,443 [WARN] PackLoader:240 - Cannot read IP mode file for STMicroelectronics.X-CUBE-SMBUS.2.1.0
2025-04-17 21:42:19,488 [WARN] PackLoader:240 - Cannot read IP mode file for STMicroelectronics.X-CUBE-WB05N.1.1.0
2025-04-17 21:42:19,603 [WARN] PackLoader:240 - Cannot read IP mode file for STMicroelectronics.X-CUBE-AZRTOS-F7.1.1.0
2025-04-17 21:42:19,660 [WARN] PackLoader:240 - Cannot read IP mode file for STMicroelectronics.FP-SNS-FLIGHT1.5.0.2
2025-04-17 21:42:19,737 [INFO] WebApp:167 - Instantiating new browser for Auth
2025-04-17 21:42:19,755 [WARN] PackLoader:240 - Cannot read IP mode file for Infineon.AIROC-Wi-Fi-Bluetooth-STM32.1.7.0
2025-04-17 21:42:19,824 [WARN] PackLoader:240 - Cannot read IP mode file for STMicroelectronics.X-CUBE-DISPLAY.3.0.0
2025-04-17 21:42:19,874 [WARN] PackLoader:240 - Cannot read IP mode file for STMicroelectronics.X-CUBE-BLE1.7.0.0
2025-04-17 21:42:19,918 [WARN] PackLoader:240 - Cannot read IP mode file for STMicroelectronics.X-CUBE-NFC10.1.0.0
2025-04-17 21:42:19,977 [WARN] PackLoader:240 - Cannot read IP mode file for STMicroelectronics.X-CUBE-BLEMGR.4.0.0
2025-04-17 21:42:20,031 [WARN] PackLoader:240 - Cannot read IP mode file for emotas.I-CUBE-CANOPEN.1.3.0
2025-04-17 21:42:20,067 [WARN] PackLoader:240 - Cannot read IP mode file for STMicroelectronics.X-CUBE-AI.10.0.0
2025-04-17 21:42:20,096 [WARN] PackLoader:240 - Cannot read IP mode file for STMicroelectronics.FP-SNS-SMARTAG2.1.2.0
2025-04-17 21:42:20,123 [ERROR] Engine:466 - C:\Users\kjeya\.stm32cubemx\thirdparties\pdsc\STMicroelectronics.FP-SNS-FLIGHT1.5.1.0.pdsc: PDSC version is not supported
2025-04-17 21:42:20,287 [WARN] PackLoader:240 - Cannot read IP mode file for STMicroelectronics.X-CUBE-MEMS1.11.1.0
2025-04-17 21:42:20,620 [INFO] LogOutputStream:77 - [STDOUT_REDIRECT] 1 : Invalid condition id : UX_CORESTACK_Condition cause : null
2025-04-17 21:42:20,622 [INFO] LogOutputStream:77 - [STDOUT_REDIRECT] 1 : Invalid condition id : UX_CORESTACK_Condition cause : null
2025-04-17 21:42:20,624 [INFO] LogOutputStream:77 - [STDOUT_REDIRECT] 1 : Invalid condition id : UX_CORESTACK_Condition cause : null
2025-04-17 21:42:20,627 [INFO] LogOutputStream:77 - [STDOUT_REDIRECT] 1 : Invalid condition id : UX_CORESTACK_Condition cause : null
2025-04-17 21:42:20,629 [INFO] LogOutputStream:77 - [STDOUT_REDIRECT] 1 : Invalid condition id : UX_CORESTACK_Condition cause : null
2025-04-17 21:42:20,643 [WARN] PackLoader:240 - Cannot read IP mode file for STMicroelectronics.X-CUBE-AZRTOS-WL.2.0.0
2025-04-17 21:42:20,681 [WARN] PackLoader:240 - Cannot read IP mode file for STMicroelectronics.FP-SNS-MOTENV1.5.0.0
2025-04-17 21:42:20,715 [WARN] PackLoader:240 - Cannot read IP mode file for wolfSSL.I-CUBE-wolfMQTT.1.19.0
2025-04-17 21:42:20,758 [WARN] PackLoader:240 - Cannot read IP mode file for WES.I-CUBE-Cesium.1.3.0
2025-04-17 21:42:20,968 [WARN] PackLoader:240 - Cannot read IP mode file for STMicroelectronics.X-CUBE-BLE2.3.3.0
2025-04-17 21:42:20,999 [WARN] PackLoader:240 - Cannot read IP mode file for STMicroelectronics.X-CUBE-NFC9.1.0.0
2025-04-17 21:42:21,038 [WARN] PackLoader:240 - Cannot read IP mode file for STMicroelectronics.X-CUBE-BLE1.7.1.0
2025-04-17 21:42:21,109 [WARN] PackLoader:240 - Cannot read IP mode file for STMicroelectronics.X-CUBE-AZRTOS-G0.1.1.0
2025-04-17 21:42:21,159 [WARN] PackLoader:240 - Cannot read IP mode file for STMicroelectronics.X-CUBE-SAFEA1.1.2.2
2025-04-17 21:42:21,200 [WARN] PackLoader:240 - Cannot read IP mode file for STMicroelectronics.X-CUBE-NFC4.3.0.0
2025-04-17 21:42:21,246 [WARN] PackLoader:240 - Cannot read IP mode file for EmbeddedOffice.I-CUBE-FS-RTOS.1.0.1
2025-04-17 21:42:21,247 [ERROR] ConditionMgr:805 - Attr not supported : Dmpu
2025-04-17 21:42:21,248 [ERROR] ConditionMgr:805 - Attr not supported : Dmpu
2025-04-17 21:42:21,248 [ERROR] ConditionMgr:805 - Attr not supported : Dmpu
2025-04-17 21:42:21,248 [ERROR] ConditionMgr:805 - Attr not supported : Dmpu
2025-04-17 21:42:21,250 [ERROR] ConditionMgr:805 - Attr not supported : Dmpu
2025-04-17 21:42:21,250 [ERROR] ConditionMgr:805 - Attr not supported : Dmpu
2025-04-17 21:42:21,250 [ERROR] ConditionMgr:805 - Attr not supported : Dmpu
2025-04-17 21:42:21,250 [ERROR] ConditionMgr:805 - Attr not supported : Dmpu
2025-04-17 21:42:21,251 [ERROR] ConditionMgr:805 - Attr not supported : Dmpu
2025-04-17 21:42:21,251 [ERROR] ConditionMgr:805 - Attr not supported : Dmpu
2025-04-17 21:42:21,251 [ERROR] ConditionMgr:805 - Attr not supported : Dmpu
2025-04-17 21:42:21,251 [ERROR] ConditionMgr:805 - Attr not supported : Dmpu
2025-04-17 21:42:21,252 [ERROR] ConditionMgr:805 - Attr not supported : Dmpu
2025-04-17 21:42:21,252 [ERROR] ConditionMgr:805 - Attr not supported : Dmpu
2025-04-17 21:42:21,252 [ERROR] ConditionMgr:805 - Attr not supported : Dmpu
2025-04-17 21:42:21,252 [ERROR] ConditionMgr:805 - Attr not supported : Dmpu
2025-04-17 21:42:21,252 [ERROR] ConditionMgr:805 - Attr not supported : Dmpu
2025-04-17 21:42:21,252 [ERROR] ConditionMgr:805 - Attr not supported : Dmpu
2025-04-17 21:42:21,253 [ERROR] ConditionMgr:805 - Attr not supported : Dmpu
2025-04-17 21:42:21,253 [ERROR] ConditionMgr:805 - Attr not supported : Dmpu
2025-04-17 21:42:21,253 [ERROR] ConditionMgr:805 - Attr not supported : Dmpu
2025-04-17 21:42:21,253 [ERROR] ConditionMgr:805 - Attr not supported : Dmpu
2025-04-17 21:42:21,254 [ERROR] ConditionMgr:805 - Attr not supported : Dmpu
2025-04-17 21:42:21,254 [ERROR] ConditionMgr:805 - Attr not supported : Dmpu
2025-04-17 21:42:21,254 [ERROR] ConditionMgr:805 - Attr not supported : Dmpu
2025-04-17 21:42:21,254 [ERROR] ConditionMgr:805 - Attr not supported : Dmpu
2025-04-17 21:42:21,255 [ERROR] ConditionMgr:805 - Attr not supported : Dmpu
2025-04-17 21:42:21,255 [ERROR] ConditionMgr:805 - Attr not supported : Dmpu
2025-04-17 21:42:21,255 [ERROR] ConditionMgr:805 - Attr not supported : Dmpu
2025-04-17 21:42:21,255 [ERROR] ConditionMgr:805 - Attr not supported : Dmpu
2025-04-17 21:42:21,255 [ERROR] ConditionMgr:805 - Attr not supported : Dmpu
2025-04-17 21:42:21,255 [ERROR] ConditionMgr:805 - Attr not supported : Dmpu
2025-04-17 21:42:21,256 [ERROR] ConditionMgr:805 - Attr not supported : Dmpu
2025-04-17 21:42:21,256 [ERROR] ConditionMgr:805 - Attr not supported : Dmpu
2025-04-17 21:42:21,256 [ERROR] ConditionMgr:805 - Attr not supported : Dmpu
2025-04-17 21:42:21,256 [ERROR] ConditionMgr:805 - Attr not supported : Dmpu
2025-04-17 21:42:21,256 [ERROR] ConditionMgr:805 - Attr not supported : Dmpu
2025-04-17 21:42:21,257 [ERROR] ConditionMgr:805 - Attr not supported : Dmpu
2025-04-17 21:42:21,257 [ERROR] ConditionMgr:805 - Attr not supported : Dmpu
2025-04-17 21:42:21,257 [ERROR] ConditionMgr:805 - Attr not supported : Dmpu
2025-04-17 21:42:21,257 [ERROR] ConditionMgr:805 - Attr not supported : Dmpu
2025-04-17 21:42:21,257 [ERROR] ConditionMgr:805 - Attr not supported : Dmpu
2025-04-17 21:42:21,258 [ERROR] ConditionMgr:805 - Attr not supported : Dmpu
2025-04-17 21:42:21,258 [ERROR] ConditionMgr:805 - Attr not supported : Dmpu
2025-04-17 21:42:21,258 [ERROR] ConditionMgr:805 - Attr not supported : Dmpu
2025-04-17 21:42:21,259 [ERROR] ConditionMgr:805 - Attr not supported : Dmpu
2025-04-17 21:42:21,259 [ERROR] ConditionMgr:805 - Attr not supported : Dmpu
2025-04-17 21:42:21,259 [ERROR] ConditionMgr:805 - Attr not supported : Dmpu
2025-04-17 21:42:21,260 [ERROR] ConditionMgr:805 - Attr not supported : Dmpu
2025-04-17 21:42:21,260 [ERROR] ConditionMgr:805 - Attr not supported : Dmpu
2025-04-17 21:42:21,260 [ERROR] ConditionMgr:805 - Attr not supported : Dmpu
2025-04-17 21:42:21,260 [ERROR] ConditionMgr:805 - Attr not supported : Dmpu
2025-04-17 21:42:21,261 [ERROR] ConditionMgr:805 - Attr not supported : Dmpu
2025-04-17 21:42:21,261 [ERROR] ConditionMgr:805 - Attr not supported : Dmpu
2025-04-17 21:42:21,261 [ERROR] ConditionMgr:805 - Attr not supported : Dmpu
2025-04-17 21:42:21,261 [ERROR] ConditionMgr:805 - Attr not supported : Dmpu
2025-04-17 21:42:21,262 [ERROR] ConditionMgr:805 - Attr not supported : Dmpu
2025-04-17 21:42:21,262 [ERROR] ConditionMgr:805 - Attr not supported : Dmpu
2025-04-17 21:42:21,262 [ERROR] ConditionMgr:805 - Attr not supported : Dmpu
2025-04-17 21:42:21,262 [ERROR] ConditionMgr:805 - Attr not supported : Dmpu
2025-04-17 21:42:21,262 [ERROR] ConditionMgr:805 - Attr not supported : Dmpu
2025-04-17 21:42:21,263 [ERROR] ConditionMgr:805 - Attr not supported : Dmpu
2025-04-17 21:42:21,263 [ERROR] ConditionMgr:805 - Attr not supported : Dmpu
2025-04-17 21:42:21,263 [ERROR] ConditionMgr:805 - Attr not supported : Dmpu
2025-04-17 21:42:21,295 [ERROR] Engine:466 - C:\Users\kjeya\.stm32cubemx\thirdparties\pdsc\STMicroelectronics.X-CUBE-TCPP.4.2.0.pdsc: PDSC version is not supported
2025-04-17 21:42:21,332 [WARN] PackLoader:240 - Cannot read IP mode file for RealThread.X-CUBE-RT-Thread_Nano.4.1.1
2025-04-17 21:42:21,366 [WARN] PackLoader:240 - Cannot read IP mode file for STMicroelectronics.FP-ATR-SIGFOX1.3.2.0
2025-04-17 21:42:21,398 [WARN] ConditionMgr:438 - getConditionDescription Invalid condition id : Cortex-A Device cause : null
2025-04-17 21:42:21,446 [WARN] ConditionMgr:1039 - genDependencies : Invalid condition id : Cortex-A Device cause : null
2025-04-17 21:42:21,447 [WARN] ConditionMgr:1039 - genDependencies : Invalid condition id : Cortex-A Device cause : null
2025-04-17 21:42:21,447 [WARN] ConditionMgr:1039 - genDependencies : Invalid condition id : Cortex-A Device cause : null
2025-04-17 21:42:21,483 [WARN] PackLoader:240 - Cannot read IP mode file for STMicroelectronics.X-CUBE-EEPRMA1.5.1.0
2025-04-17 21:42:21,520 [WARN] PackLoader:240 - Cannot read IP mode file for wolfSSL.I-CUBE-wolfSSL.5.7.4
2025-04-17 21:42:21,559 [WARN] PackLoader:240 - Cannot read IP mode file for ITTIA_DB.I-CUBE-ITTIADB.8.9.0
2025-04-17 21:42:21,661 [WARN] PackLoader:240 - Cannot read IP mode file for SEGGER.I-CUBE-embOS.1.3.1
2025-04-17 21:42:21,778 [WARN] PackLoader:240 - Cannot read IP mode file for STMicroelectronics.X-CUBE-ALGOBUILD.1.4.0
2025-04-17 21:42:21,819 [WARN] PackLoader:240 - Cannot read IP mode file for STMicroelectronics.X-CUBE-AI.9.1.0
2025-04-17 21:42:21,894 [WARN] PackLoader:240 - Cannot read IP mode file for STMicroelectronics.X-CUBE-AZRTOS-F4.1.1.0
2025-04-17 21:42:21,946 [WARN] PackLoader:240 - Cannot read IP mode file for STMicroelectronics.X-CUBE-ISPU.2.1.0
2025-04-17 21:42:22,028 [WARN] PackLoader:240 - Cannot read IP mode file for STMicroelectronics.X-CUBE-AZRTOS-L5.2.0.0
2025-04-17 21:42:22,076 [WARN] PackLoader:240 - Cannot read IP mode file for STMicroelectronics.X-CUBE-NFC6.3.1.0
2025-04-17 21:42:22,121 [WARN] PackLoader:240 - Cannot read IP mode file for STMicroelectronics.X-CUBE-DPower.1.2.0
2025-04-17 21:42:22,159 [WARN] PackLoader:240 - Cannot read IP mode file for STMicroelectronics.X-CUBE-FREERTOS.1.3.0
2025-04-17 21:42:22,204 [WARN] PackLoader:240 - Cannot read IP mode file for STMicroelectronics.X-CUBE-NFC7.1.0.1
2025-04-17 21:42:22,239 [WARN] PackLoader:240 - Cannot read IP mode file for STMicroelectronics.X-CUBE-DPower.1.3.0
2025-04-17 21:42:22,292 [INFO] WebApp:448 - Apply proxy settings
2025-04-17 21:42:22,293 [INFO] WebApp:533 - Chromium requires no authentication
2025-04-17 21:42:22,315 [WARN] ConditionMgr:438 - getConditionDescription Invalid condition id : LAN8742 Phy interface Condition cause : null
2025-04-17 21:42:22,317 [WARN] PackLoader:240 - Cannot read IP mode file for STMicroelectronics.X-CUBE-AZRTOS-L4.2.0.0
2025-04-17 21:42:22,319 [WARN] ConditionMgr:1039 - genDependencies : Invalid condition id : LAN8742 Phy interface Condition cause : null
2025-04-17 21:42:22,320 [WARN] ConditionMgr:1039 - genDependencies : Invalid condition id : LAN8742 Phy interface Condition cause : null
2025-04-17 21:42:22,321 [WARN] ConditionMgr:1039 - genDependencies : Invalid condition id : LAN8742 Phy interface Condition cause : null
2025-04-17 21:42:22,324 [INFO] WebApp:476 - Direct internet connection detected
2025-04-17 21:42:22,361 [WARN] PackLoader:240 - Cannot read IP mode file for STMicroelectronics.X-CUBE-SFXS2LP1.4.0.0
2025-04-17 21:42:22,398 [INFO] WebApp:869 - Register for checkConnection events
2025-04-17 21:42:22,398 [INFO] WebApp:448 - Apply proxy settings
2025-04-17 21:42:22,399 [INFO] WebApp:533 - Chromium requires no authentication
2025-04-17 21:42:22,400 [INFO] WebApp:476 - Direct internet connection detected
2025-04-17 21:42:22,437 [WARN] PackLoader:240 - Cannot read IP mode file for STMicroelectronics.X-CUBE-AZRTOS-H7.3.3.0
2025-04-17 21:42:22,484 [WARN] PackLoader:240 - Cannot read IP mode file for STMicroelectronics.X-CUBE-IPS.3.0.0
2025-04-17 21:42:22,546 [WARN] ConditionMgr:438 - getConditionDescription Invalid condition id : UX DEVICE CLASS RTOS Condition cause : null
2025-04-17 21:42:22,546 [WARN] ConditionMgr:438 - getConditionDescription Invalid condition id : UX DEVICE CLASS RTOS Condition cause : null
2025-04-17 21:42:22,551 [WARN] PackLoader:240 - Cannot read IP mode file for STMicroelectronics.X-CUBE-AZRTOS-WB.2.0.0
2025-04-17 21:42:22,552 [WARN] ConditionMgr:1039 - genDependencies : Invalid condition id : UX DEVICE CLASS RTOS Condition cause : null
2025-04-17 21:42:22,553 [WARN] ConditionMgr:1039 - genDependencies : Invalid condition id : UX DEVICE CLASS RTOS Condition cause : null
2025-04-17 21:42:22,554 [WARN] ConditionMgr:1039 - genDependencies : Invalid condition id : UX DEVICE CLASS RTOS Condition cause : null
2025-04-17 21:42:22,555 [WARN] ConditionMgr:1039 - genDependencies : Invalid condition id : UX DEVICE CLASS RTOS Condition cause : null
2025-04-17 21:42:22,555 [WARN] ConditionMgr:1039 - genDependencies : Invalid condition id : UX DEVICE CLASS RTOS Condition cause : null
2025-04-17 21:42:22,589 [WARN] PackLoader:240 - Cannot read IP mode file for STMicroelectronics.X-CUBE-GNSS1.7.0.1
2025-04-17 21:42:22,628 [WARN] PackLoader:240 - Cannot read IP mode file for STMicroelectronics.X-CUBE-TOUCHGFX.4.25.0
2025-04-17 21:42:22,666 [WARN] PackLoader:240 - Cannot read IP mode file for STMicroelectronics.FP-SNS-STBOX1.2.0.0
2025-04-17 21:42:22,714 [WARN] PackLoader:240 - Cannot read IP mode file for STMicroelectronics.X-CUBE-SUBG2.5.0.0
2025-04-17 21:42:22,788 [WARN] PackLoader:240 - Cannot read IP mode file for STMicroelectronics.X-CUBE-AZRTOS-H7RS.1.1.0
2025-04-17 21:42:22,831 [WARN] PackLoader:240 - Cannot read IP mode file for Cesanta.I-CUBE-Mongoose.7.13.0
2025-04-17 21:42:22,900 [WARN] PackLoader:240 - Cannot read IP mode file for STMicroelectronics.X-CUBE-AZRTOS-G4.2.0.0
2025-04-17 21:42:22,944 [ERROR] Engine:466 - C:\Users\kjeya\.stm32cubemx\thirdparties\pdsc\STMicroelectronics.X-CUBE-IPS.3.1.0.pdsc: PDSC version is not supported
2025-04-17 21:42:22,980 [WARN] PackLoader:240 - Cannot read IP mode file for STMicroelectronics.X-CUBE-ALS.1.0.2
2025-04-17 21:42:23,022 [WARN] PackLoader:240 - Cannot read IP mode file for STMicroelectronics.X-CUBE-TOUCHGFX.4.24.0
2025-04-17 21:42:23,132 [INFO] WebApp:220 - Starting web application
2025-04-17 21:42:23,134 [INFO] WebApp:578 - Web application path used C:\ST\STM32CubeIDE_1.16.1\STM32CubeIDE\plugins\com.st.stm32cube.common.mx_6.12.1.202409122256\db\plugins\mcufinder\reactClient1\index.html
2025-04-17 21:42:23,238 [WARN] PackLoader:240 - Cannot read IP mode file for STMicroelectronics.X-CUBE-TOUCHGFX.4.24.2
2025-04-17 21:42:23,394 [WARN] PackLoader:240 - Cannot read IP mode file for STMicroelectronics.X-CUBE-TOUCHGFX.4.24.1
2025-04-17 21:42:23,424 [WARN] PackLoader:240 - Cannot read IP mode file for wolfSSL.I-CUBE-wolfTPM.3.4.0
2025-04-17 21:42:23,454 [WARN] PackLoader:240 - Cannot read IP mode file for portGmbH.I-Cube-SoM-uGOAL.1.1.0
2025-04-17 21:42:23,526 [WARN] PackLoader:240 - Cannot read IP mode file for STMicroelectronics.X-CUBE-AZRTOS-H7RS.1.0.0
2025-04-17 21:42:23,575 [WARN] PackLoader:240 - Cannot read IP mode file for STMicroelectronics.X-CUBE-TOF1.3.4.2
2025-04-17 21:42:23,580 [INFO] UserAuth:417 - Internet connection configuration mode: 1
2025-04-17 21:42:23,635 [WARN] PackLoader:240 - Cannot read IP mode file for wolfSSL.I-CUBE-wolfSSH.1.4.17
2025-04-17 21:42:23,636 [INFO] ThirdParty:978 - Integrity check success = true
2025-04-17 21:42:23,636 [INFO] IntegrityCheckThread:100 - exiting critical section [integrity check]
2025-04-17 21:42:23,636 [INFO] IntegrityCheckThread:103 - End integrity checks thread
2025-04-17 21:42:24,182 [INFO] WebApp:186 - Connection restablished
2025-04-17 23:06:15,617 [ERROR] LogOutputStream:75 - [STDERR_REDIRECT] 
