2025-04-13 23:12:16,637 [INFO] Activator:176 - 


2025-04-13 23:12:16,647 [INFO] Activator:177 - !SESSION log4j initialized
2025-04-13 23:12:26,412 [INFO] LogOutputStream:77 - [STDOUT_REDIRECT] 
2025-04-13 23:12:28,370 [INFO] ApplicationProperties:184 - Using Application install path: C:\ST\STM32CubeIDE_1.16.1\STM32CubeIDE\plugins\com.st.stm32cube.common.mx_6.12.1.202409122256
2025-04-13 23:12:28,401 [INFO] DbMcusXml:78 - Set database path to: C:\ST\STM32CubeIDE_1.16.1\STM32CubeIDE\plugins\com.st.stm32cube.common.mx_6.12.1.202409122256\\db\/mcu/
2025-04-13 23:12:28,402 [INFO] ApiDb:274 - Set plugin database path to: C:\ST\STM32CubeIDE_1.16.1\STM32CubeIDE\plugins\com.st.stm32cube.common.mx_6.12.1.202409122256\\db\/plugins/boardmanager/
2025-04-13 23:12:28,402 [WARN] ApiDb:259 - Overriding images path with different value:  => C:\ST\STM32CubeIDE_1.16.1\STM32CubeIDE\plugins\com.st.stm32cube.common.mx_6.12.1.202409122256\\db\/plugins/mcufinder/images/
2025-04-13 23:12:28,430 [INFO] ApiDb:250 - Set database path to: C:\Users\kjeya\.stmcufinder\plugins\mcufinder//mcu/
2025-04-13 23:12:28,431 [INFO] DbMcusAds:125 - Set database path to: C:\Users\kjeya\.stmcufinder\plugins\mcufinder//mcu/
2025-04-13 23:12:28,447 [INFO] CrossReferenceDbSqlite:203 - Set database path to: C:\Users\kjeya\.stmcufinder\plugins\mcufinder//mcu/cs/
2025-04-13 23:12:28,595 [INFO] RulesReader:64 - Compatibility file has been processed (297 Rules)
2025-04-13 23:12:28,724 [INFO] DbMcusXml:78 - Set database path to: C:\ST\STM32CubeIDE_1.16.1\STM32CubeIDE\plugins\com.st.stm32cube.common.mx_6.12.1.202409122256\\db\/mcu/
2025-04-13 23:12:28,725 [INFO] ApiDb:274 - Set plugin database path to: C:\ST\STM32CubeIDE_1.16.1\STM32CubeIDE\plugins\com.st.stm32cube.common.mx_6.12.1.202409122256\\db\/plugins/boardmanager/
2025-04-13 23:12:28,725 [INFO] ApiDb:261 - Set plugin images path to: C:\ST\STM32CubeIDE_1.16.1\STM32CubeIDE\plugins\com.st.stm32cube.common.mx_6.12.1.202409122256\\db\/plugins/mcufinder/images/
2025-04-13 23:12:28,726 [WARN] DbFile:41 - Overriding database path with different value: C:\Users\kjeya\.stmcufinder\plugins\mcufinder/ => C:\Users\kjeya\.stmcufinder\plugins\mcufinder
2025-04-13 23:12:28,726 [INFO] ApiDb:250 - Set database path to: C:\Users\kjeya\.stmcufinder\plugins\mcufinder//mcu/
2025-04-13 23:12:28,726 [WARN] DbFile:41 - Overriding database path with different value: C:\Users\kjeya\.stmcufinder\plugins\mcufinder/ => C:\Users\kjeya\.stmcufinder\plugins\mcufinder
2025-04-13 23:12:28,726 [INFO] DbMcusAds:125 - Set database path to: C:\Users\kjeya\.stmcufinder\plugins\mcufinder//mcu/
2025-04-13 23:12:28,726 [WARN] DbFile:41 - Overriding database path with different value: C:\Users\kjeya\.stmcufinder\plugins\mcufinder/ => C:\Users\kjeya\.stmcufinder\plugins\mcufinder
2025-04-13 23:12:28,727 [WARN] DbFile:41 - Overriding database path with different value: C:\Users\kjeya\.stmcufinder\plugins\mcufinder/ => C:\Users\kjeya\.stmcufinder\plugins\mcufinder
2025-04-13 23:12:28,727 [INFO] CrossReferenceDbSqlite:203 - Set database path to: C:\Users\kjeya\.stmcufinder\plugins\mcufinder//mcu/cs/
2025-04-13 23:12:28,865 [INFO] MainPanel:268 - HeapMemory: 268435456
2025-04-13 23:12:29,048 [INFO] DbMcusXml:78 - Set database path to: C:\ST\STM32CubeIDE_1.16.1\STM32CubeIDE\plugins\com.st.stm32cube.common.mx_6.12.1.202409122256\\db\/mcu/
2025-04-13 23:12:29,048 [INFO] ApiDb:274 - Set plugin database path to: C:\ST\STM32CubeIDE_1.16.1\STM32CubeIDE\plugins\com.st.stm32cube.common.mx_6.12.1.202409122256\\db\/plugins/boardmanager/
2025-04-13 23:12:29,048 [INFO] ApiDb:261 - Set plugin images path to: C:\ST\STM32CubeIDE_1.16.1\STM32CubeIDE\plugins\com.st.stm32cube.common.mx_6.12.1.202409122256\\db\/plugins/mcufinder/images/
2025-04-13 23:12:29,049 [WARN] DbFile:41 - Overriding database path with different value: C:\Users\kjeya\.stmcufinder\plugins\mcufinder/ => C:\Users\kjeya\.stmcufinder\plugins\mcufinder
2025-04-13 23:12:29,049 [INFO] ApiDb:250 - Set database path to: C:\Users\kjeya\.stmcufinder\plugins\mcufinder//mcu/
2025-04-13 23:12:29,049 [WARN] DbFile:41 - Overriding database path with different value: C:\Users\kjeya\.stmcufinder\plugins\mcufinder/ => C:\Users\kjeya\.stmcufinder\plugins\mcufinder
2025-04-13 23:12:29,049 [INFO] DbMcusAds:125 - Set database path to: C:\Users\kjeya\.stmcufinder\plugins\mcufinder//mcu/
2025-04-13 23:12:29,050 [WARN] DbFile:41 - Overriding database path with different value: C:\Users\kjeya\.stmcufinder\plugins\mcufinder/ => C:\Users\kjeya\.stmcufinder\plugins\mcufinder
2025-04-13 23:12:29,050 [WARN] DbFile:41 - Overriding database path with different value: C:\Users\kjeya\.stmcufinder\plugins\mcufinder/ => C:\Users\kjeya\.stmcufinder\plugins\mcufinder
2025-04-13 23:12:29,050 [INFO] CrossReferenceDbSqlite:203 - Set database path to: C:\Users\kjeya\.stmcufinder\plugins\mcufinder//mcu/cs/
2025-04-13 23:12:29,076 [INFO] ApplicationProperties:184 - Using Application install path: C:\ST\STM32CubeIDE_1.16.1\STM32CubeIDE\plugins\com.st.stm32cube.common.mx_6.12.1.202409122256
2025-04-13 23:12:29,078 [INFO] PluginManage:196 - Search for loadable plugins [exclusion list=, ]
2025-04-13 23:12:29,080 [INFO] PluginManage:310 - Check plugin analytics
2025-04-13 23:12:29,433 [INFO] AnalyticsPlugin:253 - Accepted Software Licenses: STM32CubeMX.6.11.1,STM32CubeMX.6.13.0
2025-04-13 23:12:29,434 [INFO] AnalyticsPlugin:255 - Accepted CMSIS Pack Licenses: STMicroelectronics.X-CUBE-TOUCHGFX.4.24.0,WES.I-CUBE-Cesium.1.3.0,STMicroelectronics.X-CUBE-TOUCHGFX.4.24.2
2025-04-13 23:12:29,434 [INFO] AnalyticsPlugin:257 - Accepted Firmware Licenses: FW.F4.1.28.0,FW.L4.1.18.0,FW.WL.1.3.0,FW.H7.1.11.0,FW.H7.1.12.0
2025-04-13 23:12:29,441 [INFO] PluginManage:359 - Loaded plugin analytics (category:tool,tabindex:-1)
2025-04-13 23:12:29,442 [INFO] PluginManage:310 - Check plugin cadmodel
2025-04-13 23:12:29,480 [INFO] CADModel:105 - Init CAD model plugin
2025-04-13 23:12:29,480 [INFO] PluginManage:359 - Loaded plugin cadmodel (category:power,tabindex:5)
2025-04-13 23:12:29,481 [INFO] PluginManage:310 - Check plugin clock
2025-04-13 23:12:29,529 [INFO] PluginManage:359 - Loaded plugin clock (category:base,tabindex:2)
2025-04-13 23:12:29,529 [INFO] PluginManage:310 - Check plugin ddr
2025-04-13 23:12:29,534 [INFO] PluginManage:359 - Loaded plugin ddr (category:tool,tabindex:6)
2025-04-13 23:12:29,535 [INFO] PluginManage:310 - Check plugin filemanager
2025-04-13 23:12:29,731 [INFO] PluginManage:359 - Loaded plugin filemanager (category:base,tabindex:10)
2025-04-13 23:12:29,731 [INFO] PluginManage:310 - Check plugin ipmanager
2025-04-13 23:12:29,742 [INFO] PluginManage:359 - Loaded plugin ipmanager (category:base,tabindex:5)
2025-04-13 23:12:29,743 [INFO] PluginManage:310 - Check plugin lpbam
2025-04-13 23:12:29,768 [INFO] PluginManage:359 - Loaded plugin lpbam (category:base,tabindex:0)
2025-04-13 23:12:29,768 [INFO] PluginManage:310 - Check plugin memorymap
2025-04-13 23:12:29,800 [INFO] PluginManage:359 - Loaded plugin memorymap (category:base,tabindex:4)
2025-04-13 23:12:29,800 [INFO] PluginManage:310 - Check plugin pinoutandconfiguration
2025-04-13 23:12:29,822 [INFO] PluginManage:359 - Loaded plugin pinoutandconfiguration (category:base,tabindex:1)
2025-04-13 23:12:29,822 [INFO] PluginManage:310 - Check plugin pinoutconfig
2025-04-13 23:12:29,976 [WARN] SupportedApi:132 - Cannot load RTOS API schema: s4s-elt-must-match.1: The content of 'definitions' must match (annotation?, (simpleType | complexType)?, (unique | key | keyref)*)). A problem was found starting at: attribute.
2025-04-13 23:12:30,204 [INFO] PluginManage:359 - Loaded plugin pinoutconfig (category:base,tabindex:0)
2025-04-13 23:12:30,205 [INFO] PluginManage:310 - Check plugin power
2025-04-13 23:12:30,244 [INFO] PluginManage:359 - Loaded plugin power (category:power,tabindex:4)
2025-04-13 23:12:30,244 [INFO] PluginManage:310 - Check plugin projectmanager
2025-04-13 23:12:30,271 [INFO] PluginManage:359 - Loaded plugin projectmanager (category:projectmanager,tabindex:4)
2025-04-13 23:12:30,271 [INFO] PluginManage:310 - Check plugin rif
2025-04-13 23:12:30,295 [INFO] PluginManage:359 - Loaded plugin rif (category:base,tabindex:3)
2025-04-13 23:12:30,296 [INFO] PluginManage:310 - Check plugin thirdparty
2025-04-13 23:12:30,698 [INFO] PluginManage:359 - Loaded plugin thirdparty (category:base,tabindex:-1)
2025-04-13 23:12:30,698 [WARN] IntegrityCheckThread:84 - waiting for thirdparty lock release [integrity check]
2025-04-13 23:12:30,698 [INFO] PluginManage:310 - Check plugin tools
2025-04-13 23:12:30,699 [INFO] IntegrityCheckThread:86 - entering critical section [integrity check]
2025-04-13 23:12:30,700 [INFO] ThirdPartyUpdaterWithRetryManager:70 - Updater plugin not ready yet. [1/15]
2025-04-13 23:12:30,754 [INFO] PluginManage:359 - Loaded plugin tools (category:base,tabindex:7)
2025-04-13 23:12:30,754 [INFO] PluginManage:310 - Check plugin tutovideos
2025-04-13 23:12:30,989 [INFO] PluginManage:359 - Loaded plugin tutovideos (category:base,tabindex:-1)
2025-04-13 23:12:30,989 [INFO] PluginManage:310 - Check plugin updater
2025-04-13 23:12:31,015 [INFO] PluginManage:359 - Loaded plugin updater (category:base,tabindex:12)
2025-04-13 23:12:31,015 [INFO] PluginManage:310 - Check plugin userauth
2025-04-13 23:12:31,029 [INFO] UserAuth:113 - Init User Auth plugin
2025-04-13 23:12:31,029 [INFO] PluginManage:359 - Loaded plugin userauth (category:base,tabindex:14)
2025-04-13 23:12:31,030 [INFO] PluginManage:283 - PluginManage : Loaded plugins [18]
2025-04-13 23:12:31,351 [INFO] PinOutPanel:1561 - setPackage(No Configuration,No Configuration)
2025-04-13 23:12:31,497 [INFO] CADModel:165 - CPN selected for project level
2025-04-13 23:12:31,497 [INFO] CADModel:114 - Register for checkConnection events
2025-04-13 23:12:31,539 [INFO] IPUIPlugin:80 - create IPUIPlugin
2025-04-13 23:12:31,540 [INFO] PluginManager:220 - loadIPPluginJar : add adc
2025-04-13 23:12:31,616 [INFO] IPUIPlugin:80 - create IPUIPlugin
2025-04-13 23:12:31,616 [INFO] PluginManager:220 - loadIPPluginJar : add aes
2025-04-13 23:12:31,679 [INFO] IPUIPlugin:80 - create IPUIPlugin
2025-04-13 23:12:31,679 [INFO] PluginManager:220 - loadIPPluginJar : add can
2025-04-13 23:12:31,715 [INFO] IPUIPlugin:80 - create IPUIPlugin
2025-04-13 23:12:31,715 [INFO] PluginManager:220 - loadIPPluginJar : add comp
2025-04-13 23:12:31,763 [INFO] IPUIPlugin:80 - create IPUIPlugin
2025-04-13 23:12:31,763 [INFO] PluginManager:220 - loadIPPluginJar : add cryp
2025-04-13 23:12:31,780 [INFO] IPUIPlugin:80 - create IPUIPlugin
2025-04-13 23:12:31,780 [INFO] PluginManager:220 - loadIPPluginJar : add ddr_ctrl_phy
2025-04-13 23:12:31,824 [INFO] IPUIPlugin:80 - create IPUIPlugin
2025-04-13 23:12:31,824 [INFO] PluginManager:220 - loadIPPluginJar : add dfsdm
2025-04-13 23:12:31,844 [INFO] IPUIPlugin:80 - create IPUIPlugin
2025-04-13 23:12:31,845 [INFO] PluginManager:220 - loadIPPluginJar : add dma
2025-04-13 23:12:31,914 [INFO] IPUIPlugin:80 - create IPUIPlugin
2025-04-13 23:12:31,914 [INFO] PluginManager:220 - loadIPPluginJar : add dma3
2025-04-13 23:12:31,983 [INFO] IPUIPlugin:80 - create IPUIPlugin
2025-04-13 23:12:31,983 [INFO] PluginManager:220 - loadIPPluginJar : add extmemmanager
2025-04-13 23:12:32,017 [INFO] IPUIPlugin:80 - create IPUIPlugin
2025-04-13 23:12:32,017 [INFO] PluginManager:220 - loadIPPluginJar : add fatfs
2025-04-13 23:12:32,088 [INFO] IPUIPlugin:80 - create IPUIPlugin
2025-04-13 23:12:32,088 [INFO] PluginManager:220 - loadIPPluginJar : add fmc
2025-04-13 23:12:32,115 [INFO] IPUIPlugin:80 - create IPUIPlugin
2025-04-13 23:12:32,115 [INFO] PluginManager:220 - loadIPPluginJar : add freertos
2025-04-13 23:12:32,145 [INFO] IPUIPlugin:80 - create IPUIPlugin
2025-04-13 23:12:32,145 [INFO] PluginManager:220 - loadIPPluginJar : add genericplugin
2025-04-13 23:12:32,286 [INFO] IPUIPlugin:80 - create IPUIPlugin
2025-04-13 23:12:32,286 [INFO] PluginManager:220 - loadIPPluginJar : add gfxmmu
2025-04-13 23:12:32,491 [INFO] IPUIPlugin:80 - create IPUIPlugin
2025-04-13 23:12:32,492 [INFO] PluginManager:220 - loadIPPluginJar : add gic
2025-04-13 23:12:32,516 [INFO] IPUIPlugin:80 - create IPUIPlugin
2025-04-13 23:12:32,516 [INFO] PluginManager:220 - loadIPPluginJar : add gpio
2025-04-13 23:12:32,640 [INFO] IPUIPlugin:80 - create IPUIPlugin
2025-04-13 23:12:32,640 [INFO] PluginManager:220 - loadIPPluginJar : add gtzc
2025-04-13 23:12:32,697 [INFO] IPUIPlugin:80 - create IPUIPlugin
2025-04-13 23:12:32,697 [INFO] PluginManager:220 - loadIPPluginJar : add hash
2025-04-13 23:12:32,778 [INFO] IPUIPlugin:80 - create IPUIPlugin
2025-04-13 23:12:32,778 [INFO] PluginManager:220 - loadIPPluginJar : add i2c
2025-04-13 23:12:32,841 [INFO] IPUIPlugin:80 - create IPUIPlugin
2025-04-13 23:12:32,841 [INFO] PluginManager:220 - loadIPPluginJar : add i2s
2025-04-13 23:12:32,900 [INFO] IPUIPlugin:80 - create IPUIPlugin
2025-04-13 23:12:32,901 [INFO] PluginManager:220 - loadIPPluginJar : add i3c
2025-04-13 23:12:33,042 [INFO] IPUIPlugin:80 - create IPUIPlugin
2025-04-13 23:12:33,043 [INFO] PluginManager:220 - loadIPPluginJar : add ipddr
2025-04-13 23:12:33,194 [INFO] IPUIPlugin:80 - create IPUIPlugin
2025-04-13 23:12:33,194 [INFO] PluginManager:220 - loadIPPluginJar : add linkedlist
2025-04-13 23:12:33,246 [INFO] IPUIPlugin:80 - create IPUIPlugin
2025-04-13 23:12:33,246 [INFO] PluginManager:220 - loadIPPluginJar : add lorawan
2025-04-13 23:12:33,301 [INFO] IPUIPlugin:80 - create IPUIPlugin
2025-04-13 23:12:33,301 [INFO] PluginManager:220 - loadIPPluginJar : add ltdc
2025-04-13 23:12:33,322 [INFO] IPUIPlugin:80 - create IPUIPlugin
2025-04-13 23:12:33,323 [INFO] PluginManager:220 - loadIPPluginJar : add mdma
2025-04-13 23:12:33,357 [INFO] IPUIPlugin:80 - create IPUIPlugin
2025-04-13 23:12:33,358 [INFO] PluginManager:220 - loadIPPluginJar : add nvic
2025-04-13 23:12:33,427 [INFO] IPUIPlugin:80 - create IPUIPlugin
2025-04-13 23:12:33,427 [INFO] PluginManager:220 - loadIPPluginJar : add opamp
2025-04-13 23:12:33,542 [INFO] IPUIPlugin:80 - create IPUIPlugin
2025-04-13 23:12:33,543 [INFO] PluginManager:220 - loadIPPluginJar : add openamp
2025-04-13 23:12:33,635 [INFO] IPUIPlugin:80 - create IPUIPlugin
2025-04-13 23:12:33,635 [INFO] PluginManager:220 - loadIPPluginJar : add pdm2pcm
2025-04-13 23:12:33,652 [INFO] IPUIPlugin:80 - create IPUIPlugin
2025-04-13 23:12:33,655 [INFO] PluginManager:220 - loadIPPluginJar : add plateformsettings
2025-04-13 23:12:33,692 [INFO] IPUIPlugin:80 - create IPUIPlugin
2025-04-13 23:12:33,693 [INFO] PluginManager:220 - loadIPPluginJar : add quadspi
2025-04-13 23:12:33,701 [INFO] ThirdPartyUpdaterWithRetryManager:70 - Updater plugin not ready yet. [2/15]
2025-04-13 23:12:33,734 [INFO] IPUIPlugin:80 - create IPUIPlugin
2025-04-13 23:12:33,735 [INFO] PluginManager:220 - loadIPPluginJar : add radio
2025-04-13 23:12:33,755 [INFO] IPUIPlugin:80 - create IPUIPlugin
2025-04-13 23:12:33,755 [INFO] PluginManager:220 - loadIPPluginJar : add resmgrutility
2025-04-13 23:12:33,837 [INFO] IPUIPlugin:80 - create IPUIPlugin
2025-04-13 23:12:33,837 [INFO] PluginManager:220 - loadIPPluginJar : add sai
2025-04-13 23:12:33,911 [INFO] IPUIPlugin:80 - create IPUIPlugin
2025-04-13 23:12:33,912 [INFO] PluginManager:220 - loadIPPluginJar : add spi
2025-04-13 23:12:34,036 [INFO] IPUIPlugin:80 - create IPUIPlugin
2025-04-13 23:12:34,036 [INFO] PluginManager:220 - loadIPPluginJar : add stm32_wpan
2025-04-13 23:12:34,084 [INFO] IPUIPlugin:80 - create IPUIPlugin
2025-04-13 23:12:34,084 [INFO] PluginManager:220 - loadIPPluginJar : add tim
2025-04-13 23:12:34,176 [INFO] IPUIPlugin:80 - create IPUIPlugin
2025-04-13 23:12:34,176 [INFO] PluginManager:220 - loadIPPluginJar : add touchsensing
2025-04-13 23:12:34,226 [INFO] IPUIPlugin:80 - create IPUIPlugin
2025-04-13 23:12:34,226 [INFO] PluginManager:220 - loadIPPluginJar : add tracer_emb
2025-04-13 23:12:34,274 [INFO] IPUIPlugin:80 - create IPUIPlugin
2025-04-13 23:12:34,275 [INFO] PluginManager:220 - loadIPPluginJar : add ts
2025-04-13 23:12:34,320 [INFO] IPUIPlugin:80 - create IPUIPlugin
2025-04-13 23:12:34,320 [INFO] PluginManager:220 - loadIPPluginJar : add tsc
2025-04-13 23:12:34,368 [INFO] IPUIPlugin:80 - create IPUIPlugin
2025-04-13 23:12:34,368 [INFO] PluginManager:220 - loadIPPluginJar : add ucpd
2025-04-13 23:12:34,445 [INFO] IPUIPlugin:80 - create IPUIPlugin
2025-04-13 23:12:34,445 [INFO] PluginManager:220 - loadIPPluginJar : add usart
2025-04-13 23:12:34,525 [INFO] IPUIPlugin:80 - create IPUIPlugin
2025-04-13 23:12:34,525 [INFO] PluginManager:220 - loadIPPluginJar : add usbx
2025-04-13 23:12:34,680 [INFO] CADModel:165 - CPN selected for project level
2025-04-13 23:12:34,680 [INFO] CADModel:114 - Register for checkConnection events
2025-04-13 23:12:34,680 [FATAL] Updater:334 - Updater called before beeing initialized
2025-04-13 23:12:34,681 [ERROR] CADModel:125 - Updater not yet initialized, retry later 
2025-04-13 23:12:34,882 [INFO] CADModel:165 - CPN selected for project level
2025-04-13 23:12:34,884 [INFO] CADModel:114 - Register for checkConnection events
2025-04-13 23:12:34,884 [FATAL] Updater:334 - Updater called before beeing initialized
2025-04-13 23:12:34,884 [ERROR] CADModel:125 - Updater not yet initialized, retry later 
2025-04-13 23:12:34,891 [FATAL] Updater:334 - Updater called before beeing initialized
2025-04-13 23:12:35,135 [FATAL] Updater:334 - Updater called before beeing initialized
2025-04-13 23:12:35,157 [INFO] DbMcusAds:53 - JSON generation date=Thu Mar 06 20:24:21 IST 2025 (1741272861825)
2025-04-13 23:12:35,158 [FATAL] Updater:334 - Updater called before beeing initialized
2025-04-13 23:12:35,212 [WARN] DetailPanel:346 - Failed to get advertising image, set to default
2025-04-13 23:12:35,358 [FATAL] Updater:334 - Updater called before beeing initialized
2025-04-13 23:12:35,363 [FATAL] Updater:334 - Updater called before beeing initialized
2025-04-13 23:12:35,363 [FATAL] Updater:334 - Updater called before beeing initialized
2025-04-13 23:12:35,363 [WARN] DetailPanel:346 - Failed to get advertising image, set to default
2025-04-13 23:12:35,364 [FATAL] Updater:334 - Updater called before beeing initialized
2025-04-13 23:12:35,503 [ERROR] Updater:1164 - MainUpdater not yet initialized. External WinMGr cannot be set.
2025-04-13 23:12:35,523 [INFO] Updater:1100 - Updater Version found : 6.12.1
2025-04-13 23:12:35,546 [INFO] ApplicationProperties:184 - Using Application install path: C:\ST\STM32CubeIDE_1.16.1\STM32CubeIDE\plugins\com.st.stm32cube.common.mx_6.12.1.202409122256
2025-04-13 23:12:36,703 [INFO] ThirdPartyUpdaterWithRetryManager:70 - Updater plugin not ready yet. [3/15]
2025-04-13 23:12:37,149 [ERROR] LogOutputStream:75 - [STDERR_REDIRECT] Apr 13, 2025 11:12:37 PM java.util.prefs.WindowsPreferences <init>
2025-04-13 23:12:37,153 [ERROR] LogOutputStream:75 - [STDERR_REDIRECT] WARNING: Could not open/create prefs root node Software\JavaSoft\Prefs at root 0xffffffff80000002. Windows RegCreateKeyEx(...) returned error code 5.
2025-04-13 23:12:37,153 [ERROR] LogOutputStream:75 - [STDERR_REDIRECT] 
2025-04-13 23:12:37,867 [INFO] MainUpdater:2873 - connection check result : 10
2025-04-13 23:12:37,868 [INFO] MainUpdater:290 - Updater Check For Update Now.
2025-04-13 23:12:37,869 [INFO] MicroXplorer:498 - Change Database Version : DB.6.0.121
2025-04-13 23:12:37,911 [INFO] McuFinderGlobals:63 - Set McuFinder mode to 2 (CubeIDE integrated)
2025-04-13 23:12:37,930 [INFO] UserAuth:417 - Internet connection configuration mode: 1
2025-04-13 23:12:38,009 [INFO] JxBrowserEngine:152 - Initiate JxBrowser Engine with user profile folder
2025-04-13 23:12:38,278 [INFO] CheckServerUpdateThread:120 - End of CheckServer Thread
2025-04-13 23:12:40,196 [WARN] PackLoader:240 - Cannot read IP mode file for STMicroelectronics.FP-SNS-MOTENVWB1.1.4.0
2025-04-13 23:12:40,229 [WARN] PackLoader:240 - Cannot read IP mode file for STMicroelectronics.FP-ATR-ASTRA1.2.0.2
2025-04-13 23:12:40,257 [WARN] PackLoader:240 - Cannot read IP mode file for STMicroelectronics.FP-ATR-ASTRA1.2.0.1
2025-04-13 23:12:40,287 [WARN] PackLoader:240 - Cannot read IP mode file for STMicroelectronics.X-CUBE-SMBUS.2.1.0
2025-04-13 23:12:40,326 [WARN] PackLoader:240 - Cannot read IP mode file for STMicroelectronics.X-CUBE-WB05N.1.1.0
2025-04-13 23:12:40,446 [WARN] PackLoader:240 - Cannot read IP mode file for STMicroelectronics.X-CUBE-AZRTOS-F7.1.1.0
2025-04-13 23:12:40,505 [WARN] PackLoader:240 - Cannot read IP mode file for STMicroelectronics.FP-SNS-FLIGHT1.5.0.2
2025-04-13 23:12:40,612 [WARN] PackLoader:240 - Cannot read IP mode file for Infineon.AIROC-Wi-Fi-Bluetooth-STM32.1.7.0
2025-04-13 23:12:40,665 [WARN] PackLoader:240 - Cannot read IP mode file for STMicroelectronics.X-CUBE-DISPLAY.3.0.0
2025-04-13 23:12:40,704 [WARN] PackLoader:240 - Cannot read IP mode file for STMicroelectronics.X-CUBE-BLE1.7.0.0
2025-04-13 23:12:40,741 [WARN] PackLoader:240 - Cannot read IP mode file for STMicroelectronics.X-CUBE-NFC10.1.0.0
2025-04-13 23:12:40,790 [WARN] PackLoader:240 - Cannot read IP mode file for STMicroelectronics.X-CUBE-BLEMGR.4.0.0
2025-04-13 23:12:40,832 [WARN] PackLoader:240 - Cannot read IP mode file for emotas.I-CUBE-CANOPEN.1.3.0
2025-04-13 23:12:40,863 [WARN] PackLoader:240 - Cannot read IP mode file for STMicroelectronics.X-CUBE-AI.10.0.0
2025-04-13 23:12:40,889 [WARN] PackLoader:240 - Cannot read IP mode file for STMicroelectronics.FP-SNS-SMARTAG2.1.2.0
2025-04-13 23:12:40,907 [ERROR] Engine:466 - C:\Users\kjeya\.stm32cubemx\thirdparties\pdsc\STMicroelectronics.FP-SNS-FLIGHT1.5.1.0.pdsc: PDSC version is not supported
2025-04-13 23:12:41,079 [WARN] PackLoader:240 - Cannot read IP mode file for STMicroelectronics.X-CUBE-MEMS1.11.1.0
2025-04-13 23:12:41,832 [INFO] LogOutputStream:77 - [STDOUT_REDIRECT] 1 : Invalid condition id : UX_CORESTACK_Condition cause : null
2025-04-13 23:12:41,833 [INFO] LogOutputStream:77 - [STDOUT_REDIRECT] 1 : Invalid condition id : UX_CORESTACK_Condition cause : null
2025-04-13 23:12:41,842 [INFO] LogOutputStream:77 - [STDOUT_REDIRECT] 1 : Invalid condition id : UX_CORESTACK_Condition cause : null
2025-04-13 23:12:41,844 [INFO] LogOutputStream:77 - [STDOUT_REDIRECT] 1 : Invalid condition id : UX_CORESTACK_Condition cause : null
2025-04-13 23:12:41,854 [INFO] LogOutputStream:77 - [STDOUT_REDIRECT] 1 : Invalid condition id : UX_CORESTACK_Condition cause : null
2025-04-13 23:12:41,872 [WARN] PackLoader:240 - Cannot read IP mode file for STMicroelectronics.X-CUBE-AZRTOS-WL.2.0.0
2025-04-13 23:12:41,930 [WARN] PackLoader:240 - Cannot read IP mode file for STMicroelectronics.FP-SNS-MOTENV1.5.0.0
2025-04-13 23:12:41,978 [WARN] PackLoader:240 - Cannot read IP mode file for wolfSSL.I-CUBE-wolfMQTT.1.19.0
2025-04-13 23:12:42,030 [WARN] PackLoader:240 - Cannot read IP mode file for WES.I-CUBE-Cesium.1.3.0
2025-04-13 23:12:42,365 [WARN] PackLoader:240 - Cannot read IP mode file for STMicroelectronics.X-CUBE-BLE2.3.3.0
2025-04-13 23:12:42,421 [WARN] PackLoader:240 - Cannot read IP mode file for STMicroelectronics.X-CUBE-NFC9.1.0.0
2025-04-13 23:12:42,458 [WARN] PackLoader:240 - Cannot read IP mode file for STMicroelectronics.X-CUBE-BLE1.7.1.0
2025-04-13 23:12:42,528 [WARN] PackLoader:240 - Cannot read IP mode file for STMicroelectronics.X-CUBE-AZRTOS-G0.1.1.0
2025-04-13 23:12:42,567 [WARN] PackLoader:240 - Cannot read IP mode file for STMicroelectronics.X-CUBE-SAFEA1.1.2.2
2025-04-13 23:12:42,604 [WARN] PackLoader:240 - Cannot read IP mode file for STMicroelectronics.X-CUBE-NFC4.3.0.0
2025-04-13 23:12:42,651 [WARN] PackLoader:240 - Cannot read IP mode file for EmbeddedOffice.I-CUBE-FS-RTOS.1.0.1
2025-04-13 23:12:42,651 [ERROR] ConditionMgr:805 - Attr not supported : Dmpu
2025-04-13 23:12:42,652 [ERROR] ConditionMgr:805 - Attr not supported : Dmpu
2025-04-13 23:12:42,652 [ERROR] ConditionMgr:805 - Attr not supported : Dmpu
2025-04-13 23:12:42,652 [ERROR] ConditionMgr:805 - Attr not supported : Dmpu
2025-04-13 23:12:42,652 [ERROR] ConditionMgr:805 - Attr not supported : Dmpu
2025-04-13 23:12:42,653 [ERROR] ConditionMgr:805 - Attr not supported : Dmpu
2025-04-13 23:12:42,653 [ERROR] ConditionMgr:805 - Attr not supported : Dmpu
2025-04-13 23:12:42,653 [ERROR] ConditionMgr:805 - Attr not supported : Dmpu
2025-04-13 23:12:42,653 [ERROR] ConditionMgr:805 - Attr not supported : Dmpu
2025-04-13 23:12:42,653 [ERROR] ConditionMgr:805 - Attr not supported : Dmpu
2025-04-13 23:12:42,654 [ERROR] ConditionMgr:805 - Attr not supported : Dmpu
2025-04-13 23:12:42,654 [ERROR] ConditionMgr:805 - Attr not supported : Dmpu
2025-04-13 23:12:42,655 [ERROR] ConditionMgr:805 - Attr not supported : Dmpu
2025-04-13 23:12:42,655 [ERROR] ConditionMgr:805 - Attr not supported : Dmpu
2025-04-13 23:12:42,655 [ERROR] ConditionMgr:805 - Attr not supported : Dmpu
2025-04-13 23:12:42,656 [ERROR] ConditionMgr:805 - Attr not supported : Dmpu
2025-04-13 23:12:42,656 [ERROR] ConditionMgr:805 - Attr not supported : Dmpu
2025-04-13 23:12:42,656 [ERROR] ConditionMgr:805 - Attr not supported : Dmpu
2025-04-13 23:12:42,656 [ERROR] ConditionMgr:805 - Attr not supported : Dmpu
2025-04-13 23:12:42,657 [ERROR] ConditionMgr:805 - Attr not supported : Dmpu
2025-04-13 23:12:42,657 [ERROR] ConditionMgr:805 - Attr not supported : Dmpu
2025-04-13 23:12:42,657 [ERROR] ConditionMgr:805 - Attr not supported : Dmpu
2025-04-13 23:12:42,657 [ERROR] ConditionMgr:805 - Attr not supported : Dmpu
2025-04-13 23:12:42,657 [ERROR] ConditionMgr:805 - Attr not supported : Dmpu
2025-04-13 23:12:42,659 [ERROR] ConditionMgr:805 - Attr not supported : Dmpu
2025-04-13 23:12:42,659 [ERROR] ConditionMgr:805 - Attr not supported : Dmpu
2025-04-13 23:12:42,660 [ERROR] ConditionMgr:805 - Attr not supported : Dmpu
2025-04-13 23:12:42,662 [ERROR] ConditionMgr:805 - Attr not supported : Dmpu
2025-04-13 23:12:42,665 [ERROR] ConditionMgr:805 - Attr not supported : Dmpu
2025-04-13 23:12:42,667 [ERROR] ConditionMgr:805 - Attr not supported : Dmpu
2025-04-13 23:12:42,667 [ERROR] ConditionMgr:805 - Attr not supported : Dmpu
2025-04-13 23:12:42,667 [ERROR] ConditionMgr:805 - Attr not supported : Dmpu
2025-04-13 23:12:42,668 [ERROR] ConditionMgr:805 - Attr not supported : Dmpu
2025-04-13 23:12:42,669 [ERROR] ConditionMgr:805 - Attr not supported : Dmpu
2025-04-13 23:12:42,669 [ERROR] ConditionMgr:805 - Attr not supported : Dmpu
2025-04-13 23:12:42,669 [ERROR] ConditionMgr:805 - Attr not supported : Dmpu
2025-04-13 23:12:42,670 [ERROR] ConditionMgr:805 - Attr not supported : Dmpu
2025-04-13 23:12:42,670 [ERROR] ConditionMgr:805 - Attr not supported : Dmpu
2025-04-13 23:12:42,670 [ERROR] ConditionMgr:805 - Attr not supported : Dmpu
2025-04-13 23:12:42,670 [ERROR] ConditionMgr:805 - Attr not supported : Dmpu
2025-04-13 23:12:42,671 [ERROR] ConditionMgr:805 - Attr not supported : Dmpu
2025-04-13 23:12:42,671 [ERROR] ConditionMgr:805 - Attr not supported : Dmpu
2025-04-13 23:12:42,671 [ERROR] ConditionMgr:805 - Attr not supported : Dmpu
2025-04-13 23:12:42,671 [ERROR] ConditionMgr:805 - Attr not supported : Dmpu
2025-04-13 23:12:42,672 [ERROR] ConditionMgr:805 - Attr not supported : Dmpu
2025-04-13 23:12:42,672 [ERROR] ConditionMgr:805 - Attr not supported : Dmpu
2025-04-13 23:12:42,672 [ERROR] ConditionMgr:805 - Attr not supported : Dmpu
2025-04-13 23:12:42,672 [ERROR] ConditionMgr:805 - Attr not supported : Dmpu
2025-04-13 23:12:42,673 [ERROR] ConditionMgr:805 - Attr not supported : Dmpu
2025-04-13 23:12:42,673 [ERROR] ConditionMgr:805 - Attr not supported : Dmpu
2025-04-13 23:12:42,673 [ERROR] ConditionMgr:805 - Attr not supported : Dmpu
2025-04-13 23:12:42,673 [ERROR] ConditionMgr:805 - Attr not supported : Dmpu
2025-04-13 23:12:42,673 [ERROR] ConditionMgr:805 - Attr not supported : Dmpu
2025-04-13 23:12:42,673 [ERROR] ConditionMgr:805 - Attr not supported : Dmpu
2025-04-13 23:12:42,673 [ERROR] ConditionMgr:805 - Attr not supported : Dmpu
2025-04-13 23:12:42,674 [ERROR] ConditionMgr:805 - Attr not supported : Dmpu
2025-04-13 23:12:42,674 [ERROR] ConditionMgr:805 - Attr not supported : Dmpu
2025-04-13 23:12:42,675 [ERROR] ConditionMgr:805 - Attr not supported : Dmpu
2025-04-13 23:12:42,675 [ERROR] ConditionMgr:805 - Attr not supported : Dmpu
2025-04-13 23:12:42,675 [ERROR] ConditionMgr:805 - Attr not supported : Dmpu
2025-04-13 23:12:42,675 [ERROR] ConditionMgr:805 - Attr not supported : Dmpu
2025-04-13 23:12:42,676 [ERROR] ConditionMgr:805 - Attr not supported : Dmpu
2025-04-13 23:12:42,676 [ERROR] ConditionMgr:805 - Attr not supported : Dmpu
2025-04-13 23:12:42,676 [ERROR] ConditionMgr:805 - Attr not supported : Dmpu
2025-04-13 23:12:42,704 [ERROR] Engine:466 - C:\Users\kjeya\.stm32cubemx\thirdparties\pdsc\STMicroelectronics.X-CUBE-TCPP.4.2.0.pdsc: PDSC version is not supported
2025-04-13 23:12:42,737 [WARN] PackLoader:240 - Cannot read IP mode file for RealThread.X-CUBE-RT-Thread_Nano.4.1.1
2025-04-13 23:12:42,767 [WARN] PackLoader:240 - Cannot read IP mode file for STMicroelectronics.FP-ATR-SIGFOX1.3.2.0
2025-04-13 23:12:42,799 [WARN] ConditionMgr:438 - getConditionDescription Invalid condition id : Cortex-A Device cause : null
2025-04-13 23:12:42,854 [WARN] ConditionMgr:1039 - genDependencies : Invalid condition id : Cortex-A Device cause : null
2025-04-13 23:12:42,854 [WARN] ConditionMgr:1039 - genDependencies : Invalid condition id : Cortex-A Device cause : null
2025-04-13 23:12:42,856 [WARN] ConditionMgr:1039 - genDependencies : Invalid condition id : Cortex-A Device cause : null
2025-04-13 23:12:42,890 [WARN] PackLoader:240 - Cannot read IP mode file for STMicroelectronics.X-CUBE-EEPRMA1.5.1.0
2025-04-13 23:12:42,934 [WARN] PackLoader:240 - Cannot read IP mode file for wolfSSL.I-CUBE-wolfSSL.5.7.4
2025-04-13 23:12:42,968 [WARN] PackLoader:240 - Cannot read IP mode file for ITTIA_DB.I-CUBE-ITTIADB.8.9.0
2025-04-13 23:12:43,066 [WARN] PackLoader:240 - Cannot read IP mode file for SEGGER.I-CUBE-embOS.1.3.1
2025-04-13 23:12:43,161 [WARN] PackLoader:240 - Cannot read IP mode file for STMicroelectronics.X-CUBE-ALGOBUILD.1.4.0
2025-04-13 23:12:43,197 [WARN] PackLoader:240 - Cannot read IP mode file for STMicroelectronics.X-CUBE-AI.9.1.0
2025-04-13 23:12:43,257 [WARN] PackLoader:240 - Cannot read IP mode file for STMicroelectronics.X-CUBE-AZRTOS-F4.1.1.0
2025-04-13 23:12:43,292 [WARN] PackLoader:240 - Cannot read IP mode file for STMicroelectronics.X-CUBE-ISPU.2.1.0
2025-04-13 23:12:43,415 [WARN] PackLoader:240 - Cannot read IP mode file for STMicroelectronics.X-CUBE-AZRTOS-L5.2.0.0
2025-04-13 23:12:43,449 [WARN] PackLoader:240 - Cannot read IP mode file for STMicroelectronics.X-CUBE-NFC6.3.1.0
2025-04-13 23:12:43,489 [WARN] PackLoader:240 - Cannot read IP mode file for STMicroelectronics.X-CUBE-DPower.1.2.0
2025-04-13 23:12:43,524 [WARN] PackLoader:240 - Cannot read IP mode file for STMicroelectronics.X-CUBE-FREERTOS.1.3.0
2025-04-13 23:12:43,567 [WARN] PackLoader:240 - Cannot read IP mode file for STMicroelectronics.X-CUBE-NFC7.1.0.1
2025-04-13 23:12:43,609 [WARN] PackLoader:240 - Cannot read IP mode file for STMicroelectronics.X-CUBE-DPower.1.3.0
2025-04-13 23:12:43,823 [WARN] ConditionMgr:438 - getConditionDescription Invalid condition id : LAN8742 Phy interface Condition cause : null
2025-04-13 23:12:43,826 [WARN] PackLoader:240 - Cannot read IP mode file for STMicroelectronics.X-CUBE-AZRTOS-L4.2.0.0
2025-04-13 23:12:43,843 [WARN] ConditionMgr:1039 - genDependencies : Invalid condition id : LAN8742 Phy interface Condition cause : null
2025-04-13 23:12:43,844 [WARN] ConditionMgr:1039 - genDependencies : Invalid condition id : LAN8742 Phy interface Condition cause : null
2025-04-13 23:12:43,847 [WARN] ConditionMgr:1039 - genDependencies : Invalid condition id : LAN8742 Phy interface Condition cause : null
2025-04-13 23:12:43,904 [WARN] PackLoader:240 - Cannot read IP mode file for STMicroelectronics.X-CUBE-SFXS2LP1.4.0.0
2025-04-13 23:12:44,006 [WARN] PackLoader:240 - Cannot read IP mode file for STMicroelectronics.X-CUBE-AZRTOS-H7.3.3.0
2025-04-13 23:12:44,065 [WARN] PackLoader:240 - Cannot read IP mode file for STMicroelectronics.X-CUBE-IPS.3.0.0
2025-04-13 23:12:44,356 [WARN] ConditionMgr:438 - getConditionDescription Invalid condition id : UX DEVICE CLASS RTOS Condition cause : null
2025-04-13 23:12:44,357 [WARN] ConditionMgr:438 - getConditionDescription Invalid condition id : UX DEVICE CLASS RTOS Condition cause : null
2025-04-13 23:12:44,361 [WARN] PackLoader:240 - Cannot read IP mode file for STMicroelectronics.X-CUBE-AZRTOS-WB.2.0.0
2025-04-13 23:12:44,363 [WARN] ConditionMgr:1039 - genDependencies : Invalid condition id : UX DEVICE CLASS RTOS Condition cause : null
2025-04-13 23:12:44,366 [WARN] ConditionMgr:1039 - genDependencies : Invalid condition id : UX DEVICE CLASS RTOS Condition cause : null
2025-04-13 23:12:44,368 [WARN] ConditionMgr:1039 - genDependencies : Invalid condition id : UX DEVICE CLASS RTOS Condition cause : null
2025-04-13 23:12:44,369 [WARN] ConditionMgr:1039 - genDependencies : Invalid condition id : UX DEVICE CLASS RTOS Condition cause : null
2025-04-13 23:12:44,369 [WARN] ConditionMgr:1039 - genDependencies : Invalid condition id : UX DEVICE CLASS RTOS Condition cause : null
2025-04-13 23:12:44,423 [WARN] PackLoader:240 - Cannot read IP mode file for STMicroelectronics.X-CUBE-GNSS1.7.0.1
2025-04-13 23:12:44,472 [WARN] PackLoader:240 - Cannot read IP mode file for STMicroelectronics.X-CUBE-TOUCHGFX.4.25.0
2025-04-13 23:12:44,506 [WARN] PackLoader:240 - Cannot read IP mode file for STMicroelectronics.FP-SNS-STBOX1.2.0.0
2025-04-13 23:12:44,560 [WARN] PackLoader:240 - Cannot read IP mode file for STMicroelectronics.X-CUBE-SUBG2.5.0.0
2025-04-13 23:12:44,831 [WARN] PackLoader:240 - Cannot read IP mode file for STMicroelectronics.X-CUBE-AZRTOS-H7RS.1.1.0
2025-04-13 23:12:44,921 [WARN] PackLoader:240 - Cannot read IP mode file for Cesanta.I-CUBE-Mongoose.7.13.0
2025-04-13 23:12:45,014 [WARN] PackLoader:240 - Cannot read IP mode file for STMicroelectronics.X-CUBE-AZRTOS-G4.2.0.0
2025-04-13 23:12:45,070 [ERROR] Engine:466 - C:\Users\kjeya\.stm32cubemx\thirdparties\pdsc\STMicroelectronics.X-CUBE-IPS.3.1.0.pdsc: PDSC version is not supported
2025-04-13 23:12:45,123 [WARN] PackLoader:240 - Cannot read IP mode file for STMicroelectronics.X-CUBE-ALS.1.0.2
2025-04-13 23:12:45,168 [WARN] PackLoader:240 - Cannot read IP mode file for STMicroelectronics.X-CUBE-TOUCHGFX.4.24.0
2025-04-13 23:12:45,537 [WARN] PackLoader:240 - Cannot read IP mode file for STMicroelectronics.X-CUBE-TOUCHGFX.4.24.2
2025-04-13 23:12:45,725 [WARN] PackLoader:240 - Cannot read IP mode file for STMicroelectronics.X-CUBE-TOUCHGFX.4.24.1
2025-04-13 23:12:45,753 [WARN] PackLoader:240 - Cannot read IP mode file for wolfSSL.I-CUBE-wolfTPM.3.4.0
2025-04-13 23:12:45,800 [WARN] PackLoader:240 - Cannot read IP mode file for portGmbH.I-Cube-SoM-uGOAL.1.1.0
2025-04-13 23:12:45,874 [WARN] PackLoader:240 - Cannot read IP mode file for STMicroelectronics.X-CUBE-AZRTOS-H7RS.1.0.0
2025-04-13 23:12:45,929 [WARN] PackLoader:240 - Cannot read IP mode file for STMicroelectronics.X-CUBE-TOF1.3.4.2
2025-04-13 23:12:45,985 [INFO] WebApp:167 - Instantiating new browser for Auth
2025-04-13 23:12:45,987 [WARN] PackLoader:240 - Cannot read IP mode file for wolfSSL.I-CUBE-wolfSSH.1.4.17
2025-04-13 23:12:45,987 [INFO] ThirdParty:978 - Integrity check success = true
2025-04-13 23:12:45,987 [INFO] IntegrityCheckThread:100 - exiting critical section [integrity check]
2025-04-13 23:12:45,987 [INFO] IntegrityCheckThread:103 - End integrity checks thread
2025-04-13 23:12:47,618 [INFO] WebApp:448 - Apply proxy settings
2025-04-13 23:12:47,620 [INFO] WebApp:533 - Chromium requires no authentication
2025-04-13 23:12:47,641 [INFO] WebApp:476 - Direct internet connection detected
2025-04-13 23:12:47,696 [INFO] WebApp:869 - Register for checkConnection events
2025-04-13 23:12:47,697 [INFO] WebApp:448 - Apply proxy settings
2025-04-13 23:12:47,698 [INFO] WebApp:533 - Chromium requires no authentication
2025-04-13 23:12:47,700 [INFO] WebApp:476 - Direct internet connection detected
2025-04-13 23:12:48,138 [INFO] WebApp:186 - Connection restablished
2025-04-13 23:12:48,155 [INFO] WebApp:220 - Starting web application
2025-04-13 23:12:48,155 [INFO] WebApp:578 - Web application path used C:\ST\STM32CubeIDE_1.16.1\STM32CubeIDE\plugins\com.st.stm32cube.common.mx_6.12.1.202409122256\db\plugins\mcufinder\reactClient1\index.html
2025-04-13 23:12:48,580 [INFO] UserAuth:417 - Internet connection configuration mode: 1
