2025-04-19 17:01:49,546 [INFO] Activator:176 - 


2025-04-19 17:01:49,562 [INFO] Activator:177 - !SESSION log4j initialized
2025-04-19 17:02:00,897 [INFO] LogOutputStream:77 - [STDOUT_REDIRECT] 
2025-04-19 17:02:02,669 [INFO] ApplicationProperties:184 - Using Application install path: C:\ST\STM32CubeIDE_1.16.1\STM32CubeIDE\plugins\com.st.stm32cube.common.mx_6.12.1.202409122256
2025-04-19 17:02:02,711 [INFO] DbMcusXml:78 - Set database path to: C:\ST\STM32CubeIDE_1.16.1\STM32CubeIDE\plugins\com.st.stm32cube.common.mx_6.12.1.202409122256\\db\/mcu/
2025-04-19 17:02:02,712 [INFO] ApiDb:274 - Set plugin database path to: C:\ST\STM32CubeIDE_1.16.1\STM32CubeIDE\plugins\com.st.stm32cube.common.mx_6.12.1.202409122256\\db\/plugins/boardmanager/
2025-04-19 17:02:02,713 [WARN] ApiDb:259 - Overriding images path with different value:  => C:\ST\STM32CubeIDE_1.16.1\STM32CubeIDE\plugins\com.st.stm32cube.common.mx_6.12.1.202409122256\\db\/plugins/mcufinder/images/
2025-04-19 17:02:02,740 [INFO] ApiDb:250 - Set database path to: C:\Users\kjeya\.stmcufinder\plugins\mcufinder//mcu/
2025-04-19 17:02:02,741 [INFO] DbMcusAds:125 - Set database path to: C:\Users\kjeya\.stmcufinder\plugins\mcufinder//mcu/
2025-04-19 17:02:02,745 [INFO] CrossReferenceDbSqlite:203 - Set database path to: C:\Users\kjeya\.stmcufinder\plugins\mcufinder//mcu/cs/
2025-04-19 17:02:02,902 [INFO] RulesReader:64 - Compatibility file has been processed (297 Rules)
2025-04-19 17:02:03,044 [INFO] DbMcusXml:78 - Set database path to: C:\ST\STM32CubeIDE_1.16.1\STM32CubeIDE\plugins\com.st.stm32cube.common.mx_6.12.1.202409122256\\db\/mcu/
2025-04-19 17:02:03,045 [INFO] ApiDb:274 - Set plugin database path to: C:\ST\STM32CubeIDE_1.16.1\STM32CubeIDE\plugins\com.st.stm32cube.common.mx_6.12.1.202409122256\\db\/plugins/boardmanager/
2025-04-19 17:02:03,045 [INFO] ApiDb:261 - Set plugin images path to: C:\ST\STM32CubeIDE_1.16.1\STM32CubeIDE\plugins\com.st.stm32cube.common.mx_6.12.1.202409122256\\db\/plugins/mcufinder/images/
2025-04-19 17:02:03,045 [WARN] DbFile:41 - Overriding database path with different value: C:\Users\kjeya\.stmcufinder\plugins\mcufinder/ => C:\Users\kjeya\.stmcufinder\plugins\mcufinder
2025-04-19 17:02:03,045 [INFO] ApiDb:250 - Set database path to: C:\Users\kjeya\.stmcufinder\plugins\mcufinder//mcu/
2025-04-19 17:02:03,046 [WARN] DbFile:41 - Overriding database path with different value: C:\Users\kjeya\.stmcufinder\plugins\mcufinder/ => C:\Users\kjeya\.stmcufinder\plugins\mcufinder
2025-04-19 17:02:03,046 [INFO] DbMcusAds:125 - Set database path to: C:\Users\kjeya\.stmcufinder\plugins\mcufinder//mcu/
2025-04-19 17:02:03,046 [WARN] DbFile:41 - Overriding database path with different value: C:\Users\kjeya\.stmcufinder\plugins\mcufinder/ => C:\Users\kjeya\.stmcufinder\plugins\mcufinder
2025-04-19 17:02:03,046 [WARN] DbFile:41 - Overriding database path with different value: C:\Users\kjeya\.stmcufinder\plugins\mcufinder/ => C:\Users\kjeya\.stmcufinder\plugins\mcufinder
2025-04-19 17:02:03,046 [INFO] CrossReferenceDbSqlite:203 - Set database path to: C:\Users\kjeya\.stmcufinder\plugins\mcufinder//mcu/cs/
2025-04-19 17:02:03,200 [INFO] MainPanel:268 - HeapMemory: 268435456
2025-04-19 17:02:03,385 [INFO] DbMcusXml:78 - Set database path to: C:\ST\STM32CubeIDE_1.16.1\STM32CubeIDE\plugins\com.st.stm32cube.common.mx_6.12.1.202409122256\\db\/mcu/
2025-04-19 17:02:03,385 [INFO] ApiDb:274 - Set plugin database path to: C:\ST\STM32CubeIDE_1.16.1\STM32CubeIDE\plugins\com.st.stm32cube.common.mx_6.12.1.202409122256\\db\/plugins/boardmanager/
2025-04-19 17:02:03,385 [INFO] ApiDb:261 - Set plugin images path to: C:\ST\STM32CubeIDE_1.16.1\STM32CubeIDE\plugins\com.st.stm32cube.common.mx_6.12.1.202409122256\\db\/plugins/mcufinder/images/
2025-04-19 17:02:03,386 [WARN] DbFile:41 - Overriding database path with different value: C:\Users\kjeya\.stmcufinder\plugins\mcufinder/ => C:\Users\kjeya\.stmcufinder\plugins\mcufinder
2025-04-19 17:02:03,386 [INFO] ApiDb:250 - Set database path to: C:\Users\kjeya\.stmcufinder\plugins\mcufinder//mcu/
2025-04-19 17:02:03,386 [WARN] DbFile:41 - Overriding database path with different value: C:\Users\kjeya\.stmcufinder\plugins\mcufinder/ => C:\Users\kjeya\.stmcufinder\plugins\mcufinder
2025-04-19 17:02:03,387 [INFO] DbMcusAds:125 - Set database path to: C:\Users\kjeya\.stmcufinder\plugins\mcufinder//mcu/
2025-04-19 17:02:03,387 [WARN] DbFile:41 - Overriding database path with different value: C:\Users\kjeya\.stmcufinder\plugins\mcufinder/ => C:\Users\kjeya\.stmcufinder\plugins\mcufinder
2025-04-19 17:02:03,387 [WARN] DbFile:41 - Overriding database path with different value: C:\Users\kjeya\.stmcufinder\plugins\mcufinder/ => C:\Users\kjeya\.stmcufinder\plugins\mcufinder
2025-04-19 17:02:03,387 [INFO] CrossReferenceDbSqlite:203 - Set database path to: C:\Users\kjeya\.stmcufinder\plugins\mcufinder//mcu/cs/
2025-04-19 17:02:03,419 [INFO] ApplicationProperties:184 - Using Application install path: C:\ST\STM32CubeIDE_1.16.1\STM32CubeIDE\plugins\com.st.stm32cube.common.mx_6.12.1.202409122256
2025-04-19 17:02:03,421 [INFO] PluginManage:196 - Search for loadable plugins [exclusion list=, ]
2025-04-19 17:02:03,425 [INFO] PluginManage:310 - Check plugin analytics
2025-04-19 17:02:03,778 [INFO] AnalyticsPlugin:253 - Accepted Software Licenses: STM32CubeMX.6.11.1,STM32CubeMX.6.13.0
2025-04-19 17:02:03,779 [INFO] AnalyticsPlugin:255 - Accepted CMSIS Pack Licenses: STMicroelectronics.X-CUBE-TOUCHGFX.4.24.0,WES.I-CUBE-Cesium.1.3.0,STMicroelectronics.X-CUBE-TOUCHGFX.4.24.2
2025-04-19 17:02:03,779 [INFO] AnalyticsPlugin:257 - Accepted Firmware Licenses: FW.F4.1.28.0,FW.L4.1.18.0,FW.WL.1.3.0,FW.H7.1.11.0,FW.H7.1.12.0
2025-04-19 17:02:03,785 [INFO] PluginManage:359 - Loaded plugin analytics (category:tool,tabindex:-1)
2025-04-19 17:02:03,785 [INFO] PluginManage:310 - Check plugin cadmodel
2025-04-19 17:02:03,832 [INFO] CADModel:105 - Init CAD model plugin
2025-04-19 17:02:03,833 [INFO] PluginManage:359 - Loaded plugin cadmodel (category:power,tabindex:5)
2025-04-19 17:02:03,833 [INFO] PluginManage:310 - Check plugin clock
2025-04-19 17:02:03,881 [INFO] PluginManage:359 - Loaded plugin clock (category:base,tabindex:2)
2025-04-19 17:02:03,881 [INFO] PluginManage:310 - Check plugin ddr
2025-04-19 17:02:03,887 [INFO] PluginManage:359 - Loaded plugin ddr (category:tool,tabindex:6)
2025-04-19 17:02:03,888 [INFO] PluginManage:310 - Check plugin filemanager
2025-04-19 17:02:04,186 [INFO] PluginManage:359 - Loaded plugin filemanager (category:base,tabindex:10)
2025-04-19 17:02:04,186 [INFO] PluginManage:310 - Check plugin ipmanager
2025-04-19 17:02:04,197 [INFO] PluginManage:359 - Loaded plugin ipmanager (category:base,tabindex:5)
2025-04-19 17:02:04,197 [INFO] PluginManage:310 - Check plugin lpbam
2025-04-19 17:02:04,225 [INFO] PluginManage:359 - Loaded plugin lpbam (category:base,tabindex:0)
2025-04-19 17:02:04,225 [INFO] PluginManage:310 - Check plugin memorymap
2025-04-19 17:02:04,255 [INFO] PluginManage:359 - Loaded plugin memorymap (category:base,tabindex:4)
2025-04-19 17:02:04,255 [INFO] PluginManage:310 - Check plugin pinoutandconfiguration
2025-04-19 17:02:04,280 [INFO] PluginManage:359 - Loaded plugin pinoutandconfiguration (category:base,tabindex:1)
2025-04-19 17:02:04,281 [INFO] PluginManage:310 - Check plugin pinoutconfig
2025-04-19 17:02:04,430 [WARN] SupportedApi:132 - Cannot load RTOS API schema: s4s-elt-must-match.1: The content of 'definitions' must match (annotation?, (simpleType | complexType)?, (unique | key | keyref)*)). A problem was found starting at: attribute.
2025-04-19 17:02:04,627 [INFO] PluginManage:359 - Loaded plugin pinoutconfig (category:base,tabindex:0)
2025-04-19 17:02:04,627 [INFO] PluginManage:310 - Check plugin power
2025-04-19 17:02:04,663 [INFO] PluginManage:359 - Loaded plugin power (category:power,tabindex:4)
2025-04-19 17:02:04,664 [INFO] PluginManage:310 - Check plugin projectmanager
2025-04-19 17:02:04,694 [INFO] PluginManage:359 - Loaded plugin projectmanager (category:projectmanager,tabindex:4)
2025-04-19 17:02:04,694 [INFO] PluginManage:310 - Check plugin rif
2025-04-19 17:02:04,725 [INFO] PluginManage:359 - Loaded plugin rif (category:base,tabindex:3)
2025-04-19 17:02:04,725 [INFO] PluginManage:310 - Check plugin thirdparty
2025-04-19 17:02:05,161 [INFO] PluginManage:359 - Loaded plugin thirdparty (category:base,tabindex:-1)
2025-04-19 17:02:05,161 [WARN] IntegrityCheckThread:84 - waiting for thirdparty lock release [integrity check]
2025-04-19 17:02:05,161 [INFO] PluginManage:310 - Check plugin tools
2025-04-19 17:02:05,161 [INFO] IntegrityCheckThread:86 - entering critical section [integrity check]
2025-04-19 17:02:05,163 [INFO] ThirdPartyUpdaterWithRetryManager:70 - Updater plugin not ready yet. [1/15]
2025-04-19 17:02:05,227 [INFO] PluginManage:359 - Loaded plugin tools (category:base,tabindex:7)
2025-04-19 17:02:05,227 [INFO] PluginManage:310 - Check plugin tutovideos
2025-04-19 17:02:05,490 [INFO] PluginManage:359 - Loaded plugin tutovideos (category:base,tabindex:-1)
2025-04-19 17:02:05,490 [INFO] PluginManage:310 - Check plugin updater
2025-04-19 17:02:05,516 [INFO] PluginManage:359 - Loaded plugin updater (category:base,tabindex:12)
2025-04-19 17:02:05,516 [INFO] PluginManage:310 - Check plugin userauth
2025-04-19 17:02:05,526 [INFO] UserAuth:113 - Init User Auth plugin
2025-04-19 17:02:05,526 [INFO] PluginManage:359 - Loaded plugin userauth (category:base,tabindex:14)
2025-04-19 17:02:05,527 [INFO] PluginManage:283 - PluginManage : Loaded plugins [18]
2025-04-19 17:02:05,855 [INFO] PinOutPanel:1561 - setPackage(No Configuration,No Configuration)
2025-04-19 17:02:06,000 [INFO] CADModel:165 - CPN selected for project level
2025-04-19 17:02:06,001 [INFO] CADModel:114 - Register for checkConnection events
2025-04-19 17:02:06,047 [INFO] IPUIPlugin:80 - create IPUIPlugin
2025-04-19 17:02:06,047 [INFO] PluginManager:220 - loadIPPluginJar : add adc
2025-04-19 17:02:06,112 [INFO] IPUIPlugin:80 - create IPUIPlugin
2025-04-19 17:02:06,113 [INFO] PluginManager:220 - loadIPPluginJar : add aes
2025-04-19 17:02:06,186 [INFO] IPUIPlugin:80 - create IPUIPlugin
2025-04-19 17:02:06,186 [INFO] PluginManager:220 - loadIPPluginJar : add can
2025-04-19 17:02:06,228 [INFO] IPUIPlugin:80 - create IPUIPlugin
2025-04-19 17:02:06,228 [INFO] PluginManager:220 - loadIPPluginJar : add comp
2025-04-19 17:02:06,277 [INFO] IPUIPlugin:80 - create IPUIPlugin
2025-04-19 17:02:06,277 [INFO] PluginManager:220 - loadIPPluginJar : add cryp
2025-04-19 17:02:06,293 [INFO] IPUIPlugin:80 - create IPUIPlugin
2025-04-19 17:02:06,293 [INFO] PluginManager:220 - loadIPPluginJar : add ddr_ctrl_phy
2025-04-19 17:02:06,350 [INFO] IPUIPlugin:80 - create IPUIPlugin
2025-04-19 17:02:06,350 [INFO] PluginManager:220 - loadIPPluginJar : add dfsdm
2025-04-19 17:02:06,375 [INFO] IPUIPlugin:80 - create IPUIPlugin
2025-04-19 17:02:06,376 [INFO] PluginManager:220 - loadIPPluginJar : add dma
2025-04-19 17:02:06,443 [INFO] IPUIPlugin:80 - create IPUIPlugin
2025-04-19 17:02:06,443 [INFO] PluginManager:220 - loadIPPluginJar : add dma3
2025-04-19 17:02:06,524 [INFO] IPUIPlugin:80 - create IPUIPlugin
2025-04-19 17:02:06,525 [INFO] PluginManager:220 - loadIPPluginJar : add extmemmanager
2025-04-19 17:02:06,565 [INFO] IPUIPlugin:80 - create IPUIPlugin
2025-04-19 17:02:06,565 [INFO] PluginManager:220 - loadIPPluginJar : add fatfs
2025-04-19 17:02:06,648 [INFO] IPUIPlugin:80 - create IPUIPlugin
2025-04-19 17:02:06,648 [INFO] PluginManager:220 - loadIPPluginJar : add fmc
2025-04-19 17:02:06,671 [INFO] IPUIPlugin:80 - create IPUIPlugin
2025-04-19 17:02:06,672 [INFO] PluginManager:220 - loadIPPluginJar : add freertos
2025-04-19 17:02:06,707 [INFO] IPUIPlugin:80 - create IPUIPlugin
2025-04-19 17:02:06,707 [INFO] PluginManager:220 - loadIPPluginJar : add genericplugin
2025-04-19 17:02:06,863 [INFO] IPUIPlugin:80 - create IPUIPlugin
2025-04-19 17:02:06,864 [INFO] PluginManager:220 - loadIPPluginJar : add gfxmmu
2025-04-19 17:02:07,094 [INFO] IPUIPlugin:80 - create IPUIPlugin
2025-04-19 17:02:07,094 [INFO] PluginManager:220 - loadIPPluginJar : add gic
2025-04-19 17:02:07,114 [INFO] IPUIPlugin:80 - create IPUIPlugin
2025-04-19 17:02:07,114 [INFO] PluginManager:220 - loadIPPluginJar : add gpio
2025-04-19 17:02:07,260 [INFO] IPUIPlugin:80 - create IPUIPlugin
2025-04-19 17:02:07,260 [INFO] PluginManager:220 - loadIPPluginJar : add gtzc
2025-04-19 17:02:07,316 [INFO] IPUIPlugin:80 - create IPUIPlugin
2025-04-19 17:02:07,316 [INFO] PluginManager:220 - loadIPPluginJar : add hash
2025-04-19 17:02:07,403 [INFO] IPUIPlugin:80 - create IPUIPlugin
2025-04-19 17:02:07,403 [INFO] PluginManager:220 - loadIPPluginJar : add i2c
2025-04-19 17:02:07,477 [INFO] IPUIPlugin:80 - create IPUIPlugin
2025-04-19 17:02:07,478 [INFO] PluginManager:220 - loadIPPluginJar : add i2s
2025-04-19 17:02:07,542 [INFO] IPUIPlugin:80 - create IPUIPlugin
2025-04-19 17:02:07,542 [INFO] PluginManager:220 - loadIPPluginJar : add i3c
2025-04-19 17:02:07,715 [INFO] IPUIPlugin:80 - create IPUIPlugin
2025-04-19 17:02:07,715 [INFO] PluginManager:220 - loadIPPluginJar : add ipddr
2025-04-19 17:02:07,890 [INFO] IPUIPlugin:80 - create IPUIPlugin
2025-04-19 17:02:07,891 [INFO] PluginManager:220 - loadIPPluginJar : add linkedlist
2025-04-19 17:02:07,948 [INFO] IPUIPlugin:80 - create IPUIPlugin
2025-04-19 17:02:07,948 [INFO] PluginManager:220 - loadIPPluginJar : add lorawan
2025-04-19 17:02:08,012 [INFO] IPUIPlugin:80 - create IPUIPlugin
2025-04-19 17:02:08,012 [INFO] PluginManager:220 - loadIPPluginJar : add ltdc
2025-04-19 17:02:08,035 [INFO] IPUIPlugin:80 - create IPUIPlugin
2025-04-19 17:02:08,036 [INFO] PluginManager:220 - loadIPPluginJar : add mdma
2025-04-19 17:02:08,056 [INFO] IPUIPlugin:80 - create IPUIPlugin
2025-04-19 17:02:08,056 [INFO] PluginManager:220 - loadIPPluginJar : add nvic
2025-04-19 17:02:08,162 [INFO] IPUIPlugin:80 - create IPUIPlugin
2025-04-19 17:02:08,162 [INFO] PluginManager:220 - loadIPPluginJar : add opamp
2025-04-19 17:02:08,165 [INFO] ThirdPartyUpdaterWithRetryManager:70 - Updater plugin not ready yet. [2/15]
2025-04-19 17:02:08,269 [INFO] IPUIPlugin:80 - create IPUIPlugin
2025-04-19 17:02:08,270 [INFO] PluginManager:220 - loadIPPluginJar : add openamp
2025-04-19 17:02:08,353 [INFO] IPUIPlugin:80 - create IPUIPlugin
2025-04-19 17:02:08,354 [INFO] PluginManager:220 - loadIPPluginJar : add pdm2pcm
2025-04-19 17:02:08,374 [INFO] IPUIPlugin:80 - create IPUIPlugin
2025-04-19 17:02:08,378 [INFO] PluginManager:220 - loadIPPluginJar : add plateformsettings
2025-04-19 17:02:08,423 [INFO] IPUIPlugin:80 - create IPUIPlugin
2025-04-19 17:02:08,423 [INFO] PluginManager:220 - loadIPPluginJar : add quadspi
2025-04-19 17:02:08,470 [INFO] IPUIPlugin:80 - create IPUIPlugin
2025-04-19 17:02:08,471 [INFO] PluginManager:220 - loadIPPluginJar : add radio
2025-04-19 17:02:08,488 [INFO] IPUIPlugin:80 - create IPUIPlugin
2025-04-19 17:02:08,488 [INFO] PluginManager:220 - loadIPPluginJar : add resmgrutility
2025-04-19 17:02:08,561 [INFO] IPUIPlugin:80 - create IPUIPlugin
2025-04-19 17:02:08,562 [INFO] PluginManager:220 - loadIPPluginJar : add sai
2025-04-19 17:02:08,626 [INFO] IPUIPlugin:80 - create IPUIPlugin
2025-04-19 17:02:08,626 [INFO] PluginManager:220 - loadIPPluginJar : add spi
2025-04-19 17:02:08,738 [INFO] IPUIPlugin:80 - create IPUIPlugin
2025-04-19 17:02:08,738 [INFO] PluginManager:220 - loadIPPluginJar : add stm32_wpan
2025-04-19 17:02:08,782 [INFO] IPUIPlugin:80 - create IPUIPlugin
2025-04-19 17:02:08,783 [INFO] PluginManager:220 - loadIPPluginJar : add tim
2025-04-19 17:02:08,912 [INFO] IPUIPlugin:80 - create IPUIPlugin
2025-04-19 17:02:08,912 [INFO] PluginManager:220 - loadIPPluginJar : add touchsensing
2025-04-19 17:02:08,960 [INFO] IPUIPlugin:80 - create IPUIPlugin
2025-04-19 17:02:08,960 [INFO] PluginManager:220 - loadIPPluginJar : add tracer_emb
2025-04-19 17:02:09,004 [INFO] IPUIPlugin:80 - create IPUIPlugin
2025-04-19 17:02:09,004 [INFO] PluginManager:220 - loadIPPluginJar : add ts
2025-04-19 17:02:09,050 [INFO] IPUIPlugin:80 - create IPUIPlugin
2025-04-19 17:02:09,051 [INFO] PluginManager:220 - loadIPPluginJar : add tsc
2025-04-19 17:02:09,114 [INFO] IPUIPlugin:80 - create IPUIPlugin
2025-04-19 17:02:09,114 [INFO] PluginManager:220 - loadIPPluginJar : add ucpd
2025-04-19 17:02:09,250 [INFO] IPUIPlugin:80 - create IPUIPlugin
2025-04-19 17:02:09,250 [INFO] PluginManager:220 - loadIPPluginJar : add usart
2025-04-19 17:02:09,349 [INFO] IPUIPlugin:80 - create IPUIPlugin
2025-04-19 17:02:09,349 [INFO] PluginManager:220 - loadIPPluginJar : add usbx
2025-04-19 17:02:09,591 [INFO] CADModel:165 - CPN selected for project level
2025-04-19 17:02:09,591 [INFO] CADModel:114 - Register for checkConnection events
2025-04-19 17:02:09,592 [FATAL] Updater:334 - Updater called before beeing initialized
2025-04-19 17:02:09,592 [ERROR] CADModel:125 - Updater not yet initialized, retry later 
2025-04-19 17:02:09,941 [INFO] CADModel:165 - CPN selected for project level
2025-04-19 17:02:09,942 [INFO] CADModel:114 - Register for checkConnection events
2025-04-19 17:02:09,942 [FATAL] Updater:334 - Updater called before beeing initialized
2025-04-19 17:02:09,942 [ERROR] CADModel:125 - Updater not yet initialized, retry later 
2025-04-19 17:02:09,948 [FATAL] Updater:334 - Updater called before beeing initialized
2025-04-19 17:02:10,188 [FATAL] Updater:334 - Updater called before beeing initialized
2025-04-19 17:02:10,215 [INFO] DbMcusAds:53 - JSON generation date=Thu Mar 06 20:24:21 IST 2025 (1741272861825)
2025-04-19 17:02:10,215 [FATAL] Updater:334 - Updater called before beeing initialized
2025-04-19 17:02:10,268 [WARN] DetailPanel:346 - Failed to get advertising image, set to default
2025-04-19 17:02:10,387 [FATAL] Updater:334 - Updater called before beeing initialized
2025-04-19 17:02:10,389 [FATAL] Updater:334 - Updater called before beeing initialized
2025-04-19 17:02:10,389 [FATAL] Updater:334 - Updater called before beeing initialized
2025-04-19 17:02:10,390 [WARN] DetailPanel:346 - Failed to get advertising image, set to default
2025-04-19 17:02:10,390 [FATAL] Updater:334 - Updater called before beeing initialized
2025-04-19 17:02:10,485 [ERROR] Updater:1164 - MainUpdater not yet initialized. External WinMGr cannot be set.
2025-04-19 17:02:10,510 [INFO] Updater:1100 - Updater Version found : 6.12.1
2025-04-19 17:02:10,540 [INFO] ApplicationProperties:184 - Using Application install path: C:\ST\STM32CubeIDE_1.16.1\STM32CubeIDE\plugins\com.st.stm32cube.common.mx_6.12.1.202409122256
2025-04-19 17:02:11,167 [INFO] ThirdPartyUpdaterWithRetryManager:70 - Updater plugin not ready yet. [3/15]
2025-04-19 17:02:12,143 [ERROR] LogOutputStream:75 - [STDERR_REDIRECT] Apr 19, 2025 5:02:12 PM java.util.prefs.WindowsPreferences <init>
2025-04-19 17:02:12,146 [ERROR] LogOutputStream:75 - [STDERR_REDIRECT] WARNING: Could not open/create prefs root node Software\JavaSoft\Prefs at root 0xffffffff80000002. Windows RegCreateKeyEx(...) returned error code 5.
2025-04-19 17:02:12,146 [ERROR] LogOutputStream:75 - [STDERR_REDIRECT] 
2025-04-19 17:02:13,033 [INFO] MainUpdater:2873 - connection check result : 10
2025-04-19 17:02:13,034 [INFO] MainUpdater:290 - Updater Check For Update Now.
2025-04-19 17:02:13,034 [INFO] MicroXplorer:498 - Change Database Version : DB.6.0.121
2025-04-19 17:02:13,071 [INFO] McuFinderGlobals:63 - Set McuFinder mode to 2 (CubeIDE integrated)
2025-04-19 17:02:13,091 [INFO] UserAuth:417 - Internet connection configuration mode: 1
2025-04-19 17:02:13,170 [INFO] JxBrowserEngine:152 - Initiate JxBrowser Engine with user profile folder
2025-04-19 17:02:13,373 [INFO] CheckServerUpdateThread:120 - End of CheckServer Thread
2025-04-19 17:02:14,659 [WARN] PackLoader:240 - Cannot read IP mode file for STMicroelectronics.FP-SNS-MOTENVWB1.1.4.0
2025-04-19 17:02:14,693 [WARN] PackLoader:240 - Cannot read IP mode file for STMicroelectronics.FP-ATR-ASTRA1.2.0.2
2025-04-19 17:02:14,713 [WARN] PackLoader:240 - Cannot read IP mode file for STMicroelectronics.FP-ATR-ASTRA1.2.0.1
2025-04-19 17:02:14,742 [WARN] PackLoader:240 - Cannot read IP mode file for STMicroelectronics.X-CUBE-SMBUS.2.1.0
2025-04-19 17:02:14,776 [WARN] PackLoader:240 - Cannot read IP mode file for STMicroelectronics.X-CUBE-WB05N.1.1.0
2025-04-19 17:02:14,871 [WARN] PackLoader:240 - Cannot read IP mode file for STMicroelectronics.X-CUBE-AZRTOS-F7.1.1.0
2025-04-19 17:02:14,912 [WARN] PackLoader:240 - Cannot read IP mode file for STMicroelectronics.FP-SNS-FLIGHT1.5.0.2
2025-04-19 17:02:14,986 [WARN] PackLoader:240 - Cannot read IP mode file for Infineon.AIROC-Wi-Fi-Bluetooth-STM32.1.7.0
2025-04-19 17:02:15,030 [WARN] PackLoader:240 - Cannot read IP mode file for STMicroelectronics.X-CUBE-DISPLAY.3.0.0
2025-04-19 17:02:15,070 [WARN] PackLoader:240 - Cannot read IP mode file for STMicroelectronics.X-CUBE-BLE1.7.0.0
2025-04-19 17:02:15,100 [WARN] PackLoader:240 - Cannot read IP mode file for STMicroelectronics.X-CUBE-NFC10.1.0.0
2025-04-19 17:02:15,140 [WARN] PackLoader:240 - Cannot read IP mode file for STMicroelectronics.X-CUBE-BLEMGR.4.0.0
2025-04-19 17:02:15,192 [WARN] PackLoader:240 - Cannot read IP mode file for emotas.I-CUBE-CANOPEN.1.3.0
2025-04-19 17:02:15,224 [WARN] PackLoader:240 - Cannot read IP mode file for STMicroelectronics.X-CUBE-AI.10.0.0
2025-04-19 17:02:15,256 [WARN] PackLoader:240 - Cannot read IP mode file for STMicroelectronics.FP-SNS-SMARTAG2.1.2.0
2025-04-19 17:02:15,284 [ERROR] Engine:466 - C:\Users\kjeya\.stm32cubemx\thirdparties\pdsc\STMicroelectronics.FP-SNS-FLIGHT1.5.1.0.pdsc: PDSC version is not supported
2025-04-19 17:02:15,388 [WARN] PackLoader:240 - Cannot read IP mode file for STMicroelectronics.X-CUBE-MEMS1.11.1.0
2025-04-19 17:02:15,744 [INFO] LogOutputStream:77 - [STDOUT_REDIRECT] 1 : Invalid condition id : UX_CORESTACK_Condition cause : null
2025-04-19 17:02:15,745 [INFO] LogOutputStream:77 - [STDOUT_REDIRECT] 1 : Invalid condition id : UX_CORESTACK_Condition cause : null
2025-04-19 17:02:15,748 [INFO] LogOutputStream:77 - [STDOUT_REDIRECT] 1 : Invalid condition id : UX_CORESTACK_Condition cause : null
2025-04-19 17:02:15,750 [INFO] LogOutputStream:77 - [STDOUT_REDIRECT] 1 : Invalid condition id : UX_CORESTACK_Condition cause : null
2025-04-19 17:02:15,754 [INFO] LogOutputStream:77 - [STDOUT_REDIRECT] 1 : Invalid condition id : UX_CORESTACK_Condition cause : null
2025-04-19 17:02:15,760 [WARN] PackLoader:240 - Cannot read IP mode file for STMicroelectronics.X-CUBE-AZRTOS-WL.2.0.0
2025-04-19 17:02:15,800 [WARN] PackLoader:240 - Cannot read IP mode file for STMicroelectronics.FP-SNS-MOTENV1.5.0.0
2025-04-19 17:02:15,838 [WARN] PackLoader:240 - Cannot read IP mode file for wolfSSL.I-CUBE-wolfMQTT.1.19.0
2025-04-19 17:02:15,890 [WARN] PackLoader:240 - Cannot read IP mode file for WES.I-CUBE-Cesium.1.3.0
2025-04-19 17:02:16,109 [WARN] PackLoader:240 - Cannot read IP mode file for STMicroelectronics.X-CUBE-BLE2.3.3.0
2025-04-19 17:02:16,154 [WARN] PackLoader:240 - Cannot read IP mode file for STMicroelectronics.X-CUBE-NFC9.1.0.0
2025-04-19 17:02:16,185 [WARN] PackLoader:240 - Cannot read IP mode file for STMicroelectronics.X-CUBE-BLE1.7.1.0
2025-04-19 17:02:16,243 [WARN] PackLoader:240 - Cannot read IP mode file for STMicroelectronics.X-CUBE-AZRTOS-G0.1.1.0
2025-04-19 17:02:16,275 [WARN] PackLoader:240 - Cannot read IP mode file for STMicroelectronics.X-CUBE-SAFEA1.1.2.2
2025-04-19 17:02:16,309 [WARN] PackLoader:240 - Cannot read IP mode file for STMicroelectronics.X-CUBE-NFC4.3.0.0
2025-04-19 17:02:16,348 [WARN] PackLoader:240 - Cannot read IP mode file for EmbeddedOffice.I-CUBE-FS-RTOS.1.0.1
2025-04-19 17:02:16,348 [ERROR] ConditionMgr:805 - Attr not supported : Dmpu
2025-04-19 17:02:16,349 [ERROR] ConditionMgr:805 - Attr not supported : Dmpu
2025-04-19 17:02:16,349 [ERROR] ConditionMgr:805 - Attr not supported : Dmpu
2025-04-19 17:02:16,349 [ERROR] ConditionMgr:805 - Attr not supported : Dmpu
2025-04-19 17:02:16,349 [ERROR] ConditionMgr:805 - Attr not supported : Dmpu
2025-04-19 17:02:16,349 [ERROR] ConditionMgr:805 - Attr not supported : Dmpu
2025-04-19 17:02:16,350 [ERROR] ConditionMgr:805 - Attr not supported : Dmpu
2025-04-19 17:02:16,350 [ERROR] ConditionMgr:805 - Attr not supported : Dmpu
2025-04-19 17:02:16,350 [ERROR] ConditionMgr:805 - Attr not supported : Dmpu
2025-04-19 17:02:16,350 [ERROR] ConditionMgr:805 - Attr not supported : Dmpu
2025-04-19 17:02:16,350 [ERROR] ConditionMgr:805 - Attr not supported : Dmpu
2025-04-19 17:02:16,350 [ERROR] ConditionMgr:805 - Attr not supported : Dmpu
2025-04-19 17:02:16,350 [ERROR] ConditionMgr:805 - Attr not supported : Dmpu
2025-04-19 17:02:16,351 [ERROR] ConditionMgr:805 - Attr not supported : Dmpu
2025-04-19 17:02:16,351 [ERROR] ConditionMgr:805 - Attr not supported : Dmpu
2025-04-19 17:02:16,351 [ERROR] ConditionMgr:805 - Attr not supported : Dmpu
2025-04-19 17:02:16,351 [ERROR] ConditionMgr:805 - Attr not supported : Dmpu
2025-04-19 17:02:16,351 [ERROR] ConditionMgr:805 - Attr not supported : Dmpu
2025-04-19 17:02:16,351 [ERROR] ConditionMgr:805 - Attr not supported : Dmpu
2025-04-19 17:02:16,352 [ERROR] ConditionMgr:805 - Attr not supported : Dmpu
2025-04-19 17:02:16,352 [ERROR] ConditionMgr:805 - Attr not supported : Dmpu
2025-04-19 17:02:16,352 [ERROR] ConditionMgr:805 - Attr not supported : Dmpu
2025-04-19 17:02:16,352 [ERROR] ConditionMgr:805 - Attr not supported : Dmpu
2025-04-19 17:02:16,352 [ERROR] ConditionMgr:805 - Attr not supported : Dmpu
2025-04-19 17:02:16,352 [ERROR] ConditionMgr:805 - Attr not supported : Dmpu
2025-04-19 17:02:16,353 [ERROR] ConditionMgr:805 - Attr not supported : Dmpu
2025-04-19 17:02:16,353 [ERROR] ConditionMgr:805 - Attr not supported : Dmpu
2025-04-19 17:02:16,353 [ERROR] ConditionMgr:805 - Attr not supported : Dmpu
2025-04-19 17:02:16,353 [ERROR] ConditionMgr:805 - Attr not supported : Dmpu
2025-04-19 17:02:16,353 [ERROR] ConditionMgr:805 - Attr not supported : Dmpu
2025-04-19 17:02:16,354 [ERROR] ConditionMgr:805 - Attr not supported : Dmpu
2025-04-19 17:02:16,354 [ERROR] ConditionMgr:805 - Attr not supported : Dmpu
2025-04-19 17:02:16,355 [ERROR] ConditionMgr:805 - Attr not supported : Dmpu
2025-04-19 17:02:16,355 [ERROR] ConditionMgr:805 - Attr not supported : Dmpu
2025-04-19 17:02:16,355 [ERROR] ConditionMgr:805 - Attr not supported : Dmpu
2025-04-19 17:02:16,355 [ERROR] ConditionMgr:805 - Attr not supported : Dmpu
2025-04-19 17:02:16,355 [ERROR] ConditionMgr:805 - Attr not supported : Dmpu
2025-04-19 17:02:16,355 [ERROR] ConditionMgr:805 - Attr not supported : Dmpu
2025-04-19 17:02:16,355 [ERROR] ConditionMgr:805 - Attr not supported : Dmpu
2025-04-19 17:02:16,355 [ERROR] ConditionMgr:805 - Attr not supported : Dmpu
2025-04-19 17:02:16,355 [ERROR] ConditionMgr:805 - Attr not supported : Dmpu
2025-04-19 17:02:16,356 [ERROR] ConditionMgr:805 - Attr not supported : Dmpu
2025-04-19 17:02:16,356 [ERROR] ConditionMgr:805 - Attr not supported : Dmpu
2025-04-19 17:02:16,356 [ERROR] ConditionMgr:805 - Attr not supported : Dmpu
2025-04-19 17:02:16,356 [ERROR] ConditionMgr:805 - Attr not supported : Dmpu
2025-04-19 17:02:16,356 [ERROR] ConditionMgr:805 - Attr not supported : Dmpu
2025-04-19 17:02:16,356 [ERROR] ConditionMgr:805 - Attr not supported : Dmpu
2025-04-19 17:02:16,356 [ERROR] ConditionMgr:805 - Attr not supported : Dmpu
2025-04-19 17:02:16,356 [ERROR] ConditionMgr:805 - Attr not supported : Dmpu
2025-04-19 17:02:16,357 [ERROR] ConditionMgr:805 - Attr not supported : Dmpu
2025-04-19 17:02:16,357 [ERROR] ConditionMgr:805 - Attr not supported : Dmpu
2025-04-19 17:02:16,357 [ERROR] ConditionMgr:805 - Attr not supported : Dmpu
2025-04-19 17:02:16,357 [ERROR] ConditionMgr:805 - Attr not supported : Dmpu
2025-04-19 17:02:16,357 [ERROR] ConditionMgr:805 - Attr not supported : Dmpu
2025-04-19 17:02:16,358 [ERROR] ConditionMgr:805 - Attr not supported : Dmpu
2025-04-19 17:02:16,358 [ERROR] ConditionMgr:805 - Attr not supported : Dmpu
2025-04-19 17:02:16,358 [ERROR] ConditionMgr:805 - Attr not supported : Dmpu
2025-04-19 17:02:16,358 [ERROR] ConditionMgr:805 - Attr not supported : Dmpu
2025-04-19 17:02:16,358 [ERROR] ConditionMgr:805 - Attr not supported : Dmpu
2025-04-19 17:02:16,359 [ERROR] ConditionMgr:805 - Attr not supported : Dmpu
2025-04-19 17:02:16,359 [ERROR] ConditionMgr:805 - Attr not supported : Dmpu
2025-04-19 17:02:16,359 [ERROR] ConditionMgr:805 - Attr not supported : Dmpu
2025-04-19 17:02:16,359 [ERROR] ConditionMgr:805 - Attr not supported : Dmpu
2025-04-19 17:02:16,359 [ERROR] ConditionMgr:805 - Attr not supported : Dmpu
2025-04-19 17:02:16,384 [ERROR] Engine:466 - C:\Users\kjeya\.stm32cubemx\thirdparties\pdsc\STMicroelectronics.X-CUBE-TCPP.4.2.0.pdsc: PDSC version is not supported
2025-04-19 17:02:16,412 [WARN] PackLoader:240 - Cannot read IP mode file for RealThread.X-CUBE-RT-Thread_Nano.4.1.1
2025-04-19 17:02:16,439 [WARN] PackLoader:240 - Cannot read IP mode file for STMicroelectronics.FP-ATR-SIGFOX1.3.2.0
2025-04-19 17:02:16,470 [WARN] ConditionMgr:438 - getConditionDescription Invalid condition id : Cortex-A Device cause : null
2025-04-19 17:02:16,513 [WARN] ConditionMgr:1039 - genDependencies : Invalid condition id : Cortex-A Device cause : null
2025-04-19 17:02:16,514 [WARN] ConditionMgr:1039 - genDependencies : Invalid condition id : Cortex-A Device cause : null
2025-04-19 17:02:16,514 [WARN] ConditionMgr:1039 - genDependencies : Invalid condition id : Cortex-A Device cause : null
2025-04-19 17:02:16,540 [WARN] PackLoader:240 - Cannot read IP mode file for STMicroelectronics.X-CUBE-EEPRMA1.5.1.0
2025-04-19 17:02:16,565 [WARN] PackLoader:240 - Cannot read IP mode file for wolfSSL.I-CUBE-wolfSSL.5.7.4
2025-04-19 17:02:16,592 [WARN] PackLoader:240 - Cannot read IP mode file for ITTIA_DB.I-CUBE-ITTIADB.8.9.0
2025-04-19 17:02:16,669 [WARN] PackLoader:240 - Cannot read IP mode file for SEGGER.I-CUBE-embOS.1.3.1
2025-04-19 17:02:16,760 [WARN] PackLoader:240 - Cannot read IP mode file for STMicroelectronics.X-CUBE-ALGOBUILD.1.4.0
2025-04-19 17:02:16,790 [WARN] PackLoader:240 - Cannot read IP mode file for STMicroelectronics.X-CUBE-AI.9.1.0
2025-04-19 17:02:16,846 [WARN] PackLoader:240 - Cannot read IP mode file for STMicroelectronics.X-CUBE-AZRTOS-F4.1.1.0
2025-04-19 17:02:16,878 [WARN] PackLoader:240 - Cannot read IP mode file for STMicroelectronics.X-CUBE-ISPU.2.1.0
2025-04-19 17:02:16,934 [WARN] PackLoader:240 - Cannot read IP mode file for STMicroelectronics.X-CUBE-AZRTOS-L5.2.0.0
2025-04-19 17:02:16,969 [WARN] PackLoader:240 - Cannot read IP mode file for STMicroelectronics.X-CUBE-NFC6.3.1.0
2025-04-19 17:02:17,000 [WARN] PackLoader:240 - Cannot read IP mode file for STMicroelectronics.X-CUBE-DPower.1.2.0
2025-04-19 17:02:17,028 [WARN] PackLoader:240 - Cannot read IP mode file for STMicroelectronics.X-CUBE-FREERTOS.1.3.0
2025-04-19 17:02:17,057 [WARN] PackLoader:240 - Cannot read IP mode file for STMicroelectronics.X-CUBE-NFC7.1.0.1
2025-04-19 17:02:17,086 [WARN] PackLoader:240 - Cannot read IP mode file for STMicroelectronics.X-CUBE-DPower.1.3.0
2025-04-19 17:02:17,151 [WARN] ConditionMgr:438 - getConditionDescription Invalid condition id : LAN8742 Phy interface Condition cause : null
2025-04-19 17:02:17,152 [WARN] PackLoader:240 - Cannot read IP mode file for STMicroelectronics.X-CUBE-AZRTOS-L4.2.0.0
2025-04-19 17:02:17,154 [WARN] ConditionMgr:1039 - genDependencies : Invalid condition id : LAN8742 Phy interface Condition cause : null
2025-04-19 17:02:17,154 [WARN] ConditionMgr:1039 - genDependencies : Invalid condition id : LAN8742 Phy interface Condition cause : null
2025-04-19 17:02:17,155 [WARN] ConditionMgr:1039 - genDependencies : Invalid condition id : LAN8742 Phy interface Condition cause : null
2025-04-19 17:02:17,185 [WARN] PackLoader:240 - Cannot read IP mode file for STMicroelectronics.X-CUBE-SFXS2LP1.4.0.0
2025-04-19 17:02:17,269 [WARN] PackLoader:240 - Cannot read IP mode file for STMicroelectronics.X-CUBE-AZRTOS-H7.3.3.0
2025-04-19 17:02:17,313 [WARN] PackLoader:240 - Cannot read IP mode file for STMicroelectronics.X-CUBE-IPS.3.0.0
2025-04-19 17:02:17,369 [WARN] ConditionMgr:438 - getConditionDescription Invalid condition id : UX DEVICE CLASS RTOS Condition cause : null
2025-04-19 17:02:17,370 [WARN] ConditionMgr:438 - getConditionDescription Invalid condition id : UX DEVICE CLASS RTOS Condition cause : null
2025-04-19 17:02:17,374 [WARN] PackLoader:240 - Cannot read IP mode file for STMicroelectronics.X-CUBE-AZRTOS-WB.2.0.0
2025-04-19 17:02:17,376 [WARN] ConditionMgr:1039 - genDependencies : Invalid condition id : UX DEVICE CLASS RTOS Condition cause : null
2025-04-19 17:02:17,377 [WARN] ConditionMgr:1039 - genDependencies : Invalid condition id : UX DEVICE CLASS RTOS Condition cause : null
2025-04-19 17:02:17,378 [WARN] ConditionMgr:1039 - genDependencies : Invalid condition id : UX DEVICE CLASS RTOS Condition cause : null
2025-04-19 17:02:17,379 [WARN] ConditionMgr:1039 - genDependencies : Invalid condition id : UX DEVICE CLASS RTOS Condition cause : null
2025-04-19 17:02:17,379 [WARN] ConditionMgr:1039 - genDependencies : Invalid condition id : UX DEVICE CLASS RTOS Condition cause : null
2025-04-19 17:02:17,413 [WARN] PackLoader:240 - Cannot read IP mode file for STMicroelectronics.X-CUBE-GNSS1.7.0.1
2025-04-19 17:02:17,445 [WARN] PackLoader:240 - Cannot read IP mode file for STMicroelectronics.X-CUBE-TOUCHGFX.4.25.0
2025-04-19 17:02:17,477 [WARN] PackLoader:240 - Cannot read IP mode file for STMicroelectronics.FP-SNS-STBOX1.2.0.0
2025-04-19 17:02:17,522 [WARN] PackLoader:240 - Cannot read IP mode file for STMicroelectronics.X-CUBE-SUBG2.5.0.0
2025-04-19 17:02:17,590 [WARN] PackLoader:240 - Cannot read IP mode file for STMicroelectronics.X-CUBE-AZRTOS-H7RS.1.1.0
2025-04-19 17:02:17,615 [WARN] PackLoader:240 - Cannot read IP mode file for Cesanta.I-CUBE-Mongoose.7.13.0
2025-04-19 17:02:17,669 [WARN] PackLoader:240 - Cannot read IP mode file for STMicroelectronics.X-CUBE-AZRTOS-G4.2.0.0
2025-04-19 17:02:17,710 [ERROR] Engine:466 - C:\Users\kjeya\.stm32cubemx\thirdparties\pdsc\STMicroelectronics.X-CUBE-IPS.3.1.0.pdsc: PDSC version is not supported
2025-04-19 17:02:17,742 [WARN] PackLoader:240 - Cannot read IP mode file for STMicroelectronics.X-CUBE-ALS.1.0.2
2025-04-19 17:02:17,781 [WARN] PackLoader:240 - Cannot read IP mode file for STMicroelectronics.X-CUBE-TOUCHGFX.4.24.0
2025-04-19 17:02:17,974 [WARN] PackLoader:240 - Cannot read IP mode file for STMicroelectronics.X-CUBE-TOUCHGFX.4.24.2
2025-04-19 17:02:18,115 [WARN] PackLoader:240 - Cannot read IP mode file for STMicroelectronics.X-CUBE-TOUCHGFX.4.24.1
2025-04-19 17:02:18,147 [WARN] PackLoader:240 - Cannot read IP mode file for wolfSSL.I-CUBE-wolfTPM.3.4.0
2025-04-19 17:02:18,187 [WARN] PackLoader:240 - Cannot read IP mode file for portGmbH.I-Cube-SoM-uGOAL.1.1.0
2025-04-19 17:02:18,393 [WARN] PackLoader:240 - Cannot read IP mode file for STMicroelectronics.X-CUBE-AZRTOS-H7RS.1.0.0
2025-04-19 17:02:18,443 [WARN] PackLoader:240 - Cannot read IP mode file for STMicroelectronics.X-CUBE-TOF1.3.4.2
2025-04-19 17:02:18,496 [WARN] PackLoader:240 - Cannot read IP mode file for wolfSSL.I-CUBE-wolfSSH.1.4.17
2025-04-19 17:02:18,497 [INFO] ThirdParty:978 - Integrity check success = true
2025-04-19 17:02:18,497 [INFO] IntegrityCheckThread:100 - exiting critical section [integrity check]
2025-04-19 17:02:18,497 [INFO] IntegrityCheckThread:103 - End integrity checks thread
2025-04-19 17:02:19,391 [INFO] WebApp:167 - Instantiating new browser for Auth
2025-04-19 17:02:21,229 [INFO] WebApp:448 - Apply proxy settings
2025-04-19 17:02:21,231 [INFO] WebApp:533 - Chromium requires no authentication
2025-04-19 17:02:21,251 [INFO] WebApp:476 - Direct internet connection detected
2025-04-19 17:02:21,308 [INFO] WebApp:869 - Register for checkConnection events
2025-04-19 17:02:21,309 [INFO] WebApp:448 - Apply proxy settings
2025-04-19 17:02:21,309 [INFO] WebApp:533 - Chromium requires no authentication
2025-04-19 17:02:21,310 [INFO] WebApp:476 - Direct internet connection detected
2025-04-19 17:02:21,628 [INFO] WebApp:186 - Connection restablished
2025-04-19 17:02:21,721 [INFO] WebApp:220 - Starting web application
2025-04-19 17:02:21,722 [INFO] WebApp:578 - Web application path used C:\ST\STM32CubeIDE_1.16.1\STM32CubeIDE\plugins\com.st.stm32cube.common.mx_6.12.1.202409122256\db\plugins\mcufinder\reactClient1\index.html
2025-04-19 17:02:22,344 [INFO] UserAuth:417 - Internet connection configuration mode: 1
2025-04-19 17:03:33,658 [INFO] McuFinderGlobals:63 - Set McuFinder mode to 2 (CubeIDE integrated)
2025-04-19 17:03:33,701 [INFO] MainUpdater:2873 - connection check result : 10
2025-04-19 17:03:33,741 [INFO] McuFinderGlobals:76 - Set McuFinderConnectedMode to true
2025-04-19 17:03:34,246 [INFO] ServerAccessManage:473 - Download File mcusAds.json._tmp_
2025-04-19 17:03:34,385 [INFO] LoadUrlFilesThread:156 - End of LoadUrlFiles Thread
2025-04-19 17:03:34,766 [INFO] ServerAccessManage:473 - Download File cube-finder-db.zip
2025-04-19 17:03:57,501 [INFO] FileExtend:240 - Unzip File : cube-finder-db.zip
2025-04-19 17:03:57,502 [INFO] FileExtend:255 - Standard Zip Deflate
2025-04-19 17:03:59,352 [INFO] LoadUrlFilesThread:156 - End of LoadUrlFiles Thread
2025-04-19 17:04:00,253 [INFO] ServerAccessManage:473 - Download File crdb.zip
2025-04-19 17:04:01,476 [INFO] FileExtend:240 - Unzip File : crdb.zip
2025-04-19 17:04:01,477 [INFO] FileExtend:255 - Standard Zip Deflate
2025-04-19 17:04:01,641 [INFO] LoadUrlFilesThread:156 - End of LoadUrlFiles Thread
2025-04-19 17:04:01,856 [INFO] ServerAccessManage:473 - Download File tutoVideoDB.zip
2025-04-19 17:04:01,916 [INFO] FileExtend:240 - Unzip File : tutoVideoDB.zip
2025-04-19 17:04:01,917 [INFO] FileExtend:255 - Standard Zip Deflate
2025-04-19 17:04:02,065 [INFO] LoadUrlFilesThread:156 - End of LoadUrlFiles Thread
2025-04-19 17:04:02,073 [WARN] DbFile:41 - Overriding database path with different value: C:\Users\kjeya\.stmcufinder\plugins\mcufinder/ => C:\Users\kjeya\.stmcufinder\plugins\mcufinder
2025-04-19 17:04:02,329 [INFO] ServerAccessManage:473 - Download File api_config.json
2025-04-19 17:04:02,449 [INFO] LoadUrlFilesThread:156 - End of LoadUrlFiles Thread
2025-04-19 17:04:02,456 [INFO] DbMcusAds:53 - JSON generation date=Thu Mar 06 20:24:21 IST 2025 (1741272861825)
2025-04-19 17:04:02,522 [INFO] LoadUrlFilesThread:185 - End of LoadServerUrlFiles without Thread
2025-04-19 17:04:02,524 [INFO] TargetSelectorAdapter:259 - Refresh data is successful
2025-04-19 17:04:02,870 [INFO] ApiDb:581 - Connected to CubeFinder SQLite database (C:\Users\kjeya\.stmcufinder\plugins\mcufinder\mcu\cube-finder-db.db)
2025-04-19 17:04:02,978 [INFO] ApiDb:668 - CubeFinder database Data Model version=2.1
2025-04-19 17:04:02,978 [INFO] ApiDb:669 - CubeFinder database Configuration version=3.0.39
2025-04-19 17:04:02,979 [INFO] ApiDb:670 - CubeFinder database generation date=2025-03-24 (1742811287)
2025-04-19 17:04:02,979 [INFO] ApiDb:671 - CubeFinder database FW Pack versions=[FP-ATR-ASTRA1_V2.0.0, FP-SNS-FLIGHT1_V5.0.2, FP-SNS-MOTENV1_V5.0.0, FP-SNS-MOTENVWB1_V1.4.0, FP-SNS-SMARTAG2_V1.2.0, FP-SNS-STBOX1_V2.0.0, STM32Cube_FW_C0_V1.4.0, STM32Cube_FW_F4_V1.28.1, STM32Cube_FW_F7_V1.17.2, STM32Cube_FW_G0_V1.6.2, STM32Cube_FW_G4_V1.6.1, STM32Cube_FW_H5_V1.5.0, STM32Cube_FW_H7RS_V1.2.0, STM32Cube_FW_H7_V1.12.1, STM32Cube_FW_L0_V1.12.2, STM32Cube_FW_L4_V1.18.1, STM32Cube_FW_L5_V1.5.1, STM32Cube_FW_N6_V1.1.0, STM32Cube_FW_U0_V1.2.0, STM32Cube_FW_U3_V1.1.0, STM32Cube_FW_U5_V1.7.0, STM32Cube_FW_WB0_V1.2.0, STM32Cube_FW_WBA_V1.6.0, STM32Cube_FW_WB_V1.22.0, STM32Cube_FW_WL3_V1.1.0, STM32Cube_FW_WL_V1.3.1, X-CUBE-ALGOBUILD_V1.4.0, X-CUBE-ALS_V1.0.2, X-CUBE-AZRTOS-F4_V1.1.0, X-CUBE-AZRTOS-F7_V1.1.0, X-CUBE-AZRTOS-G0_V1.1.0, X-CUBE-AZRTOS-G4_V2.0.0, X-CUBE-AZRTOS-H7RS_V1.0.0, X-CUBE-AZRTOS-H7_V3.3.0, X-CUBE-AZRTOS-L4_V2.0.0, X-CUBE-AZRTOS-L5_V2.0.0, X-CUBE-AZRTOS-WB_V2.0.0, X-CUBE-AZRTOS-WL_V2.0.0, X-CUBE-BLE1_V7.1.0, X-CUBE-BLE2_V3.3.0, X-CUBE-BLEMGR_V4.0.0, X-CUBE-EEPRMA1_V5.1.0, X-CUBE-FREERTOS_V1.3.0, X-CUBE-GNSS1_V6.0.0, X-CUBE-MEMS1_V11.1.0, X-CUBE-NFC4_V3.0.0, X-CUBE-NFC7_V1.0.1, X-CUBE-SFXS2LP1_V4.0.0, X-CUBE-SUBG2_V5.0.0, X-CUBE-TOF1_V3.4.2]
2025-04-19 17:04:06,880 [INFO] ApiDb:240 - Found 646 in-development CPN: [B-G473E-ZEST1S, B-WB1M-WPAN1, B-WL5M-SUBG1, NUCLEO-C031C6, NUCLEO-C071RB, NUCLEO-H503RB, NUCLEO-H533RE, NUCLEO-H563ZI, NUCLEO-H7S3L8, NUCLEO-U031R8, NUCLEO-U083RC, NUCLEO-U545RE-Q, NUCLEO-U5A5ZJ-Q, NUCLEO-WB05KZ, NUCLEO-WB07CC, NUCLEO-WB09KE, NUCLEO-WBA52CG, NUCLEO-WBA55CG, STEVAL-PROTEUS1, STEVAL-SMARTAG2, STEVAL-STWINBX1, STM320518-EVAL, STM32C0116-DK, STM32C011D6Y3TR, STM32C011D6Y6TR, STM32C011F4P3, STM32C011F4P6, STM32C011F4U3, STM32C011F4U6TR, STM32C011F6P3, STM32C011F6P6, STM32C011F6U3, STM32C011F6U6TR, STM32C011J4M3, STM32C011J4M6, STM32C011J6M3, STM32C011J6M6, STM32C0316-DK, STM32C031C4T3, STM32C031C4T6, STM32C031C4U3, STM32C031C4U6, STM32C031C6T3, STM32C031C6T6, STM32C031C6U3, STM32C031C6U6, STM32C031F4P3, STM32C031F4P6, STM32C031F6P3, STM32C031F6P6, STM32C031G4U3, STM32C031G4U6, STM32C031G6U3, STM32C031G6U6, STM32C031K4T3, STM32C031K4T6, STM32C031K4U3, STM32C031K4U6, STM32C031K6T3, STM32C031K6T6, STM32C031K6U3, STM32C031K6U6, STM32C071C8T6, STM32C071C8T6N, STM32C071C8U6, STM32C071C8U6N, STM32C071CBT6, STM32C071CBT6N, STM32C071CBU6, STM32C071CBU6N, STM32C071F8P6, STM32C071F8P6N, STM32C071FBP6, STM32C071FBP6N, STM32C071FBY6TR, STM32C071G8U6, STM32C071G8U6N, STM32C071GBU6, STM32C071GBU6N, STM32C071K8T6, STM32C071K8T6N, STM32C071K8U6, STM32C071K8U6N, STM32C071KBT6, STM32C071KBT6N, STM32C071KBU6, STM32C071KBU6N, STM32C071R8T6, STM32C071R8T6N, STM32C071RBI6N, STM32C071RBT6, STM32C071RBT6N, STM32G071K8TXN, STM32G071K8UXN, STM32G081GBU6N, STM32G081KBT6N, STM32G081KBUXN, STM32G0B1CCT6N, STM32G0B1KCT6, STM32G0B1NEY6TR, STM32G0B1RCT6N, STM32G0C1CCT6, STM32G0C1CCT6N, STM32G0C1CCU6N, STM32G0C1CET6N, STM32G0C1CEU6N, STM32G0C1KCT6, STM32G0C1NEY6TR, STM32G0C1RCI6N, STM32G0C1RCT6N, STM32G0C1REI6N, STM32G0C1RET6N, STM32G0C1VCI6, STM32G0C1VEI6, STM32G411C6T3, STM32G411C6T6, STM32G411C6U3, STM32G411C6U6, STM32G411C8T3, STM32G411C8T6, STM32G411C8U3, STM32G411C8U6, STM32G411CBT3, STM32G411CBT6, STM32G411CBU3, STM32G411CBU6, STM32G411K6T3, STM32G411K6T6, STM32G411K6U3, STM32G411K6U6, STM32G411K8T3, STM32G411K8T6, STM32G411K8U3, STM32G411K8U6, STM32G411KBT3, STM32G411KBT6, STM32G411KBU3, STM32G411KBU6, STM32G411M6T3, STM32G411M6T6, STM32G411M8T3, STM32G411M8T6, STM32G411MBT3, STM32G411MBT6, STM32G411R6T3, STM32G411R6T6, STM32G411R8T3, STM32G411R8T6, STM32G411RBT3, STM32G411RBT6, STM32G414CBT3, STM32G414CBT6, STM32G414CBU3, STM32G414CBU6, STM32G414CCT3, STM32G414CCT6, STM32G414CCU3, STM32G414CCU6, STM32G414MBT3, STM32G414MBT6, STM32G414MCT3, STM32G414MCT6, STM32G414RBT3, STM32G414RBT6, STM32G414RCT3, STM32G414RCT6, STM32G414VBT3, STM32G414VBT6, STM32G414VCT3, STM32G414VCT6, STM32G431CBT3Z, STM32G431RBT3Z, STM32G471CCT6, STM32G471CCU6, STM32G471CET3, STM32G471CET6, STM32G471CEU3, STM32G471CEU6, STM32G471MCT6, STM32G471MET3, STM32G471MET6, STM32G471MEY6TR, STM32G471QCT6, STM32G471QET3, STM32G471RCT6, STM32G471RET3, STM32G471RET6, STM32G471VCH6, STM32G471VCI6, STM32G471VCT6, STM32G471VEH3, STM32G471VEH6, STM32G471VEI3, STM32G471VEI6, STM32G471VET3, STM32G471VET6, STM32G473QET3Z, STM32G473RET3Z, STM32G474CCT6, STM32G491RET3Z, STM32H503CBT6, STM32H503CBU6, STM32H503EBY6TR, STM32H503KBU6, STM32H503RBT6, STM32H523CCT6, STM32H523CCU6, STM32H523CET6, STM32H523CEU6, STM32H523HEY6TR, STM32H523RCT6, STM32H523RET6, STM32H523VCI6, STM32H523VCT6, STM32H523VEI6, STM32H523VET6, STM32H523ZCJ6, STM32H523ZCT6, STM32H523ZEJ6, STM32H523ZET6, STM32H533CET6, STM32H533CEU6, STM32H533HEY6TR, STM32H533RET6, STM32H533VEI6, STM32H533VET6, STM32H533ZEJ6, STM32H533ZET6, STM32H562AGI6, STM32H562AII6, STM32H562IGK6, STM32H562IGT6, STM32H562IIK6, STM32H562IIT6, STM32H562RGT6, STM32H562RGV6, STM32H562RIT6, STM32H562RIV6, STM32H562VGT6, STM32H562VIT6, STM32H562ZGT6, STM32H562ZIT6, STM32H563AGI6, STM32H563AII3Q, STM32H563AII6, STM32H563IGK6, STM32H563IGT6, STM32H563IIK3Q, STM32H563IIK6, STM32H563IIT3Q, STM32H563IIT6, STM32H563MIY3QTR, STM32H563RGT6, STM32H563RGV6, STM32H563RIT6, STM32H563RIV6, STM32H563VGT6, STM32H563VIT3Q, STM32H563VIT6, STM32H563ZGT6, STM32H563ZIT3Q, STM32H563ZIT6, STM32H573AII3Q, STM32H573AII6, STM32H573I-DK, STM32H573IIK3Q, STM32H573IIK6, STM32H573IIT3Q, STM32H573IIT6, STM32H573MIY3QTR, STM32H573RIT6, STM32H573RIV6, STM32H573VIT3Q, STM32H573VIT6, STM32H573ZIT3Q, STM32H573ZIT6, STM32H7R3A8I6, STM32H7R3I8K6, STM32H7R3I8T6, STM32H7R3L8H6, STM32H7R3L8H6H, STM32H7R3R8V6, STM32H7R3V8H6, STM32H7R3V8T6, STM32H7R3V8Y6TR, STM32H7R3Z8J6, STM32H7R3Z8T6, STM32H7R7A8I6, STM32H7R7I8K6, STM32H7R7I8T6, STM32H7R7L8H6, STM32H7R7L8H6H, STM32H7R7Z8J6, STM32H7S3A8I6, STM32H7S3I8K6, STM32H7S3I8T6, STM32H7S3L8H6, STM32H7S3L8H6H, STM32H7S3R8V6, STM32H7S3V8H6, STM32H7S3V8T6, STM32H7S3V8Y6TR, STM32H7S3Z8J6, STM32H7S3Z8T6, STM32H7S78-DK, STM32H7S7A8I6, STM32H7S7I8K6, STM32H7S7I8T6, STM32H7S7L8H6, STM32H7S7L8H6H, STM32H7S7Z8J6, STM32L4R5QGI6STR, STM32MP131AAE3, STM32MP131AAF3, STM32MP131AAG3, STM32MP131CAE3, STM32MP131CAF3, STM32MP131CAG3, STM32MP131DAE7, STM32MP131DAF7, STM32MP131DAG7, STM32MP131FAE7, STM32MP131FAF7, STM32MP131FAG7, STM32MP133AAE3, STM32MP133AAF3, STM32MP133AAG3, STM32MP133CAE3, STM32MP133CAF3, STM32MP133CAG3, STM32MP133DAE7, STM32MP133DAF7, STM32MP133DAG7, STM32MP133FAE7, STM32MP133FAF7, STM32MP133FAG7, STM32MP135AAE3, STM32MP135AAF3, STM32MP135AAG3, STM32MP135CAE3, STM32MP135CAF3, STM32MP135CAG3, STM32MP135DAE7, STM32MP135DAF7, STM32MP135DAG7, STM32MP135F-DK, STM32MP135FAE7, STM32MP135FAF7, STM32MP135FAF7T, STM32MP135FAF7U, STM32MP135FAG7, STM32MP251AAI3, STM32MP251AAK3, STM32MP251AAL3, STM32MP251CAI3, STM32MP251CAK3, STM32MP251CAL3, STM32MP251DAI3, STM32MP251DAK3, STM32MP251DAL3, STM32MP251FAI3, STM32MP251FAK3, STM32MP251FAL3, STM32MP253AAI3, STM32MP253AAK3, STM32MP253AAL3, STM32MP253CAI3, STM32MP253CAK3, STM32MP253CAL3, STM32MP253DAI3, STM32MP253DAK3, STM32MP253DAL3, STM32MP253FAI3, STM32MP253FAK3, STM32MP253FAL3, STM32MP255AAI3, STM32MP255AAK3, STM32MP255AAL3, STM32MP255CAI3, STM32MP255CAK3, STM32MP255CAL3, STM32MP255DAI3, STM32MP255DAK3, STM32MP255DAL3, STM32MP255FAI3, STM32MP255FAK3, STM32MP255FAL3, STM32MP257AAI3, STM32MP257AAK3, STM32MP257AAL3, STM32MP257CAI3, STM32MP257CAK3, STM32MP257CAL3, STM32MP257DAI3, STM32MP257DAK3, STM32MP257DAL3, STM32MP257F-DK, STM32MP257F-EV1, STM32MP257FAI3, STM32MP257FAK3, STM32MP257FAL3, STM32U031C6T6, STM32U031C6U6, STM32U031C8T6, STM32U031C8U6, STM32U031F4P6, STM32U031F6P6, STM32U031F8P6, STM32U031G6Y6TR, STM32U031G8Y6TR, STM32U031K4U6, STM32U031K6U6, STM32U031K8U6, STM32U031R6I6, STM32U031R6T6, STM32U031R8I6, STM32U031R8T6, STM32U073C8T6, STM32U073C8U6, STM32U073CBT6, STM32U073CBU6, STM32U073CCT6, STM32U073CCU6, STM32U073H8Y6TR, STM32U073HBY6TR, STM32U073HCY6TR, STM32U073K8U6, STM32U073KBU6, STM32U073KCU6, STM32U073M8I6, STM32U073M8T6, STM32U073MBI6, STM32U073MBT6, STM32U073MCI6, STM32U073MCT6, STM32U073R8I6, STM32U073R8T6, STM32U073RBI6, STM32U073RBT6, STM32U073RCI6, STM32U073RCT6, STM32U083C-DK, STM32U083CCT6, STM32U083CCU6, STM32U083HCY6TR, STM32U083KCU6, STM32U083MCI6, STM32U083MCT6, STM32U083RCI6, STM32U083RCT6, STM32U535CBT6, STM32U535CBT6Q, STM32U535CBU6, STM32U535CBU6Q, STM32U535CCT6, STM32U535CCT6Q, STM32U535CCU6, STM32U535CCU6Q, STM32U535CET6, STM32U535CET6Q, STM32U535CEU6, STM32U535CEU6Q, STM32U535JEY6QTR, STM32U535NCY6QTR, STM32U535NEY6QTR, STM32U535RBI6, STM32U535RBI6Q, STM32U535RBT6, STM32U535RBT6Q, STM32U535RCI6, STM32U535RCI6Q, STM32U535RCT6, STM32U535RCT6Q, STM32U535REI6, STM32U535REI6Q, STM32U535RET6, STM32U535RET6Q, STM32U535VCI6, STM32U535VCI6Q, STM32U535VCT6, STM32U535VCT6Q, STM32U535VEI6, STM32U535VEI6Q, STM32U535VET6, STM32U535VET6Q, STM32U545CET6, STM32U545CET6Q, STM32U545CEU6, STM32U545CEU6Q, STM32U545JEY6QTR, STM32U545NEY6QTR, STM32U545REI6, STM32U545REI6Q, STM32U545RET6, STM32U545RET6Q, STM32U545VEI6, STM32U545VEI6Q, STM32U545VET6, STM32U545VET6Q, STM32U595AIH6, STM32U595AIH6Q, STM32U595AJH6, STM32U595AJH6Q, STM32U595QII6, STM32U595QII6Q, STM32U595QJI6, STM32U595QJI6Q, STM32U595RIT6, STM32U595RIT6Q, STM32U595RJT6, STM32U595RJT6Q, STM32U595VIT6, STM32U595VIT6Q, STM32U595VJT6, STM32U595VJT6Q, STM32U595ZIT6, STM32U595ZIT6Q, STM32U595ZIY6QTR, STM32U595ZJT6, STM32U595ZJT6Q, STM32U595ZJY6QTR, STM32U599BJY6QTR, STM32U599NIH6Q, STM32U599NJH6Q, STM32U599VIT6Q, STM32U599VJT6, STM32U599VJT6Q, STM32U599ZIT6Q, STM32U599ZIY6QTR, STM32U599ZJT6Q, STM32U599ZJY6QTR, STM32U5A5AJH6, STM32U5A5AJH6Q, STM32U5A5QII3Q , STM32U5A5QJI6, STM32U5A5QJI6Q, STM32U5A5RJT6, STM32U5A5RJT6Q, STM32U5A5VJT6, STM32U5A5VJT6Q, STM32U5A5ZJT6, STM32U5A5ZJT6Q, STM32U5A5ZJY6QTR, STM32U5A9BJY6QTR, STM32U5A9J-DK, STM32U5A9NJH6Q, STM32U5A9VJT6Q, STM32U5A9ZJT6Q, STM32U5A9ZJY6QTR, STM32U5F7VIT6, STM32U5F7VIT6Q, STM32U5F7VJT6, STM32U5F7VJT6Q, STM32U5F9BJY6QTR, STM32U5F9NJH6Q, STM32U5F9VIT6Q, STM32U5F9VJT6Q, STM32U5F9ZIJ6QTR, STM32U5F9ZIT6Q, STM32U5F9ZJJ6QTR, STM32U5F9ZJT6Q, STM32U5G7VJT6, STM32U5G7VJT6Q, STM32U5G9BJY6QTR, STM32U5G9J-DK1, STM32U5G9J-DK2, STM32U5G9NJH6Q, STM32U5G9VJT6Q, STM32U5G9ZJJ6QTR, STM32U5G9ZJT6Q, STM32WB05KZV6TR, STM32WB05KZV7TR, STM32WB05TZF6TR, STM32WB05TZF7TR, STM32WB06CCF6TR, STM32WB06CCF7TR, STM32WB06CCV6TR, STM32WB06CCV7TR, STM32WB06KCV6TR, STM32WB06KCV7TR, STM32WB07CCF6TR, STM32WB07CCF7TR, STM32WB07CCV6TR, STM32WB07CCV7TR, STM32WB07KCV6TR, STM32WB07KCV7TR, STM32WB09KEV6TR, STM32WB09KEV7TR, STM32WB09TEF6TR, STM32WB09TEF7TR, STM32WB1MMCH6, STM32WBA50KGU6, STM32WBA50KGU6TR, STM32WBA52CEU6, STM32WBA52CEU6TR, STM32WBA52CEU7, STM32WBA52CEU7TR, STM32WBA52CGU6, STM32WBA52CGU6TR, STM32WBA52CGU6U, STM32WBA52CGU7, STM32WBA52CGU7TR, STM32WBA52KEU6, STM32WBA52KEU6TR, STM32WBA52KGU6, STM32WBA52KGU6TR, STM32WBA54CEU6, STM32WBA54CEU6TR, STM32WBA54CEU7, STM32WBA54CEU7TR, STM32WBA54CGU6, STM32WBA54CGU6TR, STM32WBA54CGU7, STM32WBA54CGU7TR, STM32WBA54KEU6, STM32WBA54KEU6TR, STM32WBA54KEU7, STM32WBA54KEU7TR, STM32WBA54KGU6, STM32WBA54KGU6TR, STM32WBA54KGU7, STM32WBA54KGU7TR, STM32WBA55CEU6, STM32WBA55CEU6TR, STM32WBA55CEU7, STM32WBA55CEU7TR, STM32WBA55CGU6, STM32WBA55CGU6TR, STM32WBA55CGU6U, STM32WBA55CGU7, STM32WBA55CGU7TR, STM32WBA55G-DK1, STM32WBA55HEF6, STM32WBA55HEF7, STM32WBA55HGF6, STM32WBA55HGF7, STM32WBA55UEI6, STM32WBA55UEI6TR, STM32WBA55UEI7, STM32WBA55UEI7TR, STM32WBA55UGI6, STM32WBA55UGI6TR, STM32WBA55UGI7, STM32WBA55UGI7TR, STM32WL5MOCH6, STM32WL5MOCH6TR]
2025-04-19 17:04:06,892 [INFO] DbMcus:218 - Found 4657 MCUs, 4657 are supported
2025-04-19 17:04:06,893 [INFO] ApiDb:423 - Load user favorites file C:\Users\kjeya/.stm32cubeide/favorites.mcus.txt: 0 item(s)
2025-04-19 17:04:06,894 [INFO] ApiDb:427 - User favorites MCUs=[]
2025-04-19 17:04:06,894 [INFO] DbMcus:224 - Set 0 / 0 favorites MCUs
2025-04-19 17:04:08,461 [INFO] ApiDb:668 - CubeFinder database Data Model version=2.1
2025-04-19 17:04:08,461 [INFO] ApiDb:669 - CubeFinder database Configuration version=3.0.39
2025-04-19 17:04:08,462 [INFO] ApiDb:670 - CubeFinder database generation date=2025-03-24 (1742811287)
2025-04-19 17:04:08,462 [INFO] ApiDb:671 - CubeFinder database FW Pack versions=[FP-ATR-ASTRA1_V2.0.0, FP-SNS-FLIGHT1_V5.0.2, FP-SNS-MOTENV1_V5.0.0, FP-SNS-MOTENVWB1_V1.4.0, FP-SNS-SMARTAG2_V1.2.0, FP-SNS-STBOX1_V2.0.0, STM32Cube_FW_C0_V1.4.0, STM32Cube_FW_F4_V1.28.1, STM32Cube_FW_F7_V1.17.2, STM32Cube_FW_G0_V1.6.2, STM32Cube_FW_G4_V1.6.1, STM32Cube_FW_H5_V1.5.0, STM32Cube_FW_H7RS_V1.2.0, STM32Cube_FW_H7_V1.12.1, STM32Cube_FW_L0_V1.12.2, STM32Cube_FW_L4_V1.18.1, STM32Cube_FW_L5_V1.5.1, STM32Cube_FW_N6_V1.1.0, STM32Cube_FW_U0_V1.2.0, STM32Cube_FW_U3_V1.1.0, STM32Cube_FW_U5_V1.7.0, STM32Cube_FW_WB0_V1.2.0, STM32Cube_FW_WBA_V1.6.0, STM32Cube_FW_WB_V1.22.0, STM32Cube_FW_WL3_V1.1.0, STM32Cube_FW_WL_V1.3.1, X-CUBE-ALGOBUILD_V1.4.0, X-CUBE-ALS_V1.0.2, X-CUBE-AZRTOS-F4_V1.1.0, X-CUBE-AZRTOS-F7_V1.1.0, X-CUBE-AZRTOS-G0_V1.1.0, X-CUBE-AZRTOS-G4_V2.0.0, X-CUBE-AZRTOS-H7RS_V1.0.0, X-CUBE-AZRTOS-H7_V3.3.0, X-CUBE-AZRTOS-L4_V2.0.0, X-CUBE-AZRTOS-L5_V2.0.0, X-CUBE-AZRTOS-WB_V2.0.0, X-CUBE-AZRTOS-WL_V2.0.0, X-CUBE-BLE1_V7.1.0, X-CUBE-BLE2_V3.3.0, X-CUBE-BLEMGR_V4.0.0, X-CUBE-EEPRMA1_V5.1.0, X-CUBE-FREERTOS_V1.3.0, X-CUBE-GNSS1_V6.0.0, X-CUBE-MEMS1_V11.1.0, X-CUBE-NFC4_V3.0.0, X-CUBE-NFC7_V1.0.1, X-CUBE-SFXS2LP1_V4.0.0, X-CUBE-SUBG2_V5.0.0, X-CUBE-TOF1_V3.4.2]
2025-04-19 17:04:08,717 [INFO] DbBoardsSqlite:226 - include board P-NUCLEO-WB55-NUCLEO as a kit item of type 'Nucleo-64'
2025-04-19 17:04:08,718 [INFO] DbBoardsSqlite:226 - include board P-NUCLEO-WB55-USBDONGLE as a kit item of type 'Nucleo USB Dongle'
2025-04-19 17:04:08,719 [INFO] DbBoardsSqlite:226 - include board STEVAL-IDP005V1 as a kit item of type 'Evaluation Board'
2025-04-19 17:04:08,720 [INFO] DbBoardsSqlite:226 - include board STEVAL-IDP005V2 as a kit item of type 'Evaluation Board'
2025-04-19 17:04:08,971 [INFO] ApiDb:240 - Found 646 in-development CPN: [B-G473E-ZEST1S, B-WB1M-WPAN1, B-WL5M-SUBG1, NUCLEO-C031C6, NUCLEO-C071RB, NUCLEO-H503RB, NUCLEO-H533RE, NUCLEO-H563ZI, NUCLEO-H7S3L8, NUCLEO-U031R8, NUCLEO-U083RC, NUCLEO-U545RE-Q, NUCLEO-U5A5ZJ-Q, NUCLEO-WB05KZ, NUCLEO-WB07CC, NUCLEO-WB09KE, NUCLEO-WBA52CG, NUCLEO-WBA55CG, STEVAL-PROTEUS1, STEVAL-SMARTAG2, STEVAL-STWINBX1, STM320518-EVAL, STM32C0116-DK, STM32C011D6Y3TR, STM32C011D6Y6TR, STM32C011F4P3, STM32C011F4P6, STM32C011F4U3, STM32C011F4U6TR, STM32C011F6P3, STM32C011F6P6, STM32C011F6U3, STM32C011F6U6TR, STM32C011J4M3, STM32C011J4M6, STM32C011J6M3, STM32C011J6M6, STM32C0316-DK, STM32C031C4T3, STM32C031C4T6, STM32C031C4U3, STM32C031C4U6, STM32C031C6T3, STM32C031C6T6, STM32C031C6U3, STM32C031C6U6, STM32C031F4P3, STM32C031F4P6, STM32C031F6P3, STM32C031F6P6, STM32C031G4U3, STM32C031G4U6, STM32C031G6U3, STM32C031G6U6, STM32C031K4T3, STM32C031K4T6, STM32C031K4U3, STM32C031K4U6, STM32C031K6T3, STM32C031K6T6, STM32C031K6U3, STM32C031K6U6, STM32C071C8T6, STM32C071C8T6N, STM32C071C8U6, STM32C071C8U6N, STM32C071CBT6, STM32C071CBT6N, STM32C071CBU6, STM32C071CBU6N, STM32C071F8P6, STM32C071F8P6N, STM32C071FBP6, STM32C071FBP6N, STM32C071FBY6TR, STM32C071G8U6, STM32C071G8U6N, STM32C071GBU6, STM32C071GBU6N, STM32C071K8T6, STM32C071K8T6N, STM32C071K8U6, STM32C071K8U6N, STM32C071KBT6, STM32C071KBT6N, STM32C071KBU6, STM32C071KBU6N, STM32C071R8T6, STM32C071R8T6N, STM32C071RBI6N, STM32C071RBT6, STM32C071RBT6N, STM32G071K8TXN, STM32G071K8UXN, STM32G081GBU6N, STM32G081KBT6N, STM32G081KBUXN, STM32G0B1CCT6N, STM32G0B1KCT6, STM32G0B1NEY6TR, STM32G0B1RCT6N, STM32G0C1CCT6, STM32G0C1CCT6N, STM32G0C1CCU6N, STM32G0C1CET6N, STM32G0C1CEU6N, STM32G0C1KCT6, STM32G0C1NEY6TR, STM32G0C1RCI6N, STM32G0C1RCT6N, STM32G0C1REI6N, STM32G0C1RET6N, STM32G0C1VCI6, STM32G0C1VEI6, STM32G411C6T3, STM32G411C6T6, STM32G411C6U3, STM32G411C6U6, STM32G411C8T3, STM32G411C8T6, STM32G411C8U3, STM32G411C8U6, STM32G411CBT3, STM32G411CBT6, STM32G411CBU3, STM32G411CBU6, STM32G411K6T3, STM32G411K6T6, STM32G411K6U3, STM32G411K6U6, STM32G411K8T3, STM32G411K8T6, STM32G411K8U3, STM32G411K8U6, STM32G411KBT3, STM32G411KBT6, STM32G411KBU3, STM32G411KBU6, STM32G411M6T3, STM32G411M6T6, STM32G411M8T3, STM32G411M8T6, STM32G411MBT3, STM32G411MBT6, STM32G411R6T3, STM32G411R6T6, STM32G411R8T3, STM32G411R8T6, STM32G411RBT3, STM32G411RBT6, STM32G414CBT3, STM32G414CBT6, STM32G414CBU3, STM32G414CBU6, STM32G414CCT3, STM32G414CCT6, STM32G414CCU3, STM32G414CCU6, STM32G414MBT3, STM32G414MBT6, STM32G414MCT3, STM32G414MCT6, STM32G414RBT3, STM32G414RBT6, STM32G414RCT3, STM32G414RCT6, STM32G414VBT3, STM32G414VBT6, STM32G414VCT3, STM32G414VCT6, STM32G431CBT3Z, STM32G431RBT3Z, STM32G471CCT6, STM32G471CCU6, STM32G471CET3, STM32G471CET6, STM32G471CEU3, STM32G471CEU6, STM32G471MCT6, STM32G471MET3, STM32G471MET6, STM32G471MEY6TR, STM32G471QCT6, STM32G471QET3, STM32G471RCT6, STM32G471RET3, STM32G471RET6, STM32G471VCH6, STM32G471VCI6, STM32G471VCT6, STM32G471VEH3, STM32G471VEH6, STM32G471VEI3, STM32G471VEI6, STM32G471VET3, STM32G471VET6, STM32G473QET3Z, STM32G473RET3Z, STM32G474CCT6, STM32G491RET3Z, STM32H503CBT6, STM32H503CBU6, STM32H503EBY6TR, STM32H503KBU6, STM32H503RBT6, STM32H523CCT6, STM32H523CCU6, STM32H523CET6, STM32H523CEU6, STM32H523HEY6TR, STM32H523RCT6, STM32H523RET6, STM32H523VCI6, STM32H523VCT6, STM32H523VEI6, STM32H523VET6, STM32H523ZCJ6, STM32H523ZCT6, STM32H523ZEJ6, STM32H523ZET6, STM32H533CET6, STM32H533CEU6, STM32H533HEY6TR, STM32H533RET6, STM32H533VEI6, STM32H533VET6, STM32H533ZEJ6, STM32H533ZET6, STM32H562AGI6, STM32H562AII6, STM32H562IGK6, STM32H562IGT6, STM32H562IIK6, STM32H562IIT6, STM32H562RGT6, STM32H562RGV6, STM32H562RIT6, STM32H562RIV6, STM32H562VGT6, STM32H562VIT6, STM32H562ZGT6, STM32H562ZIT6, STM32H563AGI6, STM32H563AII3Q, STM32H563AII6, STM32H563IGK6, STM32H563IGT6, STM32H563IIK3Q, STM32H563IIK6, STM32H563IIT3Q, STM32H563IIT6, STM32H563MIY3QTR, STM32H563RGT6, STM32H563RGV6, STM32H563RIT6, STM32H563RIV6, STM32H563VGT6, STM32H563VIT3Q, STM32H563VIT6, STM32H563ZGT6, STM32H563ZIT3Q, STM32H563ZIT6, STM32H573AII3Q, STM32H573AII6, STM32H573I-DK, STM32H573IIK3Q, STM32H573IIK6, STM32H573IIT3Q, STM32H573IIT6, STM32H573MIY3QTR, STM32H573RIT6, STM32H573RIV6, STM32H573VIT3Q, STM32H573VIT6, STM32H573ZIT3Q, STM32H573ZIT6, STM32H7R3A8I6, STM32H7R3I8K6, STM32H7R3I8T6, STM32H7R3L8H6, STM32H7R3L8H6H, STM32H7R3R8V6, STM32H7R3V8H6, STM32H7R3V8T6, STM32H7R3V8Y6TR, STM32H7R3Z8J6, STM32H7R3Z8T6, STM32H7R7A8I6, STM32H7R7I8K6, STM32H7R7I8T6, STM32H7R7L8H6, STM32H7R7L8H6H, STM32H7R7Z8J6, STM32H7S3A8I6, STM32H7S3I8K6, STM32H7S3I8T6, STM32H7S3L8H6, STM32H7S3L8H6H, STM32H7S3R8V6, STM32H7S3V8H6, STM32H7S3V8T6, STM32H7S3V8Y6TR, STM32H7S3Z8J6, STM32H7S3Z8T6, STM32H7S78-DK, STM32H7S7A8I6, STM32H7S7I8K6, STM32H7S7I8T6, STM32H7S7L8H6, STM32H7S7L8H6H, STM32H7S7Z8J6, STM32L4R5QGI6STR, STM32MP131AAE3, STM32MP131AAF3, STM32MP131AAG3, STM32MP131CAE3, STM32MP131CAF3, STM32MP131CAG3, STM32MP131DAE7, STM32MP131DAF7, STM32MP131DAG7, STM32MP131FAE7, STM32MP131FAF7, STM32MP131FAG7, STM32MP133AAE3, STM32MP133AAF3, STM32MP133AAG3, STM32MP133CAE3, STM32MP133CAF3, STM32MP133CAG3, STM32MP133DAE7, STM32MP133DAF7, STM32MP133DAG7, STM32MP133FAE7, STM32MP133FAF7, STM32MP133FAG7, STM32MP135AAE3, STM32MP135AAF3, STM32MP135AAG3, STM32MP135CAE3, STM32MP135CAF3, STM32MP135CAG3, STM32MP135DAE7, STM32MP135DAF7, STM32MP135DAG7, STM32MP135F-DK, STM32MP135FAE7, STM32MP135FAF7, STM32MP135FAF7T, STM32MP135FAF7U, STM32MP135FAG7, STM32MP251AAI3, STM32MP251AAK3, STM32MP251AAL3, STM32MP251CAI3, STM32MP251CAK3, STM32MP251CAL3, STM32MP251DAI3, STM32MP251DAK3, STM32MP251DAL3, STM32MP251FAI3, STM32MP251FAK3, STM32MP251FAL3, STM32MP253AAI3, STM32MP253AAK3, STM32MP253AAL3, STM32MP253CAI3, STM32MP253CAK3, STM32MP253CAL3, STM32MP253DAI3, STM32MP253DAK3, STM32MP253DAL3, STM32MP253FAI3, STM32MP253FAK3, STM32MP253FAL3, STM32MP255AAI3, STM32MP255AAK3, STM32MP255AAL3, STM32MP255CAI3, STM32MP255CAK3, STM32MP255CAL3, STM32MP255DAI3, STM32MP255DAK3, STM32MP255DAL3, STM32MP255FAI3, STM32MP255FAK3, STM32MP255FAL3, STM32MP257AAI3, STM32MP257AAK3, STM32MP257AAL3, STM32MP257CAI3, STM32MP257CAK3, STM32MP257CAL3, STM32MP257DAI3, STM32MP257DAK3, STM32MP257DAL3, STM32MP257F-DK, STM32MP257F-EV1, STM32MP257FAI3, STM32MP257FAK3, STM32MP257FAL3, STM32U031C6T6, STM32U031C6U6, STM32U031C8T6, STM32U031C8U6, STM32U031F4P6, STM32U031F6P6, STM32U031F8P6, STM32U031G6Y6TR, STM32U031G8Y6TR, STM32U031K4U6, STM32U031K6U6, STM32U031K8U6, STM32U031R6I6, STM32U031R6T6, STM32U031R8I6, STM32U031R8T6, STM32U073C8T6, STM32U073C8U6, STM32U073CBT6, STM32U073CBU6, STM32U073CCT6, STM32U073CCU6, STM32U073H8Y6TR, STM32U073HBY6TR, STM32U073HCY6TR, STM32U073K8U6, STM32U073KBU6, STM32U073KCU6, STM32U073M8I6, STM32U073M8T6, STM32U073MBI6, STM32U073MBT6, STM32U073MCI6, STM32U073MCT6, STM32U073R8I6, STM32U073R8T6, STM32U073RBI6, STM32U073RBT6, STM32U073RCI6, STM32U073RCT6, STM32U083C-DK, STM32U083CCT6, STM32U083CCU6, STM32U083HCY6TR, STM32U083KCU6, STM32U083MCI6, STM32U083MCT6, STM32U083RCI6, STM32U083RCT6, STM32U535CBT6, STM32U535CBT6Q, STM32U535CBU6, STM32U535CBU6Q, STM32U535CCT6, STM32U535CCT6Q, STM32U535CCU6, STM32U535CCU6Q, STM32U535CET6, STM32U535CET6Q, STM32U535CEU6, STM32U535CEU6Q, STM32U535JEY6QTR, STM32U535NCY6QTR, STM32U535NEY6QTR, STM32U535RBI6, STM32U535RBI6Q, STM32U535RBT6, STM32U535RBT6Q, STM32U535RCI6, STM32U535RCI6Q, STM32U535RCT6, STM32U535RCT6Q, STM32U535REI6, STM32U535REI6Q, STM32U535RET6, STM32U535RET6Q, STM32U535VCI6, STM32U535VCI6Q, STM32U535VCT6, STM32U535VCT6Q, STM32U535VEI6, STM32U535VEI6Q, STM32U535VET6, STM32U535VET6Q, STM32U545CET6, STM32U545CET6Q, STM32U545CEU6, STM32U545CEU6Q, STM32U545JEY6QTR, STM32U545NEY6QTR, STM32U545REI6, STM32U545REI6Q, STM32U545RET6, STM32U545RET6Q, STM32U545VEI6, STM32U545VEI6Q, STM32U545VET6, STM32U545VET6Q, STM32U595AIH6, STM32U595AIH6Q, STM32U595AJH6, STM32U595AJH6Q, STM32U595QII6, STM32U595QII6Q, STM32U595QJI6, STM32U595QJI6Q, STM32U595RIT6, STM32U595RIT6Q, STM32U595RJT6, STM32U595RJT6Q, STM32U595VIT6, STM32U595VIT6Q, STM32U595VJT6, STM32U595VJT6Q, STM32U595ZIT6, STM32U595ZIT6Q, STM32U595ZIY6QTR, STM32U595ZJT6, STM32U595ZJT6Q, STM32U595ZJY6QTR, STM32U599BJY6QTR, STM32U599NIH6Q, STM32U599NJH6Q, STM32U599VIT6Q, STM32U599VJT6, STM32U599VJT6Q, STM32U599ZIT6Q, STM32U599ZIY6QTR, STM32U599ZJT6Q, STM32U599ZJY6QTR, STM32U5A5AJH6, STM32U5A5AJH6Q, STM32U5A5QII3Q , STM32U5A5QJI6, STM32U5A5QJI6Q, STM32U5A5RJT6, STM32U5A5RJT6Q, STM32U5A5VJT6, STM32U5A5VJT6Q, STM32U5A5ZJT6, STM32U5A5ZJT6Q, STM32U5A5ZJY6QTR, STM32U5A9BJY6QTR, STM32U5A9J-DK, STM32U5A9NJH6Q, STM32U5A9VJT6Q, STM32U5A9ZJT6Q, STM32U5A9ZJY6QTR, STM32U5F7VIT6, STM32U5F7VIT6Q, STM32U5F7VJT6, STM32U5F7VJT6Q, STM32U5F9BJY6QTR, STM32U5F9NJH6Q, STM32U5F9VIT6Q, STM32U5F9VJT6Q, STM32U5F9ZIJ6QTR, STM32U5F9ZIT6Q, STM32U5F9ZJJ6QTR, STM32U5F9ZJT6Q, STM32U5G7VJT6, STM32U5G7VJT6Q, STM32U5G9BJY6QTR, STM32U5G9J-DK1, STM32U5G9J-DK2, STM32U5G9NJH6Q, STM32U5G9VJT6Q, STM32U5G9ZJJ6QTR, STM32U5G9ZJT6Q, STM32WB05KZV6TR, STM32WB05KZV7TR, STM32WB05TZF6TR, STM32WB05TZF7TR, STM32WB06CCF6TR, STM32WB06CCF7TR, STM32WB06CCV6TR, STM32WB06CCV7TR, STM32WB06KCV6TR, STM32WB06KCV7TR, STM32WB07CCF6TR, STM32WB07CCF7TR, STM32WB07CCV6TR, STM32WB07CCV7TR, STM32WB07KCV6TR, STM32WB07KCV7TR, STM32WB09KEV6TR, STM32WB09KEV7TR, STM32WB09TEF6TR, STM32WB09TEF7TR, STM32WB1MMCH6, STM32WBA50KGU6, STM32WBA50KGU6TR, STM32WBA52CEU6, STM32WBA52CEU6TR, STM32WBA52CEU7, STM32WBA52CEU7TR, STM32WBA52CGU6, STM32WBA52CGU6TR, STM32WBA52CGU6U, STM32WBA52CGU7, STM32WBA52CGU7TR, STM32WBA52KEU6, STM32WBA52KEU6TR, STM32WBA52KGU6, STM32WBA52KGU6TR, STM32WBA54CEU6, STM32WBA54CEU6TR, STM32WBA54CEU7, STM32WBA54CEU7TR, STM32WBA54CGU6, STM32WBA54CGU6TR, STM32WBA54CGU7, STM32WBA54CGU7TR, STM32WBA54KEU6, STM32WBA54KEU6TR, STM32WBA54KEU7, STM32WBA54KEU7TR, STM32WBA54KGU6, STM32WBA54KGU6TR, STM32WBA54KGU7, STM32WBA54KGU7TR, STM32WBA55CEU6, STM32WBA55CEU6TR, STM32WBA55CEU7, STM32WBA55CEU7TR, STM32WBA55CGU6, STM32WBA55CGU6TR, STM32WBA55CGU6U, STM32WBA55CGU7, STM32WBA55CGU7TR, STM32WBA55G-DK1, STM32WBA55HEF6, STM32WBA55HEF7, STM32WBA55HGF6, STM32WBA55HGF7, STM32WBA55UEI6, STM32WBA55UEI6TR, STM32WBA55UEI7, STM32WBA55UEI7TR, STM32WBA55UGI6, STM32WBA55UGI6TR, STM32WBA55UGI7, STM32WBA55UGI7TR, STM32WL5MOCH6, STM32WL5MOCH6TR]
2025-04-19 17:04:09,137 [INFO] BoardInfo:889 - No configuration file found for board NUCLEO-C051C8
2025-04-19 17:04:09,140 [INFO] DbBoards:161 - Board is not supported: NUCLEO-C051C8
2025-04-19 17:04:09,154 [INFO] BoardInfo:889 - No configuration file found for board NUCLEO-C092RC
2025-04-19 17:04:09,157 [INFO] DbBoards:161 - Board is not supported: NUCLEO-C092RC
2025-04-19 17:04:09,552 [INFO] BoardInfo:889 - No configuration file found for board NUCLEO-N657X0-Q
2025-04-19 17:04:09,554 [INFO] DbBoards:161 - Board is not supported: NUCLEO-N657X0-Q
2025-04-19 17:04:09,564 [INFO] BoardInfo:889 - No configuration file found for board NUCLEO-U385RG-Q
2025-04-19 17:04:09,567 [INFO] DbBoards:161 - Board is not supported: NUCLEO-U385RG-Q
2025-04-19 17:04:09,622 [INFO] BoardInfo:889 - No configuration file found for board NUCLEO-WBA65RI
2025-04-19 17:04:09,623 [INFO] DbBoards:161 - Board is not supported: NUCLEO-WBA65RI
2025-04-19 17:04:09,626 [INFO] BoardInfo:889 - No configuration file found for board NUCLEO-WL33CC1
2025-04-19 17:04:09,628 [INFO] DbBoards:161 - Board is not supported: NUCLEO-WL33CC1
2025-04-19 17:04:09,634 [INFO] BoardInfo:889 - No configuration file found for board NUCLEO-WL33CC2
2025-04-19 17:04:09,636 [INFO] DbBoards:161 - Board is not supported: NUCLEO-WL33CC2
2025-04-19 17:04:09,730 [INFO] BoardInfo:889 - No configuration file found for board P-NUCLEO-WB55
2025-04-19 17:04:09,734 [INFO] DbBoards:161 - Kit is not supported: P-NUCLEO-WB55
2025-04-19 17:04:09,758 [INFO] BoardInfo:889 - No configuration file found for board STEVAL-BFA001V1B
2025-04-19 17:04:09,761 [INFO] DbBoards:161 - Kit is not supported: STEVAL-BFA001V1B
2025-04-19 17:04:09,766 [INFO] BoardInfo:889 - No configuration file found for board STEVAL-BFA001V2B
2025-04-19 17:04:09,768 [INFO] DbBoards:161 - Kit is not supported: STEVAL-BFA001V2B
2025-04-19 17:04:10,337 [INFO] BoardInfo:889 - No configuration file found for board STM32N6570-DK
2025-04-19 17:04:10,340 [INFO] DbBoards:161 - Board is not supported: STM32N6570-DK
2025-04-19 17:04:10,395 [INFO] BoardInfo:889 - No configuration file found for board STM32WBA65I-DK1
2025-04-19 17:04:10,398 [INFO] DbBoards:161 - Board is not supported: STM32WBA65I-DK1
2025-04-19 17:04:10,398 [INFO] DbBoards:168 - Found 210 boards, 198 are supported
2025-04-19 17:04:10,399 [INFO] DbBoards:169 - Found 210 boards, 25 of them is supported for  Bsp
2025-04-19 17:04:10,429 [INFO] ApiDb:423 - Load user favorites file C:\Users\kjeya/.stm32cubeide/favorites.boards.txt: 0 item(s)
2025-04-19 17:04:10,430 [INFO] ApiDb:427 - User favorites Boards=[]
2025-04-19 17:04:10,430 [INFO] DbBoards:198 - Set 0 / 0 favorites Boards
2025-04-19 17:04:10,437 [INFO] ApiDb:668 - CubeFinder database Data Model version=2.1
2025-04-19 17:04:10,437 [INFO] ApiDb:669 - CubeFinder database Configuration version=3.0.39
2025-04-19 17:04:10,437 [INFO] ApiDb:670 - CubeFinder database generation date=2025-03-24 (1742811287)
2025-04-19 17:04:10,437 [INFO] ApiDb:671 - CubeFinder database FW Pack versions=[FP-ATR-ASTRA1_V2.0.0, FP-SNS-FLIGHT1_V5.0.2, FP-SNS-MOTENV1_V5.0.0, FP-SNS-MOTENVWB1_V1.4.0, FP-SNS-SMARTAG2_V1.2.0, FP-SNS-STBOX1_V2.0.0, STM32Cube_FW_C0_V1.4.0, STM32Cube_FW_F4_V1.28.1, STM32Cube_FW_F7_V1.17.2, STM32Cube_FW_G0_V1.6.2, STM32Cube_FW_G4_V1.6.1, STM32Cube_FW_H5_V1.5.0, STM32Cube_FW_H7RS_V1.2.0, STM32Cube_FW_H7_V1.12.1, STM32Cube_FW_L0_V1.12.2, STM32Cube_FW_L4_V1.18.1, STM32Cube_FW_L5_V1.5.1, STM32Cube_FW_N6_V1.1.0, STM32Cube_FW_U0_V1.2.0, STM32Cube_FW_U3_V1.1.0, STM32Cube_FW_U5_V1.7.0, STM32Cube_FW_WB0_V1.2.0, STM32Cube_FW_WBA_V1.6.0, STM32Cube_FW_WB_V1.22.0, STM32Cube_FW_WL3_V1.1.0, STM32Cube_FW_WL_V1.3.1, X-CUBE-ALGOBUILD_V1.4.0, X-CUBE-ALS_V1.0.2, X-CUBE-AZRTOS-F4_V1.1.0, X-CUBE-AZRTOS-F7_V1.1.0, X-CUBE-AZRTOS-G0_V1.1.0, X-CUBE-AZRTOS-G4_V2.0.0, X-CUBE-AZRTOS-H7RS_V1.0.0, X-CUBE-AZRTOS-H7_V3.3.0, X-CUBE-AZRTOS-L4_V2.0.0, X-CUBE-AZRTOS-L5_V2.0.0, X-CUBE-AZRTOS-WB_V2.0.0, X-CUBE-AZRTOS-WL_V2.0.0, X-CUBE-BLE1_V7.1.0, X-CUBE-BLE2_V3.3.0, X-CUBE-BLEMGR_V4.0.0, X-CUBE-EEPRMA1_V5.1.0, X-CUBE-FREERTOS_V1.3.0, X-CUBE-GNSS1_V6.0.0, X-CUBE-MEMS1_V11.1.0, X-CUBE-NFC4_V3.0.0, X-CUBE-NFC7_V1.0.1, X-CUBE-SFXS2LP1_V4.0.0, X-CUBE-SUBG2_V5.0.0, X-CUBE-TOF1_V3.4.2]
2025-04-19 17:04:13,180 [ERROR] DbExamplesSqlite:437 - Missing JSON key: board_cpn
2025-04-19 17:04:13,181 [ERROR] DbExamplesSqlite:437 - Missing JSON key: board_cpn
2025-04-19 17:04:13,181 [ERROR] DbExamplesSqlite:437 - Missing JSON key: board_cpn
2025-04-19 17:04:13,182 [ERROR] DbExamplesSqlite:437 - Missing JSON key: board_cpn
2025-04-19 17:04:13,662 [ERROR] DbExamplesSqlite:437 - Missing JSON key: board_cpn
2025-04-19 17:04:13,662 [ERROR] DbExamplesSqlite:437 - Missing JSON key: board_cpn
2025-04-19 17:04:13,663 [ERROR] DbExamplesSqlite:437 - Missing JSON key: board_cpn
2025-04-19 17:04:13,665 [ERROR] DbExamplesSqlite:437 - Missing JSON key: board_cpn
2025-04-19 17:04:13,666 [ERROR] DbExamplesSqlite:437 - Missing JSON key: board_cpn
2025-04-19 17:04:13,666 [ERROR] DbExamplesSqlite:437 - Missing JSON key: board_cpn
2025-04-19 17:04:13,667 [ERROR] DbExamplesSqlite:437 - Missing JSON key: board_cpn
2025-04-19 17:04:13,668 [ERROR] DbExamplesSqlite:437 - Missing JSON key: board_cpn
2025-04-19 17:04:13,669 [ERROR] DbExamplesSqlite:437 - Missing JSON key: board_cpn
2025-04-19 17:04:14,189 [ERROR] DbExamplesSqlite:437 - Missing JSON key: board_cpn
2025-04-19 17:04:14,228 [INFO] DbExamplesSqlite:395 - Ignored 46 examples not supported by CubeIDE
2025-04-19 17:04:14,228 [INFO] DbExamplesSqlite:396 - Found 10814 examples active
2025-04-19 17:04:14,230 [INFO] DbExamplesSqlite:397 - Found 0 examples obsolete
2025-04-19 17:04:14,231 [INFO] DbExamplesSqlite:398 - Found 0 examples under development
2025-04-19 17:04:14,236 [INFO] DbExamplesSqlite:399 - Found 79 examples not building
2025-04-19 17:04:14,242 [INFO] DbExamples:125 - Found 10847 examples
2025-04-19 17:04:14,330 [ERROR] DbExamples:208 - Found 3 examples with invalid data (board or MCU)
2025-04-19 17:04:14,331 [INFO] DbExamples:222 - Found 133 boards with related examples
2025-04-19 17:04:14,334 [INFO] DbExamples:235 - Found 110 MCUs with related examples
2025-04-19 17:04:14,383 [INFO] ApiDb:423 - Load user favorites file C:\Users\kjeya/.stm32cubeide/favorites.examples.txt: 0 item(s)
2025-04-19 17:04:14,383 [INFO] ApiDb:427 - User favorites Examples=[]
2025-04-19 17:04:14,384 [INFO] DbExamples:250 - Set 0 / 0 favorites Examples
2025-04-19 17:04:15,250 [INFO] McuFinderGlobals:76 - Set McuFinderConnectedMode to true
2025-04-19 17:04:15,280 [INFO] MultiScanPanel:200 - Auto-refresh data requested => check proxy status ongoing
2025-04-19 17:04:15,321 [INFO] FinderPluginLoader:95 - Searching for filters in installed packs
2025-04-19 17:04:19,272 [INFO] LoadUrlFilesThread:185 - End of LoadServerUrlFiles without Thread
2025-04-19 17:04:19,596 [INFO] DetailPanel:341 - Set advertising image to C:/Users/kjeya/STM32Cube/Repository/\en.prom-stm32u3-mcu-finder.jpg
2025-04-19 17:05:22,891 [INFO] McuFinderGlobals:76 - Set McuFinderConnectedMode to true
2025-04-19 17:05:22,901 [INFO] ApiDb:448 - Save user favorites file C:\Users\kjeya/.stm32cubeide/favorites.mcus.txt: 0 item(s)
2025-04-19 17:05:22,902 [INFO] ApiDb:452 - User favorites MCUs=[]
2025-04-19 18:17:54,758 [ERROR] LogOutputStream:75 - [STDERR_REDIRECT] 
